/usr/java/jdk1.7.0_21/bin/java -server -Xmx1024M -Xms1024M -Dresolve.dns=false -Djgroups.timer.num_threads=4 -verbose:gc -Xmx5000M -Xms3000M -server -XX:+UseConcMarkSweepGC -XX:+AggressiveOpts -verbose:gc -XX:ParallelGCThreads=4 -XX:NewRatio=5 -XX:SurvivorRatio=2 -Dhazelcast.operation.thread.count=4 -Djava.net.preferIPv4Stack=true -Dlog4j.file.prefix=deimos-esw-8762 -Dbind.address= -Djgroups.bind_addr= -classpath /home/smf/github/radargun/target/distribution/RadarGun-1.1.0-SNAPSHOT/lib/activation-1.1.jar:/home/smf/github/radargun/target/distribution/RadarGun-1.1.0-SNAPSHOT/lib/commons-beanutils-1.8.0.jar:/home/smf/github/radargun/target/distribution/RadarGun-1.1.0-SNAPSHOT/lib/commons-digester-2.0.jar:/home/smf/github/radargun/target/distribution/RadarGun-1.1.0-SNAPSHOT/lib/commons-logging-1.1.1.jar:/home/smf/github/radargun/target/distribution/RadarGun-1.1.0-SNAPSHOT/lib/commons-math-1.2.jar:/home/smf/github/radargun/target/distribution/RadarGun-1.1.0-SNAPSHOT/lib/jboss-transaction-api-1.0.1.GA.jar:/home/smf/github/radargun/target/distribution/RadarGun-1.1.0-SNAPSHOT/lib/jcommon-1.0.15.jar:/home/smf/github/radargun/target/distribution/RadarGun-1.1.0-SNAPSHOT/lib/jfreechart-1.0.12.jar:/home/smf/github/radargun/target/distribution/RadarGun-1.1.0-SNAPSHOT/lib/log4j-1.2.14.jar:/home/smf/github/radargun/target/distribution/RadarGun-1.1.0-SNAPSHOT/lib/mail-1.4.2.jar:/home/smf/github/radargun/target/distribution/RadarGun-1.1.0-SNAPSHOT/lib/radargun-framework-1.1.0-SNAPSHOT.jar:/home/smf/github/radargun/target/distribution/RadarGun-1.1.0-SNAPSHOT/conf org.radargun.Slave -master 127.0.0.1:2103
--------------------------------------------------------------------------------
PerNodeRollingFileAppender::Using file prefix:deimos-esw-8762
 INFO  [main] {org.radargun.Slave} Attempting to connect to master 127.0.0.1:2103
 INFO  [main] {org.radargun.Slave} Successfully established connection with master at: 127.0.0.1:2103
Loading JARS from /home/smf/github/radargun/target/distribution/RadarGun-1.1.0-SNAPSHOT/lib/radargun-framework-1.1.0-SNAPSHOT.jar
 INFO  [pool-1-thread-1] {org.radargun.config.AnnotatedHelper} Loading JARS from /home/smf/github/radargun/target/distribution/RadarGun-1.1.0-SNAPSHOT/lib/radargun-framework-1.1.0-SNAPSHOT.jar
 INFO  [pool-1-thread-1] {org.radargun.config.AnnotatedHelper} Loading JARS from /home/smf/github/radargun/target/distribution/RadarGun-1.1.0-SNAPSHOT/lib/radargun-framework-1.1.0-SNAPSHOT.jar
 INFO  [pool-1-thread-1] {org.radargun.Slave} Executing stage: DestroyWrapper {enforceMemoryThrashHold=true, exitBenchmarkOnSlaveFailure=false, heapDumpDir=null, memoryThreshold=95, runOnAllSlaves=true, slaves=null, useSmartClassLoading=true }
 INFO  [pool-1-thread-1] {org.radargun.stages.DestroyWrapperStage} Received destroy cache wrapper request from master...
 INFO  [pool-1-thread-1] {org.radargun.stages.DestroyWrapperStage} No cache wrapper deployed on this slave, nothing to do.
 INFO  [pool-1-thread-1] {org.radargun.stages.DestroyWrapperStage} Before executing clear, memory looks like this: Memory - free: 2,928,638 kb - max:4,906,688 kb- total:2,944,000 kb
[Full GC 15361K->3631K(2944000K), 0.0911990 secs]
 INFO  [pool-1-thread-1] {org.radargun.stages.DestroyWrapperStage} After executing cleanup, memory looks like this: Memory - free: 2,935,311 kb - max:4,906,688 kb- total:2,944,064 kb
 INFO  [pool-1-thread-1] {org.radargun.Slave} Finished stage: DestroyWrapper {enforceMemoryThrashHold=true, exitBenchmarkOnSlaveFailure=false, heapDumpDir=null, memoryThreshold=95, runOnAllSlaves=true, slaves=null, useSmartClassLoading=true }
 INFO  [main] {org.radargun.Slave} Ack successfully sent to the master
 INFO  [pool-1-thread-1] {org.radargun.Slave} Executing stage: StartCluster {config=ispn52-repl-sync-rc.xml, delayAfterFirstSlaveStarts=5.000 secs, delayBetweenStartingSlaves=0.500 secs, exitBenchmarkOnSlaveFailure=true, expectNumSlaves=null, mayFailOn=null, reachable=null, runOnAllSlaves=false, slaves=null, staggerSlaveStartup=true, useSmartClassLoading=true, validateCluster=true }
 INFO  [pool-1-thread-1] {org.radargun.stages.StartClusterStage}  Startup staggering, starting 8 slaves. This is the slave with index 3. Sleeping for 6500 millis.
 INFO  [pool-1-thread-1] {org.radargun.stages.StartClusterStage} Ack master's StartCluster stage. Local address is: /127.0.0.1. This slave's index is: 3
 INFO  [pool-1-thread-1] {org.radargun.utils.ClassLoadHelper} Creating newInstance org.radargun.cachewrappers.InfinispanXSWrapper with classloader java.net.URLClassLoader@640fa784
 INFO  [pool-1-thread-1] {org.radargun.cachewrappers.InfinispanXSWrapper} Cannot find any site for slave index 3
 INFO  [pool-1-thread-1] {org.infinispan.remoting.transport.jgroups.JGroupsTransport} ISPN000078: Starting JGroups Channel
 WARN  [pool-1-thread-1] {org.jgroups.protocols.UDP} [JGRP00014] the send buffer of socket DatagramSocket was set to 640KB, but the OS only allocated 229.38KB. This might lead to performance problems. Please set your max send buffer in the OS correctly (e.g. net.core.wmem_max on Linux)
 WARN  [pool-1-thread-1] {org.jgroups.protocols.UDP} [JGRP00014] the receive buffer of socket DatagramSocket was set to 20MB, but the OS only allocated 229.38KB. This might lead to performance problems. Please set your max receive buffer in the OS correctly (e.g. net.core.rmem_max on Linux)
 WARN  [pool-1-thread-1] {org.jgroups.protocols.UDP} [JGRP00014] the send buffer of socket MulticastSocket was set to 640KB, but the OS only allocated 229.38KB. This might lead to performance problems. Please set your max send buffer in the OS correctly (e.g. net.core.wmem_max on Linux)
 WARN  [pool-1-thread-1] {org.jgroups.protocols.UDP} [JGRP00014] the receive buffer of socket MulticastSocket was set to 25MB, but the OS only allocated 229.38KB. This might lead to performance problems. Please set your max receive buffer in the OS correctly (e.g. net.core.rmem_max on Linux)
 INFO  [pool-1-thread-1] {org.infinispan.remoting.transport.jgroups.JGroupsTransport} ISPN000094: Received new cluster view: [deimos-esw-29263|3] [deimos-esw-29263, deimos-esw-48328, deimos-esw-64821, deimos-esw-9336]
 INFO  [pool-1-thread-1] {org.infinispan.remoting.transport.jgroups.JGroupsTransport} ISPN000079: Cache local address is deimos-esw-9336, physical addresses are [127.0.0.1:52003]
 INFO  [pool-1-thread-1] {org.infinispan.factories.GlobalComponentRegistry} ISPN000128: Infinispan version: Infinispan 'Delirium' 5.2.6.Final
 INFO  [pool-1-thread-1] {org.infinispan.transaction.lookup.JBossStandaloneJTAManagerLookup} ISPN000107: Retrieving transaction manager Transaction: unknown
 INFO  [Incoming-4,deimos-esw-9336] {org.infinispan.remoting.transport.jgroups.JGroupsTransport} ISPN000094: Received new cluster view: [deimos-esw-29263|4] [deimos-esw-29263, deimos-esw-48328, deimos-esw-64821, deimos-esw-9336, deimos-esw-52528]
 INFO  [pool-1-thread-1] {org.infinispan.jmx.CacheJmxRegistration} ISPN000031: MBeans were successfully registered to the platform MBean server.
 INFO  [pool-1-thread-1] {org.radargun.cachewrappers.InfinispanXSWrapper} Using transaction manager: Transaction: unknown
 INFO  [pool-1-thread-1] {org.radargun.cachewrappers.InfinispanXSWrapper} No RELAY2 protocol in XS wrapper
 INFO  [pool-1-thread-1] {org.radargun.cachewrappers.InfinispanXSWrapper} JGroups version: JGroups 3.2.7.Final
 INFO  [pool-1-thread-1] {org.radargun.cachewrappers.InfinispanXSWrapper} Using config attributes: {name=ispn52-repl-sync-rc.xml}
 INFO  [pool-1-thread-1] {org.radargun.stages.helpers.StartHelper} Number of members=5 is not the one expected: 8
 INFO  [Incoming-4,deimos-esw-9336] {org.infinispan.remoting.transport.jgroups.JGroupsTransport} ISPN000094: Received new cluster view: [deimos-esw-29263|5] [deimos-esw-29263, deimos-esw-48328, deimos-esw-64821, deimos-esw-9336, deimos-esw-52528, deimos-esw-65301]
 INFO  [Incoming-4,deimos-esw-9336] {org.infinispan.remoting.transport.jgroups.JGroupsTransport} ISPN000094: Received new cluster view: [deimos-esw-29263|6] [deimos-esw-29263, deimos-esw-48328, deimos-esw-64821, deimos-esw-9336, deimos-esw-52528, deimos-esw-65301, deimos-esw-37219]
 INFO  [pool-1-thread-1] {org.radargun.stages.helpers.StartHelper} Number of members=7 is not the one expected: 8
 INFO  [Incoming-4,deimos-esw-9336] {org.infinispan.remoting.transport.jgroups.JGroupsTransport} ISPN000094: Received new cluster view: [deimos-esw-29263|7] [deimos-esw-29263, deimos-esw-48328, deimos-esw-64821, deimos-esw-9336, deimos-esw-52528, deimos-esw-65301, deimos-esw-37219, deimos-esw-1085]
 INFO  [pool-1-thread-1] {org.radargun.stages.helpers.StartHelper} Number of members is the one expected: 8
 INFO  [pool-1-thread-1] {org.radargun.stages.StartClusterStage} Successfully started cache wrapper on slave 3: org.radargun.cachewrappers.InfinispanXSWrapper@549e7296
 INFO  [pool-1-thread-1] {org.radargun.Slave} Finished stage: StartCluster {config=ispn52-repl-sync-rc.xml, delayAfterFirstSlaveStarts=5.000 secs, delayBetweenStartingSlaves=0.500 secs, exitBenchmarkOnSlaveFailure=true, expectNumSlaves=null, mayFailOn=null, reachable=null, runOnAllSlaves=false, slaves=null, staggerSlaveStartup=true, useSmartClassLoading=true, validateCluster=true }
 INFO  [main] {org.radargun.Slave} Ack successfully sent to the master
 INFO  [pool-1-thread-1] {org.radargun.Slave} Executing stage: ClusterValidation {exitBenchmarkOnSlaveFailure=false, partialReplication=false, replicationTimeSleep=2000, replicationTryCount=60, runOnAllSlaves=false, slaves=null, useSmartClassLoading=true }
 INFO  [pool-1-thread-1] {org.radargun.stages.ClusterValidationStage} Number of caches that replicated here is 7
 INFO  [pool-1-thread-1] {org.radargun.stages.ClusterValidationStage} Replication test successfully passed. partialReplication? false, replicationCount = 7
 INFO  [pool-1-thread-1] {org.radargun.stages.ClusterValidationStage} Confirm phase successful.
 INFO  [pool-1-thread-1] {org.radargun.Slave} Finished stage: ClusterValidation {exitBenchmarkOnSlaveFailure=false, partialReplication=false, replicationTimeSleep=2000, replicationTryCount=60, runOnAllSlaves=false, slaves=[ 0, 1, 2, 3, 4, 5, 6, 7 ], useSmartClassLoading=true }
 INFO  [main] {org.radargun.Slave} Ack successfully sent to the master
 INFO  [pool-1-thread-1] {org.radargun.Slave} Executing stage: StressTestWarmup {bulkSize=1, cacheSpecificKeyGenerator=false, commitTransactions=true, duration=1 mins 0 secs, entrySize=1000, exitBenchmarkOnSlaveFailure=false, fixedKeys=true, generateHistogramRange=false, keyGeneratorClass=org.radargun.stressors.StringKeyGenerator, keyGeneratorParam=null, loadAllKeys=false, numEntries=100, numOfThreads=4, numRequests=10000, numThreads=4, numberOfAttributes=100, numberOfRequests=10000, opsCountStatusLog=100000, poolKeys=true, preferAsyncOperations=false, removePercentage=0, replaceInvalidPercentage=40, runOnAllSlaves=false, sharedKeys=false, sizeOfAnAttribute=1000, slaves=null, transactionSize=50, useAtomics=false, useHistogramStatistics=false, useSimpleStatistics=true, useSmartClassLoading=true, useTransactions=null, writePercentage=20, writeTxPercentage=20 }
 INFO  [pool-1-thread-1] {org.radargun.stages.StressTestWarmupStage} Starting StressTestWarmupStage: StressTestWarmup {bulkSize=1, cacheSpecificKeyGenerator=false, commitTransactions=true, duration=1 mins 0 secs, entrySize=1000, exitBenchmarkOnSlaveFailure=false, fixedKeys=true, generateHistogramRange=false, keyGeneratorClass=org.radargun.stressors.StringKeyGenerator, keyGeneratorParam=null, loadAllKeys=false, numEntries=100, numOfThreads=4, numRequests=10000, numThreads=4, numberOfAttributes=100, numberOfRequests=10000, opsCountStatusLog=100000, poolKeys=true, preferAsyncOperations=false, removePercentage=0, replaceInvalidPercentage=40, runOnAllSlaves=false, sharedKeys=false, sizeOfAnAttribute=1000, slaves=null, transactionSize=50, useAtomics=false, useHistogramStatistics=false, useSimpleStatistics=true, useSmartClassLoading=true, useTransactions=null, writePercentage=20, writeTxPercentage=20 }
 INFO  [pool-1-thread-1] {org.radargun.stressors.StressTestStressor} Using key generator org.radargun.stressors.StringKeyGenerator, param null
 INFO  [pool-1-thread-1] {org.radargun.stressors.StressTestStressor} Executing: StressTestStressor{opsCountStatusLog=100000, numRequests=10000, numEntries=100, entrySize=1000, writePercentage=20, numThreads=4, cacheWrapper=org.radargun.cachewrappers.InfinispanXSWrapper@549e7296, nodeIndex=3, useTransactions=true, transactionSize=50, commitTransactions=true, durationMillis=60000}
 INFO  [pool-1-thread-1] {org.radargun.stressors.StressTestStressor} Cache wrapper info is: Running : 5.2.6.Final, config:ispn52-repl-sync-rc.xml, cacheName:testCache
[GC 259695K->18702K(2944064K), 0.0424240 secs]
 INFO  [pool-1-thread-1] {org.radargun.stressors.StressTestStressor} Started 4 stressor threads.
 INFO  [Stressor-3] {org.radargun.stressors.StressTestStressor} Number of ops executed so far: 1. Elapsed time: 0.001 secs. Remaining: 59.999 secs. Total: 1 mins 0 secs
[GC 274766K->21326K(2944064K), 0.0363340 secs]
[GC 277390K->22696K(2944064K), 0.0400030 secs]
[GC 278760K->26029K(2944064K), 0.0440520 secs]
[GC 282093K->31161K(2944064K), 0.0408500 secs]
[GC 287225K->26255K(2944064K), 0.0391230 secs]
[GC 282319K->27300K(2944064K), 0.0411040 secs]
[GC 283364K->36054K(2944064K), 0.0455560 secs]
[GC 292118K->37284K(2944064K), 0.0433680 secs]
[GC 293348K->30808K(2944064K), 0.0414660 secs]
[GC 286872K->36006K(2944064K), 0.0423190 secs]
[GC 292070K->39856K(2944064K), 0.0425740 secs]
[GC 295920K->36723K(2944064K), 0.0510350 secs]
[GC 292787K->36178K(2944064K), 0.0423910 secs]
[GC 292242K->31569K(2944064K), 0.0481770 secs]
[GC 287633K->38588K(2944064K), 0.0723930 secs]
[GC 294652K->40107K(2944064K), 0.0491440 secs]
[GC 296171K->38129K(2944064K), 0.0389450 secs]
 INFO  [Stressor-3] {org.radargun.stressors.StressTestStressor} Number of ops executed so far: 388550. Elapsed time: 20.003 secs. Remaining: 39.997 secs. Total: 1 mins 0 secs
[GC 294193K->38456K(2944064K), 0.0445050 secs]
[GC 294520K->38616K(2944064K), 0.0388390 secs]
[GC 294680K->39655K(2944064K), 0.0455810 secs]
[GC 295719K->40705K(2944064K), 0.0450330 secs]
[GC 296769K->41674K(2944064K), 0.0435940 secs]
[GC 297738K->43051K(2944064K), 0.0416810 secs]
[GC 299115K->42986K(2944064K), 0.0466960 secs]
[GC 299050K->37258K(2944064K), 0.0427430 secs]
[GC 293322K->36455K(2944064K), 0.0437400 secs]
[GC 292519K->37654K(2944064K), 0.0477170 secs]
[GC 293718K->38801K(2944064K), 0.0442490 secs]
[GC 294865K->39029K(2944064K), 0.0542750 secs]
[GC 295093K->39464K(2944064K), 0.0431000 secs]
[GC 295528K->45162K(2944064K), 0.0487310 secs]
[GC 301226K->40115K(2944064K), 0.0441780 secs]
[GC 296179K->40790K(2944064K), 0.0507060 secs]
[GC 296854K->40455K(2944064K), 0.0445270 secs]
[GC 296519K->40590K(2944064K), 0.0498880 secs]
[GC 296654K->41622K(2944064K), 0.0472970 secs]
 INFO  [Stressor-3] {org.radargun.stressors.StressTestStressor} Number of ops executed so far: 847850. Elapsed time: 40.049 secs. Remaining: 19.951 secs. Total: 1 mins 0 secs
[GC 297686K->47575K(2944064K), 0.0487200 secs]
[GC 303639K->47498K(2944064K), 0.0509830 secs]
[GC 303562K->43404K(2944064K), 0.0453230 secs]
[GC 299468K->41871K(2944064K), 0.0476250 secs]
[GC 297935K->42179K(2944064K), 0.0445400 secs]
[GC 298243K->42932K(2944064K), 0.0444360 secs]
[GC 298996K->43475K(2944064K), 0.0477850 secs]
[GC 299539K->42553K(2944064K), 0.0478620 secs]
[GC 298617K->47186K(2944064K), 0.0472790 secs]
[GC 303250K->43409K(2944064K), 0.0477640 secs]
[GC 299473K->43474K(2944064K), 0.0461660 secs]
[GC 299538K->43443K(2944064K), 0.0468150 secs]
[GC 299507K->43020K(2944064K), 0.0473290 secs]
[GC 299084K->44834K(2944064K), 0.0493800 secs]
[GC 300898K->44325K(2944064K), 0.0433140 secs]
[GC 300389K->48384K(2944064K), 0.0412390 secs]
[GC 304448K->45360K(2944064K), 0.0421850 secs]
[GC 301424K->44416K(2944064K), 0.0432690 secs]
 INFO  [pool-1-thread-1] {org.radargun.stressors.StressTestStressor} Finished generating report. Test duration is: 1 mins 2 secs
 INFO  [pool-1-thread-1] {org.radargun.stages.StressTestWarmupStage} The warmup took: 62 seconds.
 INFO  [pool-1-thread-1] {org.radargun.Slave} Finished stage: StressTestWarmup {bulkSize=1, cacheSpecificKeyGenerator=false, commitTransactions=true, duration=1 mins 0 secs, entrySize=1000, exitBenchmarkOnSlaveFailure=false, fixedKeys=true, generateHistogramRange=false, keyGeneratorClass=org.radargun.stressors.StringKeyGenerator, keyGeneratorParam=null, loadAllKeys=false, numEntries=100, numOfThreads=4, numRequests=10000, numThreads=4, numberOfAttributes=100, numberOfRequests=10000, opsCountStatusLog=100000, poolKeys=true, preferAsyncOperations=false, removePercentage=0, replaceInvalidPercentage=40, runOnAllSlaves=false, sharedKeys=false, sizeOfAnAttribute=1000, slaves=null, transactionSize=50, useAtomics=false, useHistogramStatistics=false, useSimpleStatistics=true, useSmartClassLoading=true, useTransactions=null, writePercentage=20, writeTxPercentage=20 }
 INFO  [main] {org.radargun.Slave} Ack successfully sent to the master
 INFO  [pool-1-thread-1] {org.radargun.Slave} Executing stage: ClearClusterStage {ClearCluster {exitBenchmarkOnSlaveFailure=false, runOnAllSlaves=false, slaves=[ 0 ], useSmartClassLoading=true }
 INFO  [pool-1-thread-1] {org.radargun.stages.ClearClusterStage} Before executing clear, memory looks like this: Memory - free: 2,657,553 kb - max:4,906,688 kb- total:2,944,064 kb
[Full GC 287471K->23716K(2944064K), 0.3308970 secs]
 INFO  [pool-1-thread-1] {org.radargun.stages.ClearClusterStage} After executing cleanup, memory looks like this: Memory - free: 2,918,948 kb - max:4,906,688 kb- total:2,944,192 kb
 INFO  [pool-1-thread-1] {org.radargun.Slave} Finished stage: ClearClusterStage {ClearCluster {exitBenchmarkOnSlaveFailure=false, runOnAllSlaves=false, slaves=[ 0 ], useSmartClassLoading=true }
 INFO  [main] {org.radargun.Slave} Ack successfully sent to the master
 INFO  [pool-1-thread-1] {org.radargun.Slave} Executing stage: StressTest {bulkSize=1, cacheSpecificKeyGenerator=false, commitTransactions=true, duration=1 mins 0 secs, entrySize=1000, exitBenchmarkOnSlaveFailure=false, fixedKeys=true, generateHistogramRange=false, keyGeneratorClass=org.radargun.stressors.StringKeyGenerator, keyGeneratorParam=null, loadAllKeys=false, numEntries=100, numOfThreads=4, numRequests=10000000, numThreads=4, numberOfAttributes=100, numberOfRequests=10000000, opsCountStatusLog=500000, poolKeys=true, preferAsyncOperations=false, removePercentage=0, replaceInvalidPercentage=40, runOnAllSlaves=false, sharedKeys=false, sizeOfAnAttribute=1000, slaves=null, transactionSize=100, useAtomics=false, useHistogramStatistics=false, useSimpleStatistics=true, useSmartClassLoading=true, useTransactions=true, writePercentage=0, writeTxPercentage=0 }
 INFO  [pool-1-thread-1] {org.radargun.stages.StressTestStage} Starting StressTestStage: StressTest {bulkSize=1, cacheSpecificKeyGenerator=false, commitTransactions=true, duration=1 mins 0 secs, entrySize=1000, exitBenchmarkOnSlaveFailure=false, fixedKeys=true, generateHistogramRange=false, keyGeneratorClass=org.radargun.stressors.StringKeyGenerator, keyGeneratorParam=null, loadAllKeys=false, numEntries=100, numOfThreads=4, numRequests=10000000, numThreads=4, numberOfAttributes=100, numberOfRequests=10000000, opsCountStatusLog=500000, poolKeys=true, preferAsyncOperations=false, removePercentage=0, replaceInvalidPercentage=40, runOnAllSlaves=false, sharedKeys=false, sizeOfAnAttribute=1000, slaves=null, transactionSize=100, useAtomics=false, useHistogramStatistics=false, useSimpleStatistics=true, useSmartClassLoading=true, useTransactions=true, writePercentage=0, writeTxPercentage=0 }
 INFO  [pool-1-thread-1] {org.radargun.stressors.StressTestStressor} Using key generator org.radargun.stressors.StringKeyGenerator, param null
 INFO  [pool-1-thread-1] {org.radargun.stressors.StressTestStressor} Executing: StressTestStressor{opsCountStatusLog=500000, numRequests=10000000, numEntries=100, entrySize=1000, writePercentage=0, numThreads=4, cacheWrapper=org.radargun.cachewrappers.InfinispanXSWrapper@549e7296, nodeIndex=3, useTransactions=true, transactionSize=100, commitTransactions=true, durationMillis=60000}
 INFO  [pool-1-thread-1] {org.radargun.stressors.StressTestStressor} Cache wrapper info is: Running : 5.2.6.Final, config:ispn52-repl-sync-rc.xml, cacheName:testCache
 INFO  [pool-1-thread-1] {org.radargun.stressors.StressTestStressor} Started 4 stressor threads.
 INFO  [Stressor-1] {org.radargun.stressors.StressTestStressor} Number of ops executed so far: 1. Elapsed time: 0.000 secs. Remaining: 1 mins 0 secs. Total: 1 mins 0 secs
[GC 279844K->44410K(2944192K), 0.0341040 secs]
[GC 300538K->32091K(2944192K), 0.0270590 secs]
[GC 288219K->31549K(2944192K), 0.0222570 secs]
[GC 287677K->31264K(2944192K), 0.0237790 secs]
[GC 287392K->31213K(2944192K), 0.0258120 secs]
[GC 287341K->32678K(2944192K), 0.0265210 secs]
[GC 288806K->31391K(2944192K), 0.0272480 secs]
[GC 287519K->33155K(2944192K), 0.0245110 secs]
[GC 289283K->31729K(2944192K), 0.0257640 secs]
[GC 287857K->33550K(2944192K), 0.0261780 secs]
[GC 289678K->32088K(2944192K), 0.0257690 secs]
[GC 288216K->32276K(2944192K), 0.0262390 secs]
[GC 288404K->34238K(2944192K), 0.0281100 secs]
[GC 290366K->32660K(2944192K), 0.0272050 secs]
[GC 288788K->32417K(2944192K), 0.0286230 secs]
[GC 288545K->35697K(2944192K), 0.0418810 secs]
[GC 291825K->32409K(2944192K), 0.0283260 secs]
 INFO  [Stressor-1] {org.radargun.stressors.StressTestStressor} Number of ops executed so far: 5186242. Elapsed time: 20.000 secs. Remaining: 40.000 secs. Total: 1 mins 0 secs
[GC 288537K->31989K(2944192K), 0.0248110 secs]
[GC 288117K->32144K(2944192K), 0.0229950 secs]
[GC 288272K->32796K(2944192K), 0.0228020 secs]
[GC 288924K->32926K(2944192K), 0.0245410 secs]
[GC 289054K->32916K(2944192K), 0.0237700 secs]
[GC 289044K->32966K(2944192K), 0.0231430 secs]
[GC 289094K->33632K(2944192K), 0.0272540 secs]
[GC 289760K->33054K(2944192K), 0.0219220 secs]
[GC 289182K->33043K(2944192K), 0.0233960 secs]
[GC 289171K->33386K(2944192K), 0.0236940 secs]
[GC 289514K->33468K(2944192K), 0.0239480 secs]
[GC 289596K->33116K(2944192K), 0.0250630 secs]
[GC 289244K->33598K(2944192K), 0.0226250 secs]
[GC 289726K->34117K(2944192K), 0.0211140 secs]
[GC 290245K->33366K(2944192K), 0.0228270 secs]
[GC 289494K->33584K(2944192K), 0.0255360 secs]
 INFO  [Stressor-0] {org.radargun.stressors.StressTestStressor} Number of ops executed so far: 10364413. Elapsed time: 40.000 secs. Remaining: 20.000 secs. Total: 1 mins 0 secs
[GC 289712K->33798K(2944192K), 0.0248340 secs]
[GC 289926K->33902K(2944192K), 0.0263460 secs]
[GC 290030K->33974K(2944192K), 0.0215600 secs]
[GC 290102K->34075K(2944192K), 0.0193170 secs]
[GC 290203K->33767K(2944192K), 0.0239530 secs]
[GC 289895K->33854K(2944192K), 0.0251900 secs]
[GC 289982K->34189K(2944192K), 0.0229740 secs]
[GC 290317K->34300K(2944192K), 0.0254150 secs]
[GC 290428K->34329K(2944192K), 0.0237330 secs]
[GC 290457K->34440K(2944192K), 0.0222480 secs]
[GC 290568K->34481K(2944192K), 0.0272850 secs]
[GC 290609K->34612K(2944192K), 0.0263970 secs]
[GC 290740K->34899K(2944192K), 0.0226830 secs]
[GC 291027K->34194K(2944192K), 0.0262790 secs]
[GC 290322K->34509K(2944192K), 0.0222020 secs]
[GC 290637K->34731K(2944192K), 0.0261890 secs]
[GC 290859K->35072K(2944192K), 0.0261440 secs]
 INFO  [Stressor-0] {org.radargun.stressors.StressTestStressor} Number of ops executed so far: 15727507. Elapsed time: 1 mins 0 secs. Remaining: 0.000 secs. Total: 1 mins 0 secs
 INFO  [pool-1-thread-1] {org.radargun.stressors.StressTestStressor} Finished generating report. Test duration is: 1 mins 0 secs
 INFO  [pool-1-thread-1] {org.radargun.stages.StressTestStage} size info: Running : 5.2.6.Final, config:ispn52-repl-sync-rc.xml, cacheName:testCache, clusterSize:8, nodeIndex:3, cacheSize: 3200
 INFO  [pool-1-thread-1] {org.radargun.Slave} Finished stage: StressTest {bulkSize=1, cacheSpecificKeyGenerator=false, commitTransactions=true, duration=1 mins 0 secs, entrySize=1000, exitBenchmarkOnSlaveFailure=false, fixedKeys=true, generateHistogramRange=false, keyGeneratorClass=org.radargun.stressors.StringKeyGenerator, keyGeneratorParam=null, loadAllKeys=false, numEntries=100, numOfThreads=4, numRequests=10000000, numThreads=4, numberOfAttributes=100, numberOfRequests=10000000, opsCountStatusLog=500000, poolKeys=true, preferAsyncOperations=false, removePercentage=0, replaceInvalidPercentage=40, runOnAllSlaves=false, sharedKeys=false, sizeOfAnAttribute=1000, slaves=null, transactionSize=100, useAtomics=false, useHistogramStatistics=false, useSimpleStatistics=true, useSmartClassLoading=true, useTransactions=true, writePercentage=0, writeTxPercentage=0 }
 INFO  [main] {org.radargun.Slave} Ack successfully sent to the master
 INFO  [main] {org.radargun.Slave} Master shutdown!
 INFO  [Thread-0] {org.radargun.ShutDownHook} Slave process is being shutdown
