2013-10-08 00:52:19,481 [main] INFO  [org.radargun.Slave] Attempting to connect to master 127.0.0.1:2103
2013-10-08 00:52:19,487 [main] INFO  [org.radargun.Slave] Successfully established connection with master at: 127.0.0.1:2103
2013-10-08 00:52:26,901 [pool-1-thread-1] INFO  [org.radargun.config.AnnotatedHelper] Loading JARS from /home/smf/github/radargun/target/distribution/RadarGun-1.1.0-SNAPSHOT/lib/radargun-framework-1.1.0-SNAPSHOT.jar
2013-10-08 00:52:27,042 [pool-1-thread-1] INFO  [org.radargun.config.AnnotatedHelper] Loading JARS from /home/smf/github/radargun/target/distribution/RadarGun-1.1.0-SNAPSHOT/lib/radargun-framework-1.1.0-SNAPSHOT.jar
2013-10-08 00:52:27,387 [pool-1-thread-1] INFO  [org.radargun.Slave] Executing stage: DestroyWrapper {enforceMemoryThrashHold=true, exitBenchmarkOnSlaveFailure=false, heapDumpDir=null, memoryThreshold=95, runOnAllSlaves=true, slaves=null, useSmartClassLoading=true }
2013-10-08 00:52:27,388 [pool-1-thread-1] INFO  [org.radargun.stages.DestroyWrapperStage] Received destroy cache wrapper request from master...
2013-10-08 00:52:27,388 [pool-1-thread-1] INFO  [org.radargun.stages.DestroyWrapperStage] No cache wrapper deployed on this slave, nothing to do.
2013-10-08 00:52:27,389 [pool-1-thread-1] INFO  [org.radargun.stages.DestroyWrapperStage] Before executing clear, memory looks like this: Memory - free: 2,928,638 kb - max:4,906,688 kb- total:2,944,000 kb
2013-10-08 00:52:27,523 [pool-1-thread-1] INFO  [org.radargun.stages.DestroyWrapperStage] After executing cleanup, memory looks like this: Memory - free: 2,935,311 kb - max:4,906,688 kb- total:2,944,064 kb
2013-10-08 00:52:27,551 [pool-1-thread-1] INFO  [org.radargun.Slave] Finished stage: DestroyWrapper {enforceMemoryThrashHold=true, exitBenchmarkOnSlaveFailure=false, heapDumpDir=null, memoryThreshold=95, runOnAllSlaves=true, slaves=null, useSmartClassLoading=true }
2013-10-08 00:52:27,552 [main] INFO  [org.radargun.Slave] Ack successfully sent to the master
2013-10-08 00:52:27,624 [pool-1-thread-1] INFO  [org.radargun.Slave] Executing stage: StartCluster {config=ispn52-repl-sync-rc.xml, delayAfterFirstSlaveStarts=5.000 secs, delayBetweenStartingSlaves=0.500 secs, exitBenchmarkOnSlaveFailure=true, expectNumSlaves=null, mayFailOn=null, reachable=null, runOnAllSlaves=false, slaves=null, staggerSlaveStartup=true, useSmartClassLoading=true, validateCluster=true }
2013-10-08 00:52:27,624 [pool-1-thread-1] INFO  [org.radargun.stages.StartClusterStage]  Startup staggering, starting 12 slaves. This is the slave with index 4. Sleeping for 7000 millis.
2013-10-08 00:52:34,625 [pool-1-thread-1] INFO  [org.radargun.stages.StartClusterStage] Ack master's StartCluster stage. Local address is: /127.0.0.1. This slave's index is: 4
2013-10-08 00:52:34,653 [pool-1-thread-1] INFO  [org.radargun.utils.ClassLoadHelper] Creating newInstance org.radargun.cachewrappers.InfinispanXSWrapper with classloader java.net.URLClassLoader@52b2f956
2013-10-08 00:52:34,803 [pool-1-thread-1] INFO  [org.radargun.cachewrappers.InfinispanXSWrapper] Cannot find any site for slave index 4
2013-10-08 00:52:35,635 [pool-1-thread-1] INFO  [org.infinispan.remoting.transport.jgroups.JGroupsTransport] ISPN000078: Starting JGroups Channel
2013-10-08 00:52:36,254 [pool-1-thread-1] WARN  [org.jgroups.protocols.UDP] [JGRP00014] the send buffer of socket DatagramSocket was set to 640KB, but the OS only allocated 229.38KB. This might lead to performance problems. Please set your max send buffer in the OS correctly (e.g. net.core.wmem_max on Linux)
2013-10-08 00:52:36,254 [pool-1-thread-1] WARN  [org.jgroups.protocols.UDP] [JGRP00014] the receive buffer of socket DatagramSocket was set to 20MB, but the OS only allocated 229.38KB. This might lead to performance problems. Please set your max receive buffer in the OS correctly (e.g. net.core.rmem_max on Linux)
2013-10-08 00:52:36,255 [pool-1-thread-1] WARN  [org.jgroups.protocols.UDP] [JGRP00014] the send buffer of socket MulticastSocket was set to 640KB, but the OS only allocated 229.38KB. This might lead to performance problems. Please set your max send buffer in the OS correctly (e.g. net.core.wmem_max on Linux)
2013-10-08 00:52:36,255 [pool-1-thread-1] WARN  [org.jgroups.protocols.UDP] [JGRP00014] the receive buffer of socket MulticastSocket was set to 25MB, but the OS only allocated 229.38KB. This might lead to performance problems. Please set your max receive buffer in the OS correctly (e.g. net.core.rmem_max on Linux)
2013-10-08 00:52:36,422 [pool-1-thread-1] INFO  [org.infinispan.remoting.transport.jgroups.JGroupsTransport] ISPN000094: Received new cluster view: [deimos-esw-6008|4] [deimos-esw-6008, deimos-esw-37854, deimos-esw-3209, deimos-esw-23302, deimos-esw-44310]
2013-10-08 00:52:36,434 [pool-1-thread-1] INFO  [org.infinispan.remoting.transport.jgroups.JGroupsTransport] ISPN000079: Cache local address is deimos-esw-44310, physical addresses are [127.0.0.1:52004]
2013-10-08 00:52:36,450 [pool-1-thread-1] INFO  [org.infinispan.factories.GlobalComponentRegistry] ISPN000128: Infinispan version: Infinispan 'Delirium' 5.2.6.Final
2013-10-08 00:52:36,616 [pool-1-thread-1] INFO  [org.infinispan.transaction.lookup.JBossStandaloneJTAManagerLookup] ISPN000107: Retrieving transaction manager Transaction: unknown
2013-10-08 00:52:36,802 [Incoming-4,deimos-esw-44310] INFO  [org.infinispan.remoting.transport.jgroups.JGroupsTransport] ISPN000094: Received new cluster view: [deimos-esw-6008|5] [deimos-esw-6008, deimos-esw-37854, deimos-esw-3209, deimos-esw-23302, deimos-esw-44310, deimos-esw-29494]
2013-10-08 00:52:36,909 [pool-1-thread-1] INFO  [org.infinispan.jmx.CacheJmxRegistration] ISPN000031: MBeans were successfully registered to the platform MBean server.
2013-10-08 00:52:37,000 [pool-1-thread-1] INFO  [org.radargun.cachewrappers.InfinispanXSWrapper] Using transaction manager: Transaction: unknown
2013-10-08 00:52:37,001 [pool-1-thread-1] INFO  [org.radargun.cachewrappers.InfinispanXSWrapper] No RELAY2 protocol in XS wrapper
2013-10-08 00:52:37,006 [pool-1-thread-1] INFO  [org.radargun.cachewrappers.InfinispanXSWrapper] JGroups version: JGroups 3.2.7.Final
2013-10-08 00:52:37,006 [pool-1-thread-1] INFO  [org.radargun.cachewrappers.InfinispanXSWrapper] Using config attributes: {name=ispn52-repl-sync-rc.xml}
2013-10-08 00:52:37,017 [pool-1-thread-1] INFO  [org.radargun.stages.helpers.StartHelper] Number of members=6 is not the one expected: 12
2013-10-08 00:52:37,375 [Incoming-4,deimos-esw-44310] INFO  [org.infinispan.remoting.transport.jgroups.JGroupsTransport] ISPN000094: Received new cluster view: [deimos-esw-6008|6] [deimos-esw-6008, deimos-esw-37854, deimos-esw-3209, deimos-esw-23302, deimos-esw-44310, deimos-esw-29494, deimos-esw-37778]
2013-10-08 00:52:37,835 [Incoming-4,deimos-esw-44310] INFO  [org.infinispan.remoting.transport.jgroups.JGroupsTransport] ISPN000094: Received new cluster view: [deimos-esw-6008|7] [deimos-esw-6008, deimos-esw-37854, deimos-esw-3209, deimos-esw-23302, deimos-esw-44310, deimos-esw-29494, deimos-esw-37778, deimos-esw-54376]
2013-10-08 00:52:38,017 [pool-1-thread-1] INFO  [org.radargun.stages.helpers.StartHelper] Number of members=8 is not the one expected: 12
2013-10-08 00:52:38,326 [Incoming-4,deimos-esw-44310] INFO  [org.infinispan.remoting.transport.jgroups.JGroupsTransport] ISPN000094: Received new cluster view: [deimos-esw-6008|8] [deimos-esw-6008, deimos-esw-37854, deimos-esw-3209, deimos-esw-23302, deimos-esw-44310, deimos-esw-29494, deimos-esw-37778, deimos-esw-54376, deimos-esw-36751]
2013-10-08 00:52:38,828 [Incoming-4,deimos-esw-44310] INFO  [org.infinispan.remoting.transport.jgroups.JGroupsTransport] ISPN000094: Received new cluster view: [deimos-esw-6008|9] [deimos-esw-6008, deimos-esw-37854, deimos-esw-3209, deimos-esw-23302, deimos-esw-44310, deimos-esw-29494, deimos-esw-37778, deimos-esw-54376, deimos-esw-36751, deimos-esw-3229]
2013-10-08 00:52:39,018 [pool-1-thread-1] INFO  [org.radargun.stages.helpers.StartHelper] Number of members=10 is not the one expected: 12
2013-10-08 00:52:39,338 [Incoming-4,deimos-esw-44310] INFO  [org.infinispan.remoting.transport.jgroups.JGroupsTransport] ISPN000094: Received new cluster view: [deimos-esw-6008|10] [deimos-esw-6008, deimos-esw-37854, deimos-esw-3209, deimos-esw-23302, deimos-esw-44310, deimos-esw-29494, deimos-esw-37778, deimos-esw-54376, deimos-esw-36751, deimos-esw-3229, deimos-esw-15414]
2013-10-08 00:52:39,836 [Incoming-4,deimos-esw-44310] INFO  [org.infinispan.remoting.transport.jgroups.JGroupsTransport] ISPN000094: Received new cluster view: [deimos-esw-6008|11] [deimos-esw-6008, deimos-esw-37854, deimos-esw-3209, deimos-esw-23302, deimos-esw-44310, deimos-esw-29494, deimos-esw-37778, deimos-esw-54376, deimos-esw-36751, deimos-esw-3229, deimos-esw-15414, deimos-esw-54807]
2013-10-08 00:52:40,019 [pool-1-thread-1] INFO  [org.radargun.stages.helpers.StartHelper] Number of members is the one expected: 12
2013-10-08 00:52:40,020 [pool-1-thread-1] INFO  [org.radargun.stages.StartClusterStage] Successfully started cache wrapper on slave 4: org.radargun.cachewrappers.InfinispanXSWrapper@33809be3
2013-10-08 00:52:40,029 [pool-1-thread-1] INFO  [org.radargun.Slave] Finished stage: StartCluster {config=ispn52-repl-sync-rc.xml, delayAfterFirstSlaveStarts=5.000 secs, delayBetweenStartingSlaves=0.500 secs, exitBenchmarkOnSlaveFailure=true, expectNumSlaves=null, mayFailOn=null, reachable=null, runOnAllSlaves=false, slaves=null, staggerSlaveStartup=true, useSmartClassLoading=true, validateCluster=true }
2013-10-08 00:52:40,030 [main] INFO  [org.radargun.Slave] Ack successfully sent to the master
2013-10-08 00:52:40,769 [pool-1-thread-1] INFO  [org.radargun.Slave] Executing stage: ClusterValidation {exitBenchmarkOnSlaveFailure=false, partialReplication=false, replicationTimeSleep=2000, replicationTryCount=60, runOnAllSlaves=false, slaves=null, useSmartClassLoading=true }
2013-10-08 00:52:41,193 [pool-1-thread-1] INFO  [org.radargun.stages.ClusterValidationStage] Number of caches that replicated here is 9
2013-10-08 00:52:41,227 [pool-1-thread-1] INFO  [org.radargun.stages.ClusterValidationStage] Replication test failed, 1 tries so far. Sleeping for 2 seconds and trying again.
2013-10-08 00:52:43,230 [pool-1-thread-1] INFO  [org.radargun.stages.ClusterValidationStage] Number of caches that replicated here is 11
2013-10-08 00:52:43,230 [pool-1-thread-1] INFO  [org.radargun.stages.ClusterValidationStage] Replication test successfully passed. partialReplication? false, replicationCount = 11
2013-10-08 00:52:44,294 [pool-1-thread-1] INFO  [org.radargun.stages.ClusterValidationStage] Confirm phase successful.
2013-10-08 00:52:44,298 [pool-1-thread-1] INFO  [org.radargun.Slave] Finished stage: ClusterValidation {exitBenchmarkOnSlaveFailure=false, partialReplication=false, replicationTimeSleep=2000, replicationTryCount=60, runOnAllSlaves=false, slaves=[ 0, 1, 2, 3, 4, 5, 6, 7, 8, 9, 10, 11 ], useSmartClassLoading=true }
2013-10-08 00:52:44,299 [main] INFO  [org.radargun.Slave] Ack successfully sent to the master
2013-10-08 00:52:44,339 [pool-1-thread-1] INFO  [org.radargun.Slave] Executing stage: StressTestWarmup {bulkSize=1, cacheSpecificKeyGenerator=false, commitTransactions=true, duration=1 mins 0 secs, entrySize=1000, exitBenchmarkOnSlaveFailure=false, fixedKeys=true, generateHistogramRange=false, keyGeneratorClass=org.radargun.stressors.StringKeyGenerator, keyGeneratorParam=null, loadAllKeys=false, numEntries=100, numOfThreads=4, numRequests=10000, numThreads=4, numberOfAttributes=100, numberOfRequests=10000, opsCountStatusLog=100000, poolKeys=true, preferAsyncOperations=false, removePercentage=0, replaceInvalidPercentage=40, runOnAllSlaves=false, sharedKeys=false, sizeOfAnAttribute=1000, slaves=null, transactionSize=100, useAtomics=false, useHistogramStatistics=false, useSimpleStatistics=true, useSmartClassLoading=true, useTransactions=null, writePercentage=20, writeTxPercentage=20 }
2013-10-08 00:52:44,344 [pool-1-thread-1] INFO  [org.radargun.stages.StressTestWarmupStage] Starting StressTestWarmupStage: StressTestWarmup {bulkSize=1, cacheSpecificKeyGenerator=false, commitTransactions=true, duration=1 mins 0 secs, entrySize=1000, exitBenchmarkOnSlaveFailure=false, fixedKeys=true, generateHistogramRange=false, keyGeneratorClass=org.radargun.stressors.StringKeyGenerator, keyGeneratorParam=null, loadAllKeys=false, numEntries=100, numOfThreads=4, numRequests=10000, numThreads=4, numberOfAttributes=100, numberOfRequests=10000, opsCountStatusLog=100000, poolKeys=true, preferAsyncOperations=false, removePercentage=0, replaceInvalidPercentage=40, runOnAllSlaves=false, sharedKeys=false, sizeOfAnAttribute=1000, slaves=null, transactionSize=100, useAtomics=false, useHistogramStatistics=false, useSimpleStatistics=true, useSmartClassLoading=true, useTransactions=null, writePercentage=20, writeTxPercentage=20 }
2013-10-08 00:52:44,351 [pool-1-thread-1] INFO  [org.radargun.stressors.StressTestStressor] Using key generator org.radargun.stressors.StringKeyGenerator, param null
2013-10-08 00:52:44,352 [pool-1-thread-1] INFO  [org.radargun.stressors.StressTestStressor] Executing: StressTestStressor{opsCountStatusLog=100000, numRequests=10000, numEntries=100, entrySize=1000, writePercentage=20, numThreads=4, cacheWrapper=org.radargun.cachewrappers.InfinispanXSWrapper@33809be3, nodeIndex=4, useTransactions=true, transactionSize=100, commitTransactions=true, durationMillis=60000}
2013-10-08 00:52:44,354 [pool-1-thread-1] INFO  [org.radargun.stressors.StressTestStressor] Cache wrapper info is: Running : 5.2.6.Final, config:ispn52-repl-sync-rc.xml, cacheName:testCache
2013-10-08 00:52:48,883 [pool-1-thread-1] INFO  [org.radargun.stressors.StressTestStressor] Started 4 stressor threads.
2013-10-08 00:52:48,886 [Stressor-1] INFO  [org.radargun.stressors.StressTestStressor] Number of ops executed so far: 1. Elapsed time: 0.001 secs. Remaining: 59.999 secs. Total: 1 mins 0 secs
2013-10-08 00:53:08,887 [Stressor-0] INFO  [org.radargun.stressors.StressTestStressor] Number of ops executed so far: 235200. Elapsed time: 20.001 secs. Remaining: 39.999 secs. Total: 1 mins 0 secs
2013-10-08 00:53:28,886 [Stressor-3] INFO  [org.radargun.stressors.StressTestStressor] Number of ops executed so far: 394500. Elapsed time: 40.002 secs. Remaining: 19.998 secs. Total: 1 mins 0 secs
2013-10-08 00:53:48,890 [Stressor-0] INFO  [org.radargun.stressors.StressTestStressor] Number of ops executed so far: 627900. Elapsed time: 1 mins 0 secs. Remaining: 0.000 secs. Total: 1 mins 0 secs
2013-10-08 00:53:49,807 [pool-1-thread-1] INFO  [org.radargun.stressors.StressTestStressor] Finished generating report. Test duration is: 1 mins 5 secs
2013-10-08 00:53:49,810 [pool-1-thread-1] INFO  [org.radargun.stages.StressTestWarmupStage] The warmup took: 65 seconds.
2013-10-08 00:53:49,820 [pool-1-thread-1] INFO  [org.radargun.Slave] Finished stage: StressTestWarmup {bulkSize=1, cacheSpecificKeyGenerator=false, commitTransactions=true, duration=1 mins 0 secs, entrySize=1000, exitBenchmarkOnSlaveFailure=false, fixedKeys=true, generateHistogramRange=false, keyGeneratorClass=org.radargun.stressors.StringKeyGenerator, keyGeneratorParam=null, loadAllKeys=false, numEntries=100, numOfThreads=4, numRequests=10000, numThreads=4, numberOfAttributes=100, numberOfRequests=10000, opsCountStatusLog=100000, poolKeys=true, preferAsyncOperations=false, removePercentage=0, replaceInvalidPercentage=40, runOnAllSlaves=false, sharedKeys=false, sizeOfAnAttribute=1000, slaves=null, transactionSize=100, useAtomics=false, useHistogramStatistics=false, useSimpleStatistics=true, useSmartClassLoading=true, useTransactions=null, writePercentage=20, writeTxPercentage=20 }
2013-10-08 00:53:49,820 [main] INFO  [org.radargun.Slave] Ack successfully sent to the master
2013-10-08 00:53:49,836 [pool-1-thread-1] INFO  [org.radargun.Slave] Executing stage: ClearClusterStage {ClearCluster {exitBenchmarkOnSlaveFailure=false, runOnAllSlaves=false, slaves=[ 0 ], useSmartClassLoading=true }
2013-10-08 00:53:49,838 [pool-1-thread-1] INFO  [org.radargun.stages.ClearClusterStage] Before executing clear, memory looks like this: Memory - free: 2,741,490 kb - max:4,906,688 kb- total:2,944,064 kb
2013-10-08 00:53:51,104 [pool-1-thread-1] INFO  [org.radargun.stages.ClearClusterStage] After executing cleanup, memory looks like this: Memory - free: 2,928,602 kb - max:4,906,688 kb- total:2,944,192 kb
2013-10-08 00:53:51,107 [pool-1-thread-1] INFO  [org.radargun.Slave] Finished stage: ClearClusterStage {ClearCluster {exitBenchmarkOnSlaveFailure=false, runOnAllSlaves=false, slaves=[ 0 ], useSmartClassLoading=true }
2013-10-08 00:53:51,108 [main] INFO  [org.radargun.Slave] Ack successfully sent to the master
2013-10-08 00:53:51,215 [pool-1-thread-1] INFO  [org.radargun.Slave] Executing stage: StressTest {bulkSize=1, cacheSpecificKeyGenerator=false, commitTransactions=true, duration=1 mins 0 secs, entrySize=1000, exitBenchmarkOnSlaveFailure=false, fixedKeys=true, generateHistogramRange=false, keyGeneratorClass=org.radargun.stressors.StringKeyGenerator, keyGeneratorParam=null, loadAllKeys=false, numEntries=100, numOfThreads=4, numRequests=10000000, numThreads=4, numberOfAttributes=100, numberOfRequests=10000000, opsCountStatusLog=500000, poolKeys=true, preferAsyncOperations=false, removePercentage=0, replaceInvalidPercentage=40, runOnAllSlaves=false, sharedKeys=false, sizeOfAnAttribute=1000, slaves=null, transactionSize=100, useAtomics=false, useHistogramStatistics=false, useSimpleStatistics=true, useSmartClassLoading=true, useTransactions=true, writePercentage=10, writeTxPercentage=100 }
2013-10-08 00:53:51,219 [pool-1-thread-1] INFO  [org.radargun.stages.StressTestStage] Starting StressTestStage: StressTest {bulkSize=1, cacheSpecificKeyGenerator=false, commitTransactions=true, duration=1 mins 0 secs, entrySize=1000, exitBenchmarkOnSlaveFailure=false, fixedKeys=true, generateHistogramRange=false, keyGeneratorClass=org.radargun.stressors.StringKeyGenerator, keyGeneratorParam=null, loadAllKeys=false, numEntries=100, numOfThreads=4, numRequests=10000000, numThreads=4, numberOfAttributes=100, numberOfRequests=10000000, opsCountStatusLog=500000, poolKeys=true, preferAsyncOperations=false, removePercentage=0, replaceInvalidPercentage=40, runOnAllSlaves=false, sharedKeys=false, sizeOfAnAttribute=1000, slaves=null, transactionSize=100, useAtomics=false, useHistogramStatistics=false, useSimpleStatistics=true, useSmartClassLoading=true, useTransactions=true, writePercentage=10, writeTxPercentage=100 }
2013-10-08 00:53:51,225 [pool-1-thread-1] INFO  [org.radargun.stressors.StressTestStressor] Using key generator org.radargun.stressors.StringKeyGenerator, param null
2013-10-08 00:53:51,225 [pool-1-thread-1] INFO  [org.radargun.stressors.StressTestStressor] Executing: StressTestStressor{opsCountStatusLog=500000, numRequests=10000000, numEntries=100, entrySize=1000, writePercentage=10, numThreads=4, cacheWrapper=org.radargun.cachewrappers.InfinispanXSWrapper@33809be3, nodeIndex=4, useTransactions=true, transactionSize=100, commitTransactions=true, durationMillis=60000}
2013-10-08 00:53:51,230 [pool-1-thread-1] INFO  [org.radargun.stressors.StressTestStressor] Cache wrapper info is: Running : 5.2.6.Final, config:ispn52-repl-sync-rc.xml, cacheName:testCache
2013-10-08 00:53:51,986 [pool-1-thread-1] INFO  [org.radargun.stressors.StressTestStressor] Started 4 stressor threads.
2013-10-08 00:53:51,987 [Stressor-3] INFO  [org.radargun.stressors.StressTestStressor] Number of ops executed so far: 1. Elapsed time: 0.001 secs. Remaining: 59.999 secs. Total: 1 mins 0 secs
2013-10-08 00:54:11,989 [Stressor-0] INFO  [org.radargun.stressors.StressTestStressor] Number of ops executed so far: 127800. Elapsed time: 20.002 secs. Remaining: 39.998 secs. Total: 1 mins 0 secs
2013-10-08 00:54:31,999 [Stressor-0] INFO  [org.radargun.stressors.StressTestStressor] Number of ops executed so far: 260100. Elapsed time: 40.012 secs. Remaining: 19.988 secs. Total: 1 mins 0 secs
2013-10-08 00:54:52,148 [Stressor-3] INFO  [org.radargun.stressors.StressTestStressor] Number of ops executed so far: 386700. Elapsed time: 1 mins 0 secs. Remaining: 0.000 secs. Total: 1 mins 0 secs
2013-10-08 00:54:52,150 [pool-1-thread-1] INFO  [org.radargun.stressors.StressTestStressor] Finished generating report. Test duration is: 1 mins 0 secs
2013-10-08 00:54:52,153 [pool-1-thread-1] INFO  [org.radargun.stages.StressTestStage] size info: Running : 5.2.6.Final, config:ispn52-repl-sync-rc.xml, cacheName:testCache, clusterSize:12, nodeIndex:4, cacheSize: 4800
2013-10-08 00:54:52,166 [pool-1-thread-1] INFO  [org.radargun.Slave] Finished stage: StressTest {bulkSize=1, cacheSpecificKeyGenerator=false, commitTransactions=true, duration=1 mins 0 secs, entrySize=1000, exitBenchmarkOnSlaveFailure=false, fixedKeys=true, generateHistogramRange=false, keyGeneratorClass=org.radargun.stressors.StringKeyGenerator, keyGeneratorParam=null, loadAllKeys=false, numEntries=100, numOfThreads=4, numRequests=10000000, numThreads=4, numberOfAttributes=100, numberOfRequests=10000000, opsCountStatusLog=500000, poolKeys=true, preferAsyncOperations=false, removePercentage=0, replaceInvalidPercentage=40, runOnAllSlaves=false, sharedKeys=false, sizeOfAnAttribute=1000, slaves=null, transactionSize=100, useAtomics=false, useHistogramStatistics=false, useSimpleStatistics=true, useSmartClassLoading=true, useTransactions=true, writePercentage=10, writeTxPercentage=100 }
2013-10-08 00:54:52,167 [main] INFO  [org.radargun.Slave] Ack successfully sent to the master
2013-10-08 00:54:53,267 [main] INFO  [org.radargun.Slave] Master shutdown!
2013-10-08 00:54:53,270 [Thread-0] INFO  [org.radargun.ShutDownHook] Slave process is being shutdown
