/usr/java/jdk1.7.0_21/bin/java -server -Xmx1024M -Xms1024M -Dresolve.dns=false -Djgroups.timer.num_threads=4 -verbose:gc -Xmx5000M -Xms3000M -server -XX:+UseConcMarkSweepGC -XX:+AggressiveOpts -verbose:gc -XX:ParallelGCThreads=4 -XX:NewRatio=5 -XX:SurvivorRatio=2 -Dhazelcast.operation.thread.count=4 -Djava.net.preferIPv4Stack=true -Dlog4j.file.prefix=deimos-esw-1788 -Dbind.address= -Djgroups.bind_addr= -classpath /home/smf/github/radargun/target/distribution/RadarGun-1.1.0-SNAPSHOT/lib/activation-1.1.jar:/home/smf/github/radargun/target/distribution/RadarGun-1.1.0-SNAPSHOT/lib/commons-beanutils-1.8.0.jar:/home/smf/github/radargun/target/distribution/RadarGun-1.1.0-SNAPSHOT/lib/commons-digester-2.0.jar:/home/smf/github/radargun/target/distribution/RadarGun-1.1.0-SNAPSHOT/lib/commons-logging-1.1.1.jar:/home/smf/github/radargun/target/distribution/RadarGun-1.1.0-SNAPSHOT/lib/commons-math-1.2.jar:/home/smf/github/radargun/target/distribution/RadarGun-1.1.0-SNAPSHOT/lib/jboss-transaction-api-1.0.1.GA.jar:/home/smf/github/radargun/target/distribution/RadarGun-1.1.0-SNAPSHOT/lib/jcommon-1.0.15.jar:/home/smf/github/radargun/target/distribution/RadarGun-1.1.0-SNAPSHOT/lib/jfreechart-1.0.12.jar:/home/smf/github/radargun/target/distribution/RadarGun-1.1.0-SNAPSHOT/lib/log4j-1.2.14.jar:/home/smf/github/radargun/target/distribution/RadarGun-1.1.0-SNAPSHOT/lib/mail-1.4.2.jar:/home/smf/github/radargun/target/distribution/RadarGun-1.1.0-SNAPSHOT/lib/radargun-framework-1.1.0-SNAPSHOT.jar:/home/smf/github/radargun/target/distribution/RadarGun-1.1.0-SNAPSHOT/conf org.radargun.Slave -master 127.0.0.1:2103
--------------------------------------------------------------------------------
PerNodeRollingFileAppender::Using file prefix:deimos-esw-1788
 INFO  [main] {org.radargun.Slave} Attempting to connect to master 127.0.0.1:2103
 INFO  [main] {org.radargun.Slave} Successfully established connection with master at: 127.0.0.1:2103
Loading JARS from /home/smf/github/radargun/target/distribution/RadarGun-1.1.0-SNAPSHOT/lib/radargun-framework-1.1.0-SNAPSHOT.jar
 INFO  [pool-1-thread-1] {org.radargun.config.AnnotatedHelper} Loading JARS from /home/smf/github/radargun/target/distribution/RadarGun-1.1.0-SNAPSHOT/lib/radargun-framework-1.1.0-SNAPSHOT.jar
 INFO  [pool-1-thread-1] {org.radargun.config.AnnotatedHelper} Loading JARS from /home/smf/github/radargun/target/distribution/RadarGun-1.1.0-SNAPSHOT/lib/radargun-framework-1.1.0-SNAPSHOT.jar
 INFO  [pool-1-thread-1] {org.radargun.Slave} Executing stage: DestroyWrapper {enforceMemoryThrashHold=true, exitBenchmarkOnSlaveFailure=false, heapDumpDir=null, memoryThreshold=95, runOnAllSlaves=true, slaves=null, useSmartClassLoading=true }
 INFO  [pool-1-thread-1] {org.radargun.stages.DestroyWrapperStage} Received destroy cache wrapper request from master...
 INFO  [pool-1-thread-1] {org.radargun.stages.DestroyWrapperStage} No cache wrapper deployed on this slave, nothing to do.
 INFO  [pool-1-thread-1] {org.radargun.stages.DestroyWrapperStage} Before executing clear, memory looks like this: Memory - free: 2,928,638 kb - max:4,906,688 kb- total:2,944,000 kb
[Full GC 15361K->3631K(2944000K), 0.0755760 secs]
 INFO  [pool-1-thread-1] {org.radargun.stages.DestroyWrapperStage} After executing cleanup, memory looks like this: Memory - free: 2,935,311 kb - max:4,906,688 kb- total:2,944,064 kb
 INFO  [pool-1-thread-1] {org.radargun.Slave} Finished stage: DestroyWrapper {enforceMemoryThrashHold=true, exitBenchmarkOnSlaveFailure=false, heapDumpDir=null, memoryThreshold=95, runOnAllSlaves=true, slaves=null, useSmartClassLoading=true }
 INFO  [main] {org.radargun.Slave} Ack successfully sent to the master
 INFO  [pool-1-thread-1] {org.radargun.Slave} Executing stage: StartCluster {config=ispn52-repl-sync-rc.xml, delayAfterFirstSlaveStarts=5.000 secs, delayBetweenStartingSlaves=0.500 secs, exitBenchmarkOnSlaveFailure=true, expectNumSlaves=null, mayFailOn=null, reachable=null, runOnAllSlaves=false, slaves=null, staggerSlaveStartup=true, useSmartClassLoading=true, validateCluster=true }
 INFO  [pool-1-thread-1] {org.radargun.stages.StartClusterStage}  Startup staggering, starting 6 slaves. This is the slave with index 2. Sleeping for 6000 millis.
 INFO  [pool-1-thread-1] {org.radargun.stages.StartClusterStage} Ack master's StartCluster stage. Local address is: /127.0.0.1. This slave's index is: 2
 INFO  [pool-1-thread-1] {org.radargun.utils.ClassLoadHelper} Creating newInstance org.radargun.cachewrappers.InfinispanXSWrapper with classloader java.net.URLClassLoader@52b2f956
 INFO  [pool-1-thread-1] {org.radargun.cachewrappers.InfinispanXSWrapper} Cannot find any site for slave index 2
 INFO  [pool-1-thread-1] {org.infinispan.remoting.transport.jgroups.JGroupsTransport} ISPN000078: Starting JGroups Channel
 WARN  [pool-1-thread-1] {org.jgroups.protocols.UDP} [JGRP00014] the send buffer of socket DatagramSocket was set to 640KB, but the OS only allocated 229.38KB. This might lead to performance problems. Please set your max send buffer in the OS correctly (e.g. net.core.wmem_max on Linux)
 WARN  [pool-1-thread-1] {org.jgroups.protocols.UDP} [JGRP00014] the receive buffer of socket DatagramSocket was set to 20MB, but the OS only allocated 229.38KB. This might lead to performance problems. Please set your max receive buffer in the OS correctly (e.g. net.core.rmem_max on Linux)
 WARN  [pool-1-thread-1] {org.jgroups.protocols.UDP} [JGRP00014] the send buffer of socket MulticastSocket was set to 640KB, but the OS only allocated 229.38KB. This might lead to performance problems. Please set your max send buffer in the OS correctly (e.g. net.core.wmem_max on Linux)
 WARN  [pool-1-thread-1] {org.jgroups.protocols.UDP} [JGRP00014] the receive buffer of socket MulticastSocket was set to 25MB, but the OS only allocated 229.38KB. This might lead to performance problems. Please set your max receive buffer in the OS correctly (e.g. net.core.rmem_max on Linux)
 INFO  [pool-1-thread-1] {org.infinispan.remoting.transport.jgroups.JGroupsTransport} ISPN000094: Received new cluster view: [deimos-esw-1359|2] [deimos-esw-1359, deimos-esw-42647, deimos-esw-5753]
 INFO  [pool-1-thread-1] {org.infinispan.remoting.transport.jgroups.JGroupsTransport} ISPN000079: Cache local address is deimos-esw-5753, physical addresses are [127.0.0.1:52002]
 INFO  [pool-1-thread-1] {org.infinispan.factories.GlobalComponentRegistry} ISPN000128: Infinispan version: Infinispan 'Delirium' 5.2.6.Final
 INFO  [pool-1-thread-1] {org.infinispan.transaction.lookup.JBossStandaloneJTAManagerLookup} ISPN000107: Retrieving transaction manager Transaction: unknown
 INFO  [Incoming-4,deimos-esw-5753] {org.infinispan.remoting.transport.jgroups.JGroupsTransport} ISPN000094: Received new cluster view: [deimos-esw-1359|3] [deimos-esw-1359, deimos-esw-42647, deimos-esw-5753, deimos-esw-5868]
 INFO  [pool-1-thread-1] {org.infinispan.jmx.CacheJmxRegistration} ISPN000031: MBeans were successfully registered to the platform MBean server.
 INFO  [pool-1-thread-1] {org.radargun.cachewrappers.InfinispanXSWrapper} Using transaction manager: Transaction: unknown
 INFO  [pool-1-thread-1] {org.radargun.cachewrappers.InfinispanXSWrapper} No RELAY2 protocol in XS wrapper
 INFO  [pool-1-thread-1] {org.radargun.cachewrappers.InfinispanXSWrapper} JGroups version: JGroups 3.2.7.Final
 INFO  [pool-1-thread-1] {org.radargun.cachewrappers.InfinispanXSWrapper} Using config attributes: {name=ispn52-repl-sync-rc.xml}
 INFO  [pool-1-thread-1] {org.radargun.stages.helpers.StartHelper} Number of members=4 is not the one expected: 6
 INFO  [Incoming-4,deimos-esw-5753] {org.infinispan.remoting.transport.jgroups.JGroupsTransport} ISPN000094: Received new cluster view: [deimos-esw-1359|4] [deimos-esw-1359, deimos-esw-42647, deimos-esw-5753, deimos-esw-5868, deimos-esw-51245]
 INFO  [Incoming-4,deimos-esw-5753] {org.infinispan.remoting.transport.jgroups.JGroupsTransport} ISPN000094: Received new cluster view: [deimos-esw-1359|5] [deimos-esw-1359, deimos-esw-42647, deimos-esw-5753, deimos-esw-5868, deimos-esw-51245, deimos-esw-14233]
 INFO  [pool-1-thread-1] {org.radargun.stages.helpers.StartHelper} Number of members is the one expected: 6
 INFO  [pool-1-thread-1] {org.radargun.stages.StartClusterStage} Successfully started cache wrapper on slave 2: org.radargun.cachewrappers.InfinispanXSWrapper@6771a12
 INFO  [pool-1-thread-1] {org.radargun.Slave} Finished stage: StartCluster {config=ispn52-repl-sync-rc.xml, delayAfterFirstSlaveStarts=5.000 secs, delayBetweenStartingSlaves=0.500 secs, exitBenchmarkOnSlaveFailure=true, expectNumSlaves=null, mayFailOn=null, reachable=null, runOnAllSlaves=false, slaves=null, staggerSlaveStartup=true, useSmartClassLoading=true, validateCluster=true }
 INFO  [main] {org.radargun.Slave} Ack successfully sent to the master
 INFO  [pool-1-thread-1] {org.radargun.Slave} Executing stage: ClusterValidation {exitBenchmarkOnSlaveFailure=false, partialReplication=false, replicationTimeSleep=2000, replicationTryCount=60, runOnAllSlaves=false, slaves=null, useSmartClassLoading=true }
 INFO  [pool-1-thread-1] {org.radargun.stages.ClusterValidationStage} Number of caches that replicated here is 5
 INFO  [pool-1-thread-1] {org.radargun.stages.ClusterValidationStage} Replication test successfully passed. partialReplication? false, replicationCount = 5
 INFO  [pool-1-thread-1] {org.radargun.stages.ClusterValidationStage} Confirm phase successful.
 INFO  [pool-1-thread-1] {org.radargun.Slave} Finished stage: ClusterValidation {exitBenchmarkOnSlaveFailure=false, partialReplication=false, replicationTimeSleep=2000, replicationTryCount=60, runOnAllSlaves=false, slaves=[ 0, 1, 2, 3, 4, 5 ], useSmartClassLoading=true }
 INFO  [main] {org.radargun.Slave} Ack successfully sent to the master
 INFO  [pool-1-thread-1] {org.radargun.Slave} Executing stage: StressTestWarmup {bulkSize=1, cacheSpecificKeyGenerator=false, commitTransactions=true, duration=1 mins 0 secs, entrySize=1000, exitBenchmarkOnSlaveFailure=false, fixedKeys=true, generateHistogramRange=false, keyGeneratorClass=org.radargun.stressors.StringKeyGenerator, keyGeneratorParam=null, loadAllKeys=false, numEntries=100, numOfThreads=4, numRequests=10000, numThreads=4, numberOfAttributes=100, numberOfRequests=10000, opsCountStatusLog=100000, poolKeys=true, preferAsyncOperations=false, removePercentage=0, replaceInvalidPercentage=40, runOnAllSlaves=false, sharedKeys=false, sizeOfAnAttribute=1000, slaves=null, transactionSize=50, useAtomics=false, useHistogramStatistics=false, useSimpleStatistics=true, useSmartClassLoading=true, useTransactions=null, writePercentage=20, writeTxPercentage=20 }
 INFO  [pool-1-thread-1] {org.radargun.stages.StressTestWarmupStage} Starting StressTestWarmupStage: StressTestWarmup {bulkSize=1, cacheSpecificKeyGenerator=false, commitTransactions=true, duration=1 mins 0 secs, entrySize=1000, exitBenchmarkOnSlaveFailure=false, fixedKeys=true, generateHistogramRange=false, keyGeneratorClass=org.radargun.stressors.StringKeyGenerator, keyGeneratorParam=null, loadAllKeys=false, numEntries=100, numOfThreads=4, numRequests=10000, numThreads=4, numberOfAttributes=100, numberOfRequests=10000, opsCountStatusLog=100000, poolKeys=true, preferAsyncOperations=false, removePercentage=0, replaceInvalidPercentage=40, runOnAllSlaves=false, sharedKeys=false, sizeOfAnAttribute=1000, slaves=null, transactionSize=50, useAtomics=false, useHistogramStatistics=false, useSimpleStatistics=true, useSmartClassLoading=true, useTransactions=null, writePercentage=20, writeTxPercentage=20 }
 INFO  [pool-1-thread-1] {org.radargun.stressors.StressTestStressor} Using key generator org.radargun.stressors.StringKeyGenerator, param null
 INFO  [pool-1-thread-1] {org.radargun.stressors.StressTestStressor} Executing: StressTestStressor{opsCountStatusLog=100000, numRequests=10000, numEntries=100, entrySize=1000, writePercentage=20, numThreads=4, cacheWrapper=org.radargun.cachewrappers.InfinispanXSWrapper@6771a12, nodeIndex=2, useTransactions=true, transactionSize=50, commitTransactions=true, durationMillis=60000}
 INFO  [pool-1-thread-1] {org.radargun.stressors.StressTestStressor} Cache wrapper info is: Running : 5.2.6.Final, config:ispn52-repl-sync-rc.xml, cacheName:testCache
 INFO  [pool-1-thread-1] {org.radargun.stressors.StressTestStressor} Started 4 stressor threads.
 INFO  [Stressor-3] {org.radargun.stressors.StressTestStressor} Number of ops executed so far: 1. Elapsed time: 0.001 secs. Remaining: 59.999 secs. Total: 1 mins 0 secs
[GC 259695K->21701K(2944064K), 0.0496820 secs]
[GC 277765K->21084K(2944064K), 0.0349000 secs]
[GC 277148K->24251K(2944064K), 0.0373100 secs]
[GC 280315K->21108K(2944064K), 0.0359060 secs]
[GC 277172K->28196K(2944064K), 0.0350650 secs]
[GC 284260K->27640K(2944064K), 0.0404750 secs]
[GC 283704K->27890K(2944064K), 0.0434090 secs]
[GC 283954K->30618K(2944064K), 0.0470880 secs]
[GC 286682K->35697K(2944064K), 0.0456230 secs]
[GC 291761K->30158K(2944064K), 0.0414960 secs]
[GC 286222K->28915K(2944064K), 0.0483980 secs]
[GC 284979K->36994K(2944064K), 0.0472710 secs]
[GC 293058K->31120K(2944064K), 0.0427250 secs]
[GC 287184K->32402K(2944064K), 0.0472630 secs]
[GC 288466K->35379K(2944064K), 0.0486350 secs]
[GC 291443K->41170K(2944064K), 0.0805670 secs]
[GC 297234K->35501K(2944064K), 0.0417690 secs]
[GC 291565K->31737K(2944064K), 0.0406060 secs]
 INFO  [Stressor-1] {org.radargun.stressors.StressTestStressor} Number of ops executed so far: 527650. Elapsed time: 20.014 secs. Remaining: 39.986 secs. Total: 1 mins 0 secs
[GC 287801K->32167K(2944064K), 0.0389760 secs]
[GC 288231K->33276K(2944064K), 0.0424270 secs]
[GC 289340K->38249K(2944064K), 0.0387840 secs]
[GC 294313K->34071K(2944064K), 0.0410210 secs]
[GC 290135K->39294K(2944064K), 0.0431650 secs]
[GC 295358K->36086K(2944064K), 0.0436240 secs]
[GC 292150K->43299K(2944064K), 0.0438750 secs]
[GC 299363K->36925K(2944064K), 0.0459180 secs]
[GC 292989K->45971K(2944064K), 0.0567760 secs]
[GC 302029K->40324K(2944064K), 0.0541090 secs]
[GC 296388K->40244K(2944064K), 0.0536530 secs]
[GC 296308K->40292K(2944064K), 0.0430610 secs]
[GC 296356K->40329K(2944064K), 0.0516290 secs]
[GC 296393K->41969K(2944064K), 0.0523390 secs]
[GC 298033K->42751K(2944064K), 0.0573320 secs]
[GC 298815K->49197K(2944064K), 0.0474560 secs]
[GC 305261K->45282K(2944064K), 0.0470340 secs]
[GC 301346K->44855K(2944064K), 0.0451750 secs]
[GC 300919K->49225K(2944064K), 0.0437630 secs]
[GC 305289K->45819K(2944064K), 0.0426150 secs]
 INFO  [Stressor-3] {org.radargun.stressors.StressTestStressor} Number of ops executed so far: 1112294. Elapsed time: 40.014 secs. Remaining: 19.986 secs. Total: 1 mins 0 secs
[GC 301883K->46033K(2944064K), 0.0440840 secs]
[GC 302097K->47411K(2944064K), 0.0434160 secs]
[GC 303475K->46067K(2944064K), 0.0437020 secs]
[GC 302131K->46956K(2944064K), 0.0424480 secs]
[GC 303020K->47293K(2944064K), 0.0400000 secs]
[GC 303357K->47155K(2944064K), 0.0431310 secs]
[GC 303219K->51479K(2944064K), 0.0420590 secs]
[GC 307543K->48405K(2944064K), 0.0536530 secs]
[GC 304469K->49932K(2944064K), 0.0474790 secs]
[GC 305996K->50415K(2944064K), 0.0429010 secs]
[GC 306479K->48255K(2944064K), 0.0436980 secs]
[GC 304319K->48802K(2944064K), 0.0412560 secs]
[GC 304866K->49913K(2944064K), 0.0447780 secs]
[GC 305977K->50131K(2944064K), 0.0428220 secs]
[GC 306195K->50867K(2944064K), 0.0467570 secs]
[GC 306931K->52055K(2944064K), 0.0456320 secs]
[GC 308119K->50553K(2944064K), 0.0504230 secs]
[GC 306617K->50289K(2944064K), 0.0431090 secs]
[GC 306353K->60136K(2944064K), 0.0465850 secs]
[GC 316200K->53931K(2944064K), 0.0501040 secs]
 INFO  [pool-1-thread-1] {org.radargun.stressors.StressTestStressor} Finished generating report. Test duration is: 1 mins 1 secs
 INFO  [pool-1-thread-1] {org.radargun.stages.StressTestWarmupStage} The warmup took: 61 seconds.
 INFO  [pool-1-thread-1] {org.radargun.Slave} Finished stage: StressTestWarmup {bulkSize=1, cacheSpecificKeyGenerator=false, commitTransactions=true, duration=1 mins 0 secs, entrySize=1000, exitBenchmarkOnSlaveFailure=false, fixedKeys=true, generateHistogramRange=false, keyGeneratorClass=org.radargun.stressors.StringKeyGenerator, keyGeneratorParam=null, loadAllKeys=false, numEntries=100, numOfThreads=4, numRequests=10000, numThreads=4, numberOfAttributes=100, numberOfRequests=10000, opsCountStatusLog=100000, poolKeys=true, preferAsyncOperations=false, removePercentage=0, replaceInvalidPercentage=40, runOnAllSlaves=false, sharedKeys=false, sizeOfAnAttribute=1000, slaves=null, transactionSize=50, useAtomics=false, useHistogramStatistics=false, useSimpleStatistics=true, useSmartClassLoading=true, useTransactions=null, writePercentage=20, writeTxPercentage=20 }
 INFO  [main] {org.radargun.Slave} Ack successfully sent to the master
 INFO  [pool-1-thread-1] {org.radargun.Slave} Executing stage: ClearClusterStage {ClearCluster {exitBenchmarkOnSlaveFailure=false, runOnAllSlaves=false, slaves=[ 0 ], useSmartClassLoading=true }
 INFO  [pool-1-thread-1] {org.radargun.stages.ClearClusterStage} Before executing clear, memory looks like this: Memory - free: 2,794,832 kb - max:4,906,688 kb- total:2,944,064 kb
[Full GC 149879K->20316K(2944064K), 0.3016770 secs]
 INFO  [pool-1-thread-1] {org.radargun.stages.ClearClusterStage} After executing cleanup, memory looks like this: Memory - free: 2,920,318 kb - max:4,906,688 kb- total:2,944,192 kb
 INFO  [pool-1-thread-1] {org.radargun.Slave} Finished stage: ClearClusterStage {ClearCluster {exitBenchmarkOnSlaveFailure=false, runOnAllSlaves=false, slaves=[ 0 ], useSmartClassLoading=true }
 INFO  [main] {org.radargun.Slave} Ack successfully sent to the master
 INFO  [pool-1-thread-1] {org.radargun.Slave} Executing stage: StressTest {bulkSize=1, cacheSpecificKeyGenerator=false, commitTransactions=true, duration=1 mins 0 secs, entrySize=1000, exitBenchmarkOnSlaveFailure=false, fixedKeys=true, generateHistogramRange=false, keyGeneratorClass=org.radargun.stressors.StringKeyGenerator, keyGeneratorParam=null, loadAllKeys=false, numEntries=10000, numOfThreads=4, numRequests=10000000, numThreads=4, numberOfAttributes=10000, numberOfRequests=10000000, opsCountStatusLog=500000, poolKeys=true, preferAsyncOperations=false, removePercentage=0, replaceInvalidPercentage=40, runOnAllSlaves=false, sharedKeys=false, sizeOfAnAttribute=1000, slaves=null, transactionSize=10000, useAtomics=false, useHistogramStatistics=false, useSimpleStatistics=true, useSmartClassLoading=true, useTransactions=true, writePercentage=1, writeTxPercentage=20 }
 INFO  [pool-1-thread-1] {org.radargun.stages.StressTestStage} Starting StressTestStage: StressTest {bulkSize=1, cacheSpecificKeyGenerator=false, commitTransactions=true, duration=1 mins 0 secs, entrySize=1000, exitBenchmarkOnSlaveFailure=false, fixedKeys=true, generateHistogramRange=false, keyGeneratorClass=org.radargun.stressors.StringKeyGenerator, keyGeneratorParam=null, loadAllKeys=false, numEntries=10000, numOfThreads=4, numRequests=10000000, numThreads=4, numberOfAttributes=10000, numberOfRequests=10000000, opsCountStatusLog=500000, poolKeys=true, preferAsyncOperations=false, removePercentage=0, replaceInvalidPercentage=40, runOnAllSlaves=false, sharedKeys=false, sizeOfAnAttribute=1000, slaves=null, transactionSize=10000, useAtomics=false, useHistogramStatistics=false, useSimpleStatistics=true, useSmartClassLoading=true, useTransactions=true, writePercentage=1, writeTxPercentage=20 }
 INFO  [pool-1-thread-1] {org.radargun.stressors.StressTestStressor} Using key generator org.radargun.stressors.StringKeyGenerator, param null
 INFO  [pool-1-thread-1] {org.radargun.stressors.StressTestStressor} Executing: StressTestStressor{opsCountStatusLog=500000, numRequests=10000000, numEntries=10000, entrySize=1000, writePercentage=1, numThreads=4, cacheWrapper=org.radargun.cachewrappers.InfinispanXSWrapper@6771a12, nodeIndex=2, useTransactions=true, transactionSize=10000, commitTransactions=true, durationMillis=60000}
 INFO  [pool-1-thread-1] {org.radargun.stressors.StressTestStressor} Cache wrapper info is: Running : 5.2.6.Final, config:ispn52-repl-sync-rc.xml, cacheName:testCache
[GC 276508K->61690K(2944192K), 0.0617650 secs]
[GC 317882K->83111K(2944192K), 0.0737980 secs]
[GC 339303K->106227K(2944192K), 0.0807800 secs]
[GC 362419K->141447K(2944192K), 0.1220910 secs]
[GC 397639K->156438K(2944192K), 0.0753920 secs]
[GC 412630K->183486K(2944192K), 0.1270890 secs]
[GC 439678K->189399K(2944192K), 0.0871400 secs]
[GC 445591K->231081K(2944192K), 0.0774540 secs]
[GC 487123K->220417K(2944192K), 0.1063440 secs]
[GC 476609K->258449K(2944192K), 0.0935060 secs]
[GC 514641K->259045K(2944192K), 0.1167300 secs]
[GC 515237K->306995K(2944192K), 0.0800190 secs]
[GC 563187K->296119K(2944192K), 0.1139580 secs]
[GC 552311K->344769K(2944192K), 0.0704730 secs]
[GC 600961K->333955K(2944192K), 0.1236290 secs]
[GC 590147K->360110K(2944192K), 0.0997850 secs]
[GC 616302K->412515K(2944192K), 0.1059280 secs]
 INFO  [pool-1-thread-1] {org.radargun.stressors.StressTestStressor} Started 4 stressor threads.
 INFO  [Stressor-0] {org.radargun.stressors.StressTestStressor} Number of ops executed so far: 1. Elapsed time: 0.001 secs. Remaining: 59.999 secs. Total: 1 mins 0 secs
[GC 668707K->396467K(2944192K), 0.0926300 secs]
[GC 652659K->420337K(2944192K), 0.0597560 secs]
[GC 676429K->405741K(2944192K), 0.0681240 secs]
[GC 661933K->409736K(2944192K), 0.0899030 secs]
[GC 665928K->436369K(2944192K), 0.0608400 secs]
[GC 692561K->428381K(2944192K), 0.0768990 secs]
[GC 684573K->466912K(2944192K), 0.0554150 secs]
[GC 723104K->448292K(2944192K), 0.0594030 secs]
[GC 704484K->487212K(2944192K), 0.0567960 secs]
[GC 743404K->450540K(2944192K), 0.0567580 secs]
[GC 706732K->501803K(2944192K), 0.0573100 secs]
[GC 757995K->467495K(2944192K), 0.0594930 secs]
[GC 723687K->516242K(2944192K), 0.0655300 secs]
[GC 772434K->486336K(2944192K), 0.0599990 secs]
 INFO  [Stressor-1] {org.radargun.stressors.StressTestStressor} Number of ops executed so far: 3282568. Elapsed time: 20.001 secs. Remaining: 39.999 secs. Total: 1 mins 0 secs
[GC 742528K->517274K(2944192K), 0.0577050 secs]
[GC 773466K->499896K(2944192K), 0.0541630 secs]
[GC 756088K->508200K(2944192K), 0.0618670 secs]
[GC 764392K->514126K(2944192K), 0.0537950 secs]
[GC 770318K->560670K(2944192K), 0.0546880 secs]
[GC 816862K->524947K(2944192K), 0.0602220 secs]
[GC 781048K->574019K(2944192K), 0.0647570 secs]
[GC 830211K->571069K(2944192K), 0.0609590 secs]
[GC 827261K->566041K(2944192K), 0.0625060 secs]
[GC 822233K->565992K(2944192K), 0.0556030 secs]
[GC 822184K->572245K(2944192K), 0.0573340 secs]
[GC 828437K->592133K(2944192K), 0.0540700 secs]
[GC 848325K->577868K(2944192K), 0.0643820 secs]
 INFO  [Stressor-3] {org.radargun.stressors.StressTestStressor} Number of ops executed so far: 6625956. Elapsed time: 40.001 secs. Remaining: 19.999 secs. Total: 1 mins 0 secs
[GC 834060K->628858K(2944192K), 0.0533710 secs]
[GC 885050K->598236K(2944192K), 0.0540890 secs]
[GC 854428K->643408K(2944192K), 0.0656570 secs]
[GC 899600K->616742K(2944192K), 0.0622410 secs]
[GC 872934K->665484K(2944192K), 0.0587660 secs]
[GC 921676K->639375K(2944192K), 0.0612750 secs]
[GC 895567K->668295K(2944192K), 0.0499330 secs]
[GC 924466K->645462K(2944192K), 0.0678650 secs]
[GC 901654K->648625K(2944192K), 0.0607430 secs]
[GC 904817K->675119K(2944192K), 0.0542540 secs]
[GC 931311K->673690K(2944192K), 0.0605270 secs]
[GC 929882K->697316K(2944192K), 0.0586760 secs]
[GC 953508K->705789K(2944192K), 0.0626810 secs]
[GC 961981K->736925K(2944192K), 0.0555780 secs]
 INFO  [Stressor-3] {org.radargun.stressors.StressTestStressor} Number of ops executed so far: 9831293. Elapsed time: 1 mins 0 secs. Remaining: 0.000 secs. Total: 1 mins 0 secs
 INFO  [pool-1-thread-1] {org.radargun.stressors.StressTestStressor} Finished generating report. Test duration is: 1 mins 37 secs
 INFO  [pool-1-thread-1] {org.radargun.stages.StressTestStage} size info: Running : 5.2.6.Final, config:ispn52-repl-sync-rc.xml, cacheName:testCache, clusterSize:6, nodeIndex:2, cacheSize: 240000
 INFO  [pool-1-thread-1] {org.radargun.Slave} Finished stage: StressTest {bulkSize=1, cacheSpecificKeyGenerator=false, commitTransactions=true, duration=1 mins 0 secs, entrySize=1000, exitBenchmarkOnSlaveFailure=false, fixedKeys=true, generateHistogramRange=false, keyGeneratorClass=org.radargun.stressors.StringKeyGenerator, keyGeneratorParam=null, loadAllKeys=false, numEntries=10000, numOfThreads=4, numRequests=10000000, numThreads=4, numberOfAttributes=10000, numberOfRequests=10000000, opsCountStatusLog=500000, poolKeys=true, preferAsyncOperations=false, removePercentage=0, replaceInvalidPercentage=40, runOnAllSlaves=false, sharedKeys=false, sizeOfAnAttribute=1000, slaves=null, transactionSize=10000, useAtomics=false, useHistogramStatistics=false, useSimpleStatistics=true, useSmartClassLoading=true, useTransactions=true, writePercentage=1, writeTxPercentage=20 }
 INFO  [main] {org.radargun.Slave} Ack successfully sent to the master
 INFO  [main] {org.radargun.Slave} Master shutdown!
 INFO  [Thread-0] {org.radargun.ShutDownHook} Slave process is being shutdown
