/usr/java/jdk1.7.0_21/bin/java -server -Xmx1024M -Xms1024M -Dresolve.dns=false -Djgroups.timer.num_threads=4 -verbose:gc -Xmx5000M -Xms3000M -server -XX:+UseConcMarkSweepGC -XX:+AggressiveOpts -verbose:gc -XX:ParallelGCThreads=4 -XX:NewRatio=5 -XX:SurvivorRatio=2 -Dhazelcast.operation.thread.count=4 -Djava.net.preferIPv4Stack=true -Dlog4j.file.prefix=deimos-esw-3337 -Dbind.address= -Djgroups.bind_addr= -classpath /home/smf/github/radargun/target/distribution/RadarGun-1.1.0-SNAPSHOT/lib/activation-1.1.jar:/home/smf/github/radargun/target/distribution/RadarGun-1.1.0-SNAPSHOT/lib/commons-beanutils-1.8.0.jar:/home/smf/github/radargun/target/distribution/RadarGun-1.1.0-SNAPSHOT/lib/commons-digester-2.0.jar:/home/smf/github/radargun/target/distribution/RadarGun-1.1.0-SNAPSHOT/lib/commons-logging-1.1.1.jar:/home/smf/github/radargun/target/distribution/RadarGun-1.1.0-SNAPSHOT/lib/commons-math-1.2.jar:/home/smf/github/radargun/target/distribution/RadarGun-1.1.0-SNAPSHOT/lib/jboss-transaction-api-1.0.1.GA.jar:/home/smf/github/radargun/target/distribution/RadarGun-1.1.0-SNAPSHOT/lib/jcommon-1.0.15.jar:/home/smf/github/radargun/target/distribution/RadarGun-1.1.0-SNAPSHOT/lib/jfreechart-1.0.12.jar:/home/smf/github/radargun/target/distribution/RadarGun-1.1.0-SNAPSHOT/lib/log4j-1.2.14.jar:/home/smf/github/radargun/target/distribution/RadarGun-1.1.0-SNAPSHOT/lib/mail-1.4.2.jar:/home/smf/github/radargun/target/distribution/RadarGun-1.1.0-SNAPSHOT/lib/radargun-framework-1.1.0-SNAPSHOT.jar:/home/smf/github/radargun/target/distribution/RadarGun-1.1.0-SNAPSHOT/conf org.radargun.Slave -master 127.0.0.1:2103
--------------------------------------------------------------------------------
PerNodeRollingFileAppender::Using file prefix:deimos-esw-3337
 INFO  [main] {org.radargun.Slave} Attempting to connect to master 127.0.0.1:2103
 INFO  [main] {org.radargun.Slave} Successfully established connection with master at: 127.0.0.1:2103
Loading JARS from /home/smf/github/radargun/target/distribution/RadarGun-1.1.0-SNAPSHOT/lib/radargun-framework-1.1.0-SNAPSHOT.jar
 INFO  [pool-1-thread-1] {org.radargun.config.AnnotatedHelper} Loading JARS from /home/smf/github/radargun/target/distribution/RadarGun-1.1.0-SNAPSHOT/lib/radargun-framework-1.1.0-SNAPSHOT.jar
 INFO  [pool-1-thread-1] {org.radargun.config.AnnotatedHelper} Loading JARS from /home/smf/github/radargun/target/distribution/RadarGun-1.1.0-SNAPSHOT/lib/radargun-framework-1.1.0-SNAPSHOT.jar
 INFO  [pool-1-thread-1] {org.radargun.Slave} Executing stage: DestroyWrapper {enforceMemoryThrashHold=true, exitBenchmarkOnSlaveFailure=false, heapDumpDir=null, memoryThreshold=95, runOnAllSlaves=true, slaves=null, useSmartClassLoading=true }
 INFO  [pool-1-thread-1] {org.radargun.stages.DestroyWrapperStage} Received destroy cache wrapper request from master...
 INFO  [pool-1-thread-1] {org.radargun.stages.DestroyWrapperStage} No cache wrapper deployed on this slave, nothing to do.
 INFO  [pool-1-thread-1] {org.radargun.stages.DestroyWrapperStage} Before executing clear, memory looks like this: Memory - free: 2,928,638 kb - max:4,906,688 kb- total:2,944,000 kb
[Full GC 15361K->3631K(2944000K), 0.0834200 secs]
 INFO  [pool-1-thread-1] {org.radargun.stages.DestroyWrapperStage} After executing cleanup, memory looks like this: Memory - free: 2,935,311 kb - max:4,906,688 kb- total:2,944,064 kb
 INFO  [pool-1-thread-1] {org.radargun.Slave} Finished stage: DestroyWrapper {enforceMemoryThrashHold=true, exitBenchmarkOnSlaveFailure=false, heapDumpDir=null, memoryThreshold=95, runOnAllSlaves=true, slaves=null, useSmartClassLoading=true }
 INFO  [main] {org.radargun.Slave} Ack successfully sent to the master
 INFO  [pool-1-thread-1] {org.radargun.Slave} Executing stage: StartCluster {config=ispn52-repl-sync-rc.xml, delayAfterFirstSlaveStarts=5.000 secs, delayBetweenStartingSlaves=0.500 secs, exitBenchmarkOnSlaveFailure=true, expectNumSlaves=null, mayFailOn=null, reachable=null, runOnAllSlaves=false, slaves=null, staggerSlaveStartup=true, useSmartClassLoading=true, validateCluster=true }
 INFO  [pool-1-thread-1] {org.radargun.stages.StartClusterStage} Startup staggering, number of slaves to start is 12 This is the slave with index 0, not sleeping
 INFO  [pool-1-thread-1] {org.radargun.stages.StartClusterStage} Ack master's StartCluster stage. Local address is: /127.0.0.1. This slave's index is: 0
 INFO  [pool-1-thread-1] {org.radargun.utils.ClassLoadHelper} Creating newInstance org.radargun.cachewrappers.InfinispanXSWrapper with classloader java.net.URLClassLoader@49de5afd
 INFO  [pool-1-thread-1] {org.radargun.cachewrappers.InfinispanXSWrapper} Cannot find any site for slave index 0
 INFO  [pool-1-thread-1] {org.infinispan.remoting.transport.jgroups.JGroupsTransport} ISPN000078: Starting JGroups Channel
 WARN  [pool-1-thread-1] {org.jgroups.protocols.UDP} [JGRP00014] the send buffer of socket DatagramSocket was set to 640KB, but the OS only allocated 229.38KB. This might lead to performance problems. Please set your max send buffer in the OS correctly (e.g. net.core.wmem_max on Linux)
 WARN  [pool-1-thread-1] {org.jgroups.protocols.UDP} [JGRP00014] the receive buffer of socket DatagramSocket was set to 20MB, but the OS only allocated 229.38KB. This might lead to performance problems. Please set your max receive buffer in the OS correctly (e.g. net.core.rmem_max on Linux)
 WARN  [pool-1-thread-1] {org.jgroups.protocols.UDP} [JGRP00014] the send buffer of socket MulticastSocket was set to 640KB, but the OS only allocated 229.38KB. This might lead to performance problems. Please set your max send buffer in the OS correctly (e.g. net.core.wmem_max on Linux)
 WARN  [pool-1-thread-1] {org.jgroups.protocols.UDP} [JGRP00014] the receive buffer of socket MulticastSocket was set to 25MB, but the OS only allocated 229.38KB. This might lead to performance problems. Please set your max receive buffer in the OS correctly (e.g. net.core.rmem_max on Linux)
 INFO  [pool-1-thread-1] {org.infinispan.remoting.transport.jgroups.JGroupsTransport} ISPN000094: Received new cluster view: [deimos-esw-1523|0] [deimos-esw-1523]
 INFO  [pool-1-thread-1] {org.infinispan.remoting.transport.jgroups.JGroupsTransport} ISPN000079: Cache local address is deimos-esw-1523, physical addresses are [127.0.0.1:52000]
 INFO  [pool-1-thread-1] {org.infinispan.factories.GlobalComponentRegistry} ISPN000128: Infinispan version: Infinispan 'Delirium' 5.2.6.Final
 INFO  [pool-1-thread-1] {org.infinispan.transaction.lookup.JBossStandaloneJTAManagerLookup} ISPN000107: Retrieving transaction manager Transaction: unknown
 INFO  [pool-1-thread-1] {org.infinispan.jmx.CacheJmxRegistration} ISPN000031: MBeans were successfully registered to the platform MBean server.
 INFO  [pool-1-thread-1] {org.radargun.cachewrappers.InfinispanXSWrapper} Using transaction manager: Transaction: unknown
 INFO  [pool-1-thread-1] {org.radargun.cachewrappers.InfinispanXSWrapper} No RELAY2 protocol in XS wrapper
 INFO  [pool-1-thread-1] {org.radargun.cachewrappers.InfinispanXSWrapper} JGroups version: JGroups 3.2.7.Final
 INFO  [pool-1-thread-1] {org.radargun.cachewrappers.InfinispanXSWrapper} Using config attributes: {name=ispn52-repl-sync-rc.xml}
 INFO  [pool-1-thread-1] {org.radargun.stages.helpers.StartHelper} Number of members=1 is not the one expected: 12
 INFO  [pool-1-thread-1] {org.radargun.stages.helpers.StartHelper} Number of members=1 is not the one expected: 12
 INFO  [pool-1-thread-1] {org.radargun.stages.helpers.StartHelper} Number of members=1 is not the one expected: 12
 INFO  [Incoming-1,deimos-esw-1523] {org.infinispan.remoting.transport.jgroups.JGroupsTransport} ISPN000094: Received new cluster view: [deimos-esw-1523|1] [deimos-esw-1523, deimos-esw-52693]
 INFO  [Incoming-3,deimos-esw-1523] {org.infinispan.remoting.transport.jgroups.JGroupsTransport} ISPN000094: Received new cluster view: [deimos-esw-1523|2] [deimos-esw-1523, deimos-esw-52693, deimos-esw-49407]
 INFO  [pool-1-thread-1] {org.radargun.stages.helpers.StartHelper} Number of members=3 is not the one expected: 12
 INFO  [Incoming-4,deimos-esw-1523] {org.infinispan.remoting.transport.jgroups.JGroupsTransport} ISPN000094: Received new cluster view: [deimos-esw-1523|3] [deimos-esw-1523, deimos-esw-52693, deimos-esw-49407, deimos-esw-44587]
 INFO  [Incoming-4,deimos-esw-1523] {org.infinispan.remoting.transport.jgroups.JGroupsTransport} ISPN000094: Received new cluster view: [deimos-esw-1523|4] [deimos-esw-1523, deimos-esw-52693, deimos-esw-49407, deimos-esw-44587, deimos-esw-14908]
 INFO  [pool-1-thread-1] {org.radargun.stages.helpers.StartHelper} Number of members=5 is not the one expected: 12
 INFO  [Incoming-4,deimos-esw-1523] {org.infinispan.remoting.transport.jgroups.JGroupsTransport} ISPN000094: Received new cluster view: [deimos-esw-1523|5] [deimos-esw-1523, deimos-esw-52693, deimos-esw-49407, deimos-esw-44587, deimos-esw-14908, deimos-esw-57904]
 INFO  [Incoming-4,deimos-esw-1523] {org.infinispan.remoting.transport.jgroups.JGroupsTransport} ISPN000094: Received new cluster view: [deimos-esw-1523|6] [deimos-esw-1523, deimos-esw-52693, deimos-esw-49407, deimos-esw-44587, deimos-esw-14908, deimos-esw-57904, deimos-esw-49522]
 INFO  [pool-1-thread-1] {org.radargun.stages.helpers.StartHelper} Number of members=7 is not the one expected: 12
 INFO  [Incoming-4,deimos-esw-1523] {org.infinispan.remoting.transport.jgroups.JGroupsTransport} ISPN000094: Received new cluster view: [deimos-esw-1523|7] [deimos-esw-1523, deimos-esw-52693, deimos-esw-49407, deimos-esw-44587, deimos-esw-14908, deimos-esw-57904, deimos-esw-49522, deimos-esw-45243]
 INFO  [Incoming-4,deimos-esw-1523] {org.infinispan.remoting.transport.jgroups.JGroupsTransport} ISPN000094: Received new cluster view: [deimos-esw-1523|8] [deimos-esw-1523, deimos-esw-52693, deimos-esw-49407, deimos-esw-44587, deimos-esw-14908, deimos-esw-57904, deimos-esw-49522, deimos-esw-45243, deimos-esw-21400]
 INFO  [pool-1-thread-1] {org.radargun.stages.helpers.StartHelper} Number of members=9 is not the one expected: 12
 INFO  [Incoming-4,deimos-esw-1523] {org.infinispan.remoting.transport.jgroups.JGroupsTransport} ISPN000094: Received new cluster view: [deimos-esw-1523|9] [deimos-esw-1523, deimos-esw-52693, deimos-esw-49407, deimos-esw-44587, deimos-esw-14908, deimos-esw-57904, deimos-esw-49522, deimos-esw-45243, deimos-esw-21400, deimos-esw-44995]
 INFO  [Incoming-4,deimos-esw-1523] {org.infinispan.remoting.transport.jgroups.JGroupsTransport} ISPN000094: Received new cluster view: [deimos-esw-1523|10] [deimos-esw-1523, deimos-esw-52693, deimos-esw-49407, deimos-esw-44587, deimos-esw-14908, deimos-esw-57904, deimos-esw-49522, deimos-esw-45243, deimos-esw-21400, deimos-esw-44995, deimos-esw-53690]
 INFO  [pool-1-thread-1] {org.radargun.stages.helpers.StartHelper} Number of members=11 is not the one expected: 12
 INFO  [Incoming-4,deimos-esw-1523] {org.infinispan.remoting.transport.jgroups.JGroupsTransport} ISPN000094: Received new cluster view: [deimos-esw-1523|11] [deimos-esw-1523, deimos-esw-52693, deimos-esw-49407, deimos-esw-44587, deimos-esw-14908, deimos-esw-57904, deimos-esw-49522, deimos-esw-45243, deimos-esw-21400, deimos-esw-44995, deimos-esw-53690, deimos-esw-207]
[GC 259695K->16445K(2944064K), 0.0485500 secs]
 INFO  [pool-1-thread-1] {org.radargun.stages.helpers.StartHelper} Number of members is the one expected: 12
 INFO  [pool-1-thread-1] {org.radargun.stages.StartClusterStage} Successfully started cache wrapper on slave 0: org.radargun.cachewrappers.InfinispanXSWrapper@6c91f018
 INFO  [pool-1-thread-1] {org.radargun.Slave} Finished stage: StartCluster {config=ispn52-repl-sync-rc.xml, delayAfterFirstSlaveStarts=5.000 secs, delayBetweenStartingSlaves=0.500 secs, exitBenchmarkOnSlaveFailure=true, expectNumSlaves=null, mayFailOn=null, reachable=null, runOnAllSlaves=false, slaves=null, staggerSlaveStartup=true, useSmartClassLoading=true, validateCluster=true }
 INFO  [main] {org.radargun.Slave} Ack successfully sent to the master
 INFO  [pool-1-thread-1] {org.radargun.Slave} Executing stage: ClusterValidation {exitBenchmarkOnSlaveFailure=false, partialReplication=false, replicationTimeSleep=2000, replicationTryCount=60, runOnAllSlaves=false, slaves=null, useSmartClassLoading=true }
 INFO  [pool-1-thread-1] {org.radargun.stages.ClusterValidationStage} Number of caches that replicated here is 11
 INFO  [pool-1-thread-1] {org.radargun.stages.ClusterValidationStage} Replication test successfully passed. partialReplication? false, replicationCount = 11
 INFO  [pool-1-thread-1] {org.radargun.stages.ClusterValidationStage} Confirm phase successful.
 INFO  [pool-1-thread-1] {org.radargun.Slave} Finished stage: ClusterValidation {exitBenchmarkOnSlaveFailure=false, partialReplication=false, replicationTimeSleep=2000, replicationTryCount=60, runOnAllSlaves=false, slaves=[ 0, 1, 2, 3, 4, 5, 6, 7, 8, 9, 10, 11 ], useSmartClassLoading=true }
 INFO  [main] {org.radargun.Slave} Ack successfully sent to the master
 INFO  [pool-1-thread-1] {org.radargun.Slave} Executing stage: StressTestWarmup {bulkSize=1, cacheSpecificKeyGenerator=false, commitTransactions=true, duration=1 mins 0 secs, entrySize=1000, exitBenchmarkOnSlaveFailure=false, fixedKeys=true, generateHistogramRange=false, keyGeneratorClass=org.radargun.stressors.StringKeyGenerator, keyGeneratorParam=null, loadAllKeys=false, numEntries=10000, numOfThreads=4, numRequests=10000, numThreads=4, numberOfAttributes=10000, numberOfRequests=10000, opsCountStatusLog=100000, poolKeys=true, preferAsyncOperations=false, removePercentage=0, replaceInvalidPercentage=40, runOnAllSlaves=false, sharedKeys=false, sizeOfAnAttribute=1000, slaves=null, transactionSize=10000, useAtomics=false, useHistogramStatistics=false, useSimpleStatistics=true, useSmartClassLoading=true, useTransactions=null, writePercentage=20, writeTxPercentage=20 }
 INFO  [pool-1-thread-1] {org.radargun.stages.StressTestWarmupStage} Starting StressTestWarmupStage: StressTestWarmup {bulkSize=1, cacheSpecificKeyGenerator=false, commitTransactions=true, duration=1 mins 0 secs, entrySize=1000, exitBenchmarkOnSlaveFailure=false, fixedKeys=true, generateHistogramRange=false, keyGeneratorClass=org.radargun.stressors.StringKeyGenerator, keyGeneratorParam=null, loadAllKeys=false, numEntries=10000, numOfThreads=4, numRequests=10000, numThreads=4, numberOfAttributes=10000, numberOfRequests=10000, opsCountStatusLog=100000, poolKeys=true, preferAsyncOperations=false, removePercentage=0, replaceInvalidPercentage=40, runOnAllSlaves=false, sharedKeys=false, sizeOfAnAttribute=1000, slaves=null, transactionSize=10000, useAtomics=false, useHistogramStatistics=false, useSimpleStatistics=true, useSmartClassLoading=true, useTransactions=null, writePercentage=20, writeTxPercentage=20 }
 INFO  [pool-1-thread-1] {org.radargun.stressors.StressTestStressor} Using key generator org.radargun.stressors.StringKeyGenerator, param null
 INFO  [pool-1-thread-1] {org.radargun.stressors.StressTestStressor} Executing: StressTestStressor{opsCountStatusLog=100000, numRequests=10000, numEntries=10000, entrySize=1000, writePercentage=20, numThreads=4, cacheWrapper=org.radargun.cachewrappers.InfinispanXSWrapper@6c91f018, nodeIndex=0, useTransactions=true, transactionSize=10000, commitTransactions=true, durationMillis=60000}
 INFO  [pool-1-thread-1] {org.radargun.stressors.StressTestStressor} Cache wrapper info is: Running : 5.2.6.Final, config:ispn52-repl-sync-rc.xml, cacheName:testCache
[GC 272509K->31537K(2944064K), 0.0452670 secs]
[GC 287601K->59589K(2944064K), 0.0553280 secs]
[GC 315653K->95224K(2944064K), 0.0610300 secs]
[GC 351288K->112885K(2944064K), 0.0957140 secs]
[GC 368949K->153914K(2944064K), 0.1018760 secs]
[GC 409978K->185925K(2944064K), 0.1105400 secs]
[GC 441989K->177954K(2944064K), 0.0905850 secs]
[GC 434018K->200765K(2944064K), 0.0946990 secs]
[GC 456829K->224560K(2944064K), 0.0945930 secs]
[GC 480624K->246930K(2944064K), 0.0996750 secs]
[GC 502994K->273949K(2944064K), 0.1006660 secs]
[GC 530013K->295749K(2944064K), 0.0925690 secs]
[GC 551813K->310023K(2944064K), 0.0956950 secs]
[GC 566087K->347923K(2944064K), 0.0981700 secs]
[GC 603987K->358800K(2944064K), 0.0980760 secs]
[GC 614864K->382142K(2944064K), 0.0982250 secs]
[GC 638206K->398394K(2944064K), 0.0952370 secs]
[GC 654458K->417773K(2944064K), 0.1034200 secs]
[GC 673837K->444224K(2944064K), 0.0973590 secs]
[GC 700288K->450301K(2944064K), 0.1067210 secs]
[GC 706365K->481451K(2944064K), 0.0983330 secs]
[GC 737515K->516894K(2944064K), 0.1059680 secs]
[GC 772958K->526561K(2944064K), 0.1050670 secs]
[GC 782625K->548438K(2944064K), 0.1067350 secs]
[GC 804502K->579967K(2944064K), 0.0898170 secs]
[GC 836031K->566563K(2944064K), 0.0896130 secs]
[GC 822627K->616280K(2944064K), 0.0958880 secs]
[GC 872344K->634472K(2944064K), 0.0973910 secs]
[GC 890536K->653301K(2944064K), 0.0985610 secs]
[GC 909365K->673769K(2944064K), 0.0991350 secs]
[GC 929833K->700032K(2944064K), 0.1052980 secs]
[GC 956096K->706242K(2944064K), 0.0996040 secs]
[GC 962306K->721351K(2944064K), 0.0903060 secs]
 INFO  [pool-1-thread-1] {org.radargun.stressors.StressTestStressor} Started 4 stressor threads.
 INFO  [Stressor-1] {org.radargun.stressors.StressTestStressor} Number of ops executed so far: 1. Elapsed time: 0.001 secs. Remaining: 59.999 secs. Total: 1 mins 0 secs
[GC 977366K->785004K(2944064K), 0.1054870 secs]
[GC 1040127K->827837K(2944064K), 0.1538640 secs]
[GC 1083901K->865022K(2944064K), 0.1033270 secs]
[GC 1118973K->886893K(2944064K), 0.0857600 secs]
[GC 1142957K->910346K(2944064K), 0.1018570 secs]
[GC 1166410K->928017K(2944064K), 0.0873080 secs]
[GC 1183657K->976501K(2944064K), 0.1059560 secs]
[GC 1232565K->1014945K(2944064K), 0.0999830 secs]
[GC 1271009K->1003668K(2944064K), 0.0860530 secs]
[GC 1259676K->1064330K(2944064K), 0.0852000 secs]
[GC 1320389K->1102671K(2944064K), 0.0955240 secs]
[GC 1358735K->1123062K(2944064K), 0.0977640 secs]
[GC 1379126K->1141915K(2944064K), 0.0881850 secs]
[GC 1397963K->1191872K(2944064K), 0.0874530 secs]
[GC 1447936K->1195118K(2944064K), 0.0832920 secs]
[GC 1451182K->1258801K(2944064K), 0.0879660 secs]
[GC 1514865K->1284389K(2944064K), 0.1029570 secs]
[GC 1540453K->1284814K(2944064K), 0.1103570 secs]
[GC 1540878K->1314725K(2944064K), 0.0831830 secs]
[GC 1570789K->1370938K(2944064K), 0.0894350 secs]
 INFO  [Stressor-0] {org.radargun.stressors.StressTestStressor} Number of ops executed so far: 380000. Elapsed time: 23.655 secs. Remaining: 36.345 secs. Total: 1 mins 0 secs
[GC 1627002K->1400484K(2944064K), 0.0783860 secs]
[GC 1656548K->1428363K(2944064K), 0.0910880 secs]
[GC 1428583K(2944064K), 0.0287460 secs]
[GC 1684081K->1419112K(2944064K), 0.1102780 secs]
[GC 1584309K(2944064K), 0.0823130 secs]
[GC 1433507K->1240301K(2944064K), 0.0895450 secs]
[GC 994014K->777046K(2944064K), 0.1103250 secs]
[GC 1033110K->802810K(2944064K), 0.1199230 secs]
[GC 1058874K->811506K(2944064K), 0.0851680 secs]
[GC 1067537K->819427K(2944064K), 0.0797840 secs]
[GC 1075491K->886768K(2944064K), 0.0880650 secs]
[GC 1142820K->911697K(2944064K), 0.0855510 secs]
[GC 1166346K->949771K(2944064K), 0.0979810 secs]
[GC 1205835K->934907K(2944064K), 0.0836160 secs]
[GC 1190912K->984901K(2944064K), 0.0833590 secs]
[GC 1239113K->1032584K(2944064K), 0.0847020 secs]
[GC 1288648K->1063284K(2944064K), 0.0897960 secs]
[GC 1319348K->1103125K(2944064K), 0.1077320 secs]
[GC 1355087K->1114607K(2944064K), 0.0915470 secs]
 INFO  [Stressor-2] {org.radargun.stressors.StressTestStressor} Number of ops executed so far: 680000. Elapsed time: 43.920 secs. Remaining: 16.080 secs. Total: 1 mins 0 secs
[GC 1369771K->1140118K(2944064K), 0.0905780 secs]
[GC 1396182K->1163785K(2944064K), 0.0844240 secs]
[GC 1419849K->1201748K(2944064K), 0.0865220 secs]
[GC 1457812K->1239574K(2944064K), 0.0847790 secs]
[GC 1495638K->1254843K(2944064K), 0.0874090 secs]
[GC 1509956K->1289924K(2944064K), 0.0991080 secs]
[GC 1545988K->1321360K(2944064K), 0.0916080 secs]
[GC 1577424K->1338097K(2944064K), 0.0904210 secs]
[GC 1594161K->1355291K(2944064K), 0.0869550 secs]
[GC 1611355K->1378408K(2944064K), 0.0785740 secs]
[GC 1634472K->1432079K(2944064K), 0.0883410 secs]
[GC 1688143K->1460984K(2944064K), 0.0971910 secs]
[GC 1716998K->1444490K(2944064K), 0.0806510 secs]
[GC 1700540K->1519833K(2944064K), 0.0816700 secs]
[GC 1775839K->1540437K(2944064K), 0.0821830 secs]
[GC 1796501K->1576682K(2944064K), 0.1038100 secs]
[GC 1832746K->1566181K(2944064K), 0.0962310 secs]
 INFO  [Stressor-3] {org.radargun.stressors.StressTestStressor} Number of ops executed so far: 840000. Elapsed time: 1 mins 7 secs. Remaining: 0.000 secs. Total: 1 mins 0 secs
 INFO  [pool-1-thread-1] {org.radargun.stressors.StressTestStressor} Finished generating report. Test duration is: 2 mins 51 secs
 INFO  [pool-1-thread-1] {org.radargun.stages.StressTestWarmupStage} The warmup took: 171 seconds.
 INFO  [pool-1-thread-1] {org.radargun.Slave} Finished stage: StressTestWarmup {bulkSize=1, cacheSpecificKeyGenerator=false, commitTransactions=true, duration=1 mins 0 secs, entrySize=1000, exitBenchmarkOnSlaveFailure=false, fixedKeys=true, generateHistogramRange=false, keyGeneratorClass=org.radargun.stressors.StringKeyGenerator, keyGeneratorParam=null, loadAllKeys=false, numEntries=10000, numOfThreads=4, numRequests=10000, numThreads=4, numberOfAttributes=10000, numberOfRequests=10000, opsCountStatusLog=100000, poolKeys=true, preferAsyncOperations=false, removePercentage=0, replaceInvalidPercentage=40, runOnAllSlaves=false, sharedKeys=false, sizeOfAnAttribute=1000, slaves=null, transactionSize=10000, useAtomics=false, useHistogramStatistics=false, useSimpleStatistics=true, useSmartClassLoading=true, useTransactions=null, writePercentage=20, writeTxPercentage=20 }
 INFO  [main] {org.radargun.Slave} Ack successfully sent to the master
 INFO  [pool-1-thread-1] {org.radargun.Slave} Executing stage: ClearClusterStage {ClearCluster {exitBenchmarkOnSlaveFailure=false, runOnAllSlaves=false, slaves=[ 0 ], useSmartClassLoading=true }
 INFO  [pool-1-thread-1] {org.radargun.stages.ClearClusterStage} Before executing clear, memory looks like this: Memory - free: 1,144,522 kb - max:4,906,688 kb- total:2,944,064 kb
[GC 1820429K->1596247K(2944064K), 0.1073650 secs]
[Full GC 1814300K->37965K(2944064K), 0.6719820 secs]
 INFO  [pool-1-thread-1] {org.radargun.stages.ClearClusterStage} After executing cleanup, memory looks like this: Memory - free: 2,904,055 kb - max:4,906,688 kb- total:2,944,128 kb
 INFO  [pool-1-thread-1] {org.radargun.Slave} Finished stage: ClearClusterStage {ClearCluster {exitBenchmarkOnSlaveFailure=false, runOnAllSlaves=false, slaves=[ 0 ], useSmartClassLoading=true }
 INFO  [main] {org.radargun.Slave} Ack successfully sent to the master
 INFO  [pool-1-thread-1] {org.radargun.Slave} Executing stage: StressTest {bulkSize=1, cacheSpecificKeyGenerator=false, commitTransactions=true, duration=1 mins 0 secs, entrySize=1000, exitBenchmarkOnSlaveFailure=false, fixedKeys=true, generateHistogramRange=false, keyGeneratorClass=org.radargun.stressors.StringKeyGenerator, keyGeneratorParam=null, loadAllKeys=false, numEntries=10000, numOfThreads=4, numRequests=10000000, numThreads=4, numberOfAttributes=10000, numberOfRequests=10000000, opsCountStatusLog=500000, poolKeys=true, preferAsyncOperations=false, removePercentage=0, replaceInvalidPercentage=40, runOnAllSlaves=false, sharedKeys=false, sizeOfAnAttribute=1000, slaves=null, transactionSize=10000, useAtomics=false, useHistogramStatistics=false, useSimpleStatistics=true, useSmartClassLoading=true, useTransactions=true, writePercentage=10, writeTxPercentage=100 }
 INFO  [pool-1-thread-1] {org.radargun.stages.StressTestStage} Starting StressTestStage: StressTest {bulkSize=1, cacheSpecificKeyGenerator=false, commitTransactions=true, duration=1 mins 0 secs, entrySize=1000, exitBenchmarkOnSlaveFailure=false, fixedKeys=true, generateHistogramRange=false, keyGeneratorClass=org.radargun.stressors.StringKeyGenerator, keyGeneratorParam=null, loadAllKeys=false, numEntries=10000, numOfThreads=4, numRequests=10000000, numThreads=4, numberOfAttributes=10000, numberOfRequests=10000000, opsCountStatusLog=500000, poolKeys=true, preferAsyncOperations=false, removePercentage=0, replaceInvalidPercentage=40, runOnAllSlaves=false, sharedKeys=false, sizeOfAnAttribute=1000, slaves=null, transactionSize=10000, useAtomics=false, useHistogramStatistics=false, useSimpleStatistics=true, useSmartClassLoading=true, useTransactions=true, writePercentage=10, writeTxPercentage=100 }
 INFO  [pool-1-thread-1] {org.radargun.stressors.StressTestStressor} Using key generator org.radargun.stressors.StringKeyGenerator, param null
 INFO  [pool-1-thread-1] {org.radargun.stressors.StressTestStressor} Executing: StressTestStressor{opsCountStatusLog=500000, numRequests=10000000, numEntries=10000, entrySize=1000, writePercentage=10, numThreads=4, cacheWrapper=org.radargun.cachewrappers.InfinispanXSWrapper@6c91f018, nodeIndex=0, useTransactions=true, transactionSize=10000, commitTransactions=true, durationMillis=60000}
 INFO  [pool-1-thread-1] {org.radargun.stressors.StressTestStressor} Cache wrapper info is: Running : 5.2.6.Final, config:ispn52-repl-sync-rc.xml, cacheName:testCache
[GC 294093K->106675K(2944128K), 0.0492110 secs]
[GC 362803K->103012K(2944128K), 0.0729160 secs]
[GC 359140K->125535K(2944128K), 0.0686970 secs]
[GC 381663K->177220K(2944128K), 0.0950890 secs]
[GC 433348K->159965K(2944128K), 0.0933830 secs]
[GC 416093K->229370K(2944128K), 0.1104100 secs]
[GC 485498K->210902K(2944128K), 0.0924890 secs]
[GC 467030K->261808K(2944128K), 0.1030190 secs]
[GC 517936K->255318K(2944128K), 0.1289160 secs]
[GC 511446K->302562K(2944128K), 0.1095450 secs]
[GC 558690K->295937K(2944128K), 0.1040410 secs]
[GC 552065K->352062K(2944128K), 0.0890820 secs]
[GC 608190K->341026K(2944128K), 0.0916580 secs]
[GC 597154K->386068K(2944128K), 0.0893460 secs]
[GC 642196K->376986K(2944128K), 0.0966820 secs]
[GC 633114K->407053K(2944128K), 0.0817280 secs]
[GC 663181K->446077K(2944128K), 0.0948530 secs]
[GC 702205K->456868K(2944128K), 0.0941810 secs]
[GC 712996K->443380K(2944128K), 0.0812550 secs]
[GC 699508K->502877K(2944128K), 0.0771960 secs]
[GC 759005K->493584K(2944128K), 0.1058460 secs]
[GC 749712K->540342K(2944128K), 0.0978360 secs]
[GC 796470K->528520K(2944128K), 0.0901960 secs]
[GC 784648K->575597K(2944128K), 0.0890520 secs]
[GC 831725K->599704K(2944128K), 0.0930720 secs]
[GC 855832K->623830K(2944128K), 0.0956660 secs]
[GC 879958K->632123K(2944128K), 0.0925640 secs]
[GC 888251K->661660K(2944128K), 0.0828940 secs]
[GC 917788K->709283K(2944128K), 0.0899870 secs]
[GC 965411K->689619K(2944128K), 0.0881840 secs]
[GC 945747K->735172K(2944128K), 0.0949870 secs]
[GC 991300K->746130K(2944128K), 0.0942450 secs]
[GC 1002257K->793685K(2944128K), 0.1040670 secs]
[GC 1049813K->785360K(2944128K), 0.1166010 secs]
[GC 1041488K->833761K(2944128K), 0.1177400 secs]
 INFO  [pool-1-thread-1] {org.radargun.stressors.StressTestStressor} Started 4 stressor threads.
 INFO  [Stressor-0] {org.radargun.stressors.StressTestStressor} Number of ops executed so far: 1. Elapsed time: 0.000 secs. Remaining: 1 mins 0 secs. Total: 1 mins 0 secs
[GC 1089889K->855728K(2944128K), 0.0935630 secs]
[GC 1111360K->859123K(2944128K), 0.1036080 secs]
[GC 1114536K->905992K(2944128K), 0.0791560 secs]
[GC 1162120K->910536K(2944128K), 0.0894580 secs]
[GC 1166195K->953408K(2944128K), 0.0838120 secs]
[GC 1209536K->973205K(2944128K), 0.0928400 secs]
[GC 1228703K->1006297K(2944128K), 0.0865560 secs]
[GC 1262425K->1013264K(2944128K), 0.0899520 secs]
[GC 1269392K->1038549K(2944128K), 0.0949170 secs]
[GC 1294677K->1064945K(2944128K), 0.0925110 secs]
[GC 1321073K->1057851K(2944128K), 0.0843120 secs]
[GC 1313584K->1132059K(2944128K), 0.0804180 secs]
[GC 1388092K->1127692K(2944128K), 0.0828570 secs]
[GC 1383820K->1177510K(2944128K), 0.0829240 secs]
[GC 1433036K->1214178K(2944128K), 0.0878090 secs]
[GC 1470306K->1220723K(2944128K), 0.0971650 secs]
 INFO  [Stressor-3] {org.radargun.stressors.StressTestStressor} Number of ops executed so far: 150000. Elapsed time: 21.322 secs. Remaining: 38.678 secs. Total: 1 mins 0 secs
[GC 1476851K->1251968K(2944128K), 0.0829410 secs]
[GC 1508096K->1273820K(2944128K), 0.0865120 secs]
[GC 1529948K->1280696K(2944128K), 0.0849310 secs]
[GC 1536824K->1328306K(2944128K), 0.0768850 secs]
[GC 1583528K->1344901K(2944128K), 0.0890980 secs]
[GC 1601029K->1349007K(2944128K), 0.0789810 secs]
[GC 1605135K->1389666K(2944128K), 0.0689620 secs]
[GC 1645794K->1393525K(2944128K), 0.0975250 secs]
[GC 1649333K->1453489K(2944128K), 0.0835400 secs]
[GC 1709162K->1466005K(2944128K), 0.0876270 secs]
[GC 1722133K->1480782K(2944128K), 0.0941800 secs]
[GC 1736870K->1512355K(2944128K), 0.0722660 secs]
[GC 1768483K->1516659K(2944128K), 0.0949050 secs]
[GC 1772761K->1560619K(2944128K), 0.0775590 secs]
[GC 1816747K->1587104K(2944128K), 0.0890630 secs]
[GC 1843232K->1618399K(2944128K), 0.0865040 secs]
 INFO  [Stressor-2] {org.radargun.stressors.StressTestStressor} Number of ops executed so far: 220000. Elapsed time: 42.392 secs. Remaining: 17.608 secs. Total: 1 mins 0 secs
[GC 1874527K->1620963K(2944128K), 0.0920450 secs]
[GC 1876885K->1642380K(2944128K), 0.0973630 secs]
[GC 1898497K->1669013K(2944128K), 0.0912490 secs]
[GC 1924435K->1707856K(2944128K), 0.0872090 secs]
[GC 1963984K->1719629K(2944128K), 0.1104420 secs]
[GC 1975757K->1741584K(2944128K), 0.0845360 secs]
[GC 1997712K->1779663K(2944128K), 0.0895220 secs]
[GC 2035791K->1816679K(2944128K), 0.0831310 secs]
[GC 2072328K->1828169K(2944128K), 0.0999350 secs]
[GC 2084199K->1871359K(2944128K), 0.0868940 secs]
[GC 2127485K->1902162K(2944128K), 0.0883060 secs]
[GC 2158290K->1920634K(2944128K), 0.0779160 secs]
[GC 2176762K->1937753K(2944128K), 0.0885290 secs]
 INFO  [pool-1-thread-1] {org.radargun.stressors.StressTestStressor} Finished generating report. Test duration is: 2 mins 33 secs
 INFO  [pool-1-thread-1] {org.radargun.stages.StressTestStage} size info: Running : 5.2.6.Final, config:ispn52-repl-sync-rc.xml, cacheName:testCache, clusterSize:12, nodeIndex:0, cacheSize: 480000
 INFO  [pool-1-thread-1] {org.radargun.Slave} Finished stage: StressTest {bulkSize=1, cacheSpecificKeyGenerator=false, commitTransactions=true, duration=1 mins 0 secs, entrySize=1000, exitBenchmarkOnSlaveFailure=false, fixedKeys=true, generateHistogramRange=false, keyGeneratorClass=org.radargun.stressors.StringKeyGenerator, keyGeneratorParam=null, loadAllKeys=false, numEntries=10000, numOfThreads=4, numRequests=10000000, numThreads=4, numberOfAttributes=10000, numberOfRequests=10000000, opsCountStatusLog=500000, poolKeys=true, preferAsyncOperations=false, removePercentage=0, replaceInvalidPercentage=40, runOnAllSlaves=false, sharedKeys=false, sizeOfAnAttribute=1000, slaves=null, transactionSize=10000, useAtomics=false, useHistogramStatistics=false, useSimpleStatistics=true, useSmartClassLoading=true, useTransactions=true, writePercentage=10, writeTxPercentage=100 }
 INFO  [main] {org.radargun.Slave} Ack successfully sent to the master
 INFO  [main] {org.radargun.Slave} Master shutdown!
 INFO  [Thread-0] {org.radargun.ShutDownHook} Slave process is being shutdown
