/usr/java/jdk1.7.0_21/bin/java -server -Xmx1024M -Xms1024M -Dresolve.dns=false -Djgroups.timer.num_threads=4 -verbose:gc -Xmx5000M -Xms3000M -server -XX:+UseConcMarkSweepGC -XX:+AggressiveOpts -verbose:gc -XX:ParallelGCThreads=4 -XX:NewRatio=5 -XX:SurvivorRatio=2 -Dhazelcast.operation.thread.count=4 -Djava.net.preferIPv4Stack=true -Dlog4j.file.prefix=deimos-esw-31769 -Dbind.address= -Djgroups.bind_addr= -classpath /home/smf/github/radargun/target/distribution/RadarGun-1.1.0-SNAPSHOT/lib/activation-1.1.jar:/home/smf/github/radargun/target/distribution/RadarGun-1.1.0-SNAPSHOT/lib/commons-beanutils-1.8.0.jar:/home/smf/github/radargun/target/distribution/RadarGun-1.1.0-SNAPSHOT/lib/commons-digester-2.0.jar:/home/smf/github/radargun/target/distribution/RadarGun-1.1.0-SNAPSHOT/lib/commons-logging-1.1.1.jar:/home/smf/github/radargun/target/distribution/RadarGun-1.1.0-SNAPSHOT/lib/commons-math-1.2.jar:/home/smf/github/radargun/target/distribution/RadarGun-1.1.0-SNAPSHOT/lib/jboss-transaction-api-1.0.1.GA.jar:/home/smf/github/radargun/target/distribution/RadarGun-1.1.0-SNAPSHOT/lib/jcommon-1.0.15.jar:/home/smf/github/radargun/target/distribution/RadarGun-1.1.0-SNAPSHOT/lib/jfreechart-1.0.12.jar:/home/smf/github/radargun/target/distribution/RadarGun-1.1.0-SNAPSHOT/lib/log4j-1.2.14.jar:/home/smf/github/radargun/target/distribution/RadarGun-1.1.0-SNAPSHOT/lib/mail-1.4.2.jar:/home/smf/github/radargun/target/distribution/RadarGun-1.1.0-SNAPSHOT/lib/radargun-framework-1.1.0-SNAPSHOT.jar:/home/smf/github/radargun/target/distribution/RadarGun-1.1.0-SNAPSHOT/conf org.radargun.Slave -master 127.0.0.1:2103
--------------------------------------------------------------------------------
PerNodeRollingFileAppender::Using file prefix:deimos-esw-31769
 INFO  [main] {org.radargun.Slave} Attempting to connect to master 127.0.0.1:2103
 INFO  [main] {org.radargun.Slave} Successfully established connection with master at: 127.0.0.1:2103
Loading JARS from /home/smf/github/radargun/target/distribution/RadarGun-1.1.0-SNAPSHOT/lib/radargun-framework-1.1.0-SNAPSHOT.jar
 INFO  [pool-1-thread-1] {org.radargun.config.AnnotatedHelper} Loading JARS from /home/smf/github/radargun/target/distribution/RadarGun-1.1.0-SNAPSHOT/lib/radargun-framework-1.1.0-SNAPSHOT.jar
 INFO  [pool-1-thread-1] {org.radargun.config.AnnotatedHelper} Loading JARS from /home/smf/github/radargun/target/distribution/RadarGun-1.1.0-SNAPSHOT/lib/radargun-framework-1.1.0-SNAPSHOT.jar
 INFO  [pool-1-thread-1] {org.radargun.Slave} Executing stage: DestroyWrapper {enforceMemoryThrashHold=true, exitBenchmarkOnSlaveFailure=false, heapDumpDir=null, memoryThreshold=95, runOnAllSlaves=true, slaves=null, useSmartClassLoading=true }
 INFO  [pool-1-thread-1] {org.radargun.stages.DestroyWrapperStage} Received destroy cache wrapper request from master...
 INFO  [pool-1-thread-1] {org.radargun.stages.DestroyWrapperStage} No cache wrapper deployed on this slave, nothing to do.
 INFO  [pool-1-thread-1] {org.radargun.stages.DestroyWrapperStage} Before executing clear, memory looks like this: Memory - free: 2,928,638 kb - max:4,906,688 kb- total:2,944,000 kb
[Full GC 15361K->3631K(2944000K), 0.0883900 secs]
 INFO  [pool-1-thread-1] {org.radargun.stages.DestroyWrapperStage} After executing cleanup, memory looks like this: Memory - free: 2,935,311 kb - max:4,906,688 kb- total:2,944,064 kb
 INFO  [pool-1-thread-1] {org.radargun.Slave} Finished stage: DestroyWrapper {enforceMemoryThrashHold=true, exitBenchmarkOnSlaveFailure=false, heapDumpDir=null, memoryThreshold=95, runOnAllSlaves=true, slaves=null, useSmartClassLoading=true }
 INFO  [main] {org.radargun.Slave} Ack successfully sent to the master
 INFO  [pool-1-thread-1] {org.radargun.Slave} Executing stage: StartCluster {config=ispn52-repl-sync-rc.xml, delayAfterFirstSlaveStarts=5.000 secs, delayBetweenStartingSlaves=0.500 secs, exitBenchmarkOnSlaveFailure=true, expectNumSlaves=null, mayFailOn=null, reachable=null, runOnAllSlaves=false, slaves=null, staggerSlaveStartup=true, useSmartClassLoading=true, validateCluster=true }
 INFO  [pool-1-thread-1] {org.radargun.stages.StartClusterStage}  Startup staggering, starting 8 slaves. This is the slave with index 6. Sleeping for 8000 millis.
 INFO  [pool-1-thread-1] {org.radargun.stages.StartClusterStage} Ack master's StartCluster stage. Local address is: /127.0.0.1. This slave's index is: 6
 INFO  [pool-1-thread-1] {org.radargun.utils.ClassLoadHelper} Creating newInstance org.radargun.cachewrappers.FFWrapper with classloader java.net.URLClassLoader@14320874
 INFO  [pool-1-thread-1] {org.radargun.cachewrappers.FFWrapper} config=ispn52-repl-sync-rc.xml, isLocal=false, nodeIndex=6, confAttributes={name=ispn52-repl-sync-rc.xml, decorate=infinispan52}
 INFO  [pool-1-thread-1] {org.radargun.cachewrappers.FFWrapper} Found fenix framework config options in 'rg-fenix-framework-config-options.properties'.
 INFO  [pool-1-thread-1] {org.radargun.cachewrappers.FFWrapper} Setting extra config properties for Fenix Framework.
 INFO  [pool-1-thread-1] {org.radargun.cachewrappers.FFWrapper} Will initialize Fenix Framework with RadarGunDataGridConfig
 TRACE [pool-1-thread-1] {pt.ist.fenixframework.FenixFramework} Static initializer block for FenixFramework class [BEGIN]
 INFO  [pool-1-thread-1] {pt.ist.fenixframework.FenixFramework} Trying auto-initialization with configuration by convention
 INFO  [pool-1-thread-1] {pt.ist.fenixframework.FenixFramework} Resource 'fenix-framework.properties' not found
 DEBUG [pool-1-thread-1] {pt.ist.fenixframework.FenixFramework} Fenix Framework properties after reading default config file:{}
 DEBUG [pool-1-thread-1] {pt.ist.fenixframework.FenixFramework} CurrentBackEndName = jvstm-datagrid
 INFO  [pool-1-thread-1] {pt.ist.fenixframework.FenixFramework} Resource 'fenix-framework-jvstm-datagrid.properties' not found
 DEBUG [pool-1-thread-1] {pt.ist.fenixframework.FenixFramework} Fenix Framework properties after reading backend config file:{}
 DEBUG [pool-1-thread-1] {pt.ist.fenixframework.FenixFramework} Fenix Framework properties after enforcing system properties:{}
 INFO  [pool-1-thread-1] {pt.ist.fenixframework.FenixFramework} Skipping configuration by convention.
 TRACE [pool-1-thread-1] {pt.ist.fenixframework.FenixFramework} Static initializer block for FenixFramework class [END]
 INFO  [pool-1-thread-1] {pt.ist.fenixframework.FenixFramework} Initializing Fenix Framework with config.class=pt.ist.fenixframework.backend.jvstm.datagrid.radargun.RadarGunDataGridConfig
 INFO  [pool-1-thread-1] {pt.ist.fenixframework.backend.jvstm.cluster.JvstmClusterBackEnd} initializeGroupCommunication()
 INFO  [pool-1-thread-1] {com.hazelcast.config.ClasspathXmlConfig} Configuring Hazelcast from 'hazelcast-ff.xml'.
 INFO  [pool-1-thread-1] {com.hazelcast.instance.DefaultAddressPicker} Interfaces is disabled, trying to pick one address from TCP-IP config addresses: [127.0.0.1]
 INFO  [pool-1-thread-1] {com.hazelcast.instance.DefaultAddressPicker} Picked Address[127.0.0.1]:5707, using socket ServerSocket[addr=/0.0.0.0,localport=5707], bind any local is true
 INFO  [pool-1-thread-1] {com.hazelcast.system} [127.0.0.1]:5707 [FenixFrameworkGroup] Hazelcast Community Edition 3.0.2 (20130906) starting at Address[127.0.0.1]:5707
 INFO  [pool-1-thread-1] {com.hazelcast.system} [127.0.0.1]:5707 [FenixFrameworkGroup] Copyright (C) 2008-2013 Hazelcast.com
 INFO  [pool-1-thread-1] {com.hazelcast.instance.Node} [127.0.0.1]:5707 [FenixFrameworkGroup] Creating MulticastJoiner
 INFO  [pool-1-thread-1] {com.hazelcast.core.LifecycleService} [127.0.0.1]:5707 [FenixFrameworkGroup] Address[127.0.0.1]:5707 is STARTING
 INFO  [pool-1-thread-1] {com.hazelcast.cluster.TcpIpJoiner} [127.0.0.1]:5707 [FenixFrameworkGroup] Connecting to possible member: Address[127.0.0.1]:5703
 INFO  [pool-1-thread-1] {com.hazelcast.cluster.TcpIpJoiner} [127.0.0.1]:5707 [FenixFrameworkGroup] Connecting to possible member: Address[127.0.0.1]:5702
 INFO  [pool-1-thread-1] {com.hazelcast.cluster.TcpIpJoiner} [127.0.0.1]:5707 [FenixFrameworkGroup] Connecting to possible member: Address[127.0.0.1]:5701
 INFO  [hz._hzInstance_1_FenixFrameworkGroup.cached.thread-1] {com.hazelcast.nio.SocketConnector} [127.0.0.1]:5707 [FenixFrameworkGroup] Connecting to /127.0.0.1:5701, timeout: 0, bind-any: true
 INFO  [hz._hzInstance_1_FenixFrameworkGroup.cached.thread-2] {com.hazelcast.nio.SocketConnector} [127.0.0.1]:5707 [FenixFrameworkGroup] Connecting to /127.0.0.1:5703, timeout: 0, bind-any: true
 INFO  [hz._hzInstance_1_FenixFrameworkGroup.cached.thread-3] {com.hazelcast.nio.SocketConnector} [127.0.0.1]:5707 [FenixFrameworkGroup] Connecting to /127.0.0.1:5702, timeout: 0, bind-any: true
 INFO  [hz._hzInstance_1_FenixFrameworkGroup.cached.thread-1] {com.hazelcast.nio.TcpIpConnectionManager} [127.0.0.1]:5707 [FenixFrameworkGroup] 34811 accepted socket connection from /127.0.0.1:5701
 INFO  [hz._hzInstance_1_FenixFrameworkGroup.cached.thread-2] {com.hazelcast.nio.TcpIpConnectionManager} [127.0.0.1]:5707 [FenixFrameworkGroup] 33500 accepted socket connection from /127.0.0.1:5703
 INFO  [hz._hzInstance_1_FenixFrameworkGroup.cached.thread-3] {com.hazelcast.nio.TcpIpConnectionManager} [127.0.0.1]:5707 [FenixFrameworkGroup] 34194 accepted socket connection from /127.0.0.1:5702
 INFO  [hz._hzInstance_1_FenixFrameworkGroup.cached.thread-3] {com.hazelcast.cluster.ClusterService} [127.0.0.1]:5707 [FenixFrameworkGroup] 

Members [8] {
	Member [127.0.0.1]:5701
	Member [127.0.0.1]:5702
	Member [127.0.0.1]:5704
	Member [127.0.0.1]:5705
	Member [127.0.0.1]:5706
	Member [127.0.0.1]:5703
	Member [127.0.0.1]:5707 this
	Member [127.0.0.1]:5708
}

 INFO  [hz._hzInstance_1_FenixFrameworkGroup.IO.thread-Acceptor] {com.hazelcast.nio.SocketAcceptor} [127.0.0.1]:5707 [FenixFrameworkGroup] Accepting socket connection from /127.0.0.1:35420
 INFO  [hz._hzInstance_1_FenixFrameworkGroup.IO.thread-Acceptor] {com.hazelcast.nio.TcpIpConnectionManager} [127.0.0.1]:5707 [FenixFrameworkGroup] 5707 accepted socket connection from /127.0.0.1:35420
 INFO  [hz._hzInstance_1_FenixFrameworkGroup.IO.thread-Acceptor] {com.hazelcast.nio.SocketAcceptor} [127.0.0.1]:5707 [FenixFrameworkGroup] Accepting socket connection from /127.0.0.1:55319
 INFO  [hz._hzInstance_1_FenixFrameworkGroup.IO.thread-Acceptor] {com.hazelcast.nio.TcpIpConnectionManager} [127.0.0.1]:5707 [FenixFrameworkGroup] 5707 accepted socket connection from /127.0.0.1:55319
 INFO  [hz._hzInstance_1_FenixFrameworkGroup.IO.thread-Acceptor] {com.hazelcast.nio.SocketAcceptor} [127.0.0.1]:5707 [FenixFrameworkGroup] Accepting socket connection from /127.0.0.1:56880
 INFO  [hz._hzInstance_1_FenixFrameworkGroup.IO.thread-Acceptor] {com.hazelcast.nio.TcpIpConnectionManager} [127.0.0.1]:5707 [FenixFrameworkGroup] 5707 accepted socket connection from /127.0.0.1:56880
 INFO  [hz._hzInstance_1_FenixFrameworkGroup.IO.thread-Acceptor] {com.hazelcast.nio.SocketAcceptor} [127.0.0.1]:5707 [FenixFrameworkGroup] Accepting socket connection from /127.0.0.1:50965
 INFO  [hz._hzInstance_1_FenixFrameworkGroup.IO.thread-Acceptor] {com.hazelcast.nio.TcpIpConnectionManager} [127.0.0.1]:5707 [FenixFrameworkGroup] 5707 accepted socket connection from /127.0.0.1:50965
 INFO  [hz._hzInstance_1_FenixFrameworkGroup.cached.thread-7] {com.hazelcast.nio.SocketConnector} [127.0.0.1]:5707 [FenixFrameworkGroup] Connecting to /127.0.0.1:5708, timeout: 0, bind-any: true
 INFO  [hz._hzInstance_1_FenixFrameworkGroup.cached.thread-7] {com.hazelcast.nio.TcpIpConnectionManager} [127.0.0.1]:5707 [FenixFrameworkGroup] 58507 accepted socket connection from /127.0.0.1:5708
 INFO  [pool-1-thread-1] {com.hazelcast.core.LifecycleService} [127.0.0.1]:5707 [FenixFrameworkGroup] Address[127.0.0.1]:5707 is STARTED
 INFO  [pool-1-thread-1] {pt.ist.fenixframework.backend.jvstm.cluster.ClusterUtils} Got (long) serverId: 6
 INFO  [pool-1-thread-1] {pt.ist.fenixframework.backend.jvstm.cluster.JvstmClusterBackEnd} This is NOT the first node.
 INFO  [pool-1-thread-1] {pt.ist.fenixframework.backend.jvstm.cluster.ClusterUtils} Waiting for startup from first node
 INFO  [pool-1-thread-1] {pt.ist.fenixframework.backend.jvstm.JVSTMBackEnd} initializeRepository()
 INFO  [pool-1-thread-1] {pt.ist.fenixframework.backend.jvstm.datagrid.radargun.DataGridDecorator} config=ispn52-repl-sync-rc.xml, isLocal=false, nodeIndex=6, confAttributes={name=ispn52-repl-sync-rc.xml}
 INFO  [pool-1-thread-1] {org.radargun.cachewrappers.InfinispanXSWrapper} Cannot find any site for slave index 6
 INFO  [pool-1-thread-1] {org.infinispan.remoting.transport.jgroups.JGroupsTransport} ISPN000078: Starting JGroups Channel
[GC 259695K->17104K(2944064K), 0.0447760 secs]
 WARN  [pool-1-thread-1] {org.jgroups.protocols.UDP} [JGRP00014] the send buffer of socket DatagramSocket was set to 640KB, but the OS only allocated 229.38KB. This might lead to performance problems. Please set your max send buffer in the OS correctly (e.g. net.core.wmem_max on Linux)
 WARN  [pool-1-thread-1] {org.jgroups.protocols.UDP} [JGRP00014] the receive buffer of socket DatagramSocket was set to 20MB, but the OS only allocated 229.38KB. This might lead to performance problems. Please set your max receive buffer in the OS correctly (e.g. net.core.rmem_max on Linux)
 WARN  [pool-1-thread-1] {org.jgroups.protocols.UDP} [JGRP00014] the send buffer of socket MulticastSocket was set to 640KB, but the OS only allocated 229.38KB. This might lead to performance problems. Please set your max send buffer in the OS correctly (e.g. net.core.wmem_max on Linux)
 WARN  [pool-1-thread-1] {org.jgroups.protocols.UDP} [JGRP00014] the receive buffer of socket MulticastSocket was set to 25MB, but the OS only allocated 229.38KB. This might lead to performance problems. Please set your max receive buffer in the OS correctly (e.g. net.core.rmem_max on Linux)
 INFO  [pool-1-thread-1] {org.infinispan.remoting.transport.jgroups.JGroupsTransport} ISPN000094: Received new cluster view: [deimos-esw-19798|4] [deimos-esw-19798, deimos-esw-50991, deimos-esw-60482, deimos-esw-33162, deimos-esw-22591, deimos-esw-64485, deimos-esw-27205]
 INFO  [pool-1-thread-1] {org.infinispan.remoting.transport.jgroups.JGroupsTransport} ISPN000079: Cache local address is deimos-esw-27205, physical addresses are [127.0.0.1:52006]
 INFO  [pool-1-thread-1] {org.infinispan.factories.GlobalComponentRegistry} ISPN000128: Infinispan version: Infinispan 'Delirium' 5.2.6.Final
 INFO  [Incoming-4,deimos-esw-27205] {org.infinispan.remoting.transport.jgroups.JGroupsTransport} ISPN000094: Received new cluster view: [deimos-esw-19798|5] [deimos-esw-19798, deimos-esw-50991, deimos-esw-60482, deimos-esw-33162, deimos-esw-22591, deimos-esw-64485, deimos-esw-27205, deimos-esw-53682]
 INFO  [pool-1-thread-1] {org.infinispan.transaction.lookup.JBossStandaloneJTAManagerLookup} ISPN000107: Retrieving transaction manager Transaction: unknown
 INFO  [pool-1-thread-1] {org.infinispan.jmx.CacheJmxRegistration} ISPN000031: MBeans were successfully registered to the platform MBean server.
 INFO  [pool-1-thread-1] {org.radargun.cachewrappers.InfinispanXSWrapper} Using transaction manager: Transaction: unknown
 INFO  [pool-1-thread-1] {org.radargun.cachewrappers.InfinispanXSWrapper} No RELAY2 protocol in XS wrapper
 INFO  [pool-1-thread-1] {org.radargun.cachewrappers.InfinispanXSWrapper} JGroups version: JGroups 3.2.7.Final
 INFO  [pool-1-thread-1] {org.radargun.cachewrappers.InfinispanXSWrapper} Using config attributes: {name=ispn52-repl-sync-rc.xml}
 INFO  [pool-1-thread-1] {pt.ist.fenixframework.backend.jvstm.datagrid.DataGridRepository} Initialization marker is present. Data Grid already existed.
 INFO  [pool-1-thread-1] {pt.ist.fenixframework.backend.jvstm.JVSTMBackEnd} initializeDomainClassInfos
 INFO  [pool-1-thread-1] {pt.ist.fenixframework.backend.jvstm.pstm.DomainClassInfo} serverId: 6, serverOidBase: 6000000000000
 INFO  [pool-1-thread-1] {pt.ist.fenixframework.backend.jvstm.pstm.DomainClassInfo} Existing domain class 'pt.ist.fenixframework.adt.bplustree.AbstractNode' with id 'f'
 INFO  [pool-1-thread-1] {pt.ist.fenixframework.backend.jvstm.pstm.DomainClassInfo} Existing domain class 'pt.ist.fenixframework.backend.jvstm.pstm.TransactionStatisticsEntry' with id '5'
 INFO  [pool-1-thread-1] {pt.ist.fenixframework.backend.jvstm.pstm.DomainClassInfo} Existing domain class 'pt.ist.fenixframework.adt.linkedlist.LinkedList' with id '9'
 INFO  [pool-1-thread-1] {pt.ist.fenixframework.backend.jvstm.pstm.DomainClassInfo} Existing domain class 'pt.ist.fenixframework.adt.bplustree.BPlusTreeArray' with id '2'
 INFO  [pool-1-thread-1] {pt.ist.fenixframework.backend.jvstm.pstm.DomainClassInfo} Existing domain class 'pt.ist.fenixframework.adt.linkedlist.ListNode' with id '6'
 INFO  [pool-1-thread-1] {pt.ist.fenixframework.backend.jvstm.pstm.DomainClassInfo} Existing domain class 'pt.ist.fenixframework.adt.bplustree.AbstractNodeArray' with id 'a'
 INFO  [pool-1-thread-1] {pt.ist.fenixframework.backend.jvstm.pstm.DomainClassInfo} Existing domain class 'pt.ist.fenixframework.adt.bplustree.DomainInnerNode' with id '3'
 INFO  [pool-1-thread-1] {pt.ist.fenixframework.backend.jvstm.pstm.DomainClassInfo} Existing domain class 'pt.ist.fenixframework.adt.bplustree.InnerNode' with id '8'
 INFO  [pool-1-thread-1] {pt.ist.fenixframework.backend.jvstm.pstm.DomainClassInfo} Existing domain class 'pt.ist.fenixframework.adt.bplustree.BPlusTree' with id '7'
 INFO  [pool-1-thread-1] {pt.ist.fenixframework.backend.jvstm.pstm.DomainClassInfo} Existing domain class 'pt.ist.fenixframework.adt.bplustree.LeafNode' with id '4'
 INFO  [pool-1-thread-1] {pt.ist.fenixframework.backend.jvstm.pstm.DomainClassInfo} Existing domain class 'pt.ist.fenixframework.adt.bplustree.InnerNodeArray' with id 'b'
 INFO  [pool-1-thread-1] {pt.ist.fenixframework.backend.jvstm.pstm.DomainClassInfo} Existing domain class 'pt.ist.fenixframework.backend.jvstm.pstm.FenixFrameworkData' with id 'd'
 INFO  [pool-1-thread-1] {pt.ist.fenixframework.backend.jvstm.pstm.DomainClassInfo} Existing domain class 'pt.ist.fenixframework.adt.bplustree.DomainLeafNode' with id '1'
 INFO  [pool-1-thread-1] {pt.ist.fenixframework.backend.jvstm.pstm.DomainClassInfo} Existing domain class 'pt.ist.fenixframework.adt.bplustree.LeafNodeArray' with id 'c'
 INFO  [pool-1-thread-1] {pt.ist.fenixframework.backend.jvstm.pstm.DomainClassInfo} Existing domain class 'pt.ist.fenixframework.DomainRoot' with id '0'
 INFO  [pool-1-thread-1] {pt.ist.fenixframework.backend.jvstm.pstm.DomainClassInfo} Existing domain class 'pt.ist.fenixframework.adt.bplustree.DomainBPlusTree' with id 'e'
 INFO  [pool-1-thread-1] {pt.ist.fenixframework.backend.jvstm.JVSTMBackEnd} setupJVSTM
 INFO  [pool-1-thread-1] {pt.ist.fenixframework.backend.jvstm.JVSTMBackEnd} Setting the last committed TX number to 2
 INFO  [pool-1-thread-1] {pt.ist.fenixframework.backend.jvstm.JVSTMBackEnd} createDomainRootIfNeeded
 INFO  [pool-1-thread-1] {pt.ist.fenixframework.backend.jvstm.JVSTMBackEnd} ensureFenixFrameworkDataExists
 INFO  [pool-1-thread-1] {pt.ist.fenixframework.hibernatesearch.HibernateSearchConfig} Resource 'fenix-framework-hibernate-search.properties' not found. Hibernate Search disabled
 INFO  [pool-1-thread-1] {pt.ist.fenixframework.FenixFramework} Initialization of Fenix Framework is now complete.
 INFO  [pool-1-thread-1] {org.radargun.cachewrappers.FFWrapper} FF STARTED=true
 INFO  [pool-1-thread-1] {org.radargun.stages.helpers.StartHelper} Number of members is the one expected: 8
 INFO  [pool-1-thread-1] {org.radargun.stages.StartClusterStage} Successfully started cache wrapper on slave 6: org.radargun.cachewrappers.FFWrapper@15253eb5
 INFO  [pool-1-thread-1] {org.radargun.Slave} Finished stage: StartCluster {config=ispn52-repl-sync-rc.xml, delayAfterFirstSlaveStarts=5.000 secs, delayBetweenStartingSlaves=0.500 secs, exitBenchmarkOnSlaveFailure=true, expectNumSlaves=null, mayFailOn=null, reachable=null, runOnAllSlaves=false, slaves=null, staggerSlaveStartup=true, useSmartClassLoading=true, validateCluster=true }
 INFO  [main] {org.radargun.Slave} Ack successfully sent to the master
 INFO  [pool-1-thread-1] {org.radargun.Slave} Executing stage: ClusterValidation {exitBenchmarkOnSlaveFailure=false, partialReplication=false, replicationTimeSleep=2000, replicationTryCount=60, runOnAllSlaves=false, slaves=null, useSmartClassLoading=true }
 INFO  [pool-1-thread-1] {org.radargun.stages.ClusterValidationStage} Number of caches that replicated here is 3
 INFO  [pool-1-thread-1] {org.radargun.stages.ClusterValidationStage} Replication test failed, 1 tries so far. Sleeping for 2 seconds and trying again.
 INFO  [pool-1-thread-1] {org.radargun.stages.ClusterValidationStage} Number of caches that replicated here is 7
 INFO  [pool-1-thread-1] {org.radargun.stages.ClusterValidationStage} Replication test successfully passed. partialReplication? false, replicationCount = 7
 INFO  [pool-1-thread-1] {org.radargun.stages.ClusterValidationStage} Confirm phase successful.
 INFO  [pool-1-thread-1] {org.radargun.Slave} Finished stage: ClusterValidation {exitBenchmarkOnSlaveFailure=false, partialReplication=false, replicationTimeSleep=2000, replicationTryCount=60, runOnAllSlaves=false, slaves=[ 0, 1, 2, 3, 4, 5, 6, 7 ], useSmartClassLoading=true }
 INFO  [main] {org.radargun.Slave} Ack successfully sent to the master
 INFO  [pool-1-thread-1] {org.radargun.Slave} Executing stage: StressTestWarmup {bulkSize=1, cacheSpecificKeyGenerator=false, commitTransactions=true, duration=1 mins 0 secs, entrySize=1000, exitBenchmarkOnSlaveFailure=false, fixedKeys=true, generateHistogramRange=false, keyGeneratorClass=org.radargun.stressors.StringKeyGenerator, keyGeneratorParam=null, loadAllKeys=false, numEntries=10000, numOfThreads=4, numRequests=10000, numThreads=4, numberOfAttributes=10000, numberOfRequests=10000, opsCountStatusLog=100000, poolKeys=true, preferAsyncOperations=false, removePercentage=0, replaceInvalidPercentage=40, runOnAllSlaves=false, sharedKeys=false, sizeOfAnAttribute=1000, slaves=null, transactionSize=10000, useAtomics=false, useHistogramStatistics=false, useSimpleStatistics=true, useSmartClassLoading=true, useTransactions=null, writePercentage=20, writeTxPercentage=20 }
 INFO  [pool-1-thread-1] {org.radargun.stages.StressTestWarmupStage} Starting StressTestWarmupStage: StressTestWarmup {bulkSize=1, cacheSpecificKeyGenerator=false, commitTransactions=true, duration=1 mins 0 secs, entrySize=1000, exitBenchmarkOnSlaveFailure=false, fixedKeys=true, generateHistogramRange=false, keyGeneratorClass=org.radargun.stressors.StringKeyGenerator, keyGeneratorParam=null, loadAllKeys=false, numEntries=10000, numOfThreads=4, numRequests=10000, numThreads=4, numberOfAttributes=10000, numberOfRequests=10000, opsCountStatusLog=100000, poolKeys=true, preferAsyncOperations=false, removePercentage=0, replaceInvalidPercentage=40, runOnAllSlaves=false, sharedKeys=false, sizeOfAnAttribute=1000, slaves=null, transactionSize=10000, useAtomics=false, useHistogramStatistics=false, useSimpleStatistics=true, useSmartClassLoading=true, useTransactions=null, writePercentage=20, writeTxPercentage=20 }
 INFO  [pool-1-thread-1] {org.radargun.stressors.StressTestStressor} Using key generator org.radargun.stressors.StringKeyGenerator, param null
 INFO  [pool-1-thread-1] {org.radargun.stressors.StressTestStressor} Executing: StressTestStressor{opsCountStatusLog=100000, numRequests=10000, numEntries=10000, entrySize=1000, writePercentage=20, numThreads=4, cacheWrapper=org.radargun.cachewrappers.FFWrapper@15253eb5, nodeIndex=6, useTransactions=true, transactionSize=10000, commitTransactions=true, durationMillis=60000}
 INFO  [pool-1-thread-1] {org.radargun.stressors.StressTestStressor} Cache wrapper info is: FFWrapper using infinispan52
[GC 273168K->20272K(2944064K), 0.0534470 secs]
[GC 276336K->24079K(2944064K), 0.0423330 secs]
[GC 280143K->28425K(2944064K), 0.0448020 secs]
[GC 284489K->43428K(2944064K), 0.0501680 secs]
[GC 299492K->57281K(2944064K), 0.0516980 secs]
[GC 313345K->63059K(2944064K), 0.0506560 secs]
[GC 319123K->76438K(2944064K), 0.0560240 secs]
[GC 332502K->77686K(2944064K), 0.0583920 secs]
[GC 333750K->103692K(2944064K), 0.0581770 secs]
[GC 359756K->122659K(2944064K), 0.1124780 secs]
[GC 378723K->126311K(2944064K), 0.1397260 secs]
[GC 382191K->152567K(2944064K), 0.0909660 secs]
[GC 408631K->179302K(2944064K), 0.1160960 secs]
[GC 435365K->163703K(2944064K), 0.1006890 secs]
[GC 419767K->213219K(2944064K), 0.0913700 secs]
[GC 469283K->229326K(2944064K), 0.1198560 secs]
[GC 485027K->230433K(2944064K), 0.0958420 secs]
[GC 486497K->265239K(2944064K), 0.1259860 secs]
[GC 521273K->267659K(2944064K), 0.0880800 secs]
[GC 523723K->301926K(2944064K), 0.1012060 secs]
[GC 557990K->309905K(2944064K), 0.1212300 secs]
[GC 565969K->338986K(2944064K), 0.0848310 secs]
[GC 595050K->340644K(2944064K), 0.1063030 secs]
[GC 596708K->384558K(2944064K), 0.1326750 secs]
[GC 636963K->402625K(2944064K), 0.0959700 secs]
[GC 658689K->419437K(2944064K), 0.1367320 secs]
[GC 675501K->420595K(2944064K), 0.1202190 secs]
[GC 675334K->435683K(2944064K), 0.0941680 secs]
[GC 691747K->459341K(2944064K), 0.1240900 secs]
[GC 715350K->471849K(2944064K), 0.0865310 secs]
[GC 727913K->491211K(2944064K), 0.1384000 secs]
[GC 747275K->533116K(2944064K), 0.1146300 secs]
[GC 787811K->543619K(2944064K), 0.0944200 secs]
[GC 799683K->552897K(2944064K), 0.1123850 secs]
[GC 808909K->581353K(2944064K), 0.0777470 secs]
[GC 837417K->602159K(2944064K), 0.1200710 secs]
[GC 858223K->622759K(2944064K), 0.0847960 secs]
[GC 878767K->657935K(2944064K), 0.0880640 secs]
[GC 913999K->643945K(2944064K), 0.0854460 secs]
[GC 900009K->670091K(2944064K), 0.0692560 secs]
[GC 926155K->642710K(2944064K), 0.0835800 secs]
[GC 898774K->683967K(2944064K), 0.0662270 secs]
[GC 940031K->666036K(2944064K), 0.0879580 secs]
[GC 922100K->700680K(2944064K), 0.0706990 secs]
[GC 956744K->735939K(2944064K), 0.0977560 secs]
[GC 992003K->746168K(2944064K), 0.1152650 secs]
[GC 1002211K->749492K(2944064K), 0.0953420 secs]
[GC 1005556K->799226K(2944064K), 0.0989030 secs]
[GC 1055264K->784551K(2944064K), 0.0806950 secs]
[GC 1038215K->835679K(2944064K), 0.0904040 secs]
[GC 1091743K->827103K(2944064K), 0.1111610 secs]
[GC 1083167K->862306K(2944064K), 0.0806610 secs]
[GC 1117503K->867068K(2944064K), 0.0907210 secs]
[GC 1123132K->891303K(2944064K), 0.1204240 secs]
[GC 1147349K->894269K(2944064K), 0.0858920 secs]
[GC 1150333K->947667K(2944064K), 0.1042520 secs]
[GC 1203731K->959346K(2944064K), 0.1267600 secs]
[GC 1215361K->948401K(2944064K), 0.0802780 secs]
[GC 1204465K->989996K(2944064K), 0.1052760 secs]
[GC 1246060K->985749K(2944064K), 0.0832670 secs]
[GC 1241813K->1041637K(2944064K), 0.0922120 secs]
[GC 1297701K->1037101K(2944064K), 0.1259320 secs]
[GC 1290104K->1079438K(2944064K), 0.0960970 secs]
[GC 1335502K->1059779K(2944064K), 0.1028520 secs]
[GC 1315843K->1101903K(2944064K), 0.0844640 secs]
[GC 1354782K->1125897K(2944064K), 0.0939430 secs]
[GC 1381961K->1133542K(2944064K), 0.1223060 secs]
[GC 1389585K->1135813K(2944064K), 0.0838110 secs]
[GC 1391877K->1173683K(2944064K), 0.1027110 secs]
[GC 1429747K->1159611K(2944064K), 0.1139150 secs]
[GC 1415621K->1228137K(2944064K), 0.0889630 secs]
[GC 1484201K->1211372K(2944064K), 0.0870980 secs]
[GC 1467436K->1235768K(2944064K), 0.0734930 secs]
[GC 1491832K->1224781K(2944064K), 0.0792600 secs]
[GC 1480845K->1244791K(2944064K), 0.0726950 secs]
[GC 1500855K->1227750K(2944064K), 0.0878430 secs]
[GC 1483814K->1270058K(2944064K), 0.0689670 secs]
[GC 1526122K->1244175K(2944064K), 0.0758120 secs]
[GC 1500239K->1283163K(2944064K), 0.0907970 secs]
[GC 1539227K->1264080K(2944064K), 0.0780750 secs]
[GC 1520144K->1293472K(2944064K), 0.0874040 secs]
[GC 1549536K->1312555K(2944064K), 0.0857830 secs]
[GC 1568619K->1325335K(2944064K), 0.1534880 secs]
[GC 1581399K->1299995K(2944064K), 0.1371820 secs]
[GC 1556059K->1348564K(2944064K), 0.1572260 secs]
[GC 1604628K->1314711K(2944064K), 0.0914620 secs]
[GC 1570775K->1350184K(2944064K), 0.0902890 secs]
[GC 1606248K->1350535K(2944064K), 0.0918700 secs]
[GC 1606599K->1361404K(2944064K), 0.0895260 secs]
[GC 1617468K->1352075K(2944064K), 0.0889100 secs]
[GC 1608139K->1377986K(2944064K), 0.0856360 secs]
[GC 1634050K->1385563K(2944064K), 0.0887600 secs]
[GC 1386207K(2944064K), 0.0540110 secs]
[GC 1450519K(2944064K), 0.0528040 secs]
[GC 1373474K->1106895K(2944064K), 0.0842170 secs]
[GC 1362959K->1128166K(2944064K), 0.0831380 secs]
[GC 1384230K->1151173K(2944064K), 0.0806080 secs]
[GC 1407237K->1125906K(2944064K), 0.0771720 secs]
[GC 1381970K->1170281K(2944064K), 0.0833810 secs]
[GC 1426345K->1138389K(2944064K), 0.0817610 secs]
[GC 1394453K->1183966K(2944064K), 0.0846600 secs]
[GC 1440030K->1152453K(2944064K), 0.0868610 secs]
[GC 1408517K->1200179K(2944064K), 0.0861110 secs]
[GC 1456243K->1168843K(2944064K), 0.0891900 secs]
[GC 1424907K->1216152K(2944064K), 0.0865390 secs]
[GC 1472216K->1184135K(2944064K), 0.0869690 secs]
[GC 1440199K->1231729K(2944064K), 0.0875540 secs]
[GC 1484394K->1203756K(2944064K), 0.0885820 secs]
[GC 1459820K->1249104K(2944064K), 0.1183050 secs]
[GC 1505168K->1284052K(2944064K), 0.1108220 secs]
[GC 1540116K->1282423K(2944064K), 0.1055800 secs]
[GC 1538438K->1273903K(2944064K), 0.1016450 secs]
[GC 1527968K->1321555K(2944064K), 0.0982790 secs]
[GC 1575319K->1341608K(2944064K), 0.0975090 secs]
[GC 1595248K->1346881K(2944064K), 0.0968720 secs]
[GC 1602945K->1394610K(2944064K), 0.1080940 secs]
[GC 1650674K->1386230K(2944064K), 0.0881700 secs]
[GC 1642294K->1402188K(2944064K), 0.0893670 secs]
[GC 1658245K->1418358K(2944064K), 0.0948290 secs]
[GC 1672414K->1433513K(2944064K), 0.0961580 secs]
[GC 1686103K->1469939K(2944064K), 0.0958440 secs]
[GC 1726003K->1470786K(2944064K), 0.0921460 secs]
[GC 1726850K->1510663K(2944064K), 0.0981860 secs]
[GC 1766727K->1517383K(2944064K), 0.0924570 secs]
[GC 1773447K->1529444K(2944064K), 0.0928920 secs]
[GC 1784127K->1557862K(2944064K), 0.0959490 secs]
[GC 1811525K->1563657K(2944064K), 0.0977610 secs]
[GC 1819721K->1615836K(2944064K), 0.0945040 secs]
[GC 1871900K->1609645K(2944064K), 0.0949360 secs]
[GC 1865709K->1619191K(2944064K), 0.0927430 secs]
[GC 1875255K->1625544K(2944064K), 0.0938770 secs]
[GC 1881608K->1674432K(2944064K), 0.0741940 secs]
[GC 1930496K->1657885K(2944064K), 0.0895140 secs]
[GC 1913909K->1681418K(2944064K), 0.0879020 secs]
[GC 1934796K->1708712K(2944064K), 0.1220140 secs]
[GC 1964754K->1740803K(2944064K), 0.1025620 secs]
[GC 1995116K->1724053K(2944064K), 0.1189110 secs]
[GC 1980117K->1769200K(2944064K), 0.0966980 secs]
[GC 2025264K->1793465K(2944064K), 0.0976070 secs]
[GC 2049529K->1785761K(2944064K), 0.0944050 secs]
[GC 2041825K->1809253K(2944064K), 0.1143880 secs]
[GC 2064593K->1825313K(2944064K), 0.1110390 secs]
[GC 2078978K->1876034K(2944064K), 0.1133060 secs]
[GC 2132098K->1858547K(2944064K), 0.0915220 secs]
[GC 2114611K->1905216K(2944064K), 0.0881530 secs]
[GC 2158826K->1897395K(2944064K), 0.0992510 secs]
[GC 2153459K->1916218K(2944064K), 0.0964520 secs]
[GC 2172282K->1941017K(2944064K), 0.0959360 secs]
[GC 2197081K->1952406K(2944064K), 0.0938190 secs]
[GC 2208436K->1986772K(2944064K), 0.0937510 secs]
[GC 2239216K->2003543K(2944064K), 0.1048690 secs]
[GC 2259607K->2022643K(2944064K), 0.0945480 secs]
[GC 2278707K->2030582K(2944064K), 0.0938020 secs]
[GC 2286606K->2042075K(2944064K), 0.0935120 secs]
[GC 2298139K->2044642K(2944064K), 0.1120420 secs]
[GC 2300706K->2103314K(2944064K), 0.0866080 secs]
[GC 2359378K->2083893K(2944064K), 0.0900560 secs]
 INFO  [pool-1-thread-1] {org.radargun.stressors.StressTestStressor} Started 4 stressor threads.
 INFO  [Stressor-3] {org.radargun.stressors.StressTestStressor} Number of ops executed so far: 1. Elapsed time: 0.001 secs. Remaining: 59.999 secs. Total: 1 mins 0 secs
[GC 2339957K->2092971K(2944064K), 0.0866900 secs]
[GC 2349035K->2144741K(2944064K), 0.0730440 secs]
[GC 2400754K->2174550K(2944064K), 0.1111820 secs]
[GC 2430614K->2174044K(2944064K), 0.0882180 secs]
[GC 2430069K->2182701K(2944064K), 0.0701220 secs]
[GC 2438765K->2174575K(2944064K), 0.0819010 secs]
[GC 2427230K->2207369K(2944064K), 0.0641920 secs]
[GC 2463433K->2207117K(2944064K), 0.0810090 secs]
[GC 2460737K->2235394K(2944064K), 0.0640800 secs]
[GC 2491458K->2249464K(2944064K), 0.0772160 secs]
[GC 2500080K->2275376K(2944064K), 0.0822140 secs]
[GC 2531440K->2270383K(2944064K), 0.0852350 secs]
[GC 2524769K->2288985K(2944064K), 0.0650800 secs]
[GC 2545049K->2316541K(2944064K), 0.0806830 secs]
 INFO  [Stressor-2] {org.radargun.stressors.StressTestStressor} Number of ops executed so far: 740000. Elapsed time: 20.211 secs. Remaining: 39.789 secs. Total: 1 mins 0 secs
[GC 2572577K->2308305K(2944064K), 0.0781390 secs]
[GC 2564369K->2322071K(2944064K), 0.0877310 secs]
[GC 2576592K->2353224K(2944064K), 0.0703340 secs]
[GC 2606455K->2358808K(2944064K), 0.0912480 secs]
[GC 2614872K->2370709K(2944064K), 0.0668940 secs]
[GC 2626773K->2371241K(2944064K), 0.0819200 secs]
[GC 2624453K->2409956K(2944064K), 0.0817080 secs]
[GC 2666020K->2419196K(2944064K), 0.0883540 secs]
[GC 2675260K->2433262K(2944064K), 0.0768080 secs]
[GC 2687333K->2447368K(2944064K), 0.0667570 secs]
[GC 2703429K->2463263K(2944064K), 0.0893900 secs]
[GC 2463326K(2944064K), 0.0326310 secs]
[GC 2719327K->2473518K(2944064K), 0.0690140 secs]
[GC 2729571K->2503836K(2944064K), 0.0942890 secs]
[GC 2722488K(2944064K), 0.0827410 secs]
[GC 2677670K->2423630K(2944064K), 0.0837020 secs]
 INFO  [Stressor-3] {org.radargun.stressors.StressTestStressor} Number of ops executed so far: 1510000. Elapsed time: 40.280 secs. Remaining: 19.720 secs. Total: 1 mins 0 secs
[GC 2398946K->2170524K(3815624K), 0.0704700 secs]
[GC 2426588K->2165698K(3815624K), 0.1000860 secs]
[GC 2421762K->2186404K(3815624K), 0.0657600 secs]
[GC 2440760K->2185528K(3815624K), 0.0875110 secs]
[GC 2440228K->2216207K(3815624K), 0.0913440 secs]
[GC 2472271K->2214961K(3815624K), 0.0840870 secs]
[GC 2471023K->2244473K(3815624K), 0.0900600 secs]
[GC 2499440K->2256445K(3815624K), 0.0917460 secs]
[GC 2512481K->2239127K(3815624K), 0.0716270 secs]
[GC 2495111K->2287941K(3815624K), 0.0807500 secs]
[GC 2544005K->2279494K(3815624K), 0.0877950 secs]
[GC 2535503K->2324699K(3815624K), 0.0685370 secs]
[GC 2580763K->2299513K(3815624K), 0.0874200 secs]
[GC 2555535K->2345009K(3815624K), 0.0724150 secs]
[GC 2601073K->2336873K(3815624K), 0.0798470 secs]
 INFO  [Stressor-0] {org.radargun.stressors.StressTestStressor} Number of ops executed so far: 1630000. Elapsed time: 1 mins 0 secs. Remaining: 0.000 secs. Total: 1 mins 0 secs
 INFO  [pool-1-thread-1] {org.radargun.stressors.StressTestStressor} Finished generating report. Test duration is: 28 mins 28 secs
 INFO  [pool-1-thread-1] {org.radargun.stages.StressTestWarmupStage} The warmup took: 1708 seconds.
 INFO  [pool-1-thread-1] {org.radargun.Slave} Finished stage: StressTestWarmup {bulkSize=1, cacheSpecificKeyGenerator=false, commitTransactions=true, duration=1 mins 0 secs, entrySize=1000, exitBenchmarkOnSlaveFailure=false, fixedKeys=true, generateHistogramRange=false, keyGeneratorClass=org.radargun.stressors.StringKeyGenerator, keyGeneratorParam=null, loadAllKeys=false, numEntries=10000, numOfThreads=4, numRequests=10000, numThreads=4, numberOfAttributes=10000, numberOfRequests=10000, opsCountStatusLog=100000, poolKeys=true, preferAsyncOperations=false, removePercentage=0, replaceInvalidPercentage=40, runOnAllSlaves=false, sharedKeys=false, sizeOfAnAttribute=1000, slaves=null, transactionSize=10000, useAtomics=false, useHistogramStatistics=false, useSimpleStatistics=true, useSmartClassLoading=true, useTransactions=null, writePercentage=20, writeTxPercentage=20 }
 INFO  [main] {org.radargun.Slave} Ack successfully sent to the master
[GC 2592937K->2369342K(3815624K), 0.0821880 secs]
[GC 2625406K->2356880K(3815624K), 0.0738010 secs]
[GC 2612935K->2355692K(3815624K), 0.0808580 secs]
[GC 2611756K->2399270K(3815624K), 0.1049050 secs]
[GC 2655334K->2421611K(3815624K), 0.1154820 secs]
[GC 2677675K->2459718K(3815624K), 0.0988720 secs]
[GC 2715782K->2454792K(3815624K), 0.0999040 secs]
[GC 2707592K->2469769K(3815624K), 0.1015490 secs]
[GC 2725833K->2512393K(3815624K), 0.0999060 secs]
[GC 2768457K->2519207K(3815624K), 0.1007950 secs]
[GC 2775033K->2548545K(3815624K), 0.0985910 secs]
[GC 2804609K->2556188K(3815624K), 0.1008820 secs]
[GC 2810372K->2558706K(3815624K), 0.1032970 secs]
[GC 2814770K->2625320K(3815624K), 0.1064610 secs]
[GC 2878045K->2632909K(3815624K), 0.1166640 secs]
[GC 2888973K->2662068K(3815624K), 0.1108480 secs]
[GC 2917227K->2686115K(3815624K), 0.1151190 secs]
[GC 2942179K->2707934K(3815624K), 0.1154090 secs]
[GC 2960200K->2715747K(3815624K), 0.1038840 secs]
[GC 2971811K->2737940K(3815624K), 0.1017550 secs]
[GC 2994004K->2758250K(3815624K), 0.1047800 secs]
[GC 3014314K->2807143K(3815624K), 0.1011880 secs]
[GC 3063199K->2803341K(3815624K), 0.1034380 secs]
[GC 3059405K->2843668K(3815624K), 0.0987620 secs]
[GC 3099707K->2853708K(3815624K), 0.1061110 secs]
[GC 3109772K->2896854K(3815624K), 0.1050310 secs]
[GC 3152913K->2916684K(3815624K), 0.1040010 secs]
[GC 3169892K->2916549K(3815624K), 0.1030750 secs]
[GC 3172613K->2943595K(3815624K), 0.1107940 secs]
[GC 3197885K->2956890K(3815624K), 0.0998090 secs]
[GC 3212954K->2997507K(3815624K), 0.1036790 secs]
[GC 3253571K->2978522K(3815624K), 0.1031150 secs]
[GC 3231980K->3047187K(3815624K), 0.1068320 secs]
[GC 3303251K->3035420K(3815624K), 0.1023090 secs]
[GC 3290237K->3089821K(3815624K), 0.1078990 secs]
[GC 3345885K->3082503K(3815624K), 0.1112430 secs]
[GC 3338567K->3108209K(3815624K), 0.1095950 secs]
[GC 3364273K->3127839K(3815624K), 0.0962340 secs]
[GC 3383903K->3156244K(3815624K), 0.1063950 secs]
[GC 3412308K->3194334K(3815624K), 0.1080090 secs]
[GC 3450341K->3174109K(3815624K), 0.1034920 secs]
[GC 3430173K->3228028K(3815624K), 0.1000920 secs]
[GC 3484092K->3243609K(3815624K), 0.1020050 secs]
[GC 3499673K->3266796K(3815624K), 0.1004220 secs]
[GC 3522215K->3287771K(3815624K), 0.1103660 secs]
[GC 3291788K(3815624K), 0.0448050 secs]
[GC 3543835K->3301809K(3815624K), 0.1078300 secs]
 INFO  [hz._hzInstance_1_FenixFrameworkGroup.HealthMonitor] {com.hazelcast.util.HealthMonitor} [127.0.0.1]:5707 [FenixFrameworkGroup] 
memory used=3.4G, free=264.4M, total=3.6G, max=4.7G, used/total=92.91% used/max=72.25%
cpu process-load=2.00%, system-load=13.00%, system-loadaverage=244.00%
[GC 3557665K->3326057K(3815624K), 0.1100620 secs]
[GC 3475684K(3815624K), 0.0770190 secs]
[GC 3381983K->3158052K(3815624K), 0.1202160 secs]
[GC 3221778K->2971832K(4650752K), 0.1256590 secs]
[GC 3227896K->2976662K(4650752K), 0.1161540 secs]
[GC 3232093K->3013351K(4650752K), 0.1189490 secs]
[GC 3269415K->3031480K(4650752K), 0.1114780 secs]
[GC 3284029K->3037629K(4650752K), 0.1136450 secs]
[GC 3293693K->3056991K(4650752K), 0.1119840 secs]
[GC 3311916K->3074068K(4650752K), 0.1153970 secs]
[GC 3330132K->3096395K(4650752K), 0.1146010 secs]
[GC 3352459K->3117642K(4650752K), 0.1160760 secs]
[GC 3373706K->3156385K(4650752K), 0.1143020 secs]
[GC 3412449K->3172492K(4650752K), 0.1084030 secs]
[GC 3428556K->3158053K(4650752K), 0.0967990 secs]
[GC 3414117K->3193532K(4650752K), 0.1097440 secs]
[GC 3449581K->3196970K(4650752K), 0.1050300 secs]
[GC 3453034K->3255187K(4650752K), 0.1120500 secs]
[GC 3511251K->3272835K(4650752K), 0.1017220 secs]
[GC 3528899K->3271782K(4650752K), 0.1156420 secs]
 INFO  [hz._hzInstance_1_FenixFrameworkGroup.HealthMonitor] {com.hazelcast.util.HealthMonitor} [127.0.0.1]:5707 [FenixFrameworkGroup] 
memory used=3.4G, free=1.1G, total=4.4G, max=4.7G, used/total=75.67% used/max=71.72%
cpu process-load=1.00%, system-load=10.00%, system-loadaverage=387.00%
[GC 3526157K->3297047K(4650752K), 0.1050360 secs]
 INFO  [pool-1-thread-1] {org.radargun.Slave} Executing stage: ClearClusterStage {ClearCluster {exitBenchmarkOnSlaveFailure=false, runOnAllSlaves=false, slaves=[ 0 ], useSmartClassLoading=true }
 INFO  [pool-1-thread-1] {org.radargun.stages.ClearClusterStage} Before executing clear, memory looks like this: Memory - free: 1,200,637 kb - max:4,906,688 kb- total:4,650,752 kb
[Full GC 3450114K->3186964K(4650752K), 9.1483130 secs]
 INFO  [pool-1-thread-1] {org.radargun.stages.ClearClusterStage} After executing cleanup, memory looks like this: Memory - free: 1,718,399 kb - max:4,906,688 kb- total:4,906,688 kb
 INFO  [pool-1-thread-1] {org.radargun.Slave} Finished stage: ClearClusterStage {ClearCluster {exitBenchmarkOnSlaveFailure=false, runOnAllSlaves=false, slaves=[ 0 ], useSmartClassLoading=true }
 INFO  [main] {org.radargun.Slave} Ack successfully sent to the master
 INFO  [pool-1-thread-1] {org.radargun.Slave} Executing stage: StressTest {bulkSize=1, cacheSpecificKeyGenerator=false, commitTransactions=true, duration=1 mins 0 secs, entrySize=1000, exitBenchmarkOnSlaveFailure=false, fixedKeys=true, generateHistogramRange=false, keyGeneratorClass=org.radargun.stressors.StringKeyGenerator, keyGeneratorParam=null, loadAllKeys=false, numEntries=10000, numOfThreads=4, numRequests=10000000, numThreads=4, numberOfAttributes=10000, numberOfRequests=10000000, opsCountStatusLog=500000, poolKeys=true, preferAsyncOperations=false, removePercentage=0, replaceInvalidPercentage=40, runOnAllSlaves=false, sharedKeys=false, sizeOfAnAttribute=1000, slaves=null, transactionSize=10000, useAtomics=false, useHistogramStatistics=false, useSimpleStatistics=true, useSmartClassLoading=true, useTransactions=true, writePercentage=10, writeTxPercentage=100 }
 INFO  [pool-1-thread-1] {org.radargun.stages.StressTestStage} Starting StressTestStage: StressTest {bulkSize=1, cacheSpecificKeyGenerator=false, commitTransactions=true, duration=1 mins 0 secs, entrySize=1000, exitBenchmarkOnSlaveFailure=false, fixedKeys=true, generateHistogramRange=false, keyGeneratorClass=org.radargun.stressors.StringKeyGenerator, keyGeneratorParam=null, loadAllKeys=false, numEntries=10000, numOfThreads=4, numRequests=10000000, numThreads=4, numberOfAttributes=10000, numberOfRequests=10000000, opsCountStatusLog=500000, poolKeys=true, preferAsyncOperations=false, removePercentage=0, replaceInvalidPercentage=40, runOnAllSlaves=false, sharedKeys=false, sizeOfAnAttribute=1000, slaves=null, transactionSize=10000, useAtomics=false, useHistogramStatistics=false, useSimpleStatistics=true, useSmartClassLoading=true, useTransactions=true, writePercentage=10, writeTxPercentage=100 }
 INFO  [pool-1-thread-1] {org.radargun.stressors.StressTestStressor} Using key generator org.radargun.stressors.StringKeyGenerator, param null
 INFO  [pool-1-thread-1] {org.radargun.stressors.StressTestStressor} Executing: StressTestStressor{opsCountStatusLog=500000, numRequests=10000000, numEntries=10000, entrySize=1000, writePercentage=10, numThreads=4, cacheWrapper=org.radargun.cachewrappers.FFWrapper@15253eb5, nodeIndex=6, useTransactions=true, transactionSize=10000, commitTransactions=true, durationMillis=60000}
 INFO  [pool-1-thread-1] {org.radargun.stressors.StressTestStressor} Cache wrapper info is: FFWrapper using infinispan52
 INFO  [hz._hzInstance_1_FenixFrameworkGroup.HealthMonitor] {com.hazelcast.util.HealthMonitor} [127.0.0.1]:5707 [FenixFrameworkGroup] 
memory used=3.3G, free=1.4G, total=4.7G, max=4.7G, used/total=70.80% used/max=70.80%
cpu process-load=2.00%, system-load=22.00%, system-loadaverage=323.00%
 INFO  [hz._hzInstance_1_FenixFrameworkGroup.HealthMonitor] {com.hazelcast.util.HealthMonitor} [127.0.0.1]:5707 [FenixFrameworkGroup] 
memory used=3.4G, free=1.3G, total=4.7G, max=4.7G, used/total=72.98% used/max=72.98%
cpu process-load=3.00%, system-load=23.00%, system-loadaverage=273.00%
[GC 3613652K->3262060K(4906688K), 0.0579630 secs]
 INFO  [hz._hzInstance_1_FenixFrameworkGroup.HealthMonitor] {com.hazelcast.util.HealthMonitor} [127.0.0.1]:5707 [FenixFrameworkGroup] 
memory used=3.3G, free=1.4G, total=4.7G, max=4.7G, used/total=70.28% used/max=70.28%
cpu process-load=2.00%, system-load=22.00%, system-loadaverage=252.00%
 INFO  [hz._hzInstance_1_FenixFrameworkGroup.HealthMonitor] {com.hazelcast.util.HealthMonitor} [127.0.0.1]:5707 [FenixFrameworkGroup] 
memory used=3.4G, free=1.3G, total=4.7G, max=4.7G, used/total=72.44% used/max=72.44%
cpu process-load=2.00%, system-load=22.00%, system-loadaverage=221.00%
 INFO  [hz._hzInstance_1_FenixFrameworkGroup.HealthMonitor] {com.hazelcast.util.HealthMonitor} [127.0.0.1]:5707 [FenixFrameworkGroup] 
memory used=3.5G, free=1.2G, total=4.7G, max=4.7G, used/total=74.70% used/max=74.70%
cpu process-load=2.00%, system-load=22.00%, system-loadaverage=195.00%
[GC 3688748K->3234468K(4906688K), 0.0699170 secs]
 INFO  [hz._hzInstance_1_FenixFrameworkGroup.HealthMonitor] {com.hazelcast.util.HealthMonitor} [127.0.0.1]:5707 [FenixFrameworkGroup] 
memory used=3.3G, free=1.4G, total=4.7G, max=4.7G, used/total=70.02% used/max=70.02%
cpu process-load=3.00%, system-load=22.00%, system-loadaverage=160.00%
 INFO  [hz._hzInstance_1_FenixFrameworkGroup.HealthMonitor] {com.hazelcast.util.HealthMonitor} [127.0.0.1]:5707 [FenixFrameworkGroup] 
memory used=3.4G, free=1.3G, total=4.7G, max=4.7G, used/total=72.37% used/max=72.37%
cpu process-load=3.00%, system-load=22.00%, system-loadaverage=136.00%
[GC 3661156K->3261676K(4906688K), 0.0798650 secs]
 INFO  [hz._hzInstance_1_FenixFrameworkGroup.HealthMonitor] {com.hazelcast.util.HealthMonitor} [127.0.0.1]:5707 [FenixFrameworkGroup] 
memory used=3.3G, free=1.4G, total=4.7G, max=4.7G, used/total=71.07% used/max=71.07%
cpu process-load=2.00%, system-load=22.00%, system-loadaverage=134.00%
 INFO  [hz._hzInstance_1_FenixFrameworkGroup.HealthMonitor] {com.hazelcast.util.HealthMonitor} [127.0.0.1]:5707 [FenixFrameworkGroup] 
memory used=3.4G, free=1.3G, total=4.7G, max=4.7G, used/total=73.28% used/max=73.28%
cpu process-load=2.00%, system-load=21.00%, system-loadaverage=113.00%
[GC 3688364K->3302205K(4906688K), 0.0893550 secs]
 INFO  [hz._hzInstance_1_FenixFrameworkGroup.HealthMonitor] {com.hazelcast.util.HealthMonitor} [127.0.0.1]:5707 [FenixFrameworkGroup] 
memory used=3.3G, free=1.4G, total=4.7G, max=4.7G, used/total=70.14% used/max=70.14%
cpu process-load=3.00%, system-load=23.00%, system-loadaverage=95.00%
 INFO  [hz._hzInstance_1_FenixFrameworkGroup.HealthMonitor] {com.hazelcast.util.HealthMonitor} [127.0.0.1]:5707 [FenixFrameworkGroup] 
memory used=3.4G, free=1.3G, total=4.7G, max=4.7G, used/total=72.54% used/max=72.54%
cpu process-load=3.00%, system-load=23.00%, system-loadaverage=81.00%
 INFO  [hz._hzInstance_1_FenixFrameworkGroup.HealthMonitor] {com.hazelcast.util.HealthMonitor} [127.0.0.1]:5707 [FenixFrameworkGroup] 
memory used=3.5G, free=1.2G, total=4.7G, max=4.7G, used/total=74.83% used/max=74.83%
cpu process-load=3.00%, system-load=23.00%, system-loadaverage=68.00%
[GC 3728893K->3345189K(4906688K), 0.1003840 secs]
 INFO  [hz._hzInstance_1_FenixFrameworkGroup.HealthMonitor] {com.hazelcast.util.HealthMonitor} [127.0.0.1]:5707 [FenixFrameworkGroup] 
memory used=3.4G, free=1.3G, total=4.7G, max=4.7G, used/total=71.74% used/max=71.74%
cpu process-load=3.00%, system-load=23.00%, system-loadaverage=49.00%
 INFO  [hz._hzInstance_1_FenixFrameworkGroup.HealthMonitor] {com.hazelcast.util.HealthMonitor} [127.0.0.1]:5707 [FenixFrameworkGroup] 
memory used=3.5G, free=1.2G, total=4.7G, max=4.7G, used/total=74.14% used/max=74.14%
cpu process-load=3.00%, system-load=23.00%, system-loadaverage=57.00%
[GC 3771873K->3384320K(4906688K), 0.1249930 secs]
[GC 3811008K->3438963K(4906688K), 0.1172990 secs]
 INFO  [hz._hzInstance_1_FenixFrameworkGroup.HealthMonitor] {com.hazelcast.util.HealthMonitor} [127.0.0.1]:5707 [FenixFrameworkGroup] 
memory used=3.5G, free=1.2G, total=4.7G, max=4.7G, used/total=74.79% used/max=74.79%
cpu process-load=3.00%, system-load=23.00%, system-loadaverage=107.00%
[GC 3865651K->3410490K(4906688K), 0.1327400 secs]
[GC 3837132K->3490482K(4906688K), 0.1209770 secs]
[GC 3917170K->3449653K(4906688K), 0.1233980 secs]
 INFO  [hz._hzInstance_1_FenixFrameworkGroup.HealthMonitor] {com.hazelcast.util.HealthMonitor} [127.0.0.1]:5707 [FenixFrameworkGroup] 
memory used=3.3G, free=1.4G, total=4.7G, max=4.7G, used/total=70.52% used/max=70.52%
cpu process-load=3.00%, system-load=23.00%, system-loadaverage=160.00%
[GC 3876341K->3493622K(4906688K), 0.1098990 secs]
[GC 3920310K->3490256K(4906688K), 0.1094710 secs]
 INFO  [hz._hzInstance_1_FenixFrameworkGroup.HealthMonitor] {com.hazelcast.util.HealthMonitor} [127.0.0.1]:5707 [FenixFrameworkGroup] 
memory used=3.6G, free=1.1G, total=4.7G, max=4.7G, used/total=77.07% used/max=77.07%
cpu process-load=3.00%, system-load=23.00%, system-loadaverage=158.00%
[GC 3916944K->3592515K(4906688K), 0.0960680 secs]
[GC 4019203K->3563505K(4906688K), 0.1388450 secs]
[GC 3990188K->3576865K(4906688K), 0.1123470 secs]
 INFO  [hz._hzInstance_1_FenixFrameworkGroup.HealthMonitor] {com.hazelcast.util.HealthMonitor} [127.0.0.1]:5707 [FenixFrameworkGroup] 
memory used=3.5G, free=1.2G, total=4.7G, max=4.7G, used/total=75.07% used/max=75.07%
cpu process-load=3.00%, system-load=23.00%, system-loadaverage=141.00%
[GC 4003553K->3674621K(4906688K), 0.1018420 secs]
[GC 4101258K->3647389K(4906688K), 0.1355270 secs]
 INFO  [hz._hzInstance_1_FenixFrameworkGroup.HealthMonitor] {com.hazelcast.util.HealthMonitor} [127.0.0.1]:5707 [FenixFrameworkGroup] 
memory used=3.8G, free=891.0M, total=4.7G, max=4.7G, used/total=81.41% used/max=81.41%
cpu process-load=3.00%, system-load=23.00%, system-loadaverage=142.00%
[GC 4074077K->3729420K(4906688K), 0.1053440 secs]
[GC 4156108K->3699562K(4906688K), 0.1485590 secs]
[GC 4126250K->3742771K(4906688K), 0.1261350 secs]
 INFO  [hz._hzInstance_1_FenixFrameworkGroup.HealthMonitor] {com.hazelcast.util.HealthMonitor} [127.0.0.1]:5707 [FenixFrameworkGroup] 
memory used=3.7G, free=969.8M, total=4.7G, max=4.7G, used/total=79.76% used/max=79.76%
cpu process-load=3.00%, system-load=25.00%, system-loadaverage=168.00%
[GC 4169428K->3740884K(4906688K), 0.1182880 secs]
 INFO  [hz._hzInstance_1_FenixFrameworkGroup.HealthMonitor] {com.hazelcast.util.HealthMonitor} [127.0.0.1]:5707 [FenixFrameworkGroup] 
memory used=3.7G, free=975.6M, total=4.7G, max=4.7G, used/total=79.64% used/max=79.64%
cpu process-load=3.00%, system-load=22.00%, system-loadaverage=142.00%
 INFO  [hz._hzInstance_1_FenixFrameworkGroup.HealthMonitor] {com.hazelcast.util.HealthMonitor} [127.0.0.1]:5707 [FenixFrameworkGroup] 
memory used=3.8G, free=856.4M, total=4.7G, max=4.7G, used/total=82.13% used/max=82.13%
cpu process-load=3.00%, system-load=21.00%, system-loadaverage=120.00%
 INFO  [hz._hzInstance_1_FenixFrameworkGroup.HealthMonitor] {com.hazelcast.util.HealthMonitor} [127.0.0.1]:5707 [FenixFrameworkGroup] 
memory used=4.0G, free=736.6M, total=4.7G, max=4.7G, used/total=84.63% used/max=84.63%
cpu process-load=3.00%, system-load=21.00%, system-loadaverage=102.00%
[GC 4167572K->3839782K(4906688K), 0.0954790 secs]
 INFO  [hz._hzInstance_1_FenixFrameworkGroup.HealthMonitor] {com.hazelcast.util.HealthMonitor} [127.0.0.1]:5707 [FenixFrameworkGroup] 
memory used=3.8G, free=939.4M, total=4.7G, max=4.7G, used/total=80.40% used/max=80.40%
cpu process-load=3.00%, system-load=21.00%, system-loadaverage=86.00%
 INFO  [hz._hzInstance_1_FenixFrameworkGroup.HealthMonitor] {com.hazelcast.util.HealthMonitor} [127.0.0.1]:5707 [FenixFrameworkGroup] 
memory used=3.9G, free=818.0M, total=4.7G, max=4.7G, used/total=82.93% used/max=82.93%
cpu process-load=3.00%, system-load=21.00%, system-loadaverage=73.00%
 INFO  [hz._hzInstance_1_FenixFrameworkGroup.HealthMonitor] {com.hazelcast.util.HealthMonitor} [127.0.0.1]:5707 [FenixFrameworkGroup] 
memory used=4.0G, free=695.8M, total=4.7G, max=4.7G, used/total=85.48% used/max=85.48%
cpu process-load=3.00%, system-load=22.00%, system-loadaverage=77.00%
[GC 4266470K->3811829K(4906688K), 0.1223900 secs]
 INFO  [hz._hzInstance_1_FenixFrameworkGroup.HealthMonitor] {com.hazelcast.util.HealthMonitor} [127.0.0.1]:5707 [FenixFrameworkGroup] 
memory used=3.7G, free=1018.1M, total=4.7G, max=4.7G, used/total=78.75% used/max=78.75%
cpu process-load=3.00%, system-load=21.00%, system-loadaverage=98.00%
 INFO  [hz._hzInstance_1_FenixFrameworkGroup.HealthMonitor] {com.hazelcast.util.HealthMonitor} [127.0.0.1]:5707 [FenixFrameworkGroup] 
memory used=3.8G, free=898.4M, total=4.7G, max=4.7G, used/total=81.25% used/max=81.25%
cpu process-load=3.00%, system-load=21.00%, system-loadaverage=83.00%
 INFO  [hz._hzInstance_1_FenixFrameworkGroup.HealthMonitor] {com.hazelcast.util.HealthMonitor} [127.0.0.1]:5707 [FenixFrameworkGroup] 
memory used=3.9G, free=777.8M, total=4.7G, max=4.7G, used/total=83.77% used/max=83.77%
cpu process-load=3.00%, system-load=21.00%, system-loadaverage=70.00%
 INFO  [hz._hzInstance_1_FenixFrameworkGroup.HealthMonitor] {com.hazelcast.util.HealthMonitor} [127.0.0.1]:5707 [FenixFrameworkGroup] 
memory used=4.0G, free=656.1M, total=4.7G, max=4.7G, used/total=86.31% used/max=86.31%
cpu process-load=3.00%, system-load=21.00%, system-loadaverage=59.00%
[GC 4238517K->3814564K(4906688K), 0.1232110 secs]
[GC 4241097K->3844640K(4906688K), 0.1247830 secs]
 INFO  [hz._hzInstance_1_FenixFrameworkGroup.HealthMonitor] {com.hazelcast.util.HealthMonitor} [127.0.0.1]:5707 [FenixFrameworkGroup] 
memory used=3.8G, free=863.1M, total=4.7G, max=4.7G, used/total=81.99% used/max=81.99%
cpu process-load=3.00%, system-load=21.00%, system-loadaverage=58.00%
[GC 4271328K->3941751K(4906688K), 0.1490420 secs]
[GC 4368439K->3925173K(4906688K), 0.1961140 secs]
 INFO  [hz._hzInstance_1_FenixFrameworkGroup.HealthMonitor] {com.hazelcast.util.HealthMonitor} [127.0.0.1]:5707 [FenixFrameworkGroup] 
memory used=4.1G, free=549.7M, total=4.7G, max=4.7G, used/total=88.53% used/max=88.53%
cpu process-load=3.00%, system-load=22.00%, system-loadaverage=86.00%
[GC 4349977K->3932033K(4906688K), 0.1316780 secs]
[GC 4358721K->4002307K(4906688K), 0.1136050 secs]
[GC 4428995K->4027134K(4906688K), 0.1161030 secs]
 INFO  [hz._hzInstance_1_FenixFrameworkGroup.HealthMonitor] {com.hazelcast.util.HealthMonitor} [127.0.0.1]:5707 [FenixFrameworkGroup] 
memory used=4.1G, free=561.8M, total=4.7G, max=4.7G, used/total=88.28% used/max=88.28%
cpu process-load=3.00%, system-load=21.00%, system-loadaverage=81.00%
[GC 4453822K->4025841K(4906688K), 0.1212190 secs]
[GC 4452383K->4082864K(4906688K), 0.1176210 secs]
[GC 4509525K->4109194K(4906688K), 0.1170550 secs]
[GC 4109287K(4906688K), 0.0584700 secs]
 INFO  [hz._hzInstance_1_FenixFrameworkGroup.HealthMonitor] {com.hazelcast.util.HealthMonitor} [127.0.0.1]:5707 [FenixFrameworkGroup] 
memory used=4.0G, free=679.9M, total=4.7G, max=4.7G, used/total=85.81% used/max=85.81%
cpu process-load=3.00%, system-load=24.00%, system-loadaverage=214.00%
[GC 4535882K->4165010K(4906688K), 0.1262090 secs]
[GC 4436645K(4906688K), 0.1092140 secs]
[GC 4368421K->3917872K(4906688K), 0.1336170 secs]
 INFO  [hz._hzInstance_1_FenixFrameworkGroup.HealthMonitor] {com.hazelcast.util.HealthMonitor} [127.0.0.1]:5707 [FenixFrameworkGroup] 
memory used=4.0G, free=673.6M, total=4.7G, max=4.7G, used/total=85.94% used/max=85.94%
cpu process-load=4.00%, system-load=27.00%, system-loadaverage=228.00%
[GC 4321784K->3995433K(4906688K), 0.1393670 secs]
[GC 4421534K->3956996K(4906688K), 0.1398350 secs]
[GC 4383684K->4061898K(4906688K), 0.1485060 secs]
 INFO  [hz._hzInstance_1_FenixFrameworkGroup.HealthMonitor] {com.hazelcast.util.HealthMonitor} [127.0.0.1]:5707 [FenixFrameworkGroup] 
memory used=3.9G, free=795.5M, total=4.7G, max=4.7G, used/total=83.40% used/max=83.40%
cpu process-load=3.00%, system-load=25.00%, system-loadaverage=238.00%
[GC 4488586K->4030748K(4906688K), 0.1556020 secs]
 INFO  [hz._hzInstance_1_FenixFrameworkGroup.HealthMonitor] {com.hazelcast.util.HealthMonitor} [127.0.0.1]:5707 [FenixFrameworkGroup] 
memory used=4.1G, free=639.2M, total=4.7G, max=4.7G, used/total=86.66% used/max=86.66%
cpu process-load=3.00%, system-load=22.00%, system-loadaverage=276.00%
 INFO  [hz._hzInstance_1_FenixFrameworkGroup.HealthMonitor] {com.hazelcast.util.HealthMonitor} [127.0.0.1]:5707 [FenixFrameworkGroup] 
memory used=4.2G, free=528.7M, total=4.7G, max=4.7G, used/total=88.97% used/max=88.97%
cpu process-load=3.00%, system-load=20.00%, system-loadaverage=257.00%
[GC 4457436K->4129625K(4906688K), 0.1593540 secs]
 INFO  [hz._hzInstance_1_FenixFrameworkGroup.HealthMonitor] {com.hazelcast.util.HealthMonitor} [127.0.0.1]:5707 [FenixFrameworkGroup] 
memory used=4.0G, free=737.2M, total=4.7G, max=4.7G, used/total=84.62% used/max=84.62%
cpu process-load=3.00%, system-load=22.00%, system-loadaverage=248.00%
 INFO  [hz._hzInstance_1_FenixFrameworkGroup.HealthMonitor] {com.hazelcast.util.HealthMonitor} [127.0.0.1]:5707 [FenixFrameworkGroup] 
memory used=4.1G, free=640.4M, total=4.7G, max=4.7G, used/total=86.63% used/max=86.63%
cpu process-load=2.00%, system-load=21.00%, system-loadaverage=278.00%
 INFO  [hz._hzInstance_1_FenixFrameworkGroup.HealthMonitor] {com.hazelcast.util.HealthMonitor} [127.0.0.1]:5707 [FenixFrameworkGroup] 
memory used=4.2G, free=536.5M, total=4.7G, max=4.7G, used/total=88.80% used/max=88.80%
cpu process-load=2.00%, system-load=20.00%, system-loadaverage=258.00%
 INFO  [hz._hzInstance_1_FenixFrameworkGroup.HealthMonitor] {com.hazelcast.util.HealthMonitor} [127.0.0.1]:5707 [FenixFrameworkGroup] 
memory used=4.3G, free=426.0M, total=4.7G, max=4.7G, used/total=91.11% used/max=91.11%
cpu process-load=2.00%, system-load=21.00%, system-loadaverage=249.00%
[GC 4556313K->4099005K(4906688K), 0.1341320 secs]
[GC 4099147K(4906688K), 0.0864200 secs]
 INFO  [hz._hzInstance_1_FenixFrameworkGroup.HealthMonitor] {com.hazelcast.util.HealthMonitor} [127.0.0.1]:5707 [FenixFrameworkGroup] 
memory used=3.9G, free=766.8M, total=4.7G, max=4.7G, used/total=84.00% used/max=84.00%
cpu process-load=3.00%, system-load=23.00%, system-loadaverage=289.00%
[GC 4204322K(4906688K), 0.1702970 secs]
 INFO  [hz._hzInstance_1_FenixFrameworkGroup.HealthMonitor] {com.hazelcast.util.HealthMonitor} [127.0.0.1]:5707 [FenixFrameworkGroup] 
memory used=4.0G, free=720.8M, total=4.7G, max=4.7G, used/total=84.96% used/max=84.96%
cpu process-load=5.00%, system-load=26.00%, system-loadaverage=306.00%
 INFO  [hz._hzInstance_1_FenixFrameworkGroup.HealthMonitor] {com.hazelcast.util.HealthMonitor} [127.0.0.1]:5707 [FenixFrameworkGroup] 
memory used=4.1G, free=612.4M, total=4.7G, max=4.7G, used/total=87.22% used/max=87.22%
cpu process-load=2.00%, system-load=24.00%, system-loadaverage=305.00%
 INFO  [hz._hzInstance_1_FenixFrameworkGroup.HealthMonitor] {com.hazelcast.util.HealthMonitor} [127.0.0.1]:5707 [FenixFrameworkGroup] 
memory used=4.2G, free=519.8M, total=4.7G, max=4.7G, used/total=89.15% used/max=89.15%
cpu process-load=2.00%, system-load=19.00%, system-loadaverage=281.00%
[GC 4465194K->4078918K(4906688K), 0.0980190 secs]
 INFO  [hz._hzInstance_1_FenixFrameworkGroup.HealthMonitor] {com.hazelcast.util.HealthMonitor} [127.0.0.1]:5707 [FenixFrameworkGroup] 
memory used=3.9G, free=787.9M, total=4.7G, max=4.7G, used/total=83.56% used/max=83.56%
cpu process-load=2.00%, system-load=21.00%, system-loadaverage=260.00%
 INFO  [hz._hzInstance_1_FenixFrameworkGroup.HealthMonitor] {com.hazelcast.util.HealthMonitor} [127.0.0.1]:5707 [FenixFrameworkGroup] 
memory used=4.0G, free=675.0M, total=4.7G, max=4.7G, used/total=85.91% used/max=85.91%
cpu process-load=2.00%, system-load=21.00%, system-loadaverage=251.00%
 INFO  [hz._hzInstance_1_FenixFrameworkGroup.HealthMonitor] {com.hazelcast.util.HealthMonitor} [127.0.0.1]:5707 [FenixFrameworkGroup] 
memory used=4.1G, free=574.1M, total=4.7G, max=4.7G, used/total=88.02% used/max=88.02%
cpu process-load=2.00%, system-load=20.00%, system-loadaverage=250.00%
 INFO  [hz._hzInstance_1_FenixFrameworkGroup.HealthMonitor] {com.hazelcast.util.HealthMonitor} [127.0.0.1]:5707 [FenixFrameworkGroup] 
memory used=4.2G, free=464.7M, total=4.7G, max=4.7G, used/total=90.30% used/max=90.30%
cpu process-load=2.00%, system-load=21.00%, system-loadaverage=235.00%
[GC 4505606K->4049411K(4906688K), 0.1462040 secs]
[GC 4050267K(4906688K), 0.0814560 secs]
 INFO  [hz._hzInstance_1_FenixFrameworkGroup.HealthMonitor] {com.hazelcast.util.HealthMonitor} [127.0.0.1]:5707 [FenixFrameworkGroup] 
memory used=3.9G, free=811.6M, total=4.7G, max=4.7G, used/total=83.06% used/max=83.06%
cpu process-load=3.00%, system-load=22.00%, system-loadaverage=246.00%
[GC 4158717K(4906688K), 0.1718830 secs]
 INFO  [hz._hzInstance_1_FenixFrameworkGroup.HealthMonitor] {com.hazelcast.util.HealthMonitor} [127.0.0.1]:5707 [FenixFrameworkGroup] 
memory used=4.0G, free=723.0M, total=4.7G, max=4.7G, used/total=84.91% used/max=84.91%
cpu process-load=4.00%, system-load=27.00%, system-loadaverage=285.00%
 INFO  [hz._hzInstance_1_FenixFrameworkGroup.HealthMonitor] {com.hazelcast.util.HealthMonitor} [127.0.0.1]:5707 [FenixFrameworkGroup] 
memory used=4.1G, free=610.6M, total=4.7G, max=4.7G, used/total=87.26% used/max=87.26%
cpu process-load=2.00%, system-load=24.00%, system-loadaverage=294.00%
 INFO  [hz._hzInstance_1_FenixFrameworkGroup.HealthMonitor] {com.hazelcast.util.HealthMonitor} [127.0.0.1]:5707 [FenixFrameworkGroup] 
memory used=4.2G, free=507.9M, total=4.7G, max=4.7G, used/total=89.40% used/max=89.40%
cpu process-load=2.00%, system-load=21.00%, system-loadaverage=280.00%
[GC 4456953K->4093787K(4906688K), 0.0945920 secs]
 INFO  [hz._hzInstance_1_FenixFrameworkGroup.HealthMonitor] {com.hazelcast.util.HealthMonitor} [127.0.0.1]:5707 [FenixFrameworkGroup] 
memory used=3.9G, free=751.7M, total=4.7G, max=4.7G, used/total=84.31% used/max=84.31%
cpu process-load=2.00%, system-load=20.00%, system-loadaverage=260.00%
 INFO  [hz._hzInstance_1_FenixFrameworkGroup.HealthMonitor] {com.hazelcast.util.HealthMonitor} [127.0.0.1]:5707 [FenixFrameworkGroup] 
memory used=4.1G, free=640.5M, total=4.7G, max=4.7G, used/total=86.63% used/max=86.63%
cpu process-load=2.00%, system-load=21.00%, system-loadaverage=243.00%
 INFO  [hz._hzInstance_1_FenixFrameworkGroup.HealthMonitor] {com.hazelcast.util.HealthMonitor} [127.0.0.1]:5707 [FenixFrameworkGroup] 
memory used=4.2G, free=532.1M, total=4.7G, max=4.7G, used/total=88.89% used/max=88.89%
cpu process-load=2.00%, system-load=21.00%, system-loadaverage=236.00%
 INFO  [hz._hzInstance_1_FenixFrameworkGroup.HealthMonitor] {com.hazelcast.util.HealthMonitor} [127.0.0.1]:5707 [FenixFrameworkGroup] 
memory used=4.3G, free=422.9M, total=4.7G, max=4.7G, used/total=91.18% used/max=91.18%
cpu process-load=2.00%, system-load=22.00%, system-loadaverage=239.00%
[GC 4520475K->4087461K(4906688K), 0.1270160 secs]
[GC 4087464K(4906688K), 0.0819000 secs]
 INFO  [hz._hzInstance_1_FenixFrameworkGroup.HealthMonitor] {com.hazelcast.util.HealthMonitor} [127.0.0.1]:5707 [FenixFrameworkGroup] 
memory used=4.0G, free=731.8M, total=4.7G, max=4.7G, used/total=84.73% used/max=84.73%
cpu process-load=4.00%, system-load=26.00%, system-loadaverage=264.00%
[GC 4199964K(4906688K), 0.1725730 secs]
[GC 4220452K(4906688K), 0.2906770 secs]
 INFO  [hz._hzInstance_1_FenixFrameworkGroup.HealthMonitor] {com.hazelcast.util.HealthMonitor} [127.0.0.1]:5707 [FenixFrameworkGroup] 
memory used=4.0G, free=648.8M, total=4.7G, max=4.7G, used/total=86.46% used/max=86.46%
cpu process-load=4.00%, system-load=26.00%, system-loadaverage=284.00%
[GC 4326744K(4906688K), 0.3750340 secs]
 INFO  [hz._hzInstance_1_FenixFrameworkGroup.HealthMonitor] {com.hazelcast.util.HealthMonitor} [127.0.0.1]:5707 [FenixFrameworkGroup] 
memory used=4.1G, free=546.8M, total=4.7G, max=4.7G, used/total=88.59% used/max=88.59%
cpu process-load=5.00%, system-load=29.00%, system-loadaverage=341.00%
[GC 4361502K(4906688K), 0.5083790 secs]
 INFO  [hz._hzInstance_1_FenixFrameworkGroup.HealthMonitor] {com.hazelcast.util.HealthMonitor} [127.0.0.1]:5707 [FenixFrameworkGroup] 
memory used=4.2G, free=454.2M, total=4.7G, max=4.7G, used/total=90.52% used/max=90.52%
cpu process-load=4.00%, system-load=27.00%, system-loadaverage=395.00%
[GC 4455495K(4906688K), 0.5537980 secs]
[GC 4458482K->4102947K(4906688K), 0.0962100 secs]
 INFO  [hz._hzInstance_1_FenixFrameworkGroup.HealthMonitor] {com.hazelcast.util.HealthMonitor} [127.0.0.1]:5707 [FenixFrameworkGroup] 
memory used=3.9G, free=749.9M, total=4.7G, max=4.7G, used/total=84.35% used/max=84.35%
cpu process-load=3.00%, system-load=27.00%, system-loadaverage=432.00%
 INFO  [hz._hzInstance_1_FenixFrameworkGroup.HealthMonitor] {com.hazelcast.util.HealthMonitor} [127.0.0.1]:5707 [FenixFrameworkGroup] 
memory used=4.0G, free=656.3M, total=4.7G, max=4.7G, used/total=86.30% used/max=86.30%
cpu process-load=2.00%, system-load=25.00%, system-loadaverage=427.00%
 INFO  [hz._hzInstance_1_FenixFrameworkGroup.HealthMonitor] {com.hazelcast.util.HealthMonitor} [127.0.0.1]:5707 [FenixFrameworkGroup] 
memory used=4.1G, free=556.1M, total=4.7G, max=4.7G, used/total=88.39% used/max=88.39%
cpu process-load=2.00%, system-load=23.00%, system-loadaverage=422.00%
 INFO  [hz._hzInstance_1_FenixFrameworkGroup.HealthMonitor] {com.hazelcast.util.HealthMonitor} [127.0.0.1]:5707 [FenixFrameworkGroup] 
memory used=4.2G, free=452.5M, total=4.7G, max=4.7G, used/total=90.56% used/max=90.56%
cpu process-load=2.00%, system-load=22.00%, system-loadaverage=396.00%
[GC 4529635K->4055520K(4906688K), 0.1253890 secs]
 INFO  [hz._hzInstance_1_FenixFrameworkGroup.HealthMonitor] {com.hazelcast.util.HealthMonitor} [127.0.0.1]:5707 [FenixFrameworkGroup] 
memory used=3.9G, free=804.3M, total=4.7G, max=4.7G, used/total=83.21% used/max=83.21%
cpu process-load=2.00%, system-load=23.00%, system-loadaverage=403.00%
 INFO  [hz._hzInstance_1_FenixFrameworkGroup.HealthMonitor] {com.hazelcast.util.HealthMonitor} [127.0.0.1]:5707 [FenixFrameworkGroup] 
memory used=4.0G, free=693.9M, total=4.7G, max=4.7G, used/total=85.52% used/max=85.52%
cpu process-load=2.00%, system-load=23.00%, system-loadaverage=411.00%
 INFO  [hz._hzInstance_1_FenixFrameworkGroup.HealthMonitor] {com.hazelcast.util.HealthMonitor} [127.0.0.1]:5707 [FenixFrameworkGroup] 
memory used=4.1G, free=590.5M, total=4.7G, max=4.7G, used/total=87.68% used/max=87.68%
cpu process-load=2.00%, system-load=25.00%, system-loadaverage=395.00%
 INFO  [hz._hzInstance_1_FenixFrameworkGroup.HealthMonitor] {com.hazelcast.util.HealthMonitor} [127.0.0.1]:5707 [FenixFrameworkGroup] 
memory used=4.2G, free=489.0M, total=4.7G, max=4.7G, used/total=89.80% used/max=89.80%
cpu process-load=2.00%, system-load=25.00%, system-loadaverage=411.00%
[GC 4482208K->4147509K(4906688K), 0.1267050 secs]
[GC 4148885K(4906688K), 0.0795030 secs]
 INFO  [hz._hzInstance_1_FenixFrameworkGroup.HealthMonitor] {com.hazelcast.util.HealthMonitor} [127.0.0.1]:5707 [FenixFrameworkGroup] 
memory used=4.0G, free=717.5M, total=4.7G, max=4.7G, used/total=85.03% used/max=85.03%
cpu process-load=3.00%, system-load=28.00%, system-loadaverage=454.00%
[GC 4257815K(4906688K), 0.0806430 secs]
 INFO  [hz._hzInstance_1_FenixFrameworkGroup.HealthMonitor] {com.hazelcast.util.HealthMonitor} [127.0.0.1]:5707 [FenixFrameworkGroup] 
memory used=4.1G, free=626.4M, total=4.7G, max=4.7G, used/total=86.93% used/max=86.93%
cpu process-load=4.00%, system-load=28.00%, system-loadaverage=461.00%
 INFO  [hz._hzInstance_1_FenixFrameworkGroup.HealthMonitor] {com.hazelcast.util.HealthMonitor} [127.0.0.1]:5707 [FenixFrameworkGroup] 
memory used=4.2G, free=520.2M, total=4.7G, max=4.7G, used/total=89.14% used/max=89.14%
cpu process-load=2.00%, system-load=24.00%, system-loadaverage=467.00%
 INFO  [hz._hzInstance_1_FenixFrameworkGroup.HealthMonitor] {com.hazelcast.util.HealthMonitor} [127.0.0.1]:5707 [FenixFrameworkGroup] 
memory used=4.3G, free=417.5M, total=4.7G, max=4.7G, used/total=91.29% used/max=91.29%
cpu process-load=2.00%, system-load=24.00%, system-loadaverage=456.00%
[GC 4554552K->4075858K(4906688K), 0.1253470 secs]
[GC 4076616K(4906688K), 0.0783810 secs]
 INFO  [hz._hzInstance_1_FenixFrameworkGroup.HealthMonitor] {com.hazelcast.util.HealthMonitor} [127.0.0.1]:5707 [FenixFrameworkGroup] 
memory used=3.9G, free=782.7M, total=4.7G, max=4.7G, used/total=83.66% used/max=83.66%
cpu process-load=3.00%, system-load=26.00%, system-loadaverage=469.00%
[GC 4185295K(4906688K), 0.1741230 secs]
[GC 4204333K(4906688K), 0.2808610 secs]
 INFO  [hz._hzInstance_1_FenixFrameworkGroup.HealthMonitor] {com.hazelcast.util.HealthMonitor} [127.0.0.1]:5707 [FenixFrameworkGroup] 
memory used=4.0G, free=685.9M, total=4.7G, max=4.7G, used/total=85.69% used/max=85.69%
cpu process-load=4.00%, system-load=29.00%, system-loadaverage=489.00%
[GC 4297623K(4906688K), 0.3393400 secs]
 INFO  [hz._hzInstance_1_FenixFrameworkGroup.HealthMonitor] {com.hazelcast.util.HealthMonitor} [127.0.0.1]:5707 [FenixFrameworkGroup] 
memory used=4.1G, free=592.2M, total=4.7G, max=4.7G, used/total=87.64% used/max=87.64%
cpu process-load=4.00%, system-load=29.00%, system-loadaverage=546.00%
[GC 4322137K(4906688K), 0.4623740 secs]
 INFO  [hz._hzInstance_1_FenixFrameworkGroup.HealthMonitor] {com.hazelcast.util.HealthMonitor} [127.0.0.1]:5707 [FenixFrameworkGroup] 
memory used=4.2G, free=508.9M, total=4.7G, max=4.7G, used/total=89.38% used/max=89.38%
cpu process-load=4.00%, system-load=30.00%, system-loadaverage=593.00%
[GC 4425668K(4906688K), 0.5011850 secs]
 INFO  [hz._hzInstance_1_FenixFrameworkGroup.HealthMonitor] {com.hazelcast.util.HealthMonitor} [127.0.0.1]:5707 [FenixFrameworkGroup] 
memory used=4.3G, free=406.1M, total=4.7G, max=4.7G, used/total=91.52% used/max=91.52%
cpu process-load=4.00%, system-load=31.00%, system-loadaverage=593.00%
[GC 4491619K->4126722K(4906688K), 0.1188650 secs]
[GC 4127704K(4906688K), 0.0759280 secs]
[GC 4237179K(4906688K), 0.1691940 secs]
 INFO  [hz._hzInstance_1_FenixFrameworkGroup.HealthMonitor] {com.hazelcast.util.HealthMonitor} [127.0.0.1]:5707 [FenixFrameworkGroup] 
memory used=4.0G, free=653.8M, total=4.7G, max=4.7G, used/total=86.36% used/max=86.36%
cpu process-load=5.00%, system-load=31.00%, system-loadaverage=626.00%
[GC 4268525K(4906688K), 0.2828990 secs]
 INFO  [hz._hzInstance_1_FenixFrameworkGroup.HealthMonitor] {com.hazelcast.util.HealthMonitor} [127.0.0.1]:5707 [FenixFrameworkGroup] 
memory used=4.1G, free=556.3M, total=4.7G, max=4.7G, used/total=88.39% used/max=88.39%
cpu process-load=4.00%, system-load=31.00%, system-loadaverage=607.00%
[GC 4362925K(4906688K), 0.3441620 secs]
[GC 4369927K(4906688K), 0.4263840 secs]
 INFO  [hz._hzInstance_1_FenixFrameworkGroup.HealthMonitor] {com.hazelcast.util.HealthMonitor} [127.0.0.1]:5707 [FenixFrameworkGroup] 
memory used=4.2G, free=469.9M, total=4.7G, max=4.7G, used/total=90.19% used/max=90.19%
cpu process-load=4.00%, system-load=31.00%, system-loadaverage=606.00%
[GC 4474084K(4906688K), 0.5189060 secs]
[GC 4500247K(4906688K), 0.6344860 secs]
 INFO  [hz._hzInstance_1_FenixFrameworkGroup.HealthMonitor] {com.hazelcast.util.HealthMonitor} [127.0.0.1]:5707 [FenixFrameworkGroup] 
memory used=4.3G, free=383.2M, total=4.7G, max=4.7G, used/total=92.00% used/max=92.00%
cpu process-load=4.00%, system-load=31.00%, system-loadaverage=621.00%
[GC 4547044K->4123788K(4906688K), 0.1165460 secs]
[GC 4181217K(4906688K), 0.0458510 secs]
 INFO  [hz._hzInstance_1_FenixFrameworkGroup.HealthMonitor] {com.hazelcast.util.HealthMonitor} [127.0.0.1]:5707 [FenixFrameworkGroup] 
memory used=4.0G, free=695.2M, total=4.7G, max=4.7G, used/total=85.49% used/max=85.49%
cpu process-load=4.00%, system-load=31.00%, system-loadaverage=633.00%
[GC 4219732K(4906688K), 0.1984320 secs]
 INFO  [hz._hzInstance_1_FenixFrameworkGroup.HealthMonitor] {com.hazelcast.util.HealthMonitor} [127.0.0.1]:5707 [FenixFrameworkGroup] 
memory used=4.1G, free=608.1M, total=4.7G, max=4.7G, used/total=87.31% used/max=87.31%
cpu process-load=4.00%, system-load=31.00%, system-loadaverage=673.00%
[GC 4304629K(4906688K), 0.2711950 secs]
[GC 4335555K(4906688K), 0.3852200 secs]
 INFO  [hz._hzInstance_1_FenixFrameworkGroup.HealthMonitor] {com.hazelcast.util.HealthMonitor} [127.0.0.1]:5707 [FenixFrameworkGroup] 
memory used=4.2G, free=519.2M, total=4.7G, max=4.7G, used/total=89.16% used/max=89.16%
cpu process-load=4.00%, system-load=30.00%, system-loadaverage=722.00%
[GC 4416183K(4906688K), 0.4442930 secs]
[GC 4440050K(4906688K), 0.5477490 secs]
 INFO  [hz._hzInstance_1_FenixFrameworkGroup.HealthMonitor] {com.hazelcast.util.HealthMonitor} [127.0.0.1]:5707 [FenixFrameworkGroup] 
memory used=4.2G, free=444.3M, total=4.7G, max=4.7G, used/total=90.73% used/max=90.73%
cpu process-load=4.00%, system-load=31.00%, system-loadaverage=748.00%
[GC 4536756K(4906688K), 0.6094980 secs]
 INFO  [hz._hzInstance_1_FenixFrameworkGroup.HealthMonitor] {com.hazelcast.util.HealthMonitor} [127.0.0.1]:5707 [FenixFrameworkGroup] 
memory used=4.3G, free=355.4M, total=4.7G, max=4.7G, used/total=92.58% used/max=92.58%
cpu process-load=5.00%, system-load=31.00%, system-loadaverage=749.00%
[GC 4543295K->4134844K(4906688K), 0.1158240 secs]
[GC 4135525K(4906688K), 0.0674910 secs]
[GC 4232965K(4906688K), 0.0706420 secs]
 INFO  [hz._hzInstance_1_FenixFrameworkGroup.HealthMonitor] {com.hazelcast.util.HealthMonitor} [127.0.0.1]:5707 [FenixFrameworkGroup] 
memory used=4.0G, free=657.9M, total=4.7G, max=4.7G, used/total=86.27% used/max=86.27%
cpu process-load=4.00%, system-load=33.00%, system-loadaverage=749.00%
[GC 4256977K(4906688K), 0.2451500 secs]
 INFO  [hz._hzInstance_1_FenixFrameworkGroup.HealthMonitor] {com.hazelcast.util.HealthMonitor} [127.0.0.1]:5707 [FenixFrameworkGroup] 
memory used=4.1G, free=578.7M, total=4.7G, max=4.7G, used/total=87.92% used/max=87.92%
cpu process-load=4.00%, system-load=29.00%, system-loadaverage=748.00%
[GC 4338501K(4906688K), 0.3106470 secs]
[GC 4359021K(4906688K), 0.4036620 secs]
 INFO  [hz._hzInstance_1_FenixFrameworkGroup.HealthMonitor] {com.hazelcast.util.HealthMonitor} [127.0.0.1]:5707 [FenixFrameworkGroup] 
memory used=4.2G, free=500.7M, total=4.7G, max=4.7G, used/total=89.55% used/max=89.55%
cpu process-load=4.00%, system-load=31.00%, system-loadaverage=764.00%
[GC 4456780K(4906688K), 0.4815410 secs]
[GC 4486462K(4906688K), 0.5839560 secs]
 INFO  [hz._hzInstance_1_FenixFrameworkGroup.HealthMonitor] {com.hazelcast.util.HealthMonitor} [127.0.0.1]:5707 [FenixFrameworkGroup] 
memory used=4.3G, free=410.4M, total=4.7G, max=4.7G, used/total=91.44% used/max=91.44%
cpu process-load=4.00%, system-load=31.00%, system-loadaverage=754.00%
[GC 4556463K->4120119K(4906688K), 0.1173620 secs]
[GC 4148238K(4906688K), 0.0381800 secs]
 INFO  [hz._hzInstance_1_FenixFrameworkGroup.HealthMonitor] {com.hazelcast.util.HealthMonitor} [127.0.0.1]:5707 [FenixFrameworkGroup] 
memory used=4.0G, free=736.7M, total=4.7G, max=4.7G, used/total=84.63% used/max=84.63%
cpu process-load=4.00%, system-load=32.00%, system-loadaverage=739.00%
[GC 4179554K(4906688K), 0.1535770 secs]
 INFO  [hz._hzInstance_1_FenixFrameworkGroup.HealthMonitor] {com.hazelcast.util.HealthMonitor} [127.0.0.1]:5707 [FenixFrameworkGroup] 
memory used=4.0G, free=655.0M, total=4.7G, max=4.7G, used/total=86.33% used/max=86.33%
cpu process-load=4.00%, system-load=28.00%, system-loadaverage=709.00%
[GC 4267493K(4906688K), 0.2224270 secs]
[GC 4280430K(4906688K), 0.2984770 secs]
 INFO  [hz._hzInstance_1_FenixFrameworkGroup.HealthMonitor] {com.hazelcast.util.HealthMonitor} [127.0.0.1]:5707 [FenixFrameworkGroup] 
memory used=4.1G, free=562.5M, total=4.7G, max=4.7G, used/total=88.26% used/max=88.26%
cpu process-load=4.00%, system-load=32.00%, system-loadaverage=753.00%
[GC 4372198K(4906688K), 0.3741340 secs]
[GC 4391345K(4906688K), 0.4674750 secs]
 INFO  [hz._hzInstance_1_FenixFrameworkGroup.HealthMonitor] {com.hazelcast.util.HealthMonitor} [127.0.0.1]:5707 [FenixFrameworkGroup] 
memory used=4.2G, free=473.0M, total=4.7G, max=4.7G, used/total=90.13% used/max=90.13%
cpu process-load=4.00%, system-load=30.00%, system-loadaverage=738.00%
[GC 4495892K(4906688K), 0.5492530 secs]
 INFO  [hz._hzInstance_1_FenixFrameworkGroup.HealthMonitor] {com.hazelcast.util.HealthMonitor} [127.0.0.1]:5707 [FenixFrameworkGroup] 
memory used=4.3G, free=371.7M, total=4.7G, max=4.7G, used/total=92.24% used/max=92.24%
cpu process-load=4.00%, system-load=31.00%, system-loadaverage=747.00%
[GC 4528204K(4906688K), 0.6687100 secs]
[GC 4539641K->4128207K(4906688K), 0.1147160 secs]
 INFO  [hz._hzInstance_1_FenixFrameworkGroup.HealthMonitor] {com.hazelcast.util.HealthMonitor} [127.0.0.1]:5707 [FenixFrameworkGroup] 
memory used=4.0G, free=682.0M, total=4.7G, max=4.7G, used/total=85.77% used/max=85.77%
cpu process-load=4.00%, system-load=31.00%, system-loadaverage=739.00%
[GC 4213951K(4906688K), 0.0702220 secs]
[GC 4242408K(4906688K), 0.2324180 secs]
 INFO  [hz._hzInstance_1_FenixFrameworkGroup.HealthMonitor] {com.hazelcast.util.HealthMonitor} [127.0.0.1]:5707 [FenixFrameworkGroup] 
memory used=4.1G, free=584.1M, total=4.7G, max=4.7G, used/total=87.81% used/max=87.81%
cpu process-load=4.00%, system-load=32.00%, system-loadaverage=726.00%
[GC 4347258K(4906688K), 0.3288090 secs]
[GC 4366645K(4906688K), 0.4182860 secs]
 INFO  [hz._hzInstance_1_FenixFrameworkGroup.HealthMonitor] {com.hazelcast.util.HealthMonitor} [127.0.0.1]:5707 [FenixFrameworkGroup] 
memory used=4.2G, free=506.5M, total=4.7G, max=4.7G, used/total=89.43% used/max=89.43%
cpu process-load=4.00%, system-load=29.00%, system-loadaverage=729.00%
[GC 4477641K(4906688K), 0.5127710 secs]
 INFO  [hz._hzInstance_1_FenixFrameworkGroup.HealthMonitor] {com.hazelcast.util.HealthMonitor} [127.0.0.1]:5707 [FenixFrameworkGroup] 
memory used=4.3G, free=407.6M, total=4.7G, max=4.7G, used/total=91.49% used/max=91.49%
cpu process-load=4.00%, system-load=31.00%, system-loadaverage=709.00%
[GC 4501905K(4906688K), 0.6145090 secs]
[GC 4549136K->4165903K(4906688K), 0.1147820 secs]
 INFO  [hz._hzInstance_1_FenixFrameworkGroup.HealthMonitor] {com.hazelcast.util.HealthMonitor} [127.0.0.1]:5707 [FenixFrameworkGroup] 
memory used=4.0G, free=690.1M, total=4.7G, max=4.7G, used/total=85.60% used/max=85.60%
cpu process-load=4.00%, system-load=32.00%, system-loadaverage=707.00%
[GC 4218693K(4906688K), 0.0428130 secs]
[GC 4234170K(4906688K), 0.1526840 secs]
 INFO  [hz._hzInstance_1_FenixFrameworkGroup.HealthMonitor] {com.hazelcast.util.HealthMonitor} [127.0.0.1]:5707 [FenixFrameworkGroup] 
memory used=4.1G, free=589.7M, total=4.7G, max=4.7G, used/total=87.69% used/max=87.69%
cpu process-load=4.00%, system-load=32.00%, system-loadaverage=714.00%
[GC 4333634K(4906688K), 0.2529200 secs]
[GC 4363264K(4906688K), 0.3469940 secs]
 INFO  [hz._hzInstance_1_FenixFrameworkGroup.HealthMonitor] {com.hazelcast.util.HealthMonitor} [127.0.0.1]:5707 [FenixFrameworkGroup] 
memory used=4.2G, free=508.6M, total=4.7G, max=4.7G, used/total=89.39% used/max=89.39%
cpu process-load=4.00%, system-load=29.00%, system-loadaverage=705.00%
[GC 4454888K(4906688K), 0.4266990 secs]
 INFO  [hz._hzInstance_1_FenixFrameworkGroup.HealthMonitor] {com.hazelcast.util.HealthMonitor} [127.0.0.1]:5707 [FenixFrameworkGroup] 
memory used=4.3G, free=422.9M, total=4.7G, max=4.7G, used/total=91.17% used/max=91.17%
cpu process-load=4.00%, system-load=32.00%, system-loadaverage=710.00%
[GC 4477961K(4906688K), 0.5280500 secs]
[GC 4587129K->4212002K(4906688K), 0.0986000 secs]
 INFO  [hz._hzInstance_1_FenixFrameworkGroup.HealthMonitor] {com.hazelcast.util.HealthMonitor} [127.0.0.1]:5707 [FenixFrameworkGroup] 
memory used=4.0G, free=675.0M, total=4.7G, max=4.7G, used/total=85.91% used/max=85.91%
cpu process-load=4.00%, system-load=33.00%, system-loadaverage=716.00%
[GC 4221785K(4906688K), 0.0283810 secs]
[GC 4241666K(4906688K), 0.1122250 secs]
 INFO  [hz._hzInstance_1_FenixFrameworkGroup.HealthMonitor] {com.hazelcast.util.HealthMonitor} [127.0.0.1]:5707 [FenixFrameworkGroup] 
memory used=4.1G, free=575.2M, total=4.7G, max=4.7G, used/total=88.00% used/max=88.00%
cpu process-load=4.00%, system-load=31.00%, system-loadaverage=699.00%
[GC 4348530K(4906688K), 0.2191530 secs]
[GC 4372438K(4906688K), 0.3097440 secs]
 INFO  [hz._hzInstance_1_FenixFrameworkGroup.HealthMonitor] {com.hazelcast.util.HealthMonitor} [127.0.0.1]:5707 [FenixFrameworkGroup] 
memory used=4.2G, free=490.6M, total=4.7G, max=4.7G, used/total=89.76% used/max=89.76%
cpu process-load=4.00%, system-load=30.00%, system-loadaverage=707.00%
[GC 4475807K(4906688K), 0.3929320 secs]
 INFO  [hz._hzInstance_1_FenixFrameworkGroup.HealthMonitor] {com.hazelcast.util.HealthMonitor} [127.0.0.1]:5707 [FenixFrameworkGroup] 
memory used=4.3G, free=409.2M, total=4.7G, max=4.7G, used/total=91.46% used/max=91.46%
cpu process-load=4.00%, system-load=30.00%, system-loadaverage=713.00%
[GC 4491968K(4906688K), 0.4913700 secs]
 INFO  [hz._hzInstance_1_FenixFrameworkGroup.HealthMonitor] {com.hazelcast.util.HealthMonitor} [127.0.0.1]:5707 [FenixFrameworkGroup] 
memory used=4.4G, free=308.3M, total=4.7G, max=4.7G, used/total=93.57% used/max=93.57%
cpu process-load=4.00%, system-load=33.00%, system-loadaverage=727.00%
[GC 4601417K(4906688K), 0.5810170 secs]
[GC 4629624K(4906688K), 0.6897610 secs]
[GC 4631348K->4154234K(4906688K), 0.1196500 secs]
 INFO  [hz._hzInstance_1_FenixFrameworkGroup.HealthMonitor] {com.hazelcast.util.HealthMonitor} [127.0.0.1]:5707 [FenixFrameworkGroup] 
memory used=4.0G, free=689.6M, total=4.7G, max=4.7G, used/total=85.61% used/max=85.61%
cpu process-load=4.00%, system-load=30.00%, system-loadaverage=747.00%
[GC 4255799K(4906688K), 0.1610710 secs]
[GC 4270039K(4906688K), 0.2410780 secs]
 INFO  [hz._hzInstance_1_FenixFrameworkGroup.HealthMonitor] {com.hazelcast.util.HealthMonitor} [127.0.0.1]:5707 [FenixFrameworkGroup] 
memory used=4.1G, free=601.0M, total=4.7G, max=4.7G, used/total=87.46% used/max=87.46%
cpu process-load=4.00%, system-load=31.00%, system-loadaverage=731.00%
[GC 4367681K(4906688K), 0.3272960 secs]
 INFO  [hz._hzInstance_1_FenixFrameworkGroup.HealthMonitor] {com.hazelcast.util.HealthMonitor} [127.0.0.1]:5707 [FenixFrameworkGroup] 
memory used=4.2G, free=502.1M, total=4.7G, max=4.7G, used/total=89.52% used/max=89.52%
cpu process-load=4.00%, system-load=31.00%, system-loadaverage=743.00%
[GC 4401670K(4906688K), 0.4461950 secs]
 INFO  [hz._hzInstance_1_FenixFrameworkGroup.HealthMonitor] {com.hazelcast.util.HealthMonitor} [127.0.0.1]:5707 [FenixFrameworkGroup] 
memory used=4.3G, free=411.2M, total=4.7G, max=4.7G, used/total=91.42% used/max=91.42%
cpu process-load=4.00%, system-load=32.00%, system-loadaverage=752.00%
[GC 4490479K(4906688K), 0.5084600 secs]
[GC 4532536K(4906688K), 0.6337210 secs]
[GC 4569663K->4228857K(4906688K), 0.1235370 secs]
 INFO  [hz._hzInstance_1_FenixFrameworkGroup.HealthMonitor] {com.hazelcast.util.HealthMonitor} [127.0.0.1]:5707 [FenixFrameworkGroup] 
memory used=4.0G, free=652.8M, total=4.7G, max=4.7G, used/total=86.38% used/max=86.38%
cpu process-load=4.00%, system-load=31.00%, system-loadaverage=751.00%
[GC 4281641K(4906688K), 0.0464600 secs]
[GC 4310251K(4906688K), 0.1859210 secs]
 INFO  [hz._hzInstance_1_FenixFrameworkGroup.HealthMonitor] {com.hazelcast.util.HealthMonitor} [127.0.0.1]:5707 [FenixFrameworkGroup] 
memory used=4.1G, free=566.2M, total=4.7G, max=4.7G, used/total=88.18% used/max=88.18%
cpu process-load=4.00%, system-load=30.00%, system-loadaverage=728.00%
[GC 4407949K(4906688K), 0.2647380 secs]
 INFO  [hz._hzInstance_1_FenixFrameworkGroup.HealthMonitor] {com.hazelcast.util.HealthMonitor} [127.0.0.1]:5707 [FenixFrameworkGroup] 
memory used=4.2G, free=473.2M, total=4.7G, max=4.7G, used/total=90.13% used/max=90.13%
cpu process-load=4.00%, system-load=33.00%, system-loadaverage=754.00%
[GC 4432403K(4906688K), 0.3669550 secs]
 INFO  [hz._hzInstance_1_FenixFrameworkGroup.HealthMonitor] {com.hazelcast.util.HealthMonitor} [127.0.0.1]:5707 [FenixFrameworkGroup] 
memory used=4.3G, free=389.6M, total=4.7G, max=4.7G, used/total=91.87% used/max=91.87%
cpu process-load=4.00%, system-load=30.00%, system-loadaverage=731.00%
[GC 4515686K(4906688K), 0.4114770 secs]
[GC 4545980K(4906688K), 0.5348410 secs]
 INFO  [hz._hzInstance_1_FenixFrameworkGroup.HealthMonitor] {com.hazelcast.util.HealthMonitor} [127.0.0.1]:5707 [FenixFrameworkGroup] 
memory used=4.4G, free=316.3M, total=4.7G, max=4.7G, used/total=93.40% used/max=93.40%
cpu process-load=4.00%, system-load=29.00%, system-loadaverage=789.00%
[GC 4631155K(4906688K), 0.5953810 secs]
[GC 4648269K->4170338K(4906688K), 0.1180360 secs]
[GC 4171460K(4906688K), 0.0612600 secs]
 INFO  [hz._hzInstance_1_FenixFrameworkGroup.HealthMonitor] {com.hazelcast.util.HealthMonitor} [127.0.0.1]:5707 [FenixFrameworkGroup] 
memory used=4.0G, free=693.9M, total=4.7G, max=4.7G, used/total=85.52% used/max=85.52%
cpu process-load=4.00%, system-load=31.00%, system-loadaverage=767.00%
[GC 4266188K(4906688K), 0.1509270 secs]
 INFO  [hz._hzInstance_1_FenixFrameworkGroup.HealthMonitor] {com.hazelcast.util.HealthMonitor} [127.0.0.1]:5707 [FenixFrameworkGroup] 
memory used=4.1G, free=608.9M, total=4.7G, max=4.7G, used/total=87.29% used/max=87.29%
cpu process-load=4.00%, system-load=31.00%, system-loadaverage=758.00%
[GC 4290327K(4906688K), 0.2476300 secs]
 INFO  [hz._hzInstance_1_FenixFrameworkGroup.HealthMonitor] {com.hazelcast.util.HealthMonitor} [127.0.0.1]:5707 [FenixFrameworkGroup] 
memory used=4.2G, free=532.3M, total=4.7G, max=4.7G, used/total=88.89% used/max=88.89%
cpu process-load=4.00%, system-load=29.00%, system-loadaverage=749.00%
[GC 4363736K(4906688K), 0.2908870 secs]
[GC 4401114K(4906688K), 0.4065120 secs]
 INFO  [hz._hzInstance_1_FenixFrameworkGroup.HealthMonitor] {com.hazelcast.util.HealthMonitor} [127.0.0.1]:5707 [FenixFrameworkGroup] 
memory used=4.2G, free=450.0M, total=4.7G, max=4.7G, used/total=90.61% used/max=90.61%
cpu process-load=4.00%, system-load=31.00%, system-loadaverage=787.00%
[GC 4481159K(4906688K), 0.4492720 secs]
[GC 4498980K(4906688K), 0.5381100 secs]
 INFO  [hz._hzInstance_1_FenixFrameworkGroup.HealthMonitor] {com.hazelcast.util.HealthMonitor} [127.0.0.1]:5707 [FenixFrameworkGroup] 
memory used=4.3G, free=356.4M, total=4.7G, max=4.7G, used/total=92.56% used/max=92.56%
cpu process-load=4.00%, system-load=32.00%, system-loadaverage=774.00%
[GC 4583362K->4241606K(4906688K), 0.1202580 secs]
[GC 4255493K(4906688K), 0.0328820 secs]
[GC 4294506K(4906688K), 0.1310270 secs]
 INFO  [hz._hzInstance_1_FenixFrameworkGroup.HealthMonitor] {com.hazelcast.util.HealthMonitor} [127.0.0.1]:5707 [FenixFrameworkGroup] 
memory used=4.1G, free=588.9M, total=4.7G, max=4.7G, used/total=87.71% used/max=87.71%
cpu process-load=4.00%, system-load=31.00%, system-loadaverage=740.00%
[GC 4383066K(4906688K), 0.2212970 secs]
 INFO  [hz._hzInstance_1_FenixFrameworkGroup.HealthMonitor] {com.hazelcast.util.HealthMonitor} [127.0.0.1]:5707 [FenixFrameworkGroup] 
memory used=4.2G, free=495.0M, total=4.7G, max=4.7G, used/total=89.67% used/max=89.67%
cpu process-load=4.00%, system-load=32.00%, system-loadaverage=741.00%
[GC 4415323K(4906688K), 0.3124070 secs]
 INFO  [hz._hzInstance_1_FenixFrameworkGroup.HealthMonitor] {com.hazelcast.util.HealthMonitor} [127.0.0.1]:5707 [FenixFrameworkGroup] 
memory used=4.3G, free=410.1M, total=4.7G, max=4.7G, used/total=91.44% used/max=91.44%
cpu process-load=4.00%, system-load=32.00%, system-loadaverage=727.00%
[GC 4499710K(4906688K), 0.3780790 secs]
[GC 4505877K(4906688K), 0.4345230 secs]
 INFO  [hz._hzInstance_1_FenixFrameworkGroup.HealthMonitor] {com.hazelcast.util.HealthMonitor} [127.0.0.1]:5707 [FenixFrameworkGroup] 
memory used=4.4G, free=332.2M, total=4.7G, max=4.7G, used/total=93.07% used/max=93.07%
cpu process-load=4.00%, system-load=31.00%, system-loadaverage=745.00%
[GC 4596416K(4906688K), 0.5005980 secs]
[GC 4603950K(4906688K), 0.5728530 secs]
 INFO  [hz._hzInstance_1_FenixFrameworkGroup.HealthMonitor] {com.hazelcast.util.HealthMonitor} [127.0.0.1]:5707 [FenixFrameworkGroup] 
memory used=4.4G, free=246.3M, total=4.7G, max=4.7G, used/total=94.86% used/max=94.86%
cpu process-load=4.00%, system-load=32.00%, system-loadaverage=746.00%
[GC 4661360K->4182329K(4906688K), 0.1176480 secs]
[GC 4231223K(4906688K), 0.0396670 secs]
[GC 4248904K(4906688K), 0.1476510 secs]
 INFO  [hz._hzInstance_1_FenixFrameworkGroup.HealthMonitor] {com.hazelcast.util.HealthMonitor} [127.0.0.1]:5707 [FenixFrameworkGroup] 
memory used=4.1G, free=620.9M, total=4.7G, max=4.7G, used/total=87.04% used/max=87.04%
cpu process-load=4.00%, system-load=31.00%, system-loadaverage=762.00%
[GC 4353862K(4906688K), 0.2479030 secs]
 INFO  [hz._hzInstance_1_FenixFrameworkGroup.HealthMonitor] {com.hazelcast.util.HealthMonitor} [127.0.0.1]:5707 [FenixFrameworkGroup] 
memory used=4.2G, free=527.7M, total=4.7G, max=4.7G, used/total=88.99% used/max=88.99%
cpu process-load=4.00%, system-load=31.00%, system-loadaverage=738.00%
[GC 4377683K(4906688K), 0.3313700 secs]
 INFO  [hz._hzInstance_1_FenixFrameworkGroup.HealthMonitor] {com.hazelcast.util.HealthMonitor} [127.0.0.1]:5707 [FenixFrameworkGroup] 
memory used=4.2G, free=440.7M, total=4.7G, max=4.7G, used/total=90.80% used/max=90.80%
cpu process-load=4.00%, system-load=32.00%, system-loadaverage=747.00%
[GC 4466316K(4906688K), 0.4076680 secs]
[GC 4488866K(4906688K), 0.4905260 secs]
 INFO  [hz._hzInstance_1_FenixFrameworkGroup.HealthMonitor] {com.hazelcast.util.HealthMonitor} [127.0.0.1]:5707 [FenixFrameworkGroup] 
memory used=4.3G, free=358.7M, total=4.7G, max=4.7G, used/total=92.51% used/max=92.51%
cpu process-load=4.00%, system-load=29.00%, system-loadaverage=748.00%
[GC 4582379K(4906688K), 0.5669060 secs]
[GC 4602188K->4261546K(4906688K), 0.1160300 secs]
[GC 4262538K(4906688K), 0.0577790 secs]
 INFO  [hz._hzInstance_1_FenixFrameworkGroup.HealthMonitor] {com.hazelcast.util.HealthMonitor} [127.0.0.1]:5707 [FenixFrameworkGroup] 
memory used=4.1G, free=587.6M, total=4.7G, max=4.7G, used/total=87.74% used/max=87.74%
cpu process-load=5.00%, system-load=33.00%, system-loadaverage=756.00%
[GC 4358301K(4906688K), 0.1568380 secs]
[GC 4384246K(4906688K), 0.2366420 secs]
 INFO  [hz._hzInstance_1_FenixFrameworkGroup.HealthMonitor] {com.hazelcast.util.HealthMonitor} [127.0.0.1]:5707 [FenixFrameworkGroup] 
memory used=4.2G, free=494.5M, total=4.7G, max=4.7G, used/total=89.68% used/max=89.68%
cpu process-load=4.00%, system-load=32.00%, system-loadaverage=755.00%
[GC 4461324K(4906688K), 0.2970140 secs]
 INFO  [hz._hzInstance_1_FenixFrameworkGroup.HealthMonitor] {com.hazelcast.util.HealthMonitor} [127.0.0.1]:5707 [FenixFrameworkGroup] 
memory used=4.3G, free=423.2M, total=4.7G, max=4.7G, used/total=91.17% used/max=91.17%
cpu process-load=4.00%, system-load=29.00%, system-loadaverage=756.00%
[GC 4495080K(4906688K), 0.3954830 secs]
 INFO  [hz._hzInstance_1_FenixFrameworkGroup.HealthMonitor] {com.hazelcast.util.HealthMonitor} [127.0.0.1]:5707 [FenixFrameworkGroup] 
memory used=4.4G, free=332.9M, total=4.7G, max=4.7G, used/total=93.05% used/max=93.05%
cpu process-load=4.00%, system-load=30.00%, system-loadaverage=747.00%
[GC 4583196K(4906688K), 0.4594150 secs]
[GC 4619356K(4906688K), 0.5737550 secs]
 INFO  [hz._hzInstance_1_FenixFrameworkGroup.HealthMonitor] {com.hazelcast.util.HealthMonitor} [127.0.0.1]:5707 [FenixFrameworkGroup] 
memory used=4.5G, free=234.4M, total=4.7G, max=4.7G, used/total=95.11% used/max=95.11%
cpu process-load=4.00%, system-load=32.00%, system-loadaverage=739.00%
[GC 4679922K->4201536K(4906688K), 0.1191090 secs]
[GC 4247451K(4906688K), 0.0430080 secs]
[GC 4280478K(4906688K), 0.1767850 secs]
 INFO  [hz._hzInstance_1_FenixFrameworkGroup.HealthMonitor] {com.hazelcast.util.HealthMonitor} [127.0.0.1]:5707 [FenixFrameworkGroup] 
memory used=4.1G, free=594.2M, total=4.7G, max=4.7G, used/total=87.60% used/max=87.60%
cpu process-load=4.00%, system-load=31.00%, system-loadaverage=710.00%
[GC 4379179K(4906688K), 0.2666270 secs]
 INFO  [hz._hzInstance_1_FenixFrameworkGroup.HealthMonitor] {com.hazelcast.util.HealthMonitor} [127.0.0.1]:5707 [FenixFrameworkGroup] 
memory used=4.2G, free=494.4M, total=4.7G, max=4.7G, used/total=89.68% used/max=89.68%
cpu process-load=4.00%, system-load=32.00%, system-loadaverage=717.00%
[GC 4411037K(4906688K), 0.3758350 secs]
 INFO  [hz._hzInstance_1_FenixFrameworkGroup.HealthMonitor] {com.hazelcast.util.HealthMonitor} [127.0.0.1]:5707 [FenixFrameworkGroup] 
memory used=4.3G, free=394.8M, total=4.7G, max=4.7G, used/total=91.76% used/max=91.76%
cpu process-load=4.00%, system-load=32.00%, system-loadaverage=707.00%
[GC 4515487K(4906688K), 0.4372460 secs]
[GC 4550089K(4906688K), 0.5777750 secs]
 INFO  [hz._hzInstance_1_FenixFrameworkGroup.HealthMonitor] {com.hazelcast.util.HealthMonitor} [127.0.0.1]:5707 [FenixFrameworkGroup] 
memory used=4.4G, free=301.3M, total=4.7G, max=4.7G, used/total=93.71% used/max=93.71%
cpu process-load=4.00%, system-load=31.00%, system-loadaverage=751.00%
[GC 4622337K->4280533K(4906688K), 0.1183140 secs]
[GC 4307873K(4906688K), 0.0355370 secs]
[GC 4342120K(4906688K), 0.1528400 secs]
 INFO  [hz._hzInstance_1_FenixFrameworkGroup.HealthMonitor] {com.hazelcast.util.HealthMonitor} [127.0.0.1]:5707 [FenixFrameworkGroup] 
memory used=4.2G, free=536.2M, total=4.7G, max=4.7G, used/total=88.81% used/max=88.81%
cpu process-load=4.00%, system-load=31.00%, system-loadaverage=719.00%
[GC 4435375K(4906688K), 0.2335110 secs]
 INFO  [hz._hzInstance_1_FenixFrameworkGroup.HealthMonitor] {com.hazelcast.util.HealthMonitor} [127.0.0.1]:5707 [FenixFrameworkGroup] 
memory used=4.2G, free=443.7M, total=4.7G, max=4.7G, used/total=90.74% used/max=90.74%
cpu process-load=4.00%, system-load=32.00%, system-loadaverage=740.00%
[GC 4460797K(4906688K), 0.3295330 secs]
 INFO  [hz._hzInstance_1_FenixFrameworkGroup.HealthMonitor] {com.hazelcast.util.HealthMonitor} [127.0.0.1]:5707 [FenixFrameworkGroup] 
memory used=4.3G, free=365.0M, total=4.7G, max=4.7G, used/total=92.38% used/max=92.38%
cpu process-load=4.00%, system-load=30.00%, system-loadaverage=741.00%
[GC 4542148K(4906688K), 0.3866570 secs]
[GC 4578511K(4906688K), 0.5097680 secs]
 INFO  [hz._hzInstance_1_FenixFrameworkGroup.HealthMonitor] {com.hazelcast.util.HealthMonitor} [127.0.0.1]:5707 [FenixFrameworkGroup] 
memory used=4.4G, free=266.5M, total=4.7G, max=4.7G, used/total=94.44% used/max=94.44%
cpu process-load=4.00%, system-load=32.00%, system-loadaverage=774.00%
[GC 4678156K(4906688K), 0.5894600 secs]
[GC 4699510K->4222337K(4906688K), 0.1171820 secs]
[GC 4223732K(4906688K), 0.0584990 secs]
 INFO  [hz._hzInstance_1_FenixFrameworkGroup.HealthMonitor] {com.hazelcast.util.HealthMonitor} [127.0.0.1]:5707 [FenixFrameworkGroup] 
memory used=4.1G, free=643.8M, total=4.7G, max=4.7G, used/total=86.56% used/max=86.56%
cpu process-load=4.00%, system-load=30.00%, system-loadaverage=755.00%
[GC 4326683K(4906688K), 0.1662290 secs]
 INFO  [hz._hzInstance_1_FenixFrameworkGroup.HealthMonitor] {com.hazelcast.util.HealthMonitor} [127.0.0.1]:5707 [FenixFrameworkGroup] 
memory used=4.1G, free=559.5M, total=4.7G, max=4.7G, used/total=88.32% used/max=88.32%
cpu process-load=4.00%, system-load=32.00%, system-loadaverage=754.00%
[GC 4346420K(4906688K), 0.2505240 secs]
 INFO  [hz._hzInstance_1_FenixFrameworkGroup.HealthMonitor] {com.hazelcast.util.HealthMonitor} [127.0.0.1]:5707 [FenixFrameworkGroup] 
memory used=4.2G, free=468.9M, total=4.7G, max=4.7G, used/total=90.21% used/max=90.21%
cpu process-load=4.00%, system-load=30.00%, system-loadaverage=745.00%
[GC 4439929K(4906688K), 0.3272370 secs]
[GC 4458786K(4906688K), 0.3995380 secs]
 INFO  [hz._hzInstance_1_FenixFrameworkGroup.HealthMonitor] {com.hazelcast.util.HealthMonitor} [127.0.0.1]:5707 [FenixFrameworkGroup] 
memory used=4.3G, free=364.9M, total=4.7G, max=4.7G, used/total=92.39% used/max=92.39%
cpu process-load=4.00%, system-load=33.00%, system-loadaverage=746.00%
[GC 4568300K(4906688K), 0.5167440 secs]
[GC 4577657K(4906688K), 0.5703970 secs]
 INFO  [hz._hzInstance_1_FenixFrameworkGroup.HealthMonitor] {com.hazelcast.util.HealthMonitor} [127.0.0.1]:5707 [FenixFrameworkGroup] 
memory used=4.4G, free=272.7M, total=4.7G, max=4.7G, used/total=94.31% used/max=94.31%
cpu process-load=4.00%, system-load=31.00%, system-loadaverage=762.00%
[GC 4637048K->4294418K(4906688K), 0.1209130 secs]
[GC 4344928K(4906688K), 0.0446820 secs]
[GC 4357972K(4906688K), 0.1460350 secs]
 INFO  [hz._hzInstance_1_FenixFrameworkGroup.HealthMonitor] {com.hazelcast.util.HealthMonitor} [127.0.0.1]:5707 [FenixFrameworkGroup] 
memory used=4.2G, free=511.4M, total=4.7G, max=4.7G, used/total=89.33% used/max=89.33%
cpu process-load=4.00%, system-load=32.00%, system-loadaverage=775.00%
[GC 4474432K(4906688K), 0.2740370 secs]
 INFO  [hz._hzInstance_1_FenixFrameworkGroup.HealthMonitor] {com.hazelcast.util.HealthMonitor} [127.0.0.1]:5707 [FenixFrameworkGroup] 
memory used=4.3G, free=400.0M, total=4.7G, max=4.7G, used/total=91.65% used/max=91.65%
cpu process-load=4.00%, system-load=33.00%, system-loadaverage=771.00%
[GC 4497751K(4906688K), 0.3500550 secs]
 INFO  [hz._hzInstance_1_FenixFrameworkGroup.HealthMonitor] {com.hazelcast.util.HealthMonitor} [127.0.0.1]:5707 [FenixFrameworkGroup] 
memory used=4.4G, free=254.4M, total=4.7G, max=4.7G, used/total=94.69% used/max=94.69%
cpu process-load=4.00%, system-load=35.00%, system-loadaverage=797.00%
[GC 4649703K(4906688K), 0.4746770 secs]
[GC 4667432K(4906688K), 0.5923550 secs]
 INFO  [main] {org.radargun.Slave} Master shutdown!
 INFO  [hz._hzInstance_1_FenixFrameworkGroup.IO.thread-in-1] {com.hazelcast.nio.TcpIpConnection} [127.0.0.1]:5707 [FenixFrameworkGroup] Connection [Address[127.0.0.1]:5708] lost. Reason: java.io.EOFException[Remote socket closed!]
 INFO  [hz._hzInstance_1_FenixFrameworkGroup.IO.thread-in-2] {com.hazelcast.nio.TcpIpConnection} [127.0.0.1]:5707 [FenixFrameworkGroup] Connection [Address[127.0.0.1]:5702] lost. Reason: java.io.EOFException[Remote socket closed!]
 INFO  [Thread-0] {org.radargun.ShutDownHook} Slave process is being shutdown
 INFO  [hz._hzInstance_1_FenixFrameworkGroup.IO.thread-in-0] {com.hazelcast.nio.TcpIpConnection} [127.0.0.1]:5707 [FenixFrameworkGroup] Connection [Address[127.0.0.1]:5706] lost. Reason: java.io.EOFException[Remote socket closed!]
 INFO  [hz._hzInstance_1_FenixFrameworkGroup.IO.thread-in-2] {com.hazelcast.nio.TcpIpConnection} [127.0.0.1]:5707 [FenixFrameworkGroup] Connection [Address[127.0.0.1]:5705] lost. Reason: java.io.EOFException[Remote socket closed!]
 WARN  [hz._hzInstance_1_FenixFrameworkGroup.IO.thread-in-1] {com.hazelcast.nio.ReadHandler} [127.0.0.1]:5707 [FenixFrameworkGroup] hz._hzInstance_1_FenixFrameworkGroup.IO.thread-in-1 Closing socket to endpoint Address[127.0.0.1]:5708, Cause:java.io.EOFException: Remote socket closed!
 INFO  [hz._hzInstance_1_FenixFrameworkGroup.IO.thread-in-0] {com.hazelcast.nio.TcpIpConnection} [127.0.0.1]:5707 [FenixFrameworkGroup] Connection [Address[127.0.0.1]:5708] lost. Reason: java.io.EOFException[Remote socket closed!]
 INFO  [hz._hzInstance_1_FenixFrameworkGroup.IO.thread-in-1] {com.hazelcast.nio.TcpIpConnection} [127.0.0.1]:5707 [FenixFrameworkGroup] Connection [Address[127.0.0.1]:5703] lost. Reason: java.io.EOFException[Remote socket closed!]
 INFO  [hz._hzInstance_1_FenixFrameworkGroup.IO.thread-in-0] {com.hazelcast.nio.TcpIpConnection} [127.0.0.1]:5707 [FenixFrameworkGroup] Connection [Address[127.0.0.1]:5701] lost. Reason: java.io.EOFException[Remote socket closed!]
 INFO  [hz._hzInstance_1_FenixFrameworkGroup.IO.thread-in-1] {com.hazelcast.nio.TcpIpConnection} [127.0.0.1]:5707 [FenixFrameworkGroup] Connection [Address[127.0.0.1]:5704] lost. Reason: java.io.EOFException[Remote socket closed!]
 ERROR [Stressor-2] {pt.ist.fenixframework.backend.jvstm.cluster.ClusterUtils} Failed to acquire global lock
 ERROR [Stressor-3] {pt.ist.fenixframework.backend.jvstm.cluster.ClusterUtils} Failed to acquire global lock
 ERROR [Stressor-1] {pt.ist.fenixframework.backend.jvstm.cluster.ClusterUtils} Failed to acquire global lock
 ERROR [Stressor-0] {pt.ist.fenixframework.backend.jvstm.cluster.ClusterUtils} Failed to acquire global lock
 INFO  [hz.ShutdownThread] {com.hazelcast.initializer} [127.0.0.1]:5707 [FenixFrameworkGroup] Destroying node initializer.
 INFO  [hz.ShutdownThread] {com.hazelcast.instance.Node} [127.0.0.1]:5707 [FenixFrameworkGroup] Hazelcast Shutdown is completed in 59 ms.
