/usr/java/jdk1.7.0_21/bin/java -server -Xmx1024M -Xms1024M -Dresolve.dns=false -Djgroups.timer.num_threads=4 -verbose:gc -Xmx5000M -Xms3000M -server -XX:+UseConcMarkSweepGC -XX:+AggressiveOpts -verbose:gc -XX:ParallelGCThreads=4 -XX:NewRatio=5 -XX:SurvivorRatio=2 -Dhazelcast.operation.thread.count=4 -Djava.net.preferIPv4Stack=true -Dlog4j.file.prefix=deimos-esw-21524 -Dbind.address= -Djgroups.bind_addr= -classpath /home/smf/github/radargun/target/distribution/RadarGun-1.1.0-SNAPSHOT/lib/activation-1.1.jar:/home/smf/github/radargun/target/distribution/RadarGun-1.1.0-SNAPSHOT/lib/commons-beanutils-1.8.0.jar:/home/smf/github/radargun/target/distribution/RadarGun-1.1.0-SNAPSHOT/lib/commons-digester-2.0.jar:/home/smf/github/radargun/target/distribution/RadarGun-1.1.0-SNAPSHOT/lib/commons-logging-1.1.1.jar:/home/smf/github/radargun/target/distribution/RadarGun-1.1.0-SNAPSHOT/lib/commons-math-1.2.jar:/home/smf/github/radargun/target/distribution/RadarGun-1.1.0-SNAPSHOT/lib/jboss-transaction-api-1.0.1.GA.jar:/home/smf/github/radargun/target/distribution/RadarGun-1.1.0-SNAPSHOT/lib/jcommon-1.0.15.jar:/home/smf/github/radargun/target/distribution/RadarGun-1.1.0-SNAPSHOT/lib/jfreechart-1.0.12.jar:/home/smf/github/radargun/target/distribution/RadarGun-1.1.0-SNAPSHOT/lib/log4j-1.2.14.jar:/home/smf/github/radargun/target/distribution/RadarGun-1.1.0-SNAPSHOT/lib/mail-1.4.2.jar:/home/smf/github/radargun/target/distribution/RadarGun-1.1.0-SNAPSHOT/lib/radargun-framework-1.1.0-SNAPSHOT.jar:/home/smf/github/radargun/target/distribution/RadarGun-1.1.0-SNAPSHOT/conf org.radargun.Slave -master 127.0.0.1:2103
--------------------------------------------------------------------------------
PerNodeRollingFileAppender::Using file prefix:deimos-esw-21524
 INFO  [main] {org.radargun.Slave} Attempting to connect to master 127.0.0.1:2103
 INFO  [main] {org.radargun.Slave} Successfully established connection with master at: 127.0.0.1:2103
Loading JARS from /home/smf/github/radargun/target/distribution/RadarGun-1.1.0-SNAPSHOT/lib/radargun-framework-1.1.0-SNAPSHOT.jar
 INFO  [pool-1-thread-1] {org.radargun.config.AnnotatedHelper} Loading JARS from /home/smf/github/radargun/target/distribution/RadarGun-1.1.0-SNAPSHOT/lib/radargun-framework-1.1.0-SNAPSHOT.jar
 INFO  [pool-1-thread-1] {org.radargun.config.AnnotatedHelper} Loading JARS from /home/smf/github/radargun/target/distribution/RadarGun-1.1.0-SNAPSHOT/lib/radargun-framework-1.1.0-SNAPSHOT.jar
 INFO  [pool-1-thread-1] {org.radargun.Slave} Executing stage: DestroyWrapper {enforceMemoryThrashHold=true, exitBenchmarkOnSlaveFailure=false, heapDumpDir=null, memoryThreshold=95, runOnAllSlaves=true, slaves=null, useSmartClassLoading=true }
 INFO  [pool-1-thread-1] {org.radargun.stages.DestroyWrapperStage} Received destroy cache wrapper request from master...
 INFO  [pool-1-thread-1] {org.radargun.stages.DestroyWrapperStage} No cache wrapper deployed on this slave, nothing to do.
 INFO  [pool-1-thread-1] {org.radargun.stages.DestroyWrapperStage} Before executing clear, memory looks like this: Memory - free: 2,928,638 kb - max:4,906,688 kb- total:2,944,000 kb
[Full GC 15361K->3631K(2944000K), 0.0704740 secs]
 INFO  [pool-1-thread-1] {org.radargun.stages.DestroyWrapperStage} After executing cleanup, memory looks like this: Memory - free: 2,935,311 kb - max:4,906,688 kb- total:2,944,064 kb
 INFO  [pool-1-thread-1] {org.radargun.Slave} Finished stage: DestroyWrapper {enforceMemoryThrashHold=true, exitBenchmarkOnSlaveFailure=false, heapDumpDir=null, memoryThreshold=95, runOnAllSlaves=true, slaves=null, useSmartClassLoading=true }
 INFO  [main] {org.radargun.Slave} Ack successfully sent to the master
 INFO  [pool-1-thread-1] {org.radargun.Slave} Executing stage: StartCluster {config=ispn52-repl-sync-rc.xml, delayAfterFirstSlaveStarts=5.000 secs, delayBetweenStartingSlaves=0.500 secs, exitBenchmarkOnSlaveFailure=true, expectNumSlaves=null, mayFailOn=null, reachable=null, runOnAllSlaves=false, slaves=null, staggerSlaveStartup=true, useSmartClassLoading=true, validateCluster=true }
 INFO  [pool-1-thread-1] {org.radargun.stages.StartClusterStage} Startup staggering, number of slaves to start is 2 This is the slave with index 0, not sleeping
 INFO  [pool-1-thread-1] {org.radargun.stages.StartClusterStage} Ack master's StartCluster stage. Local address is: /127.0.0.1. This slave's index is: 0
 INFO  [pool-1-thread-1] {org.radargun.utils.ClassLoadHelper} Creating newInstance org.radargun.cachewrappers.FFWrapperLF with classloader java.net.URLClassLoader@6d7eaa83
 INFO  [pool-1-thread-1] {org.radargun.cachewrappers.FFWrapperLF} config=ispn52-repl-sync-rc.xml, isLocal=false, nodeIndex=0, confAttributes={name=ispn52-repl-sync-rc.xml, decorate=infinispan52}
 INFO  [pool-1-thread-1] {org.radargun.cachewrappers.FFWrapperLF} Found fenix framework config options in 'rg-fenix-framework-config-options.properties'.
 INFO  [pool-1-thread-1] {org.radargun.cachewrappers.FFWrapperLF} Setting extra config properties for Fenix Framework.
 INFO  [pool-1-thread-1] {org.radargun.cachewrappers.FFWrapperLF} Will initialize Fenix Framework with RadarGunDataGridConfig
 TRACE [pool-1-thread-1] {pt.ist.fenixframework.FenixFramework} Static initializer block for FenixFramework class [BEGIN]
 INFO  [pool-1-thread-1] {pt.ist.fenixframework.FenixFramework} Trying auto-initialization with configuration by convention
 INFO  [pool-1-thread-1] {pt.ist.fenixframework.FenixFramework} Resource 'fenix-framework.properties' not found
 DEBUG [pool-1-thread-1] {pt.ist.fenixframework.FenixFramework} Fenix Framework properties after reading default config file:{}
 DEBUG [pool-1-thread-1] {pt.ist.fenixframework.FenixFramework} CurrentBackEndName = jvstm-lf
 INFO  [pool-1-thread-1] {pt.ist.fenixframework.FenixFramework} Resource 'fenix-framework-jvstm-lf.properties' not found
 DEBUG [pool-1-thread-1] {pt.ist.fenixframework.FenixFramework} Fenix Framework properties after reading backend config file:{}
 DEBUG [pool-1-thread-1] {pt.ist.fenixframework.FenixFramework} Fenix Framework properties after enforcing system properties:{}
 INFO  [pool-1-thread-1] {pt.ist.fenixframework.FenixFramework} Skipping configuration by convention.
 TRACE [pool-1-thread-1] {pt.ist.fenixframework.FenixFramework} Static initializer block for FenixFramework class [END]
 INFO  [pool-1-thread-1] {pt.ist.fenixframework.FenixFramework} Initializing Fenix Framework with config.class=pt.ist.fenixframework.backend.jvstm.datagrid.radargun.RadarGunDataGridConfig
 INFO  [pool-1-thread-1] {pt.ist.fenixframework.backend.jvstm.lf.JvstmLockFreeBackEnd} initializeTransactionFactory()
Oct 08, 2013 6:33:45 PM jvstm.ActiveTransactionsRecord <clinit>
INFO: ********** AOM reversion = false (disable/enable it in property jvstm.aom.reversion)
Oct 08, 2013 6:33:45 PM jvstm.Transaction <clinit>
INFO: ********** GC vbodies = true (disable/enable it in property jvstm.gc.disabled)
 INFO  [pool-1-thread-1] {pt.ist.fenixframework.backend.jvstm.lf.JvstmLockFreeBackEnd} initializeGroupCommunication()
 INFO  [pool-1-thread-1] {com.hazelcast.config.ClasspathXmlConfig} Configuring Hazelcast from 'hazelcast-ff.xml'.
 INFO  [pool-1-thread-1] {com.hazelcast.instance.DefaultAddressPicker} Interfaces is disabled, trying to pick one address from TCP-IP config addresses: [127.0.0.1]
 INFO  [pool-1-thread-1] {com.hazelcast.instance.DefaultAddressPicker} Picked Address[127.0.0.1]:5701, using socket ServerSocket[addr=/0.0.0.0,localport=5701], bind any local is true
 INFO  [pool-1-thread-1] {com.hazelcast.system} [127.0.0.1]:5701 [FenixFrameworkGroup] Hazelcast Community Edition 3.0.2 (20130906) starting at Address[127.0.0.1]:5701
 INFO  [pool-1-thread-1] {com.hazelcast.system} [127.0.0.1]:5701 [FenixFrameworkGroup] Copyright (C) 2008-2013 Hazelcast.com
 INFO  [pool-1-thread-1] {com.hazelcast.instance.Node} [127.0.0.1]:5701 [FenixFrameworkGroup] Creating MulticastJoiner
 INFO  [pool-1-thread-1] {com.hazelcast.core.LifecycleService} [127.0.0.1]:5701 [FenixFrameworkGroup] Address[127.0.0.1]:5701 is STARTING
 INFO  [pool-1-thread-1] {com.hazelcast.cluster.TcpIpJoiner} [127.0.0.1]:5701 [FenixFrameworkGroup] Connecting to possible member: Address[127.0.0.1]:5703
 INFO  [pool-1-thread-1] {com.hazelcast.cluster.TcpIpJoiner} [127.0.0.1]:5701 [FenixFrameworkGroup] Connecting to possible member: Address[127.0.0.1]:5702
 INFO  [hz._hzInstance_1_FenixFrameworkGroup.cached.thread-2] {com.hazelcast.nio.SocketConnector} [127.0.0.1]:5701 [FenixFrameworkGroup] Connecting to /127.0.0.1:5703, timeout: 0, bind-any: true
 INFO  [hz._hzInstance_1_FenixFrameworkGroup.cached.thread-3] {com.hazelcast.nio.SocketConnector} [127.0.0.1]:5701 [FenixFrameworkGroup] Connecting to /127.0.0.1:5702, timeout: 0, bind-any: true
 INFO  [hz._hzInstance_1_FenixFrameworkGroup.cached.thread-3] {com.hazelcast.nio.SocketConnector} [127.0.0.1]:5701 [FenixFrameworkGroup] Could not connect to: /127.0.0.1:5702. Reason: SocketException[Connection refused to address /127.0.0.1:5702]
 INFO  [hz._hzInstance_1_FenixFrameworkGroup.cached.thread-2] {com.hazelcast.nio.SocketConnector} [127.0.0.1]:5701 [FenixFrameworkGroup] Could not connect to: /127.0.0.1:5703. Reason: SocketException[Connection refused to address /127.0.0.1:5703]
 INFO  [pool-1-thread-1] {com.hazelcast.cluster.TcpIpJoiner} [127.0.0.1]:5701 [FenixFrameworkGroup] 


Members [1] {
	Member [127.0.0.1]:5701 this
}

 INFO  [pool-1-thread-1] {com.hazelcast.cluster.MulticastJoiner} [127.0.0.1]:5701 [FenixFrameworkGroup] 


Members [1] {
	Member [127.0.0.1]:5701 this
}

 INFO  [pool-1-thread-1] {com.hazelcast.core.LifecycleService} [127.0.0.1]:5701 [FenixFrameworkGroup] Address[127.0.0.1]:5701 is STARTED
 INFO  [pool-1-thread-1] {com.hazelcast.partition.PartitionService} [127.0.0.1]:5701 [FenixFrameworkGroup] Initializing cluster partition table first arrangement...
 INFO  [pool-1-thread-1] {pt.ist.fenixframework.backend.jvstm.lf.LockFreeClusterUtils} Got (long) serverId: 0
 INFO  [pool-1-thread-1] {pt.ist.fenixframework.backend.jvstm.lf.JvstmLockFreeBackEnd} This is the first node!
 INFO  [pool-1-thread-1] {pt.ist.fenixframework.backend.jvstm.JVSTMBackEnd} initializeRepository()
 INFO  [pool-1-thread-1] {pt.ist.fenixframework.backend.jvstm.datagrid.radargun.DataGridDecorator} config=ispn52-repl-sync-rc.xml, isLocal=false, nodeIndex=0, confAttributes={name=ispn52-repl-sync-rc.xml}
 INFO  [pool-1-thread-1] {org.radargun.cachewrappers.InfinispanXSWrapper} Cannot find any site for slave index 0
 INFO  [pool-1-thread-1] {org.infinispan.remoting.transport.jgroups.JGroupsTransport} ISPN000078: Starting JGroups Channel
 WARN  [pool-1-thread-1] {org.jgroups.protocols.UDP} [JGRP00014] the send buffer of socket DatagramSocket was set to 640KB, but the OS only allocated 229.38KB. This might lead to performance problems. Please set your max send buffer in the OS correctly (e.g. net.core.wmem_max on Linux)
 WARN  [pool-1-thread-1] {org.jgroups.protocols.UDP} [JGRP00014] the receive buffer of socket DatagramSocket was set to 20MB, but the OS only allocated 229.38KB. This might lead to performance problems. Please set your max receive buffer in the OS correctly (e.g. net.core.rmem_max on Linux)
 WARN  [pool-1-thread-1] {org.jgroups.protocols.UDP} [JGRP00014] the send buffer of socket MulticastSocket was set to 640KB, but the OS only allocated 229.38KB. This might lead to performance problems. Please set your max send buffer in the OS correctly (e.g. net.core.wmem_max on Linux)
 WARN  [pool-1-thread-1] {org.jgroups.protocols.UDP} [JGRP00014] the receive buffer of socket MulticastSocket was set to 25MB, but the OS only allocated 229.38KB. This might lead to performance problems. Please set your max receive buffer in the OS correctly (e.g. net.core.rmem_max on Linux)
 INFO  [pool-1-thread-1] {org.infinispan.remoting.transport.jgroups.JGroupsTransport} ISPN000094: Received new cluster view: [deimos-esw-14090|0] [deimos-esw-14090]
 INFO  [pool-1-thread-1] {org.infinispan.remoting.transport.jgroups.JGroupsTransport} ISPN000079: Cache local address is deimos-esw-14090, physical addresses are [127.0.0.1:52000]
 INFO  [pool-1-thread-1] {org.infinispan.factories.GlobalComponentRegistry} ISPN000128: Infinispan version: Infinispan 'Delirium' 5.2.6.Final
 INFO  [pool-1-thread-1] {org.infinispan.transaction.lookup.JBossStandaloneJTAManagerLookup} ISPN000107: Retrieving transaction manager Transaction: unknown
 INFO  [hz._hzInstance_1_FenixFrameworkGroup.IO.thread-Acceptor] {com.hazelcast.nio.SocketAcceptor} [127.0.0.1]:5701 [FenixFrameworkGroup] Accepting socket connection from /127.0.0.1:52058
 INFO  [hz._hzInstance_1_FenixFrameworkGroup.IO.thread-Acceptor] {com.hazelcast.nio.TcpIpConnectionManager} [127.0.0.1]:5701 [FenixFrameworkGroup] 5701 accepted socket connection from /127.0.0.1:52058
 INFO  [pool-1-thread-1] {org.infinispan.jmx.CacheJmxRegistration} ISPN000031: MBeans were successfully registered to the platform MBean server.
 INFO  [pool-1-thread-1] {org.radargun.cachewrappers.InfinispanXSWrapper} Using transaction manager: Transaction: unknown
 INFO  [pool-1-thread-1] {org.radargun.cachewrappers.InfinispanXSWrapper} No RELAY2 protocol in XS wrapper
 INFO  [pool-1-thread-1] {org.radargun.cachewrappers.InfinispanXSWrapper} JGroups version: JGroups 3.2.7.Final
 INFO  [pool-1-thread-1] {org.radargun.cachewrappers.InfinispanXSWrapper} Using config attributes: {name=ispn52-repl-sync-rc.xml}
 INFO  [pool-1-thread-1] {pt.ist.fenixframework.backend.jvstm.repository.LockFreeRepository} Initialization marker not present. Data Grid is being initialized for the first time.
 INFO  [pool-1-thread-1] {pt.ist.fenixframework.backend.jvstm.JVSTMBackEnd} initializeDomainClassInfos
 INFO  [pool-1-thread-1] {pt.ist.fenixframework.backend.jvstm.pstm.DomainClassInfo} serverId: 0, serverOidBase: 0
 INFO  [pool-1-thread-1] {pt.ist.fenixframework.backend.jvstm.pstm.DomainClassInfo} Registering new domain class 'pt.ist.fenixframework.adt.bplustree.DomainLeafNode' with id '1'
 INFO  [pool-1-thread-1] {pt.ist.fenixframework.backend.jvstm.pstm.DomainClassInfo} Registering new domain class 'pt.ist.fenixframework.adt.bplustree.BPlusTreeArray' with id '2'
 INFO  [pool-1-thread-1] {pt.ist.fenixframework.backend.jvstm.pstm.DomainClassInfo} Registering new domain class 'pt.ist.fenixframework.adt.bplustree.DomainInnerNode' with id '3'
 INFO  [pool-1-thread-1] {pt.ist.fenixframework.backend.jvstm.pstm.DomainClassInfo} Registering new domain class 'pt.ist.fenixframework.adt.bplustree.LeafNode' with id '4'
 INFO  [pool-1-thread-1] {pt.ist.fenixframework.backend.jvstm.pstm.DomainClassInfo} Registering new domain class 'pt.ist.fenixframework.backend.jvstm.pstm.TransactionStatisticsEntry' with id '5'
 INFO  [pool-1-thread-1] {pt.ist.fenixframework.backend.jvstm.pstm.DomainClassInfo} Registering new domain class 'pt.ist.fenixframework.DomainRoot' with id '0'
 INFO  [pool-1-thread-1] {pt.ist.fenixframework.backend.jvstm.pstm.DomainClassInfo} Registering new domain class 'pt.ist.fenixframework.adt.linkedlist.ListNode' with id '6'
 INFO  [pool-1-thread-1] {pt.ist.fenixframework.backend.jvstm.pstm.DomainClassInfo} Registering new domain class 'pt.ist.fenixframework.adt.bplustree.BPlusTree' with id '7'
 INFO  [pool-1-thread-1] {pt.ist.fenixframework.backend.jvstm.pstm.DomainClassInfo} Registering new domain class 'pt.ist.fenixframework.adt.bplustree.InnerNode' with id '8'
 INFO  [pool-1-thread-1] {pt.ist.fenixframework.backend.jvstm.pstm.DomainClassInfo} Registering new domain class 'pt.ist.fenixframework.adt.linkedlist.LinkedList' with id '9'
 INFO  [pool-1-thread-1] {pt.ist.fenixframework.backend.jvstm.pstm.DomainClassInfo} Registering new domain class 'pt.ist.fenixframework.adt.bplustree.AbstractNodeArray' with id 'a'
 INFO  [pool-1-thread-1] {pt.ist.fenixframework.backend.jvstm.pstm.DomainClassInfo} Registering new domain class 'pt.ist.fenixframework.adt.bplustree.InnerNodeArray' with id 'b'
 INFO  [pool-1-thread-1] {pt.ist.fenixframework.backend.jvstm.pstm.DomainClassInfo} Registering new domain class 'pt.ist.fenixframework.adt.bplustree.LeafNodeArray' with id 'c'
 INFO  [pool-1-thread-1] {pt.ist.fenixframework.backend.jvstm.pstm.DomainClassInfo} Registering new domain class 'pt.ist.fenixframework.backend.jvstm.pstm.FenixFrameworkData' with id 'd'
 INFO  [pool-1-thread-1] {pt.ist.fenixframework.backend.jvstm.pstm.DomainClassInfo} Registering new domain class 'pt.ist.fenixframework.adt.bplustree.DomainBPlusTree' with id 'e'
 INFO  [pool-1-thread-1] {pt.ist.fenixframework.backend.jvstm.pstm.DomainClassInfo} Registering new domain class 'pt.ist.fenixframework.adt.bplustree.AbstractNode' with id 'f'
 INFO  [pool-1-thread-1] {pt.ist.fenixframework.backend.jvstm.JVSTMBackEnd} setupJVSTM
 INFO  [pool-1-thread-1] {jvstm.TransactionUtils} Setting the last committed TX number to 0
 INFO  [pool-1-thread-1] {pt.ist.fenixframework.backend.jvstm.JVSTMBackEnd} createDomainRootIfNeeded
 WARN  [pool-1-thread-1] {pt.ist.fenixframework.backend.jvstm.repository.LockFreeRepository} updateMaxCounterForClass() not yet implemented
 INFO  [pool-1-thread-1] {pt.ist.fenixframework.DomainRoot} Created DomainRoot instance
 INFO  [pool-1-thread-1] {pt.ist.fenixframework.backend.jvstm.JVSTMBackEnd} ensureFenixFrameworkDataExists
 WARN  [pool-1-thread-1] {pt.ist.fenixframework.backend.jvstm.repository.LockFreeRepository} updateMaxCounterForClass() not yet implemented
 WARN  [pool-1-thread-1] {pt.ist.fenixframework.backend.jvstm.repository.LockFreeRepository} updateMaxCounterForClass() not yet implemented
 WARN  [pool-1-thread-1] {pt.ist.fenixframework.backend.jvstm.repository.LockFreeRepository} updateMaxCounterForClass() not yet implemented
 INFO  [pool-1-thread-1] {pt.ist.fenixframework.backend.jvstm.lf.LockFreeClusterUtils} Notify other nodes that startup completed
 INFO  [pool-1-thread-1] {pt.ist.fenixframework.hibernatesearch.HibernateSearchConfig} Resource 'fenix-framework-hibernate-search.properties' not found. Hibernate Search disabled
 INFO  [pool-1-thread-1] {pt.ist.fenixframework.FenixFramework} Initialization of Fenix Framework is now complete.
 INFO  [pool-1-thread-1] {org.radargun.cachewrappers.FFWrapperLF} FF STARTED=true
 INFO  [pool-1-thread-1] {org.radargun.stages.helpers.StartHelper} Number of members=1 is not the one expected: 2
 INFO  [pool-1-thread-1] {org.radargun.stages.helpers.StartHelper} Number of members=1 is not the one expected: 2
 INFO  [pool-1-thread-1] {org.radargun.stages.helpers.StartHelper} Number of members=1 is not the one expected: 2
 INFO  [pool-1-thread-1] {org.radargun.stages.helpers.StartHelper} Number of members=1 is not the one expected: 2
 INFO  [pool-1-thread-1] {org.radargun.stages.helpers.StartHelper} Number of members=1 is not the one expected: 2
 INFO  [pool-1-thread-1] {org.radargun.stages.helpers.StartHelper} Number of members=1 is not the one expected: 2
 INFO  [hz._hzInstance_1_FenixFrameworkGroup.cached.thread-3] {com.hazelcast.cluster.ClusterService} [127.0.0.1]:5701 [FenixFrameworkGroup] 

Members [2] {
	Member [127.0.0.1]:5701 this
	Member [127.0.0.1]:5702
}

 INFO  [hz._hzInstance_1_FenixFrameworkGroup.migration] {com.hazelcast.partition.PartitionService} [127.0.0.1]:5701 [FenixFrameworkGroup] Re-partitioning cluster data... Migration queue size: 135
[GC 259695K->21178K(2944064K), 0.0637330 secs]
 INFO  [pool-1-thread-1] {org.radargun.stages.helpers.StartHelper} Number of members is the one expected: 2
 INFO  [pool-1-thread-1] {org.radargun.stages.StartClusterStage} Successfully started cache wrapper on slave 0: org.radargun.cachewrappers.FFWrapperLF@30aee2b8
 INFO  [pool-1-thread-1] {org.radargun.Slave} Finished stage: StartCluster {config=ispn52-repl-sync-rc.xml, delayAfterFirstSlaveStarts=5.000 secs, delayBetweenStartingSlaves=0.500 secs, exitBenchmarkOnSlaveFailure=true, expectNumSlaves=null, mayFailOn=null, reachable=null, runOnAllSlaves=false, slaves=null, staggerSlaveStartup=true, useSmartClassLoading=true, validateCluster=true }
 INFO  [main] {org.radargun.Slave} Ack successfully sent to the master
 INFO  [hz._hzInstance_1_FenixFrameworkGroup.migration] {com.hazelcast.partition.PartitionService} [127.0.0.1]:5701 [FenixFrameworkGroup] All migration tasks has been completed, queues are empty.
 INFO  [Incoming-1,deimos-esw-14090] {org.infinispan.remoting.transport.jgroups.JGroupsTransport} ISPN000094: Received new cluster view: [deimos-esw-14090|1] [deimos-esw-14090, deimos-esw-31656]
 INFO  [pool-1-thread-1] {org.radargun.Slave} Executing stage: ClusterValidation {exitBenchmarkOnSlaveFailure=false, partialReplication=false, replicationTimeSleep=2000, replicationTryCount=60, runOnAllSlaves=false, slaves=null, useSmartClassLoading=true }
 INFO  [pool-1-thread-1] {org.radargun.stages.ClusterValidationStage} Number of caches that replicated here is 1
 INFO  [pool-1-thread-1] {org.radargun.stages.ClusterValidationStage} Replication test successfully passed. partialReplication? false, replicationCount = 1
 INFO  [pool-1-thread-1] {org.radargun.stages.ClusterValidationStage} Confirm phase successful.
 INFO  [pool-1-thread-1] {org.radargun.Slave} Finished stage: ClusterValidation {exitBenchmarkOnSlaveFailure=false, partialReplication=false, replicationTimeSleep=2000, replicationTryCount=60, runOnAllSlaves=false, slaves=[ 0, 1 ], useSmartClassLoading=true }
 INFO  [main] {org.radargun.Slave} Ack successfully sent to the master
 INFO  [pool-1-thread-1] {org.radargun.Slave} Executing stage: StressTestWarmup {bulkSize=1, cacheSpecificKeyGenerator=false, commitTransactions=true, duration=1 mins 0 secs, entrySize=1000, exitBenchmarkOnSlaveFailure=false, fixedKeys=true, generateHistogramRange=false, keyGeneratorClass=org.radargun.stressors.StringKeyGenerator, keyGeneratorParam=null, loadAllKeys=false, numEntries=10000, numOfThreads=4, numRequests=10000, numThreads=4, numberOfAttributes=10000, numberOfRequests=10000, opsCountStatusLog=100000, poolKeys=true, preferAsyncOperations=false, removePercentage=0, replaceInvalidPercentage=40, runOnAllSlaves=false, sharedKeys=false, sizeOfAnAttribute=1000, slaves=null, transactionSize=10000, useAtomics=false, useHistogramStatistics=false, useSimpleStatistics=true, useSmartClassLoading=true, useTransactions=null, writePercentage=20, writeTxPercentage=20 }
 INFO  [pool-1-thread-1] {org.radargun.stages.StressTestWarmupStage} Starting StressTestWarmupStage: StressTestWarmup {bulkSize=1, cacheSpecificKeyGenerator=false, commitTransactions=true, duration=1 mins 0 secs, entrySize=1000, exitBenchmarkOnSlaveFailure=false, fixedKeys=true, generateHistogramRange=false, keyGeneratorClass=org.radargun.stressors.StringKeyGenerator, keyGeneratorParam=null, loadAllKeys=false, numEntries=10000, numOfThreads=4, numRequests=10000, numThreads=4, numberOfAttributes=10000, numberOfRequests=10000, opsCountStatusLog=100000, poolKeys=true, preferAsyncOperations=false, removePercentage=0, replaceInvalidPercentage=40, runOnAllSlaves=false, sharedKeys=false, sizeOfAnAttribute=1000, slaves=null, transactionSize=10000, useAtomics=false, useHistogramStatistics=false, useSimpleStatistics=true, useSmartClassLoading=true, useTransactions=null, writePercentage=20, writeTxPercentage=20 }
 INFO  [pool-1-thread-1] {org.radargun.stressors.StressTestStressor} Using key generator org.radargun.stressors.StringKeyGenerator, param null
 INFO  [pool-1-thread-1] {org.radargun.stressors.StressTestStressor} Executing: StressTestStressor{opsCountStatusLog=100000, numRequests=10000, numEntries=10000, entrySize=1000, writePercentage=20, numThreads=4, cacheWrapper=org.radargun.cachewrappers.FFWrapperLF@30aee2b8, nodeIndex=0, useTransactions=true, transactionSize=10000, commitTransactions=true, durationMillis=60000}
 INFO  [pool-1-thread-1] {org.radargun.stressors.StressTestStressor} Cache wrapper info is: FFWrapperLF using infinispan52
[GC 277242K->24321K(2944064K), 0.0544350 secs]
[GC 280385K->41576K(2944064K), 0.0559840 secs]
[GC 297640K->59281K(2944064K), 0.0722170 secs]
[GC 315345K->78120K(2944064K), 0.0783080 secs]
[GC 334184K->102504K(2944064K), 0.0903870 secs]
[GC 358568K->131036K(2944064K), 0.1745040 secs]
[GC 387100K->145674K(2944064K), 0.1054300 secs]
[GC 401738K->177928K(2944064K), 0.1243830 secs]
[GC 433992K->158749K(2944064K), 0.1275790 secs]
[GC 414813K->197459K(2944064K), 0.1068610 secs]
[GC 453523K->209917K(2944064K), 0.1046660 secs]
[GC 465981K->223206K(2944064K), 0.1060430 secs]
[GC 479270K->252465K(2944064K), 0.0873830 secs]
[GC 508529K->268688K(2944064K), 0.1254240 secs]
[GC 524752K->253503K(2944064K), 0.1403510 secs]
 INFO  [pool-1-thread-1] {org.radargun.stressors.StressTestStressor} Started 4 stressor threads.
 INFO  [Stressor-2] {org.radargun.stressors.StressTestStressor} Number of ops executed so far: 1. Elapsed time: 0.001 secs. Remaining: 59.999 secs. Total: 1 mins 0 secs
[GC 509567K->301320K(2944064K), 0.0926530 secs]
[GC 557357K->331260K(2944064K), 0.1366130 secs]
[GC 587324K->344209K(2944064K), 0.1281930 secs]
[GC 600273K->378263K(2944064K), 0.0999730 secs]
[GC 634327K->378009K(2944064K), 0.0941070 secs]
[GC 633832K->409925K(2944064K), 0.1056550 secs]
[GC 665988K->433744K(2944064K), 0.1025560 secs]
[GC 689808K->464274K(2944064K), 0.1019170 secs]
[GC 720338K->478243K(2944064K), 0.0991980 secs]
[GC 734307K->517118K(2944064K), 0.1077500 secs]
[GC 773182K->520101K(2944064K), 0.1143040 secs]
[GC 776165K->560468K(2944064K), 0.0795300 secs]
[GC 816532K->587655K(2944064K), 0.1116820 secs]
[GC 843719K->591012K(2944064K), 0.1028380 secs]
[GC 847076K->634118K(2944064K), 0.1038860 secs]
[GC 890182K->656392K(2944064K), 0.1059480 secs]
[GC 912456K->676053K(2944064K), 0.1030820 secs]
[GC 932117K->700385K(2944064K), 0.1119350 secs]
[GC 956449K->721853K(2944064K), 0.1019810 secs]
[GC 977917K->754807K(2944064K), 0.1175710 secs]
[GC 1010871K->761936K(2944064K), 0.1210430 secs]
[GC 1018000K->811231K(2944064K), 0.1183700 secs]
[GC 1067295K->823458K(2944064K), 0.1261400 secs]
[GC 1079522K->869148K(2944064K), 0.1239820 secs]
[GC 1123326K->894821K(2944064K), 0.1146930 secs]
[GC 1150868K->922598K(2944064K), 0.1166200 secs]
[GC 1178662K->951559K(2944064K), 0.1173700 secs]
 INFO  [Stressor-3] {org.radargun.stressors.StressTestStressor} Number of ops executed so far: 632861. Elapsed time: 20.068 secs. Remaining: 39.932 secs. Total: 1 mins 0 secs
[GC 1207623K->955697K(2944064K), 0.1118920 secs]
[GC 1211761K->1006811K(2944064K), 0.1129180 secs]
[GC 1260960K->1028041K(2944064K), 0.1104750 secs]
[GC 1284105K->1058496K(2944064K), 0.1110100 secs]
[GC 1313163K->1086583K(2944064K), 0.1158900 secs]
[GC 1342647K->1110286K(2944064K), 0.1133890 secs]
[GC 1366350K->1139897K(2944064K), 0.1243320 secs]
[GC 1395930K->1148701K(2944064K), 0.1211250 secs]
[GC 1403975K->1183526K(2944064K), 0.1321670 secs]
[GC 1439590K->1215633K(2944064K), 0.0775680 secs]
[GC 1471697K->1245625K(2944064K), 0.1179610 secs]
[GC 1501689K->1252487K(2944064K), 0.1132410 secs]
[GC 1508212K->1301808K(2944064K), 0.1169150 secs]
[GC 1556376K->1332961K(2944064K), 0.1152110 secs]
[GC 1589025K->1358254K(2944064K), 0.1080300 secs]
[GC 1614318K->1387651K(2944064K), 0.1157940 secs]
[GC 1643637K->1405128K(2944064K), 0.1345170 secs]
[GC 1405309K(2944064K), 0.0431860 secs]
[GC 1661192K->1442999K(2944064K), 0.0812310 secs]
[GC 1699063K->1466309K(2944064K), 0.1203150 secs]
[GC 1606710K(2944064K), 0.1011960 secs]
[GC 1574172K->1327686K(2944064K), 0.1141910 secs]
[GC 1329139K->1121184K(2944064K), 0.1307970 secs]
[GC 1350673K->1121565K(2944064K), 0.1140360 secs]
[GC 1377629K->1162337K(2944064K), 0.1346110 secs]
[GC 1418401K->1163818K(2944064K), 0.0832130 secs]
[GC 1419882K->1193685K(2944064K), 0.1195830 secs]
[GC 1449749K->1233138K(2944064K), 0.1282050 secs]
[GC 1489202K->1262010K(2944064K), 0.1247740 secs]
 INFO  [Stressor-2] {org.radargun.stressors.StressTestStressor} Number of ops executed so far: 2538767. Elapsed time: 40.155 secs. Remaining: 19.845 secs. Total: 1 mins 0 secs
[GC 1518074K->1280298K(2944064K), 0.1427970 secs]
[GC 1536350K->1292465K(2944064K), 0.1095240 secs]
[GC 1548529K->1348818K(2944064K), 0.0806100 secs]
[GC 1604882K->1375903K(2944064K), 0.1168520 secs]
[GC 1631967K->1406177K(2944064K), 0.1216270 secs]
[GC 1662210K->1414734K(2944064K), 0.1193440 secs]
[GC 1670798K->1462448K(2944064K), 0.1169030 secs]
[GC 1718032K->1488060K(2944064K), 0.1128380 secs]
[GC 1744124K->1495634K(2944064K), 0.1095320 secs]
[GC 1751659K->1542489K(2944064K), 0.1047390 secs]
[GC 1798553K->1549875K(2944064K), 0.1104630 secs]
[GC 1805939K->1577903K(2944064K), 0.1103420 secs]
[GC 1833967K->1616846K(2944064K), 0.1135450 secs]
[GC 1872893K->1649844K(2944064K), 0.1181790 secs]
[GC 1905574K->1676411K(2944064K), 0.1083920 secs]
[GC 1932475K->1684495K(2944064K), 0.1131210 secs]
[GC 1940559K->1713529K(2944064K), 0.1085600 secs]
[GC 1969593K->1761691K(2944064K), 0.1145380 secs]
[GC 2017130K->1787810K(2944064K), 0.1078170 secs]
[GC 2043874K->1814056K(2944064K), 0.1134910 secs]
[GC 2070120K->1842262K(2944064K), 0.1115490 secs]
[GC 2098326K->1851595K(2944064K), 0.1117870 secs]
[GC 2107659K->1874728K(2944064K), 0.1111740 secs]
[GC 2130792K->1923894K(2944064K), 0.1136290 secs]
[GC 2179958K->1949474K(2944064K), 0.1093310 secs]
[GC 2205538K->1976033K(2944064K), 0.1098520 secs]
[GC 2232097K->1967912K(2944064K), 0.1155550 secs]
 INFO  [Stressor-2] {org.radargun.stressors.StressTestStressor} Number of ops executed so far: 3360000. Elapsed time: 1 mins 0 secs. Remaining: 0.000 secs. Total: 1 mins 0 secs
 INFO  [pool-1-thread-1] {org.radargun.stressors.StressTestStressor} Finished generating report. Test duration is: 1 mins 34 secs
 INFO  [pool-1-thread-1] {org.radargun.stages.StressTestWarmupStage} The warmup took: 94 seconds.
 INFO  [pool-1-thread-1] {org.radargun.Slave} Finished stage: StressTestWarmup {bulkSize=1, cacheSpecificKeyGenerator=false, commitTransactions=true, duration=1 mins 0 secs, entrySize=1000, exitBenchmarkOnSlaveFailure=false, fixedKeys=true, generateHistogramRange=false, keyGeneratorClass=org.radargun.stressors.StringKeyGenerator, keyGeneratorParam=null, loadAllKeys=false, numEntries=10000, numOfThreads=4, numRequests=10000, numThreads=4, numberOfAttributes=10000, numberOfRequests=10000, opsCountStatusLog=100000, poolKeys=true, preferAsyncOperations=false, removePercentage=0, replaceInvalidPercentage=40, runOnAllSlaves=false, sharedKeys=false, sizeOfAnAttribute=1000, slaves=null, transactionSize=10000, useAtomics=false, useHistogramStatistics=false, useSimpleStatistics=true, useSmartClassLoading=true, useTransactions=null, writePercentage=20, writeTxPercentage=20 }
 INFO  [main] {org.radargun.Slave} Ack successfully sent to the master
 INFO  [pool-1-thread-1] {org.radargun.Slave} Executing stage: ClearClusterStage {ClearCluster {exitBenchmarkOnSlaveFailure=false, runOnAllSlaves=false, slaves=[ 0 ], useSmartClassLoading=true }
 INFO  [pool-1-thread-1] {org.radargun.stages.ClearClusterStage} Before executing clear, memory looks like this: Memory - free: 754,571 kb - max:4,906,688 kb- total:2,944,064 kb
 WARN  [pool-1-thread-1] {org.radargun.cachewrappers.FFWrapperLF} Fenix Framework never forgets...
[Full GC 2189492K->1507878K(2944064K), 4.9401250 secs]
 INFO  [pool-1-thread-1] {org.radargun.stages.ClearClusterStage} After executing cleanup, memory looks like this: Memory - free: 1,435,090 kb - max:4,906,688 kb- total:2,944,192 kb
 INFO  [pool-1-thread-1] {org.radargun.Slave} Finished stage: ClearClusterStage {ClearCluster {exitBenchmarkOnSlaveFailure=false, runOnAllSlaves=false, slaves=[ 0 ], useSmartClassLoading=true }
 INFO  [main] {org.radargun.Slave} Ack successfully sent to the master
 INFO  [pool-1-thread-1] {org.radargun.Slave} Executing stage: StressTest {bulkSize=1, cacheSpecificKeyGenerator=false, commitTransactions=true, duration=1 mins 0 secs, entrySize=1000, exitBenchmarkOnSlaveFailure=false, fixedKeys=true, generateHistogramRange=false, keyGeneratorClass=org.radargun.stressors.StringKeyGenerator, keyGeneratorParam=null, loadAllKeys=false, numEntries=10000, numOfThreads=4, numRequests=10000000, numThreads=4, numberOfAttributes=10000, numberOfRequests=10000000, opsCountStatusLog=500000, poolKeys=true, preferAsyncOperations=false, removePercentage=0, replaceInvalidPercentage=40, runOnAllSlaves=false, sharedKeys=false, sizeOfAnAttribute=1000, slaves=null, transactionSize=10000, useAtomics=false, useHistogramStatistics=false, useSimpleStatistics=true, useSmartClassLoading=true, useTransactions=true, writePercentage=10, writeTxPercentage=100 }
 INFO  [pool-1-thread-1] {org.radargun.stages.StressTestStage} Starting StressTestStage: StressTest {bulkSize=1, cacheSpecificKeyGenerator=false, commitTransactions=true, duration=1 mins 0 secs, entrySize=1000, exitBenchmarkOnSlaveFailure=false, fixedKeys=true, generateHistogramRange=false, keyGeneratorClass=org.radargun.stressors.StringKeyGenerator, keyGeneratorParam=null, loadAllKeys=false, numEntries=10000, numOfThreads=4, numRequests=10000000, numThreads=4, numberOfAttributes=10000, numberOfRequests=10000000, opsCountStatusLog=500000, poolKeys=true, preferAsyncOperations=false, removePercentage=0, replaceInvalidPercentage=40, runOnAllSlaves=false, sharedKeys=false, sizeOfAnAttribute=1000, slaves=null, transactionSize=10000, useAtomics=false, useHistogramStatistics=false, useSimpleStatistics=true, useSmartClassLoading=true, useTransactions=true, writePercentage=10, writeTxPercentage=100 }
 INFO  [pool-1-thread-1] {org.radargun.stressors.StressTestStressor} Using key generator org.radargun.stressors.StringKeyGenerator, param null
 INFO  [pool-1-thread-1] {org.radargun.stressors.StressTestStressor} Executing: StressTestStressor{opsCountStatusLog=500000, numRequests=10000000, numEntries=10000, entrySize=1000, writePercentage=10, numThreads=4, cacheWrapper=org.radargun.cachewrappers.FFWrapperLF@30aee2b8, nodeIndex=0, useTransactions=true, transactionSize=10000, commitTransactions=true, durationMillis=60000}
 INFO  [pool-1-thread-1] {org.radargun.stressors.StressTestStressor} Cache wrapper info is: FFWrapperLF using infinispan52
[GC 1764070K->1588719K(2944192K), 0.0719260 secs]
[GC 1844911K->1559019K(2944192K), 0.0899470 secs]
[GC 1815211K->1579119K(2944192K), 0.1333200 secs]
[GC 1835311K->1612080K(2944192K), 0.1881140 secs]
[GC 1868272K->1656365K(2944192K), 0.2548150 secs]
[GC 1912557K->1678418K(2944192K), 0.2126890 secs]
[GC 1934610K->1665938K(2944192K), 0.2406770 secs]
[GC 1922130K->1706039K(2944192K), 0.2139910 secs]
[GC 1962231K->1723109K(2944192K), 0.2131630 secs]
[GC 1979301K->1743771K(2944192K), 0.2398220 secs]
[GC 1999963K->1743349K(2944192K), 0.2404190 secs]
[GC 1999541K->1780537K(2944192K), 0.2482980 secs]
[GC 2036009K->1801058K(2944192K), 0.2175780 secs]
[GC 2057250K->1800460K(2944192K), 0.2195350 secs]
 INFO  [pool-1-thread-1] {org.radargun.stressors.StressTestStressor} Started 4 stressor threads.
 INFO  [Stressor-0] {org.radargun.stressors.StressTestStressor} Number of ops executed so far: 1. Elapsed time: 0.000 secs. Remaining: 1 mins 0 secs. Total: 1 mins 0 secs
[GC 2056652K->1853557K(2944192K), 0.2145030 secs]
[GC 2109749K->1872704K(2944192K), 0.1878930 secs]
[GC 2128896K->1912114K(2944192K), 0.1844100 secs]
[GC 2168306K->1936338K(2944192K), 0.1145410 secs]
[GC 2192530K->1944249K(2944192K), 0.1075050 secs]
[GC 2200441K->1989865K(2944192K), 0.1169290 secs]
[GC 2246057K->2021543K(2944192K), 0.1178070 secs]
[GC 2277735K->2032963K(2944192K), 0.1144740 secs]
[GC 2289155K->2079247K(2944192K), 0.1230240 secs]
[GC 2335439K->2107753K(2944192K), 0.1169640 secs]
[GC 2363945K->2114825K(2944192K), 0.1145140 secs]
[GC 2371017K->2165464K(2944192K), 0.1185830 secs]
[GC 2421656K->2173944K(2944192K), 0.1103470 secs]
[GC 2430136K->2202427K(2944192K), 0.1168020 secs]
[GC 2458619K->2249153K(2944192K), 0.1163050 secs]
[GC 2504993K->2277371K(2944192K), 0.1191630 secs]
[GC 2533563K->2289728K(2944192K), 0.1180050 secs]
[GC 2545920K->2334588K(2944192K), 0.1153720 secs]
[GC 2590780K->2362576K(2944192K), 0.1168380 secs]
[GC 2618768K->2391915K(2944192K), 0.1209470 secs]
[GC 2648107K->2419116K(2944192K), 0.1184900 secs]
[GC 2675308K->2450549K(2944192K), 0.1224920 secs]
[GC 2706741K->2478797K(2944192K), 0.1208050 secs]
[GC 2734989K->2507384K(2944192K), 0.1237160 secs]
[GC 2507772K(2944192K), 0.0899310 secs]
[GC 2763494K->2524083K(2944192K), 0.1313120 secs]
[GC 2780275K->2567074K(2944192K), 0.1384850 secs]
[GC 2822541K->2595178K(2944192K), 0.1715210 secs]
 INFO  [Stressor-2] {org.radargun.stressors.StressTestStressor} Number of ops executed so far: 450000. Elapsed time: 20.173 secs. Remaining: 39.827 secs. Total: 1 mins 0 secs
[GC 2851370K->2623614K(2944192K), 0.1134700 secs]
[GC 2879806K->2659725K(2944192K), 0.0893790 secs]
[GC 2915539K->2691876K(2950720K), 0.1362430 secs]
[GC 2698083K(2950720K), 0.0619230 secs]
[GC 2910082K->2682695K(2969344K), 0.1330640 secs]
[GC 2655322K->2429872K(2969344K), 0.1253310 secs]
[GC 2597898K->2355886K(4073704K), 0.1202640 secs]
[GC 2612078K->2400454K(4073704K), 0.1289310 secs]
[GC 2656646K->2429074K(4073704K), 0.1187560 secs]
[GC 2685266K->2437774K(4073704K), 0.1167650 secs]
[GC 2693966K->2486338K(4073704K), 0.1209920 secs]
[GC 2742080K->2514547K(4073704K), 0.1212340 secs]
[GC 2770739K->2543903K(4073704K), 0.1325850 secs]
[GC 2800095K->2571315K(4073704K), 0.1192040 secs]
[GC 2827507K->2598942K(4073704K), 0.1179590 secs]
[GC 2854070K->2628040K(4073704K), 0.1311970 secs]
[GC 2884232K->2654622K(4073704K), 0.1176650 secs]
[GC 2910814K->2668467K(4073704K), 0.1224500 secs]
[GC 2924659K->2714509K(4073704K), 0.1286390 secs]
[GC 2970701K->2742860K(4073704K), 0.1177230 secs]
[GC 2999052K->2771397K(4073704K), 0.1282010 secs]
[GC 3027589K->2799603K(4073704K), 0.1259820 secs]
[GC 3055795K->2827450K(4073704K), 0.1209550 secs]
[GC 3082620K->2841856K(4073704K), 0.1281790 secs]
[GC 3098048K->2886650K(4073704K), 0.1231410 secs]
[GC 3142842K->2914412K(4073704K), 0.1299800 secs]
[GC 3170604K->2930113K(4073704K), 0.1267670 secs]
[GC 3186305K->2973298K(4073704K), 0.1239520 secs]
 INFO  [Stressor-1] {org.radargun.stressors.StressTestStressor} Number of ops executed so far: 610000. Elapsed time: 40.251 secs. Remaining: 19.749 secs. Total: 1 mins 0 secs
[GC 3229490K->3002331K(4073704K), 0.1209830 secs]
[GC 3258523K->3028812K(4073704K), 0.1171740 secs]
[GC 3284947K->3038039K(4073704K), 0.1226360 secs]
[GC 3292439K->3066620K(4073704K), 0.1207620 secs]
[GC 3320907K->3113497K(4073704K), 0.1206600 secs]
[GC 3369689K->3121408K(4073704K), 0.1208070 secs]
[GC 3377600K->3149033K(4073704K), 0.1177260 secs]
[GC 3405225K->3196056K(4073704K), 0.1177270 secs]
[GC 3452248K->3210459K(4073704K), 0.1265370 secs]
[GC 3466651K->3252461K(4073704K), 0.1189890 secs]
[GC 3508157K->3282167K(4073704K), 0.1236870 secs]
[GC 3538359K->3293701K(4073704K), 0.1228100 secs]
[GC 3549893K->3338865K(4073704K), 0.1227480 secs]
[GC 3593174K->3367909K(4073704K), 0.1278310 secs]
[GC 3624101K->3394586K(4073704K), 0.1207250 secs]
[GC 3650778K->3423090K(4073704K), 0.1238540 secs]
[GC 3679282K->3452409K(4073704K), 0.1256060 secs]
 INFO  [hz._hzInstance_1_FenixFrameworkGroup.HealthMonitor] {com.hazelcast.util.HealthMonitor} [127.0.0.1]:5701 [FenixFrameworkGroup] 
memory used=3.3G, free=594.5M, total=3.9G, max=4.7G, used/total=85.06% used/max=70.62%
cpu process-load=8.00%, system-load=15.00%, system-loadaverage=226.00%
[GC 3708601K->3481512K(4073704K), 0.1233280 secs]
[GC 3737704K->3507902K(4073704K), 0.1255660 secs]
[GC 3763624K->3537675K(4073704K), 0.1242180 secs]
[GC 3539777K(4073704K), 0.0648160 secs]
[GC 3793867K->3565514K(4073704K), 0.1231380 secs]
[GC 3821706K->3576311K(4073704K), 0.1296350 secs]
[GC 3832503K->3623291K(4073704K), 0.1298380 secs]
[GC 3879483K->3651607K(4073704K), 0.1282380 secs]
[GC 3907799K->3679177K(4073704K), 0.1204130 secs]
[GC 3935369K->3707630K(4073704K), 0.1297420 secs]
[GC 3963822K->3735728K(4073704K), 0.1274090 secs]
[GC 3737253K(4073704K), 0.0577720 secs]
 INFO  [Stressor-0] {org.radargun.stressors.StressTestStressor} Number of ops executed so far: 1130000. Elapsed time: 1 mins 1 secs. Remaining: 0.000 secs. Total: 1 mins 0 secs
 INFO  [pool-1-thread-1] {org.radargun.stressors.StressTestStressor} Finished generating report. Test duration is: 1 mins 28 secs
 INFO  [pool-1-thread-1] {org.radargun.stages.StressTestStage} size info: FFWrapperLF using infinispan52, clusterSize:2, nodeIndex:0, cacheSize: -1
 INFO  [pool-1-thread-1] {org.radargun.Slave} Finished stage: StressTest {bulkSize=1, cacheSpecificKeyGenerator=false, commitTransactions=true, duration=1 mins 0 secs, entrySize=1000, exitBenchmarkOnSlaveFailure=false, fixedKeys=true, generateHistogramRange=false, keyGeneratorClass=org.radargun.stressors.StringKeyGenerator, keyGeneratorParam=null, loadAllKeys=false, numEntries=10000, numOfThreads=4, numRequests=10000000, numThreads=4, numberOfAttributes=10000, numberOfRequests=10000000, opsCountStatusLog=500000, poolKeys=true, preferAsyncOperations=false, removePercentage=0, replaceInvalidPercentage=40, runOnAllSlaves=false, sharedKeys=false, sizeOfAnAttribute=1000, slaves=null, transactionSize=10000, useAtomics=false, useHistogramStatistics=false, useSimpleStatistics=true, useSmartClassLoading=true, useTransactions=true, writePercentage=10, writeTxPercentage=100 }
 INFO  [main] {org.radargun.Slave} Ack successfully sent to the master
 INFO  [main] {org.radargun.Slave} Master shutdown!
 INFO  [Thread-0] {org.radargun.ShutDownHook} Slave process is being shutdown
 INFO  [hz.ShutdownThread] {com.hazelcast.nio.TcpIpConnection} [127.0.0.1]:5701 [FenixFrameworkGroup] Connection [Address[127.0.0.1]:5702] lost. Reason: Socket explicitly closed
 INFO  [hz.ShutdownThread] {com.hazelcast.initializer} [127.0.0.1]:5701 [FenixFrameworkGroup] Destroying node initializer.
 INFO  [hz.ShutdownThread] {com.hazelcast.instance.Node} [127.0.0.1]:5701 [FenixFrameworkGroup] Hazelcast Shutdown is completed in 53 ms.
