/usr/java/jdk1.7.0_21/bin/java -server -Xmx1024M -Xms1024M -Dresolve.dns=false -Djgroups.timer.num_threads=4 -verbose:gc -Xmx5000M -Xms3000M -server -XX:+UseConcMarkSweepGC -XX:+AggressiveOpts -verbose:gc -XX:ParallelGCThreads=4 -XX:NewRatio=5 -XX:SurvivorRatio=2 -Dhazelcast.operation.thread.count=4 -Djava.net.preferIPv4Stack=true -Dlog4j.file.prefix=deimos-esw-14127 -Dbind.address= -Djgroups.bind_addr= -classpath /home/smf/github/radargun/target/distribution/RadarGun-1.1.0-SNAPSHOT/lib/activation-1.1.jar:/home/smf/github/radargun/target/distribution/RadarGun-1.1.0-SNAPSHOT/lib/commons-beanutils-1.8.0.jar:/home/smf/github/radargun/target/distribution/RadarGun-1.1.0-SNAPSHOT/lib/commons-digester-2.0.jar:/home/smf/github/radargun/target/distribution/RadarGun-1.1.0-SNAPSHOT/lib/commons-logging-1.1.1.jar:/home/smf/github/radargun/target/distribution/RadarGun-1.1.0-SNAPSHOT/lib/commons-math-1.2.jar:/home/smf/github/radargun/target/distribution/RadarGun-1.1.0-SNAPSHOT/lib/jboss-transaction-api-1.0.1.GA.jar:/home/smf/github/radargun/target/distribution/RadarGun-1.1.0-SNAPSHOT/lib/jcommon-1.0.15.jar:/home/smf/github/radargun/target/distribution/RadarGun-1.1.0-SNAPSHOT/lib/jfreechart-1.0.12.jar:/home/smf/github/radargun/target/distribution/RadarGun-1.1.0-SNAPSHOT/lib/log4j-1.2.14.jar:/home/smf/github/radargun/target/distribution/RadarGun-1.1.0-SNAPSHOT/lib/mail-1.4.2.jar:/home/smf/github/radargun/target/distribution/RadarGun-1.1.0-SNAPSHOT/lib/radargun-framework-1.1.0-SNAPSHOT.jar:/home/smf/github/radargun/target/distribution/RadarGun-1.1.0-SNAPSHOT/conf org.radargun.Slave -master 127.0.0.1:2103
--------------------------------------------------------------------------------
PerNodeRollingFileAppender::Using file prefix:deimos-esw-14127
 INFO  [main] {org.radargun.Slave} Attempting to connect to master 127.0.0.1:2103
 INFO  [main] {org.radargun.Slave} Successfully established connection with master at: 127.0.0.1:2103
Loading JARS from /home/smf/github/radargun/target/distribution/RadarGun-1.1.0-SNAPSHOT/lib/radargun-framework-1.1.0-SNAPSHOT.jar
 INFO  [pool-1-thread-1] {org.radargun.config.AnnotatedHelper} Loading JARS from /home/smf/github/radargun/target/distribution/RadarGun-1.1.0-SNAPSHOT/lib/radargun-framework-1.1.0-SNAPSHOT.jar
 INFO  [pool-1-thread-1] {org.radargun.config.AnnotatedHelper} Loading JARS from /home/smf/github/radargun/target/distribution/RadarGun-1.1.0-SNAPSHOT/lib/radargun-framework-1.1.0-SNAPSHOT.jar
 INFO  [pool-1-thread-1] {org.radargun.Slave} Executing stage: DestroyWrapper {enforceMemoryThrashHold=true, exitBenchmarkOnSlaveFailure=false, heapDumpDir=null, memoryThreshold=95, runOnAllSlaves=true, slaves=null, useSmartClassLoading=true }
 INFO  [pool-1-thread-1] {org.radargun.stages.DestroyWrapperStage} Received destroy cache wrapper request from master...
 INFO  [pool-1-thread-1] {org.radargun.stages.DestroyWrapperStage} No cache wrapper deployed on this slave, nothing to do.
 INFO  [pool-1-thread-1] {org.radargun.stages.DestroyWrapperStage} Before executing clear, memory looks like this: Memory - free: 2,928,638 kb - max:4,906,688 kb- total:2,944,000 kb
[Full GC 15361K->3631K(2944000K), 0.0561970 secs]
 INFO  [pool-1-thread-1] {org.radargun.stages.DestroyWrapperStage} After executing cleanup, memory looks like this: Memory - free: 2,935,311 kb - max:4,906,688 kb- total:2,944,064 kb
 INFO  [pool-1-thread-1] {org.radargun.Slave} Finished stage: DestroyWrapper {enforceMemoryThrashHold=true, exitBenchmarkOnSlaveFailure=false, heapDumpDir=null, memoryThreshold=95, runOnAllSlaves=true, slaves=null, useSmartClassLoading=true }
 INFO  [main] {org.radargun.Slave} Ack successfully sent to the master
 INFO  [pool-1-thread-1] {org.radargun.Slave} Executing stage: StartCluster {config=ispn52-repl-sync-rc.xml, delayAfterFirstSlaveStarts=5.000 secs, delayBetweenStartingSlaves=0.500 secs, exitBenchmarkOnSlaveFailure=true, expectNumSlaves=null, mayFailOn=null, reachable=null, runOnAllSlaves=false, slaves=null, staggerSlaveStartup=true, useSmartClassLoading=true, validateCluster=true }
 INFO  [pool-1-thread-1] {org.radargun.stages.StartClusterStage}  Startup staggering, starting 4 slaves. This is the slave with index 1. Sleeping for 5500 millis.
 INFO  [pool-1-thread-1] {org.radargun.stages.StartClusterStage} Ack master's StartCluster stage. Local address is: /127.0.0.1. This slave's index is: 1
 INFO  [pool-1-thread-1] {org.radargun.utils.ClassLoadHelper} Creating newInstance org.radargun.cachewrappers.InfinispanXSWrapper with classloader java.net.URLClassLoader@52b2f956
 INFO  [pool-1-thread-1] {org.radargun.cachewrappers.InfinispanXSWrapper} Cannot find any site for slave index 1
 INFO  [pool-1-thread-1] {org.infinispan.remoting.transport.jgroups.JGroupsTransport} ISPN000078: Starting JGroups Channel
 WARN  [pool-1-thread-1] {org.jgroups.protocols.UDP} [JGRP00014] the send buffer of socket DatagramSocket was set to 640KB, but the OS only allocated 229.38KB. This might lead to performance problems. Please set your max send buffer in the OS correctly (e.g. net.core.wmem_max on Linux)
 WARN  [pool-1-thread-1] {org.jgroups.protocols.UDP} [JGRP00014] the receive buffer of socket DatagramSocket was set to 20MB, but the OS only allocated 229.38KB. This might lead to performance problems. Please set your max receive buffer in the OS correctly (e.g. net.core.rmem_max on Linux)
 WARN  [pool-1-thread-1] {org.jgroups.protocols.UDP} [JGRP00014] the send buffer of socket MulticastSocket was set to 640KB, but the OS only allocated 229.38KB. This might lead to performance problems. Please set your max send buffer in the OS correctly (e.g. net.core.wmem_max on Linux)
 WARN  [pool-1-thread-1] {org.jgroups.protocols.UDP} [JGRP00014] the receive buffer of socket MulticastSocket was set to 25MB, but the OS only allocated 229.38KB. This might lead to performance problems. Please set your max receive buffer in the OS correctly (e.g. net.core.rmem_max on Linux)
 INFO  [pool-1-thread-1] {org.infinispan.remoting.transport.jgroups.JGroupsTransport} ISPN000094: Received new cluster view: [deimos-esw-7319|1] [deimos-esw-7319, deimos-esw-22761]
 INFO  [pool-1-thread-1] {org.infinispan.remoting.transport.jgroups.JGroupsTransport} ISPN000079: Cache local address is deimos-esw-22761, physical addresses are [127.0.0.1:52001]
 INFO  [pool-1-thread-1] {org.infinispan.factories.GlobalComponentRegistry} ISPN000128: Infinispan version: Infinispan 'Delirium' 5.2.6.Final
 INFO  [pool-1-thread-1] {org.infinispan.transaction.lookup.JBossStandaloneJTAManagerLookup} ISPN000107: Retrieving transaction manager Transaction: unknown
 INFO  [Incoming-4,deimos-esw-22761] {org.infinispan.remoting.transport.jgroups.JGroupsTransport} ISPN000094: Received new cluster view: [deimos-esw-7319|2] [deimos-esw-7319, deimos-esw-22761, deimos-esw-7369]
 INFO  [pool-1-thread-1] {org.infinispan.jmx.CacheJmxRegistration} ISPN000031: MBeans were successfully registered to the platform MBean server.
 INFO  [pool-1-thread-1] {org.radargun.cachewrappers.InfinispanXSWrapper} Using transaction manager: Transaction: unknown
 INFO  [pool-1-thread-1] {org.radargun.cachewrappers.InfinispanXSWrapper} No RELAY2 protocol in XS wrapper
 INFO  [pool-1-thread-1] {org.radargun.cachewrappers.InfinispanXSWrapper} JGroups version: JGroups 3.2.7.Final
 INFO  [pool-1-thread-1] {org.radargun.cachewrappers.InfinispanXSWrapper} Using config attributes: {name=ispn52-repl-sync-rc.xml}
 INFO  [pool-1-thread-1] {org.radargun.stages.helpers.StartHelper} Number of members=3 is not the one expected: 4
 INFO  [Incoming-4,deimos-esw-22761] {org.infinispan.remoting.transport.jgroups.JGroupsTransport} ISPN000094: Received new cluster view: [deimos-esw-7319|3] [deimos-esw-7319, deimos-esw-22761, deimos-esw-7369, deimos-esw-46561]
 INFO  [pool-1-thread-1] {org.radargun.stages.helpers.StartHelper} Number of members is the one expected: 4
 INFO  [pool-1-thread-1] {org.radargun.stages.StartClusterStage} Successfully started cache wrapper on slave 1: org.radargun.cachewrappers.InfinispanXSWrapper@2a743bcc
 INFO  [pool-1-thread-1] {org.radargun.Slave} Finished stage: StartCluster {config=ispn52-repl-sync-rc.xml, delayAfterFirstSlaveStarts=5.000 secs, delayBetweenStartingSlaves=0.500 secs, exitBenchmarkOnSlaveFailure=true, expectNumSlaves=null, mayFailOn=null, reachable=null, runOnAllSlaves=false, slaves=null, staggerSlaveStartup=true, useSmartClassLoading=true, validateCluster=true }
 INFO  [main] {org.radargun.Slave} Ack successfully sent to the master
 INFO  [pool-1-thread-1] {org.radargun.Slave} Executing stage: ClusterValidation {exitBenchmarkOnSlaveFailure=false, partialReplication=false, replicationTimeSleep=2000, replicationTryCount=60, runOnAllSlaves=false, slaves=null, useSmartClassLoading=true }
 INFO  [pool-1-thread-1] {org.radargun.stages.ClusterValidationStage} Number of caches that replicated here is 3
 INFO  [pool-1-thread-1] {org.radargun.stages.ClusterValidationStage} Replication test successfully passed. partialReplication? false, replicationCount = 3
 INFO  [pool-1-thread-1] {org.radargun.stages.ClusterValidationStage} Confirm phase successful.
 INFO  [pool-1-thread-1] {org.radargun.Slave} Finished stage: ClusterValidation {exitBenchmarkOnSlaveFailure=false, partialReplication=false, replicationTimeSleep=2000, replicationTryCount=60, runOnAllSlaves=false, slaves=[ 0, 1, 2, 3 ], useSmartClassLoading=true }
 INFO  [main] {org.radargun.Slave} Ack successfully sent to the master
 INFO  [pool-1-thread-1] {org.radargun.Slave} Executing stage: StressTestWarmup {bulkSize=1, cacheSpecificKeyGenerator=false, commitTransactions=true, duration=1 mins 0 secs, entrySize=1000, exitBenchmarkOnSlaveFailure=false, fixedKeys=true, generateHistogramRange=false, keyGeneratorClass=org.radargun.stressors.StringKeyGenerator, keyGeneratorParam=null, loadAllKeys=false, numEntries=100, numOfThreads=4, numRequests=10000, numThreads=4, numberOfAttributes=100, numberOfRequests=10000, opsCountStatusLog=100000, poolKeys=true, preferAsyncOperations=false, removePercentage=0, replaceInvalidPercentage=40, runOnAllSlaves=false, sharedKeys=false, sizeOfAnAttribute=1000, slaves=null, transactionSize=50, useAtomics=false, useHistogramStatistics=false, useSimpleStatistics=true, useSmartClassLoading=true, useTransactions=null, writePercentage=20, writeTxPercentage=20 }
 INFO  [pool-1-thread-1] {org.radargun.stages.StressTestWarmupStage} Starting StressTestWarmupStage: StressTestWarmup {bulkSize=1, cacheSpecificKeyGenerator=false, commitTransactions=true, duration=1 mins 0 secs, entrySize=1000, exitBenchmarkOnSlaveFailure=false, fixedKeys=true, generateHistogramRange=false, keyGeneratorClass=org.radargun.stressors.StringKeyGenerator, keyGeneratorParam=null, loadAllKeys=false, numEntries=100, numOfThreads=4, numRequests=10000, numThreads=4, numberOfAttributes=100, numberOfRequests=10000, opsCountStatusLog=100000, poolKeys=true, preferAsyncOperations=false, removePercentage=0, replaceInvalidPercentage=40, runOnAllSlaves=false, sharedKeys=false, sizeOfAnAttribute=1000, slaves=null, transactionSize=50, useAtomics=false, useHistogramStatistics=false, useSimpleStatistics=true, useSmartClassLoading=true, useTransactions=null, writePercentage=20, writeTxPercentage=20 }
 INFO  [pool-1-thread-1] {org.radargun.stressors.StressTestStressor} Using key generator org.radargun.stressors.StringKeyGenerator, param null
 INFO  [pool-1-thread-1] {org.radargun.stressors.StressTestStressor} Executing: StressTestStressor{opsCountStatusLog=100000, numRequests=10000, numEntries=100, entrySize=1000, writePercentage=20, numThreads=4, cacheWrapper=org.radargun.cachewrappers.InfinispanXSWrapper@2a743bcc, nodeIndex=1, useTransactions=true, transactionSize=50, commitTransactions=true, durationMillis=60000}
 INFO  [pool-1-thread-1] {org.radargun.stressors.StressTestStressor} Cache wrapper info is: Running : 5.2.6.Final, config:ispn52-repl-sync-rc.xml, cacheName:testCache
 INFO  [pool-1-thread-1] {org.radargun.stressors.StressTestStressor} Started 4 stressor threads.
 INFO  [Stressor-2] {org.radargun.stressors.StressTestStressor} Number of ops executed so far: 1. Elapsed time: 0.001 secs. Remaining: 59.999 secs. Total: 1 mins 0 secs
[GC 259695K->20688K(2944064K), 0.0569300 secs]
[GC 276752K->16755K(2944064K), 0.0392180 secs]
[GC 272819K->26607K(2944064K), 0.0388180 secs]
[GC 282671K->26948K(2944064K), 0.0391060 secs]
[GC 283012K->18868K(2944064K), 0.0369540 secs]
[GC 274932K->22815K(2944064K), 0.0438850 secs]
[GC 278879K->28329K(2944064K), 0.0429050 secs]
[GC 284393K->24198K(2944064K), 0.0438330 secs]
[GC 280262K->23496K(2944064K), 0.0477750 secs]
[GC 279560K->30653K(2944064K), 0.0437720 secs]
[GC 286717K->32355K(2944064K), 0.0433640 secs]
[GC 288419K->31268K(2944064K), 0.0471190 secs]
[GC 287332K->29068K(2944064K), 0.0413480 secs]
[GC 285132K->32155K(2944064K), 0.0428820 secs]
[GC 288219K->31815K(2944064K), 0.0423700 secs]
[GC 287879K->30678K(2944064K), 0.0728610 secs]
[GC 286742K->28062K(2944064K), 0.0445760 secs]
[GC 284126K->34641K(2944064K), 0.0414110 secs]
[GC 290705K->38123K(2944064K), 0.0434960 secs]
 INFO  [Stressor-1] {org.radargun.stressors.StressTestStressor} Number of ops executed so far: 739300. Elapsed time: 20.001 secs. Remaining: 39.999 secs. Total: 1 mins 0 secs
[GC 294187K->31944K(2944064K), 0.0377340 secs]
[GC 288008K->33215K(2944064K), 0.0382210 secs]
[GC 289279K->34584K(2944064K), 0.0417690 secs]
[GC 290648K->40074K(2944064K), 0.0438580 secs]
[GC 296138K->43524K(2944064K), 0.0406180 secs]
[GC 299588K->38499K(2944064K), 0.0390830 secs]
[GC 294563K->37266K(2944064K), 0.0392440 secs]
[GC 293222K->41424K(2944064K), 0.0435930 secs]
[GC 297488K->40698K(2944064K), 0.0425220 secs]
[GC 296762K->43307K(2944064K), 0.0466630 secs]
[GC 299371K->50408K(2944064K), 0.0464500 secs]
[GC 306472K->40932K(2944064K), 0.0388840 secs]
[GC 296996K->46340K(2944064K), 0.0473140 secs]
[GC 302404K->43729K(2944064K), 0.0463980 secs]
[GC 299793K->45813K(2944064K), 0.0494220 secs]
[GC 301877K->48864K(2944064K), 0.0476710 secs]
[GC 304928K->42984K(2944064K), 0.0460380 secs]
[GC 299048K->43156K(2944064K), 0.0432460 secs]
[GC 299220K->43529K(2944064K), 0.0478720 secs]
[GC 299593K->51466K(2944064K), 0.0403000 secs]
[GC 307530K->46032K(2944064K), 0.0464430 secs]
[GC 302096K->47367K(2944064K), 0.0448140 secs]
 INFO  [Stressor-0] {org.radargun.stressors.StressTestStressor} Number of ops executed so far: 1627500. Elapsed time: 40.002 secs. Remaining: 19.998 secs. Total: 1 mins 0 secs
[GC 303431K->40982K(2944064K), 0.0428900 secs]
[GC 297046K->57425K(2944064K), 0.0483380 secs]
[GC 313489K->53635K(2944064K), 0.0481030 secs]
[GC 309699K->54641K(2944064K), 0.0454660 secs]
[GC 310705K->55547K(2944064K), 0.0462110 secs]
[GC 311611K->52403K(2944064K), 0.0480550 secs]
[GC 308467K->48865K(2944064K), 0.0440250 secs]
[GC 304929K->52678K(2944064K), 0.0445300 secs]
[GC 308742K->58703K(2944064K), 0.0456380 secs]
[GC 314767K->59198K(2944064K), 0.0514700 secs]
[GC 315262K->64344K(2944064K), 0.0446960 secs]
[GC 320408K->50715K(2944064K), 0.0450340 secs]
[GC 306779K->57229K(2944064K), 0.0422520 secs]
[GC 313293K->59216K(2944064K), 0.0463820 secs]
[GC 315280K->62758K(2944064K), 0.0473110 secs]
[GC 318822K->62357K(2944064K), 0.0502580 secs]
[GC 318421K->52314K(2944064K), 0.0403160 secs]
[GC 308378K->61727K(2944064K), 0.0442030 secs]
[GC 317791K->60339K(2944064K), 0.0494230 secs]
[GC 316393K->64738K(2944064K), 0.0451570 secs]
[GC 320802K->59565K(2944064K), 0.0441700 secs]
 INFO  [Stressor-2] {org.radargun.stressors.StressTestStressor} Number of ops executed so far: 2517550. Elapsed time: 1 mins 0 secs. Remaining: 0.000 secs. Total: 1 mins 0 secs
 INFO  [pool-1-thread-1] {org.radargun.stressors.StressTestStressor} Finished generating report. Test duration is: 1 mins 1 secs
 INFO  [pool-1-thread-1] {org.radargun.stages.StressTestWarmupStage} The warmup took: 61 seconds.
 INFO  [pool-1-thread-1] {org.radargun.Slave} Finished stage: StressTestWarmup {bulkSize=1, cacheSpecificKeyGenerator=false, commitTransactions=true, duration=1 mins 0 secs, entrySize=1000, exitBenchmarkOnSlaveFailure=false, fixedKeys=true, generateHistogramRange=false, keyGeneratorClass=org.radargun.stressors.StringKeyGenerator, keyGeneratorParam=null, loadAllKeys=false, numEntries=100, numOfThreads=4, numRequests=10000, numThreads=4, numberOfAttributes=100, numberOfRequests=10000, opsCountStatusLog=100000, poolKeys=true, preferAsyncOperations=false, removePercentage=0, replaceInvalidPercentage=40, runOnAllSlaves=false, sharedKeys=false, sizeOfAnAttribute=1000, slaves=null, transactionSize=50, useAtomics=false, useHistogramStatistics=false, useSimpleStatistics=true, useSmartClassLoading=true, useTransactions=null, writePercentage=20, writeTxPercentage=20 }
 INFO  [main] {org.radargun.Slave} Ack successfully sent to the master
 INFO  [pool-1-thread-1] {org.radargun.Slave} Executing stage: ClearClusterStage {ClearCluster {exitBenchmarkOnSlaveFailure=false, runOnAllSlaves=false, slaves=[ 0 ], useSmartClassLoading=true }
 INFO  [pool-1-thread-1] {org.radargun.stages.ClearClusterStage} Before executing clear, memory looks like this: Memory - free: 2,632,712 kb - max:4,906,688 kb- total:2,944,064 kb
[Full GC 311710K->21152K(2944064K), 0.3014000 secs]
 INFO  [pool-1-thread-1] {org.radargun.stages.ClearClusterStage} After executing cleanup, memory looks like this: Memory - free: 2,920,716 kb - max:4,906,688 kb- total:2,944,192 kb
 INFO  [pool-1-thread-1] {org.radargun.Slave} Finished stage: ClearClusterStage {ClearCluster {exitBenchmarkOnSlaveFailure=false, runOnAllSlaves=false, slaves=[ 0 ], useSmartClassLoading=true }
 INFO  [main] {org.radargun.Slave} Ack successfully sent to the master
 INFO  [pool-1-thread-1] {org.radargun.Slave} Executing stage: StressTest {bulkSize=1, cacheSpecificKeyGenerator=false, commitTransactions=true, duration=1 mins 0 secs, entrySize=1000, exitBenchmarkOnSlaveFailure=false, fixedKeys=true, generateHistogramRange=false, keyGeneratorClass=org.radargun.stressors.StringKeyGenerator, keyGeneratorParam=null, loadAllKeys=false, numEntries=1000, numOfThreads=4, numRequests=10000000, numThreads=4, numberOfAttributes=1000, numberOfRequests=10000000, opsCountStatusLog=500000, poolKeys=true, preferAsyncOperations=false, removePercentage=0, replaceInvalidPercentage=40, runOnAllSlaves=false, sharedKeys=false, sizeOfAnAttribute=1000, slaves=null, transactionSize=1000, useAtomics=false, useHistogramStatistics=false, useSimpleStatistics=true, useSmartClassLoading=true, useTransactions=true, writePercentage=1, writeTxPercentage=5 }
 INFO  [pool-1-thread-1] {org.radargun.stages.StressTestStage} Starting StressTestStage: StressTest {bulkSize=1, cacheSpecificKeyGenerator=false, commitTransactions=true, duration=1 mins 0 secs, entrySize=1000, exitBenchmarkOnSlaveFailure=false, fixedKeys=true, generateHistogramRange=false, keyGeneratorClass=org.radargun.stressors.StringKeyGenerator, keyGeneratorParam=null, loadAllKeys=false, numEntries=1000, numOfThreads=4, numRequests=10000000, numThreads=4, numberOfAttributes=1000, numberOfRequests=10000000, opsCountStatusLog=500000, poolKeys=true, preferAsyncOperations=false, removePercentage=0, replaceInvalidPercentage=40, runOnAllSlaves=false, sharedKeys=false, sizeOfAnAttribute=1000, slaves=null, transactionSize=1000, useAtomics=false, useHistogramStatistics=false, useSimpleStatistics=true, useSmartClassLoading=true, useTransactions=true, writePercentage=1, writeTxPercentage=5 }
 INFO  [pool-1-thread-1] {org.radargun.stressors.StressTestStressor} Using key generator org.radargun.stressors.StringKeyGenerator, param null
 INFO  [pool-1-thread-1] {org.radargun.stressors.StressTestStressor} Executing: StressTestStressor{opsCountStatusLog=500000, numRequests=10000000, numEntries=1000, entrySize=1000, writePercentage=1, numThreads=4, cacheWrapper=org.radargun.cachewrappers.InfinispanXSWrapper@2a743bcc, nodeIndex=1, useTransactions=true, transactionSize=1000, commitTransactions=true, durationMillis=60000}
 INFO  [pool-1-thread-1] {org.radargun.stressors.StressTestStressor} Cache wrapper info is: Running : 5.2.6.Final, config:ispn52-repl-sync-rc.xml, cacheName:testCache
[GC 277344K->58668K(2944192K), 0.0541280 secs]
 INFO  [pool-1-thread-1] {org.radargun.stressors.StressTestStressor} Started 4 stressor threads.
 INFO  [Stressor-1] {org.radargun.stressors.StressTestStressor} Number of ops executed so far: 1. Elapsed time: 0.000 secs. Remaining: 1 mins 0 secs. Total: 1 mins 0 secs
[GC 314860K->61819K(2944192K), 0.0446030 secs]
[GC 318011K->68133K(2944192K), 0.0410280 secs]
[GC 324325K->58642K(2944192K), 0.0396710 secs]
[GC 314834K->58933K(2944192K), 0.0401740 secs]
[GC 315125K->61621K(2944192K), 0.0436210 secs]
[GC 317813K->62168K(2944192K), 0.0447780 secs]
[GC 318360K->63879K(2944192K), 0.0401860 secs]
[GC 320071K->63436K(2944192K), 0.0391090 secs]
[GC 319628K->55823K(2944192K), 0.0410140 secs]
[GC 312015K->61816K(2944192K), 0.0411840 secs]
[GC 318008K->55906K(2944192K), 0.0445540 secs]
[GC 312098K->55746K(2944192K), 0.0456290 secs]
[GC 311938K->60752K(2944192K), 0.0410830 secs]
[GC 316944K->61360K(2944192K), 0.0437180 secs]
[GC 317552K->55318K(2944192K), 0.0503530 secs]
 INFO  [Stressor-2] {org.radargun.stressors.StressTestStressor} Number of ops executed so far: 5463056. Elapsed time: 20.000 secs. Remaining: 40.000 secs. Total: 1 mins 0 secs
[GC 311506K->57276K(2944192K), 0.0353850 secs]
[GC 313468K->59464K(2944192K), 0.0315920 secs]
[GC 315656K->59894K(2944192K), 0.0340000 secs]
[GC 316086K->55061K(2944192K), 0.0346210 secs]
[GC 311253K->59460K(2944192K), 0.0340210 secs]
[GC 315652K->55954K(2944192K), 0.0304240 secs]
[GC 312146K->60974K(2944192K), 0.0341900 secs]
[GC 317166K->56112K(2944192K), 0.0317290 secs]
[GC 312304K->60496K(2944192K), 0.0330220 secs]
[GC 316688K->61907K(2944192K), 0.0306280 secs]
[GC 318099K->57045K(2944192K), 0.0335010 secs]
[GC 313237K->62260K(2944192K), 0.0372030 secs]
[GC 318452K->56977K(2944192K), 0.0330860 secs]
[GC 313169K->58149K(2944192K), 0.0310000 secs]
[GC 314341K->62806K(2944192K), 0.0314510 secs]
[GC 318998K->57841K(2944192K), 0.0350790 secs]
 INFO  [Stressor-1] {org.radargun.stressors.StressTestStressor} Number of ops executed so far: 10761403. Elapsed time: 40.000 secs. Remaining: 20.000 secs. Total: 1 mins 0 secs
[GC 314033K->62492K(2944192K), 0.0334530 secs]
[GC 318684K->59241K(2944192K), 0.0339040 secs]
[GC 315433K->59602K(2944192K), 0.0344590 secs]
[GC 315794K->64198K(2944192K), 0.0309740 secs]
[GC 320380K->65564K(2944192K), 0.0299190 secs]
[GC 321748K->65428K(2944192K), 0.0333280 secs]
[GC 321620K->66411K(2944192K), 0.0312580 secs]
[GC 322603K->71974K(2944192K), 0.0288160 secs]
[GC 328166K->68438K(2944192K), 0.0310880 secs]
[GC 324630K->63020K(2944192K), 0.0312800 secs]
[GC 319212K->73082K(2944192K), 0.0351200 secs]
[GC 329274K->64424K(2944192K), 0.0327520 secs]
[GC 320616K->64544K(2944192K), 0.0329540 secs]
[GC 320736K->69271K(2944192K), 0.0332210 secs]
[GC 325463K->70898K(2944192K), 0.0320690 secs]
 INFO  [Stressor-3] {org.radargun.stressors.StressTestStressor} Number of ops executed so far: 16269201. Elapsed time: 1 mins 0 secs. Remaining: 0.000 secs. Total: 1 mins 0 secs
 INFO  [pool-1-thread-1] {org.radargun.stressors.StressTestStressor} Finished generating report. Test duration is: 1 mins 2 secs
 INFO  [pool-1-thread-1] {org.radargun.stages.StressTestStage} size info: Running : 5.2.6.Final, config:ispn52-repl-sync-rc.xml, cacheName:testCache, clusterSize:4, nodeIndex:1, cacheSize: 16000
 INFO  [pool-1-thread-1] {org.radargun.Slave} Finished stage: StressTest {bulkSize=1, cacheSpecificKeyGenerator=false, commitTransactions=true, duration=1 mins 0 secs, entrySize=1000, exitBenchmarkOnSlaveFailure=false, fixedKeys=true, generateHistogramRange=false, keyGeneratorClass=org.radargun.stressors.StringKeyGenerator, keyGeneratorParam=null, loadAllKeys=false, numEntries=1000, numOfThreads=4, numRequests=10000000, numThreads=4, numberOfAttributes=1000, numberOfRequests=10000000, opsCountStatusLog=500000, poolKeys=true, preferAsyncOperations=false, removePercentage=0, replaceInvalidPercentage=40, runOnAllSlaves=false, sharedKeys=false, sizeOfAnAttribute=1000, slaves=null, transactionSize=1000, useAtomics=false, useHistogramStatistics=false, useSimpleStatistics=true, useSmartClassLoading=true, useTransactions=true, writePercentage=1, writeTxPercentage=5 }
 INFO  [main] {org.radargun.Slave} Ack successfully sent to the master
 INFO  [main] {org.radargun.Slave} Master shutdown!
 INFO  [Thread-0] {org.radargun.ShutDownHook} Slave process is being shutdown
