/usr/java/jdk1.7.0_21/bin/java -server -Xmx1024M -Xms1024M -Dresolve.dns=false -Djgroups.timer.num_threads=4 -verbose:gc -Xmx5000M -Xms3000M -server -XX:+UseConcMarkSweepGC -XX:+AggressiveOpts -verbose:gc -XX:ParallelGCThreads=4 -XX:NewRatio=5 -XX:SurvivorRatio=2 -Dhazelcast.operation.thread.count=4 -Djava.net.preferIPv4Stack=true -Dlog4j.file.prefix=deimos-esw-10537 -Dbind.address= -Djgroups.bind_addr= -classpath /home/smf/github/radargun/target/distribution/RadarGun-1.1.0-SNAPSHOT/lib/activation-1.1.jar:/home/smf/github/radargun/target/distribution/RadarGun-1.1.0-SNAPSHOT/lib/commons-beanutils-1.8.0.jar:/home/smf/github/radargun/target/distribution/RadarGun-1.1.0-SNAPSHOT/lib/commons-digester-2.0.jar:/home/smf/github/radargun/target/distribution/RadarGun-1.1.0-SNAPSHOT/lib/commons-logging-1.1.1.jar:/home/smf/github/radargun/target/distribution/RadarGun-1.1.0-SNAPSHOT/lib/commons-math-1.2.jar:/home/smf/github/radargun/target/distribution/RadarGun-1.1.0-SNAPSHOT/lib/jboss-transaction-api-1.0.1.GA.jar:/home/smf/github/radargun/target/distribution/RadarGun-1.1.0-SNAPSHOT/lib/jcommon-1.0.15.jar:/home/smf/github/radargun/target/distribution/RadarGun-1.1.0-SNAPSHOT/lib/jfreechart-1.0.12.jar:/home/smf/github/radargun/target/distribution/RadarGun-1.1.0-SNAPSHOT/lib/log4j-1.2.14.jar:/home/smf/github/radargun/target/distribution/RadarGun-1.1.0-SNAPSHOT/lib/mail-1.4.2.jar:/home/smf/github/radargun/target/distribution/RadarGun-1.1.0-SNAPSHOT/lib/radargun-framework-1.1.0-SNAPSHOT.jar:/home/smf/github/radargun/target/distribution/RadarGun-1.1.0-SNAPSHOT/conf org.radargun.Slave -master 127.0.0.1:2103
--------------------------------------------------------------------------------
PerNodeRollingFileAppender::Using file prefix:deimos-esw-10537
 INFO  [main] {org.radargun.Slave} Attempting to connect to master 127.0.0.1:2103
 INFO  [main] {org.radargun.Slave} Successfully established connection with master at: 127.0.0.1:2103
Loading JARS from /home/smf/github/radargun/target/distribution/RadarGun-1.1.0-SNAPSHOT/lib/radargun-framework-1.1.0-SNAPSHOT.jar
 INFO  [pool-1-thread-1] {org.radargun.config.AnnotatedHelper} Loading JARS from /home/smf/github/radargun/target/distribution/RadarGun-1.1.0-SNAPSHOT/lib/radargun-framework-1.1.0-SNAPSHOT.jar
 INFO  [pool-1-thread-1] {org.radargun.config.AnnotatedHelper} Loading JARS from /home/smf/github/radargun/target/distribution/RadarGun-1.1.0-SNAPSHOT/lib/radargun-framework-1.1.0-SNAPSHOT.jar
 INFO  [pool-1-thread-1] {org.radargun.Slave} Executing stage: DestroyWrapper {enforceMemoryThrashHold=true, exitBenchmarkOnSlaveFailure=false, heapDumpDir=null, memoryThreshold=95, runOnAllSlaves=true, slaves=null, useSmartClassLoading=true }
 INFO  [pool-1-thread-1] {org.radargun.stages.DestroyWrapperStage} Received destroy cache wrapper request from master...
 INFO  [pool-1-thread-1] {org.radargun.stages.DestroyWrapperStage} No cache wrapper deployed on this slave, nothing to do.
 INFO  [pool-1-thread-1] {org.radargun.stages.DestroyWrapperStage} Before executing clear, memory looks like this: Memory - free: 2,928,638 kb - max:4,906,688 kb- total:2,944,000 kb
[Full GC 15361K->3631K(2944000K), 0.0693960 secs]
 INFO  [pool-1-thread-1] {org.radargun.stages.DestroyWrapperStage} After executing cleanup, memory looks like this: Memory - free: 2,935,311 kb - max:4,906,688 kb- total:2,944,064 kb
 INFO  [pool-1-thread-1] {org.radargun.Slave} Finished stage: DestroyWrapper {enforceMemoryThrashHold=true, exitBenchmarkOnSlaveFailure=false, heapDumpDir=null, memoryThreshold=95, runOnAllSlaves=true, slaves=null, useSmartClassLoading=true }
 INFO  [main] {org.radargun.Slave} Ack successfully sent to the master
 INFO  [pool-1-thread-1] {org.radargun.Slave} Executing stage: StartCluster {config=ispn52-repl-sync-rc.xml, delayAfterFirstSlaveStarts=5.000 secs, delayBetweenStartingSlaves=0.500 secs, exitBenchmarkOnSlaveFailure=true, expectNumSlaves=null, mayFailOn=null, reachable=null, runOnAllSlaves=false, slaves=null, staggerSlaveStartup=true, useSmartClassLoading=true, validateCluster=true }
 INFO  [pool-1-thread-1] {org.radargun.stages.StartClusterStage}  Startup staggering, starting 6 slaves. This is the slave with index 5. Sleeping for 7500 millis.
 INFO  [pool-1-thread-1] {org.radargun.stages.StartClusterStage} Ack master's StartCluster stage. Local address is: /127.0.0.1. This slave's index is: 5
 INFO  [pool-1-thread-1] {org.radargun.utils.ClassLoadHelper} Creating newInstance org.radargun.cachewrappers.FFWrapper with classloader java.net.URLClassLoader@a2e02b2
 INFO  [pool-1-thread-1] {org.radargun.cachewrappers.FFWrapper} config=ispn52-repl-sync-rc.xml, isLocal=false, nodeIndex=5, confAttributes={name=ispn52-repl-sync-rc.xml, decorate=infinispan52}
 INFO  [pool-1-thread-1] {org.radargun.cachewrappers.FFWrapper} Found fenix framework config options in 'rg-fenix-framework-config-options.properties'.
 INFO  [pool-1-thread-1] {org.radargun.cachewrappers.FFWrapper} Setting extra config properties for Fenix Framework.
 INFO  [pool-1-thread-1] {org.radargun.cachewrappers.FFWrapper} Will initialize Fenix Framework with RadarGunDataGridConfig
 TRACE [pool-1-thread-1] {pt.ist.fenixframework.FenixFramework} Static initializer block for FenixFramework class [BEGIN]
 INFO  [pool-1-thread-1] {pt.ist.fenixframework.FenixFramework} Trying auto-initialization with configuration by convention
 INFO  [pool-1-thread-1] {pt.ist.fenixframework.FenixFramework} Resource 'fenix-framework.properties' not found
 DEBUG [pool-1-thread-1] {pt.ist.fenixframework.FenixFramework} Fenix Framework properties after reading default config file:{}
 DEBUG [pool-1-thread-1] {pt.ist.fenixframework.FenixFramework} CurrentBackEndName = jvstm-datagrid
 INFO  [pool-1-thread-1] {pt.ist.fenixframework.FenixFramework} Resource 'fenix-framework-jvstm-datagrid.properties' not found
 DEBUG [pool-1-thread-1] {pt.ist.fenixframework.FenixFramework} Fenix Framework properties after reading backend config file:{}
 DEBUG [pool-1-thread-1] {pt.ist.fenixframework.FenixFramework} Fenix Framework properties after enforcing system properties:{}
 INFO  [pool-1-thread-1] {pt.ist.fenixframework.FenixFramework} Skipping configuration by convention.
 TRACE [pool-1-thread-1] {pt.ist.fenixframework.FenixFramework} Static initializer block for FenixFramework class [END]
 INFO  [pool-1-thread-1] {pt.ist.fenixframework.FenixFramework} Initializing Fenix Framework with config.class=pt.ist.fenixframework.backend.jvstm.datagrid.radargun.RadarGunDataGridConfig
 INFO  [pool-1-thread-1] {pt.ist.fenixframework.backend.jvstm.cluster.JvstmClusterBackEnd} initializeGroupCommunication()
 INFO  [pool-1-thread-1] {com.hazelcast.config.ClasspathXmlConfig} Configuring Hazelcast from 'hazelcast-ff.xml'.
 INFO  [pool-1-thread-1] {com.hazelcast.instance.DefaultAddressPicker} Interfaces is disabled, trying to pick one address from TCP-IP config addresses: [127.0.0.1]
 INFO  [pool-1-thread-1] {com.hazelcast.instance.DefaultAddressPicker} Picked Address[127.0.0.1]:5706, using socket ServerSocket[addr=/0.0.0.0,localport=5706], bind any local is true
 INFO  [pool-1-thread-1] {com.hazelcast.system} [127.0.0.1]:5706 [FenixFrameworkGroup] Hazelcast Community Edition 3.0.2 (20130906) starting at Address[127.0.0.1]:5706
 INFO  [pool-1-thread-1] {com.hazelcast.system} [127.0.0.1]:5706 [FenixFrameworkGroup] Copyright (C) 2008-2013 Hazelcast.com
 INFO  [pool-1-thread-1] {com.hazelcast.instance.Node} [127.0.0.1]:5706 [FenixFrameworkGroup] Creating MulticastJoiner
 INFO  [pool-1-thread-1] {com.hazelcast.core.LifecycleService} [127.0.0.1]:5706 [FenixFrameworkGroup] Address[127.0.0.1]:5706 is STARTING
 INFO  [pool-1-thread-1] {com.hazelcast.cluster.TcpIpJoiner} [127.0.0.1]:5706 [FenixFrameworkGroup] Connecting to possible member: Address[127.0.0.1]:5703
 INFO  [pool-1-thread-1] {com.hazelcast.cluster.TcpIpJoiner} [127.0.0.1]:5706 [FenixFrameworkGroup] Connecting to possible member: Address[127.0.0.1]:5702
 INFO  [pool-1-thread-1] {com.hazelcast.cluster.TcpIpJoiner} [127.0.0.1]:5706 [FenixFrameworkGroup] Connecting to possible member: Address[127.0.0.1]:5701
 INFO  [hz._hzInstance_1_FenixFrameworkGroup.cached.thread-2] {com.hazelcast.nio.SocketConnector} [127.0.0.1]:5706 [FenixFrameworkGroup] Connecting to /127.0.0.1:5703, timeout: 0, bind-any: true
 INFO  [hz._hzInstance_1_FenixFrameworkGroup.cached.thread-3] {com.hazelcast.nio.SocketConnector} [127.0.0.1]:5706 [FenixFrameworkGroup] Connecting to /127.0.0.1:5702, timeout: 0, bind-any: true
 INFO  [hz._hzInstance_1_FenixFrameworkGroup.cached.thread-1] {com.hazelcast.nio.SocketConnector} [127.0.0.1]:5706 [FenixFrameworkGroup] Connecting to /127.0.0.1:5701, timeout: 0, bind-any: true
 INFO  [hz._hzInstance_1_FenixFrameworkGroup.cached.thread-1] {com.hazelcast.nio.TcpIpConnectionManager} [127.0.0.1]:5706 [FenixFrameworkGroup] 46634 accepted socket connection from /127.0.0.1:5701
 INFO  [hz._hzInstance_1_FenixFrameworkGroup.cached.thread-2] {com.hazelcast.nio.TcpIpConnectionManager} [127.0.0.1]:5706 [FenixFrameworkGroup] 59464 accepted socket connection from /127.0.0.1:5703
 INFO  [hz._hzInstance_1_FenixFrameworkGroup.cached.thread-3] {com.hazelcast.nio.TcpIpConnectionManager} [127.0.0.1]:5706 [FenixFrameworkGroup] 55752 accepted socket connection from /127.0.0.1:5702
 INFO  [hz._hzInstance_1_FenixFrameworkGroup.cached.thread-1] {com.hazelcast.cluster.ClusterService} [127.0.0.1]:5706 [FenixFrameworkGroup] 

Members [6] {
	Member [127.0.0.1]:5701
	Member [127.0.0.1]:5702
	Member [127.0.0.1]:5704
	Member [127.0.0.1]:5705
	Member [127.0.0.1]:5706 this
	Member [127.0.0.1]:5703
}

 INFO  [hz._hzInstance_1_FenixFrameworkGroup.cached.thread-9] {com.hazelcast.nio.SocketConnector} [127.0.0.1]:5706 [FenixFrameworkGroup] Connecting to /127.0.0.1:5704, timeout: 0, bind-any: true
 INFO  [hz._hzInstance_1_FenixFrameworkGroup.IO.thread-Acceptor] {com.hazelcast.nio.SocketAcceptor} [127.0.0.1]:5706 [FenixFrameworkGroup] Accepting socket connection from /127.0.0.1:49389
 INFO  [hz._hzInstance_1_FenixFrameworkGroup.cached.thread-9] {com.hazelcast.nio.TcpIpConnectionManager} [127.0.0.1]:5706 [FenixFrameworkGroup] 51240 accepted socket connection from /127.0.0.1:5704
 INFO  [hz._hzInstance_1_FenixFrameworkGroup.IO.thread-Acceptor] {com.hazelcast.nio.TcpIpConnectionManager} [127.0.0.1]:5706 [FenixFrameworkGroup] 5706 accepted socket connection from /127.0.0.1:49389
 INFO  [hz._hzInstance_1_FenixFrameworkGroup.cached.thread-7] {com.hazelcast.nio.SocketConnector} [127.0.0.1]:5706 [FenixFrameworkGroup] Connecting to /127.0.0.1:5705, timeout: 0, bind-any: true
 INFO  [hz._hzInstance_1_FenixFrameworkGroup.cached.thread-7] {com.hazelcast.nio.TcpIpConnectionManager} [127.0.0.1]:5706 [FenixFrameworkGroup] 40128 accepted socket connection from /127.0.0.1:5705
 INFO  [hz._hzInstance_1_FenixFrameworkGroup.IO.thread-Acceptor] {com.hazelcast.nio.SocketAcceptor} [127.0.0.1]:5706 [FenixFrameworkGroup] Accepting socket connection from /127.0.0.1:57017
 INFO  [hz._hzInstance_1_FenixFrameworkGroup.IO.thread-Acceptor] {com.hazelcast.nio.TcpIpConnectionManager} [127.0.0.1]:5706 [FenixFrameworkGroup] 5706 accepted socket connection from /127.0.0.1:57017
 INFO  [pool-1-thread-1] {com.hazelcast.core.LifecycleService} [127.0.0.1]:5706 [FenixFrameworkGroup] Address[127.0.0.1]:5706 is STARTED
 INFO  [pool-1-thread-1] {pt.ist.fenixframework.backend.jvstm.cluster.ClusterUtils} Got (long) serverId: 3
 INFO  [pool-1-thread-1] {pt.ist.fenixframework.backend.jvstm.cluster.JvstmClusterBackEnd} This is NOT the first node.
 INFO  [pool-1-thread-1] {pt.ist.fenixframework.backend.jvstm.cluster.ClusterUtils} Waiting for startup from first node
 INFO  [pool-1-thread-1] {pt.ist.fenixframework.backend.jvstm.JVSTMBackEnd} initializeRepository()
 INFO  [pool-1-thread-1] {pt.ist.fenixframework.backend.jvstm.datagrid.radargun.DataGridDecorator} config=ispn52-repl-sync-rc.xml, isLocal=false, nodeIndex=5, confAttributes={name=ispn52-repl-sync-rc.xml}
 INFO  [pool-1-thread-1] {org.radargun.cachewrappers.InfinispanXSWrapper} Cannot find any site for slave index 5
[GC 259695K->12171K(2944064K), 0.0394650 secs]
 INFO  [pool-1-thread-1] {org.infinispan.remoting.transport.jgroups.JGroupsTransport} ISPN000078: Starting JGroups Channel
 WARN  [pool-1-thread-1] {org.jgroups.protocols.UDP} [JGRP00014] the send buffer of socket DatagramSocket was set to 640KB, but the OS only allocated 229.38KB. This might lead to performance problems. Please set your max send buffer in the OS correctly (e.g. net.core.wmem_max on Linux)
 WARN  [pool-1-thread-1] {org.jgroups.protocols.UDP} [JGRP00014] the receive buffer of socket DatagramSocket was set to 20MB, but the OS only allocated 229.38KB. This might lead to performance problems. Please set your max receive buffer in the OS correctly (e.g. net.core.rmem_max on Linux)
 WARN  [pool-1-thread-1] {org.jgroups.protocols.UDP} [JGRP00014] the send buffer of socket MulticastSocket was set to 640KB, but the OS only allocated 229.38KB. This might lead to performance problems. Please set your max send buffer in the OS correctly (e.g. net.core.wmem_max on Linux)
 WARN  [pool-1-thread-1] {org.jgroups.protocols.UDP} [JGRP00014] the receive buffer of socket MulticastSocket was set to 25MB, but the OS only allocated 229.38KB. This might lead to performance problems. Please set your max receive buffer in the OS correctly (e.g. net.core.rmem_max on Linux)
 INFO  [pool-1-thread-1] {org.infinispan.remoting.transport.jgroups.JGroupsTransport} ISPN000094: Received new cluster view: [deimos-esw-46436|3] [deimos-esw-46436, deimos-esw-50914, deimos-esw-27880, deimos-esw-45017]
 INFO  [pool-1-thread-1] {org.infinispan.remoting.transport.jgroups.JGroupsTransport} ISPN000079: Cache local address is deimos-esw-45017, physical addresses are [127.0.0.1:52003]
 INFO  [pool-1-thread-1] {org.infinispan.factories.GlobalComponentRegistry} ISPN000128: Infinispan version: Infinispan 'Delirium' 5.2.6.Final
 INFO  [pool-1-thread-1] {org.infinispan.transaction.lookup.JBossStandaloneJTAManagerLookup} ISPN000107: Retrieving transaction manager Transaction: unknown
 INFO  [Incoming-3,deimos-esw-45017] {org.infinispan.remoting.transport.jgroups.JGroupsTransport} ISPN000094: Received new cluster view: [deimos-esw-46436|4] [deimos-esw-46436, deimos-esw-50914, deimos-esw-27880, deimos-esw-45017, deimos-esw-17884]
 INFO  [pool-1-thread-1] {org.infinispan.jmx.CacheJmxRegistration} ISPN000031: MBeans were successfully registered to the platform MBean server.
 INFO  [Incoming-3,deimos-esw-45017] {org.infinispan.remoting.transport.jgroups.JGroupsTransport} ISPN000094: Received new cluster view: [deimos-esw-46436|5] [deimos-esw-46436, deimos-esw-50914, deimos-esw-27880, deimos-esw-45017, deimos-esw-17884, deimos-esw-3902]
 INFO  [pool-1-thread-1] {org.radargun.cachewrappers.InfinispanXSWrapper} Using transaction manager: Transaction: unknown
 INFO  [pool-1-thread-1] {org.radargun.cachewrappers.InfinispanXSWrapper} No RELAY2 protocol in XS wrapper
 INFO  [pool-1-thread-1] {org.radargun.cachewrappers.InfinispanXSWrapper} JGroups version: JGroups 3.2.7.Final
 INFO  [pool-1-thread-1] {org.radargun.cachewrappers.InfinispanXSWrapper} Using config attributes: {name=ispn52-repl-sync-rc.xml}
 INFO  [pool-1-thread-1] {pt.ist.fenixframework.backend.jvstm.datagrid.DataGridRepository} Initialization marker is present. Data Grid already existed.
 INFO  [pool-1-thread-1] {pt.ist.fenixframework.backend.jvstm.JVSTMBackEnd} initializeDomainClassInfos
 INFO  [pool-1-thread-1] {pt.ist.fenixframework.backend.jvstm.pstm.DomainClassInfo} serverId: 3, serverOidBase: 3000000000000
 INFO  [pool-1-thread-1] {pt.ist.fenixframework.backend.jvstm.pstm.DomainClassInfo} Existing domain class 'pt.ist.fenixframework.adt.bplustree.DomainInnerNode' with id '3'
 INFO  [pool-1-thread-1] {pt.ist.fenixframework.backend.jvstm.pstm.DomainClassInfo} Existing domain class 'pt.ist.fenixframework.adt.linkedlist.LinkedList' with id '9'
 INFO  [pool-1-thread-1] {pt.ist.fenixframework.backend.jvstm.pstm.DomainClassInfo} Existing domain class 'pt.ist.fenixframework.adt.bplustree.AbstractNodeArray' with id 'a'
 INFO  [pool-1-thread-1] {pt.ist.fenixframework.backend.jvstm.pstm.DomainClassInfo} Existing domain class 'pt.ist.fenixframework.adt.bplustree.LeafNodeArray' with id 'c'
 INFO  [pool-1-thread-1] {pt.ist.fenixframework.backend.jvstm.pstm.DomainClassInfo} Existing domain class 'pt.ist.fenixframework.backend.jvstm.pstm.FenixFrameworkData' with id 'd'
 INFO  [pool-1-thread-1] {pt.ist.fenixframework.backend.jvstm.pstm.DomainClassInfo} Existing domain class 'pt.ist.fenixframework.backend.jvstm.pstm.TransactionStatisticsEntry' with id '5'
 INFO  [pool-1-thread-1] {pt.ist.fenixframework.backend.jvstm.pstm.DomainClassInfo} Existing domain class 'pt.ist.fenixframework.adt.bplustree.BPlusTree' with id '7'
 INFO  [pool-1-thread-1] {pt.ist.fenixframework.backend.jvstm.pstm.DomainClassInfo} Existing domain class 'pt.ist.fenixframework.adt.bplustree.LeafNode' with id '4'
 INFO  [pool-1-thread-1] {pt.ist.fenixframework.backend.jvstm.pstm.DomainClassInfo} Existing domain class 'pt.ist.fenixframework.adt.bplustree.InnerNode' with id '8'
 INFO  [pool-1-thread-1] {pt.ist.fenixframework.backend.jvstm.pstm.DomainClassInfo} Existing domain class 'pt.ist.fenixframework.adt.bplustree.AbstractNode' with id 'f'
 INFO  [pool-1-thread-1] {pt.ist.fenixframework.backend.jvstm.pstm.DomainClassInfo} Existing domain class 'pt.ist.fenixframework.adt.bplustree.DomainLeafNode' with id '1'
 INFO  [pool-1-thread-1] {pt.ist.fenixframework.backend.jvstm.pstm.DomainClassInfo} Existing domain class 'pt.ist.fenixframework.adt.linkedlist.ListNode' with id '6'
 INFO  [pool-1-thread-1] {pt.ist.fenixframework.backend.jvstm.pstm.DomainClassInfo} Existing domain class 'pt.ist.fenixframework.adt.bplustree.DomainBPlusTree' with id 'e'
 INFO  [pool-1-thread-1] {pt.ist.fenixframework.backend.jvstm.pstm.DomainClassInfo} Existing domain class 'pt.ist.fenixframework.DomainRoot' with id '0'
 INFO  [pool-1-thread-1] {pt.ist.fenixframework.backend.jvstm.pstm.DomainClassInfo} Existing domain class 'pt.ist.fenixframework.adt.bplustree.InnerNodeArray' with id 'b'
 INFO  [pool-1-thread-1] {pt.ist.fenixframework.backend.jvstm.pstm.DomainClassInfo} Existing domain class 'pt.ist.fenixframework.adt.bplustree.BPlusTreeArray' with id '2'
 INFO  [pool-1-thread-1] {pt.ist.fenixframework.backend.jvstm.JVSTMBackEnd} setupJVSTM
 INFO  [pool-1-thread-1] {pt.ist.fenixframework.backend.jvstm.JVSTMBackEnd} Setting the last committed TX number to 2
 INFO  [pool-1-thread-1] {pt.ist.fenixframework.backend.jvstm.JVSTMBackEnd} createDomainRootIfNeeded
 INFO  [pool-1-thread-1] {pt.ist.fenixframework.backend.jvstm.JVSTMBackEnd} ensureFenixFrameworkDataExists
 INFO  [pool-1-thread-1] {pt.ist.fenixframework.hibernatesearch.HibernateSearchConfig} Resource 'fenix-framework-hibernate-search.properties' not found. Hibernate Search disabled
 INFO  [pool-1-thread-1] {pt.ist.fenixframework.FenixFramework} Initialization of Fenix Framework is now complete.
 INFO  [pool-1-thread-1] {org.radargun.cachewrappers.FFWrapper} FF STARTED=true
 INFO  [pool-1-thread-1] {org.radargun.stages.helpers.StartHelper} Number of members is the one expected: 6
 INFO  [pool-1-thread-1] {org.radargun.stages.StartClusterStage} Successfully started cache wrapper on slave 5: org.radargun.cachewrappers.FFWrapper@634fbcac
 INFO  [pool-1-thread-1] {org.radargun.Slave} Finished stage: StartCluster {config=ispn52-repl-sync-rc.xml, delayAfterFirstSlaveStarts=5.000 secs, delayBetweenStartingSlaves=0.500 secs, exitBenchmarkOnSlaveFailure=true, expectNumSlaves=null, mayFailOn=null, reachable=null, runOnAllSlaves=false, slaves=null, staggerSlaveStartup=true, useSmartClassLoading=true, validateCluster=true }
 INFO  [main] {org.radargun.Slave} Ack successfully sent to the master
 INFO  [pool-1-thread-1] {org.radargun.Slave} Executing stage: ClusterValidation {exitBenchmarkOnSlaveFailure=false, partialReplication=false, replicationTimeSleep=2000, replicationTryCount=60, runOnAllSlaves=false, slaves=null, useSmartClassLoading=true }
 INFO  [pool-1-thread-1] {org.radargun.stages.ClusterValidationStage} Number of caches that replicated here is 2
 INFO  [pool-1-thread-1] {org.radargun.stages.ClusterValidationStage} Replication test failed, 1 tries so far. Sleeping for 2 seconds and trying again.
 INFO  [pool-1-thread-1] {org.radargun.stages.ClusterValidationStage} Number of caches that replicated here is 5
 INFO  [pool-1-thread-1] {org.radargun.stages.ClusterValidationStage} Replication test successfully passed. partialReplication? false, replicationCount = 5
 INFO  [pool-1-thread-1] {org.radargun.stages.ClusterValidationStage} Confirm phase successful.
 INFO  [pool-1-thread-1] {org.radargun.Slave} Finished stage: ClusterValidation {exitBenchmarkOnSlaveFailure=false, partialReplication=false, replicationTimeSleep=2000, replicationTryCount=60, runOnAllSlaves=false, slaves=[ 0, 1, 2, 3, 4, 5 ], useSmartClassLoading=true }
 INFO  [main] {org.radargun.Slave} Ack successfully sent to the master
 INFO  [pool-1-thread-1] {org.radargun.Slave} Executing stage: StressTestWarmup {bulkSize=1, cacheSpecificKeyGenerator=false, commitTransactions=true, duration=1 mins 0 secs, entrySize=1000, exitBenchmarkOnSlaveFailure=false, fixedKeys=true, generateHistogramRange=false, keyGeneratorClass=org.radargun.stressors.StringKeyGenerator, keyGeneratorParam=null, loadAllKeys=false, numEntries=1000, numOfThreads=4, numRequests=10000, numThreads=4, numberOfAttributes=1000, numberOfRequests=10000, opsCountStatusLog=100000, poolKeys=true, preferAsyncOperations=false, removePercentage=0, replaceInvalidPercentage=40, runOnAllSlaves=false, sharedKeys=false, sizeOfAnAttribute=1000, slaves=null, transactionSize=1000, useAtomics=false, useHistogramStatistics=false, useSimpleStatistics=true, useSmartClassLoading=true, useTransactions=null, writePercentage=20, writeTxPercentage=20 }
 INFO  [pool-1-thread-1] {org.radargun.stages.StressTestWarmupStage} Starting StressTestWarmupStage: StressTestWarmup {bulkSize=1, cacheSpecificKeyGenerator=false, commitTransactions=true, duration=1 mins 0 secs, entrySize=1000, exitBenchmarkOnSlaveFailure=false, fixedKeys=true, generateHistogramRange=false, keyGeneratorClass=org.radargun.stressors.StringKeyGenerator, keyGeneratorParam=null, loadAllKeys=false, numEntries=1000, numOfThreads=4, numRequests=10000, numThreads=4, numberOfAttributes=1000, numberOfRequests=10000, opsCountStatusLog=100000, poolKeys=true, preferAsyncOperations=false, removePercentage=0, replaceInvalidPercentage=40, runOnAllSlaves=false, sharedKeys=false, sizeOfAnAttribute=1000, slaves=null, transactionSize=1000, useAtomics=false, useHistogramStatistics=false, useSimpleStatistics=true, useSmartClassLoading=true, useTransactions=null, writePercentage=20, writeTxPercentage=20 }
 INFO  [pool-1-thread-1] {org.radargun.stressors.StressTestStressor} Using key generator org.radargun.stressors.StringKeyGenerator, param null
 INFO  [pool-1-thread-1] {org.radargun.stressors.StressTestStressor} Executing: StressTestStressor{opsCountStatusLog=100000, numRequests=10000, numEntries=1000, entrySize=1000, writePercentage=20, numThreads=4, cacheWrapper=org.radargun.cachewrappers.FFWrapper@634fbcac, nodeIndex=5, useTransactions=true, transactionSize=1000, commitTransactions=true, durationMillis=60000}
 INFO  [pool-1-thread-1] {org.radargun.stressors.StressTestStressor} Cache wrapper info is: FFWrapper using infinispan52
[GC 268235K->19962K(2944064K), 0.0513790 secs]
[GC 276026K->17598K(2944064K), 0.0371360 secs]
[GC 273662K->20715K(2944064K), 0.0363920 secs]
[GC 276779K->24701K(2944064K), 0.0410270 secs]
[GC 280765K->28926K(2944064K), 0.0401500 secs]
[GC 284990K->33620K(2944064K), 0.0440590 secs]
[GC 289684K->38476K(2944064K), 0.0426320 secs]
[GC 294540K->43282K(2944064K), 0.0456650 secs]
 INFO  [pool-1-thread-1] {org.radargun.stressors.StressTestStressor} Started 4 stressor threads.
 INFO  [Stressor-1] {org.radargun.stressors.StressTestStressor} Number of ops executed so far: 1. Elapsed time: 0.001 secs. Remaining: 59.999 secs. Total: 1 mins 0 secs
[GC 299338K->54384K(2944064K), 0.0493040 secs]
[GC 310434K->59717K(2944064K), 0.0501010 secs]
[GC 315747K->77239K(2944064K), 0.0533710 secs]
[GC 332792K->89151K(2944064K), 0.0572190 secs]
[GC 345215K->114876K(2944064K), 0.0576010 secs]
[GC 370940K->126839K(2944064K), 0.1238720 secs]
[GC 382903K->121093K(2944064K), 0.0597840 secs]
[GC 377040K->116952K(2944064K), 0.0668560 secs]
[GC 373016K->121102K(2944064K), 0.0567220 secs]
[GC 377166K->125673K(2944064K), 0.0567180 secs]
[GC 381666K->124700K(2944064K), 0.0522760 secs]
[GC 380764K->171966K(2944064K), 0.0638580 secs]
 INFO  [Stressor-3] {org.radargun.stressors.StressTestStressor} Number of ops executed so far: 452000. Elapsed time: 20.004 secs. Remaining: 39.996 secs. Total: 1 mins 0 secs
[GC 428030K->169708K(2944064K), 0.0727480 secs]
[GC 425763K->162088K(2944064K), 0.0590410 secs]
[GC 418038K->159169K(2944064K), 0.0576360 secs]
[GC 415201K->179376K(2944064K), 0.0709610 secs]
[GC 435399K->172824K(2944064K), 0.0537220 secs]
[GC 428496K->182672K(2944064K), 0.0591210 secs]
[GC 438699K->180650K(2944064K), 0.0571390 secs]
[GC 436714K->192587K(2944064K), 0.0643110 secs]
[GC 448651K->214246K(2944064K), 0.0647120 secs]
[GC 470305K->229998K(2944064K), 0.0784090 secs]
[GC 486052K->227050K(2944064K), 0.0590170 secs]
[GC 483114K->218345K(2944064K), 0.0511460 secs]
 INFO  [Stressor-3] {org.radargun.stressors.StressTestStressor} Number of ops executed so far: 923000. Elapsed time: 40.025 secs. Remaining: 19.975 secs. Total: 1 mins 0 secs
[GC 474374K->229399K(2944064K), 0.0611440 secs]
[GC 485463K->226139K(2944064K), 0.0581650 secs]
[GC 482203K->253275K(2944064K), 0.0673550 secs]
[GC 509339K->252393K(2944064K), 0.0712060 secs]
[GC 507838K->264376K(2944064K), 0.0579850 secs]
[GC 520440K->288091K(2944064K), 0.0728310 secs]
[GC 544155K->293853K(2944064K), 0.0564790 secs]
[GC 549597K->303576K(2944064K), 0.0597980 secs]
[GC 559609K->299023K(2944064K), 0.0628740 secs]
[GC 554963K->305709K(2944064K), 0.0536430 secs]
[GC 561734K->326084K(2944064K), 0.0734570 secs]
[GC 582148K->315555K(2944064K), 0.0517750 secs]
[GC 571619K->325870K(2944064K), 0.0618880 secs]
 INFO  [Stressor-2] {org.radargun.stressors.StressTestStressor} Number of ops executed so far: 1390000. Elapsed time: 1 mins 0 secs. Remaining: 0.000 secs. Total: 1 mins 0 secs
 INFO  [pool-1-thread-1] {org.radargun.stressors.StressTestStressor} Finished generating report. Test duration is: 2 mins 4 secs
 INFO  [pool-1-thread-1] {org.radargun.stages.StressTestWarmupStage} The warmup took: 124 seconds.
 INFO  [pool-1-thread-1] {org.radargun.Slave} Finished stage: StressTestWarmup {bulkSize=1, cacheSpecificKeyGenerator=false, commitTransactions=true, duration=1 mins 0 secs, entrySize=1000, exitBenchmarkOnSlaveFailure=false, fixedKeys=true, generateHistogramRange=false, keyGeneratorClass=org.radargun.stressors.StringKeyGenerator, keyGeneratorParam=null, loadAllKeys=false, numEntries=1000, numOfThreads=4, numRequests=10000, numThreads=4, numberOfAttributes=1000, numberOfRequests=10000, opsCountStatusLog=100000, poolKeys=true, preferAsyncOperations=false, removePercentage=0, replaceInvalidPercentage=40, runOnAllSlaves=false, sharedKeys=false, sizeOfAnAttribute=1000, slaves=null, transactionSize=1000, useAtomics=false, useHistogramStatistics=false, useSimpleStatistics=true, useSmartClassLoading=true, useTransactions=null, writePercentage=20, writeTxPercentage=20 }
 INFO  [main] {org.radargun.Slave} Ack successfully sent to the master
[GC 581934K->331403K(2944064K), 0.0588040 secs]
[GC 587421K->351173K(2944064K), 0.0535350 secs]
[GC 607237K->343205K(2944064K), 0.0589330 secs]
[GC 599221K->395767K(2944064K), 0.0754430 secs]
[GC 651831K->371214K(2944064K), 0.0855140 secs]
[GC 627278K->407841K(2944064K), 0.0703810 secs]
[GC 663905K->435526K(2944064K), 0.0807980 secs]
[GC 691580K->438417K(2944064K), 0.0796230 secs]
[GC 694427K->434357K(2944064K), 0.0809290 secs]
[GC 690421K->468950K(2944064K), 0.0760990 secs]
[GC 725014K->494439K(2944064K), 0.0866930 secs]
[GC 750098K->475180K(2944064K), 0.0946950 secs]
[GC 730914K->524354K(2944064K), 0.0691930 secs]
[GC 780393K->539273K(2944064K), 0.0861850 secs]
[GC 795260K->542294K(2944064K), 0.0814760 secs]
[GC 798021K->534561K(2944064K), 0.0962380 secs]
[GC 790625K->556892K(2944064K), 0.0793370 secs]
[GC 812956K->586592K(2944064K), 0.0781830 secs]
[GC 842656K->585856K(2944064K), 0.0822870 secs]
[GC 841920K->618525K(2944064K), 0.0809620 secs]
[GC 874308K->634246K(2944064K), 0.0818900 secs]
[GC 890047K->665120K(2944064K), 0.0777210 secs]
[GC 921184K->646416K(2944064K), 0.0772230 secs]
[GC 902480K->667751K(2944064K), 0.0768000 secs]
[GC 923815K->665102K(2944064K), 0.0583400 secs]
[GC 921166K->667885K(2944064K), 0.0591190 secs]
[GC 923949K->671971K(2944064K), 0.0614900 secs]
[GC 928035K->659021K(2944064K), 0.0735810 secs]
[GC 915085K->693184K(2944064K), 0.0698490 secs]
[GC 949248K->705042K(2944064K), 0.0841970 secs]
[GC 961106K->723603K(2944064K), 0.0859970 secs]
[GC 979654K->737935K(2944064K), 0.0743500 secs]
[GC 993647K->753806K(2944064K), 0.0969290 secs]
[GC 1009869K->764070K(2944064K), 0.0923990 secs]
[GC 1020134K->787782K(2944064K), 0.0839940 secs]
[GC 1043846K->801658K(2944064K), 0.0780570 secs]
[GC 1057659K->815590K(2944064K), 0.0814210 secs]
[GC 1071355K->847957K(2944064K), 0.0826160 secs]
[GC 1104021K->828795K(2944064K), 0.0860390 secs]
[GC 1084859K->852117K(2944064K), 0.0771770 secs]
[GC 1108181K->873474K(2944064K), 0.0835940 secs]
[GC 1129538K->890892K(2944064K), 0.0833620 secs]
[GC 1146956K->907285K(2944064K), 0.0772260 secs]
[GC 1163290K->920947K(2944064K), 0.0808780 secs]
[GC 1177011K->936051K(2944064K), 0.0824850 secs]
[GC 1191973K->952884K(2944064K), 0.0812710 secs]
[GC 1208948K->984638K(2944064K), 0.0852990 secs]
[GC 1240558K->965934K(2944064K), 0.0796660 secs]
[GC 1221998K->1003773K(2944064K), 0.1193690 secs]
[GC 1259837K->1027727K(2944064K), 0.0780810 secs]
[GC 1283791K->1032518K(2944064K), 0.0826430 secs]
[GC 1288582K->1052827K(2944064K), 0.0848790 secs]
[GC 1308891K->1073972K(2944064K), 0.0931090 secs]
[GC 1330036K->1088411K(2944064K), 0.0916190 secs]
[GC 1344407K->1123180K(2944064K), 0.0930640 secs]
[GC 1379228K->1128531K(2944064K), 0.0923440 secs]
[GC 1384295K->1158994K(2944064K), 0.0941150 secs]
[GC 1414897K->1167284K(2944064K), 0.0948440 secs]
[GC 1423348K->1184339K(2944064K), 0.0902570 secs]
[GC 1440282K->1200970K(2944064K), 0.0888480 secs]
[GC 1456979K->1198166K(2944064K), 0.0820840 secs]
[GC 1454230K->1231954K(2944064K), 0.0841050 secs]
[GC 1487994K->1230584K(2944064K), 0.0817980 secs]
[GC 1486648K->1264245K(2944064K), 0.0826150 secs]
[GC 1520309K->1281348K(2944064K), 0.0825290 secs]
[GC 1537290K->1297888K(2944064K), 0.0876320 secs]
[GC 1553612K->1296191K(2944064K), 0.0806070 secs]
[GC 1552255K->1313084K(2944064K), 0.0799950 secs]
[GC 1568997K->1364956K(2944064K), 0.0881500 secs]
[GC 1620982K->1348491K(2944064K), 0.0835870 secs]
[GC 1604555K->1392919K(2944064K), 0.0878530 secs]
[GC 1648983K->1406946K(2944064K), 0.0881420 secs]
[GC 1407508K(2944064K), 0.0495490 secs]
[GC 1663010K->1421910K(2944064K), 0.0847770 secs]
[GC 1567520K(2944064K), 0.0466860 secs]
[GC 1641195K->1403694K(2944064K), 0.0884750 secs]
[GC 1659719K->1403191K(2944064K), 0.0825320 secs]
[GC 1659255K->1439354K(2944064K), 0.0852930 secs]
[GC 1695418K->1458109K(2944064K), 0.0885630 secs]
[GC 1714173K->1456885K(2944064K), 0.0827970 secs]
[GC 1712763K->1493608K(2944064K), 0.0838900 secs]
[GC 1749672K->1511002K(2944064K), 0.0843950 secs]
[GC 1767066K->1528754K(2944064K), 0.0917490 secs]
[GC 1784818K->1561441K(2944064K), 0.0914660 secs]
[GC 1817491K->1545536K(2944064K), 0.0901060 secs]
[GC 1801600K->1587931K(2944064K), 0.0953380 secs]
[GC 1843995K->1597138K(2944064K), 0.0926530 secs]
[GC 1853199K->1616880K(2944064K), 0.0881350 secs]
[GC 1872944K->1634243K(2944064K), 0.0909380 secs]
[GC 1890307K->1634009K(2944064K), 0.0889670 secs]
[GC 1890000K->1651234K(2944064K), 0.0861790 secs]
 INFO  [pool-1-thread-1] {org.radargun.Slave} Executing stage: ClearClusterStage {ClearCluster {exitBenchmarkOnSlaveFailure=false, runOnAllSlaves=false, slaves=[ 0 ], useSmartClassLoading=true }
 INFO  [pool-1-thread-1] {org.radargun.stages.ClearClusterStage} Before executing clear, memory looks like this: Memory - free: 1,218,432 kb - max:4,906,688 kb- total:2,944,064 kb
[Full GC 1725631K->1635662K(2944064K), 4.8424210 secs]
 INFO  [pool-1-thread-1] {org.radargun.stages.ClearClusterStage} After executing cleanup, memory looks like this: Memory - free: 1,498,242 kb - max:4,906,688 kb- total:3,135,192 kb
 INFO  [pool-1-thread-1] {org.radargun.Slave} Finished stage: ClearClusterStage {ClearCluster {exitBenchmarkOnSlaveFailure=false, runOnAllSlaves=false, slaves=[ 0 ], useSmartClassLoading=true }
 INFO  [main] {org.radargun.Slave} Ack successfully sent to the master
 INFO  [pool-1-thread-1] {org.radargun.Slave} Executing stage: StressTest {bulkSize=1, cacheSpecificKeyGenerator=false, commitTransactions=true, duration=1 mins 0 secs, entrySize=1000, exitBenchmarkOnSlaveFailure=false, fixedKeys=true, generateHistogramRange=false, keyGeneratorClass=org.radargun.stressors.StringKeyGenerator, keyGeneratorParam=null, loadAllKeys=false, numEntries=1000, numOfThreads=4, numRequests=10000000, numThreads=4, numberOfAttributes=1000, numberOfRequests=10000000, opsCountStatusLog=500000, poolKeys=true, preferAsyncOperations=false, removePercentage=0, replaceInvalidPercentage=40, runOnAllSlaves=false, sharedKeys=false, sizeOfAnAttribute=1000, slaves=null, transactionSize=1000, useAtomics=false, useHistogramStatistics=false, useSimpleStatistics=true, useSmartClassLoading=true, useTransactions=true, writePercentage=10, writeTxPercentage=100 }
 INFO  [pool-1-thread-1] {org.radargun.stages.StressTestStage} Starting StressTestStage: StressTest {bulkSize=1, cacheSpecificKeyGenerator=false, commitTransactions=true, duration=1 mins 0 secs, entrySize=1000, exitBenchmarkOnSlaveFailure=false, fixedKeys=true, generateHistogramRange=false, keyGeneratorClass=org.radargun.stressors.StringKeyGenerator, keyGeneratorParam=null, loadAllKeys=false, numEntries=1000, numOfThreads=4, numRequests=10000000, numThreads=4, numberOfAttributes=1000, numberOfRequests=10000000, opsCountStatusLog=500000, poolKeys=true, preferAsyncOperations=false, removePercentage=0, replaceInvalidPercentage=40, runOnAllSlaves=false, sharedKeys=false, sizeOfAnAttribute=1000, slaves=null, transactionSize=1000, useAtomics=false, useHistogramStatistics=false, useSimpleStatistics=true, useSmartClassLoading=true, useTransactions=true, writePercentage=10, writeTxPercentage=100 }
 INFO  [pool-1-thread-1] {org.radargun.stressors.StressTestStressor} Using key generator org.radargun.stressors.StringKeyGenerator, param null
 INFO  [pool-1-thread-1] {org.radargun.stressors.StressTestStressor} Executing: StressTestStressor{opsCountStatusLog=500000, numRequests=10000000, numEntries=1000, entrySize=1000, writePercentage=10, numThreads=4, cacheWrapper=org.radargun.cachewrappers.FFWrapper@634fbcac, nodeIndex=5, useTransactions=true, transactionSize=1000, commitTransactions=true, durationMillis=60000}
 INFO  [pool-1-thread-1] {org.radargun.stressors.StressTestStressor} Cache wrapper info is: FFWrapper using infinispan52
[GC 1908430K->1710654K(3135192K), 0.0345890 secs]
[GC 1983422K->1660468K(3135192K), 0.0409110 secs]
[GC 1933236K->1657900K(3135192K), 0.0443540 secs]
[GC 1930668K->1671916K(3135192K), 0.0497710 secs]
 INFO  [pool-1-thread-1] {org.radargun.stressors.StressTestStressor} Started 4 stressor threads.
 INFO  [Stressor-2] {org.radargun.stressors.StressTestStressor} Number of ops executed so far: 1. Elapsed time: 0.000 secs. Remaining: 1 mins 0 secs. Total: 1 mins 0 secs
[GC 1944684K->1694015K(3135192K), 0.0467640 secs]
[GC 1966721K->1691237K(3135192K), 0.0497320 secs]
[GC 1964005K->1705016K(3135192K), 0.0530290 secs]
[GC 1977761K->1717485K(3135192K), 0.0589250 secs]
[GC 1990232K->1731348K(3135192K), 0.0629690 secs]
[GC 2003950K->1731006K(3135192K), 0.0771220 secs]
[GC 2003759K->1746441K(3135192K), 0.0768490 secs]
[GC 2019209K->1770641K(3135192K), 0.0689910 secs]
[GC 2043409K->1766132K(3135192K), 0.0838430 secs]
[GC 2038900K->1757191K(3135192K), 0.0539030 secs]
[GC 2029950K->1779078K(3135192K), 0.0518560 secs]
 INFO  [Stressor-2] {org.radargun.stressors.StressTestStressor} Number of ops executed so far: 178000. Elapsed time: 20.032 secs. Remaining: 39.968 secs. Total: 1 mins 0 secs
[GC 2051831K->1774305K(3135192K), 0.0519240 secs]
[GC 2047073K->1784901K(3135192K), 0.0572090 secs]
[GC 2057583K->1822429K(3135192K), 0.0708520 secs]
[GC 2095169K->1834319K(3135192K), 0.0802990 secs]
[GC 2107087K->1833828K(3135192K), 0.0513090 secs]
[GC 2106506K->1833875K(3135192K), 0.0636040 secs]
[GC 2106643K->1832249K(3135192K), 0.0636310 secs]
[GC 2105017K->1839898K(3135192K), 0.0573740 secs]
[GC 2112665K->1846781K(3135192K), 0.1045210 secs]
[GC 2119549K->1850538K(3135192K), 0.0608310 secs]
 INFO  [Stressor-2] {org.radargun.stressors.StressTestStressor} Number of ops executed so far: 347000. Elapsed time: 40.032 secs. Remaining: 19.968 secs. Total: 1 mins 0 secs
[GC 2123306K->1866501K(3135192K), 0.0680930 secs]
[GC 2139222K->1892945K(3135192K), 0.0699900 secs]
[GC 2165713K->1919542K(3135192K), 0.0782020 secs]
[GC 2192310K->1908517K(3135192K), 0.0619750 secs]
[GC 2181285K->1912733K(3135192K), 0.0581880 secs]
[GC 2185501K->1912182K(3135192K), 0.0698570 secs]
[GC 2184950K->1922210K(3135192K), 0.0586170 secs]
[GC 2194967K->1929243K(3135192K), 0.0695850 secs]
[GC 2202011K->1922562K(3135192K), 0.0578940 secs]
[GC 2195330K->1935914K(3135192K), 0.0646370 secs]
[GC 2208674K->1963894K(3135192K), 0.0657930 secs]
 INFO  [Stressor-1] {org.radargun.stressors.StressTestStressor} Number of ops executed so far: 516000. Elapsed time: 1 mins 0 secs. Remaining: 0.000 secs. Total: 1 mins 0 secs
 INFO  [pool-1-thread-1] {org.radargun.stressors.StressTestStressor} Finished generating report. Test duration is: 1 mins 26 secs
 INFO  [pool-1-thread-1] {org.radargun.stages.StressTestStage} size info: FFWrapper using infinispan52, clusterSize:6, nodeIndex:5, cacheSize: -1
 INFO  [pool-1-thread-1] {org.radargun.Slave} Finished stage: StressTest {bulkSize=1, cacheSpecificKeyGenerator=false, commitTransactions=true, duration=1 mins 0 secs, entrySize=1000, exitBenchmarkOnSlaveFailure=false, fixedKeys=true, generateHistogramRange=false, keyGeneratorClass=org.radargun.stressors.StringKeyGenerator, keyGeneratorParam=null, loadAllKeys=false, numEntries=1000, numOfThreads=4, numRequests=10000000, numThreads=4, numberOfAttributes=1000, numberOfRequests=10000000, opsCountStatusLog=500000, poolKeys=true, preferAsyncOperations=false, removePercentage=0, replaceInvalidPercentage=40, runOnAllSlaves=false, sharedKeys=false, sizeOfAnAttribute=1000, slaves=null, transactionSize=1000, useAtomics=false, useHistogramStatistics=false, useSimpleStatistics=true, useSmartClassLoading=true, useTransactions=true, writePercentage=10, writeTxPercentage=100 }
 INFO  [main] {org.radargun.Slave} Ack successfully sent to the master
[GC 2236662K->1944807K(3135192K), 0.0690170 secs]
[GC 2217532K->1982180K(3135192K), 0.0644980 secs]
[GC 2254947K->1998709K(3135192K), 0.0763090 secs]
[GC 2271477K->2025901K(3135192K), 0.0951910 secs]
[GC 2298669K->2007715K(3135192K), 0.0962810 secs]
[GC 2280483K->2017541K(3135192K), 0.1080620 secs]
[GC 2290284K->2061893K(3135192K), 0.0888000 secs]
[GC 2334661K->2094321K(3135192K), 0.0949960 secs]
[GC 2366980K->2075443K(3135192K), 0.0936290 secs]
[GC 2348211K->2135791K(3135192K), 0.0988380 secs]
[GC 2408559K->2109937K(3135192K), 0.0998800 secs]
[GC 2382705K->2172997K(3135192K), 0.1018660 secs]
[GC 2445765K->2149480K(3135192K), 0.1058760 secs]
[GC 2422048K->2197811K(3135192K), 0.1019980 secs]
[GC 2470552K->2207058K(3135192K), 0.0991370 secs]
[GC 2479826K->2224392K(3135192K), 0.0997010 secs]
[GC 2497160K->2222917K(3135192K), 0.0935000 secs]
[GC 2495685K->2238230K(3135192K), 0.0950780 secs]
[GC 2510998K->2253426K(3135192K), 0.0927970 secs]
[GC 2526171K->2286581K(3135192K), 0.0920650 secs]
[GC 2559349K->2266257K(3135192K), 0.0840100 secs]
[GC 2539025K->2307678K(3135192K), 0.0667840 secs]
[GC 2580446K->2330586K(3135192K), 0.0705400 secs]
[GC 2603354K->2304010K(3135192K), 0.0953190 secs]
[GC 2576778K->2365021K(3135192K), 0.0938710 secs]
[GC 2637749K->2337688K(3135192K), 0.0940210 secs]
[GC 2610456K->2388580K(3135192K), 0.0864450 secs]
[GC 2661348K->2372260K(3135192K), 0.0949800 secs]
[GC 2645028K->2413325K(3135192K), 0.0943540 secs]
[GC 2686093K->2419669K(3135192K), 0.0988300 secs]
[GC 2692437K->2416986K(3135192K), 0.0919430 secs]
[GC 2689754K->2452424K(3135192K), 0.0897570 secs]
[GC 2725192K->2468498K(3135192K), 0.0906810 secs]
[GC 2741266K->2498348K(3135192K), 0.0910400 secs]
[GC 2771116K->2477124K(3135192K), 0.0941760 secs]
[GC 2749891K->2519442K(3135192K), 0.0918110 secs]
[GC 2792207K->2543942K(3135192K), 0.0969440 secs]
[GC 2816710K->2521962K(3135192K), 0.1146230 secs]
[GC 2794730K->2570240K(3135192K), 0.0955200 secs]
[GC 2843008K->2567973K(3135192K), 0.0932850 secs]
[GC 2840741K->2587134K(3135192K), 0.0984740 secs]
[GC 2859902K->2623239K(3135192K), 0.0976530 secs]
[GC 2896007K->2620845K(3135192K), 0.0998230 secs]
[GC 2621525K(3135192K), 0.0498500 secs]
[GC 2893613K->2638012K(3135192K), 0.0947700 secs]
[GC 2786445K(3135192K), 0.0552140 secs]
[GC 2756205K->2501104K(4385288K), 0.1046960 secs]
[GC 2773732K->2537198K(4385288K), 0.1055220 secs]
[GC 2809966K->2574082K(4385288K), 0.1027600 secs]
[GC 2846850K->2552578K(4385288K), 0.1031050 secs]
[GC 2825288K->2609069K(4385288K), 0.1063450 secs]
[GC 2881837K->2583607K(4385288K), 0.1000790 secs]
[GC 2856357K->2630687K(4385288K), 0.1083700 secs]
[GC 2903455K->2620191K(4385288K), 0.1030090 secs]
[GC 2892959K->2658393K(4385288K), 0.1059760 secs]
[GC 2931161K->2676452K(4385288K), 0.1073460 secs]
[GC 2949216K->2713667K(4385288K), 0.1044400 secs]
[GC 2986217K->2731322K(4385288K), 0.1090570 secs]
[GC 3004090K->2739280K(4385288K), 0.1069000 secs]
[GC 3012048K->2741097K(4385288K), 0.1142480 secs]
[GC 3013865K->2791371K(4385288K), 0.1068410 secs]
[GC 3064139K->2776033K(4385288K), 0.1079560 secs]
[GC 3048801K->2830170K(4385288K), 0.1072320 secs]
[GC 3102938K->2811442K(4385288K), 0.1055580 secs]
[GC 3084210K->2868939K(4385288K), 0.1102080 secs]
[GC 3141695K->2849594K(4385288K), 0.1091690 secs]
[GC 3122362K->2907594K(4385288K), 0.1096030 secs]
[GC 3180362K->2926991K(4385288K), 0.1054960 secs]
[GC 3199759K->2911263K(4385288K), 0.1048720 secs]
[GC 3184006K->2959837K(4385288K), 0.1128120 secs]
[GC 3232605K->2985421K(4385288K), 0.1045930 secs]
[GC 3258189K->2969438K(4385288K), 0.1125300 secs]
[GC 3242206K->3024255K(4385288K), 0.1077080 secs]
 INFO  [main] {org.radargun.Slave} Master shutdown!
 INFO  [Thread-0] {org.radargun.ShutDownHook} Slave process is being shutdown
 INFO  [hz._hzInstance_1_FenixFrameworkGroup.IO.thread-in-2] {com.hazelcast.nio.TcpIpConnection} [127.0.0.1]:5706 [FenixFrameworkGroup] Connection [Address[127.0.0.1]:5701] lost. Reason: java.io.EOFException[Remote socket closed!]
 INFO  [hz.ShutdownThread] {com.hazelcast.nio.TcpIpConnection} [127.0.0.1]:5706 [FenixFrameworkGroup] Connection [Address[127.0.0.1]:5705] lost. Reason: Socket explicitly closed
[GC 3297023K->3043581K(4385288K), 0.1151810 secs]
 INFO  [hz._hzInstance_1_FenixFrameworkGroup.IO.thread-in-0] {com.hazelcast.nio.TcpIpConnection} [127.0.0.1]:5706 [FenixFrameworkGroup] Connection [Address[127.0.0.1]:5704] lost. Reason: java.io.EOFException[Remote socket closed!]
 INFO  [hz.ShutdownThread] {com.hazelcast.nio.TcpIpConnection} [127.0.0.1]:5706 [FenixFrameworkGroup] Connection [Address[127.0.0.1]:5702] lost. Reason: Socket explicitly closed
 INFO  [hz._hzInstance_1_FenixFrameworkGroup.IO.thread-in-2] {com.hazelcast.nio.TcpIpConnection} [127.0.0.1]:5706 [FenixFrameworkGroup] Connection [Address[127.0.0.1]:5705] lost. Reason: java.io.EOFException[Remote socket closed!]
 INFO  [hz._hzInstance_1_FenixFrameworkGroup.IO.thread-in-1] {com.hazelcast.nio.TcpIpConnection} [127.0.0.1]:5706 [FenixFrameworkGroup] Connection [Address[127.0.0.1]:5704] lost. Reason: java.io.EOFException[Remote socket closed!]
 INFO  [hz._hzInstance_1_FenixFrameworkGroup.IO.thread-in-0] {com.hazelcast.nio.TcpIpConnection} [127.0.0.1]:5706 [FenixFrameworkGroup] Connection [Address[127.0.0.1]:5703] lost. Reason: java.io.EOFException[Remote socket closed!]
 INFO  [hz.ShutdownThread] {com.hazelcast.initializer} [127.0.0.1]:5706 [FenixFrameworkGroup] Destroying node initializer.
 INFO  [hz.ShutdownThread] {com.hazelcast.instance.Node} [127.0.0.1]:5706 [FenixFrameworkGroup] Hazelcast Shutdown is completed in 171 ms.
