2013-10-04 01:37:46,614 [main] INFO  [org.radargun.LaunchMaster] Running in directory: /home/smf/github/radargun/target/distribution/RadarGun-1.1.0-SNAPSHOT/.
2013-10-04 01:37:46,615 [main] INFO  [org.radargun.LaunchMaster] Configuration file is: /home/smf/github/radargun/target/distribution/RadarGun-1.1.0-SNAPSHOT/conf/run-this-benc.xml
2013-10-04 01:37:46,632 [main] INFO  [org.radargun.config.AnnotatedHelper] Loading JARS from /home/smf/github/radargun/target/distribution/RadarGun-1.1.0-SNAPSHOT/lib/radargun-framework-1.1.0-SNAPSHOT.jar
2013-10-04 01:37:46,768 [main] INFO  [org.radargun.config.AnnotatedHelper] Loading JARS from /home/smf/github/radargun/target/distribution/RadarGun-1.1.0-SNAPSHOT/lib/radargun-framework-1.1.0-SNAPSHOT.jar
2013-10-04 01:37:47,204 [main] INFO  [org.radargun.state.MasterState] Started benchmarking product 'hazelcast3' with configuration 'hzl3-repl-sync'
2013-10-04 01:37:47,218 [main] INFO  [org.radargun.Master] Master started and listening for connection on: /127.0.0.1:2103
2013-10-04 01:37:47,219 [main] INFO  [org.radargun.Master] Waiting 5 seconds for server socket to open completely
2013-10-04 01:37:52,231 [main] INFO  [org.radargun.Master] Awaiting registration from 12 slaves.
2013-10-04 01:37:52,236 [main] INFO  [org.radargun.Master] Awaiting registration from 11 slaves.
2013-10-04 01:37:52,236 [main] INFO  [org.radargun.Master] Awaiting registration from 10 slaves.
2013-10-04 01:37:52,807 [main] INFO  [org.radargun.Master] Awaiting registration from 9 slaves.
2013-10-04 01:37:53,849 [main] INFO  [org.radargun.Master] Awaiting registration from 8 slaves.
2013-10-04 01:37:54,898 [main] INFO  [org.radargun.Master] Awaiting registration from 7 slaves.
2013-10-04 01:37:55,937 [main] INFO  [org.radargun.Master] Awaiting registration from 6 slaves.
2013-10-04 01:37:56,977 [main] INFO  [org.radargun.Master] Awaiting registration from 5 slaves.
2013-10-04 01:37:58,019 [main] INFO  [org.radargun.Master] Awaiting registration from 4 slaves.
2013-10-04 01:37:59,058 [main] INFO  [org.radargun.Master] Awaiting registration from 3 slaves.
2013-10-04 01:38:00,097 [main] INFO  [org.radargun.Master] Awaiting registration from 2 slaves.
2013-10-04 01:38:01,135 [main] INFO  [org.radargun.Master] Awaiting registration from 1 slaves.
2013-10-04 01:38:02,171 [main] INFO  [org.radargun.Master] Connection established from 12 slaves.
2013-10-04 01:38:02,172 [main] INFO  [org.radargun.config.ScalingBenchmarkConfig] Initializing.  Starting with 12 nodes, up to 12 nodes, incrementing by 1
2013-10-04 01:38:02,173 [main] INFO  [org.radargun.config.ScalingBenchmarkConfig] Initializing configuration with 12 nodes
2013-10-04 01:38:02,173 [main] INFO  [org.radargun.config.ScalingBenchmarkConfig] Number of cluster topologies on which benchmark will be executed is 1
2013-10-04 01:38:02,174 [main] INFO  [org.radargun.Master] Starting 'DestroyWrapperStage' on 12 slave nodes.
2013-10-04 01:38:03,045 [main] INFO  [org.radargun.stages.DestroyWrapperStage] Received responses from all 12 slaves. Durations [0 = 214 milliseconds, 1 = 213 milliseconds, 2 = 173 milliseconds, 3 = 213 milliseconds, 4 = 194 milliseconds, 5 = 138 milliseconds, 6 = 216 milliseconds, 7 = 130 milliseconds, 8 = 114 milliseconds, 9 = 129 milliseconds, 10 = 114 milliseconds, 11 = 136 milliseconds]
2013-10-04 01:38:03,047 [main] INFO  [org.radargun.stages.DestroyWrapperStage] Node 0 has an initial free memory of: 2.79 Gb
2013-10-04 01:38:03,047 [main] INFO  [org.radargun.stages.DestroyWrapperStage] Node 1 has an initial free memory of: 2.79 Gb
2013-10-04 01:38:03,048 [main] INFO  [org.radargun.stages.DestroyWrapperStage] Node 2 has an initial free memory of: 2.79 Gb
2013-10-04 01:38:03,048 [main] INFO  [org.radargun.stages.DestroyWrapperStage] Node 3 has an initial free memory of: 2.79 Gb
2013-10-04 01:38:03,048 [main] INFO  [org.radargun.stages.DestroyWrapperStage] Node 4 has an initial free memory of: 2.79 Gb
2013-10-04 01:38:03,048 [main] INFO  [org.radargun.stages.DestroyWrapperStage] Node 5 has an initial free memory of: 2.79 Gb
2013-10-04 01:38:03,048 [main] INFO  [org.radargun.stages.DestroyWrapperStage] Node 6 has an initial free memory of: 2.79 Gb
2013-10-04 01:38:03,049 [main] INFO  [org.radargun.stages.DestroyWrapperStage] Node 7 has an initial free memory of: 2.79 Gb
2013-10-04 01:38:03,049 [main] INFO  [org.radargun.stages.DestroyWrapperStage] Node 8 has an initial free memory of: 2.79 Gb
2013-10-04 01:38:03,049 [main] INFO  [org.radargun.stages.DestroyWrapperStage] Node 9 has an initial free memory of: 2.79 Gb
2013-10-04 01:38:03,049 [main] INFO  [org.radargun.stages.DestroyWrapperStage] Node 10 has an initial free memory of: 2.79 Gb
2013-10-04 01:38:03,049 [main] INFO  [org.radargun.stages.DestroyWrapperStage] Node 11 has an initial free memory of: 2.79 Gb
2013-10-04 01:38:03,050 [main] INFO  [org.radargun.Master] Starting 'StartClusterStage' on 12 slave nodes.
2013-10-04 01:38:32,050 [main] INFO  [org.radargun.stages.StartClusterStage] Received responses from all 12 slaves. Durations [0 = 25.93 seconds, 1 = 28.92 seconds, 2 = 28.03 seconds, 3 = 28.13 seconds, 4 = 28.23 seconds, 5 = 28.35 seconds, 6 = 28.43 seconds, 7 = 28.54 seconds, 8 = 28.63 seconds, 9 = 28.74 seconds, 10 = 28.84 seconds, 11 = 28.94 seconds]
2013-10-04 01:38:32,052 [main] INFO  [org.radargun.Master] Starting 'ClusterValidationStage' on 12 slave nodes.
2013-10-04 01:38:38,000 [main] INFO  [org.radargun.stages.ClusterValidationStage] Received responses from all 12 slaves. Durations [0 = 5.35 seconds, 1 = 5.91 seconds, 2 = 5.91 seconds, 3 = 5.92 seconds, 4 = 5.91 seconds, 5 = 5.9 seconds, 6 = 5.9 seconds, 7 = 5.91 seconds, 8 = 5.87 seconds, 9 = 5.91 seconds, 10 = 5.89 seconds, 11 = 5.88 seconds]
2013-10-04 01:38:38,001 [main] INFO  [org.radargun.Master] Starting 'StressTestWarmupStage' on 12 slave nodes.
2013-10-04 01:39:39,254 [main] INFO  [org.radargun.stages.StressTestWarmupStage] Received responses from all 12 slaves. Durations [0 = 61.16 seconds, 1 = 61.17 seconds, 2 = 61.2 seconds, 3 = 61.17 seconds, 4 = 61.2 seconds, 5 = 61.19 seconds, 6 = 61.19 seconds, 7 = 61.16 seconds, 8 = 61.16 seconds, 9 = 61.17 seconds, 10 = 61.2 seconds, 11 = 61.17 seconds]
2013-10-04 01:39:39,255 [main] INFO  [org.radargun.Master] Starting 'ClearClusterStage' on 12 slave nodes.
2013-10-04 01:39:39,680 [main] INFO  [org.radargun.stages.ClearClusterStage] Received responses from all 12 slaves. Durations [0 = 405 milliseconds, 1 = 207 milliseconds, 2 = 243 milliseconds, 3 = 210 milliseconds, 4 = 217 milliseconds, 5 = 247 milliseconds, 6 = 234 milliseconds, 7 = 244 milliseconds, 8 = 129 milliseconds, 9 = 188 milliseconds, 10 = 212 milliseconds, 11 = 219 milliseconds]
2013-10-04 01:39:39,706 [main] INFO  [org.radargun.Master] Starting 'StressTestStage' on 12 slave nodes.
2013-10-04 01:40:40,331 [main] INFO  [org.radargun.stages.StressTestStage] Received responses from all 12 slaves. Durations [0 = 60.54 seconds, 1 = 60.55 seconds, 2 = 60.56 seconds, 3 = 60.56 seconds, 4 = 60.56 seconds, 5 = 60.56 seconds, 6 = 60.56 seconds, 7 = 60.54 seconds, 8 = 60.56 seconds, 9 = 60.56 seconds, 10 = 60.55 seconds, 11 = 60.56 seconds]
2013-10-04 01:40:40,332 [main] INFO  [org.radargun.stages.StressTestStage] Received size info: There are 4800 entries in the cache., clusterSize:12, nodeIndex:0, cacheSize: -1
2013-10-04 01:40:40,333 [main] INFO  [org.radargun.stages.StressTestStage] Slave #0: 6,005 requests per second.
2013-10-04 01:40:40,333 [main] INFO  [org.radargun.stages.StressTestStage] Received size info: There are 4800 entries in the cache., clusterSize:12, nodeIndex:1, cacheSize: -1
2013-10-04 01:40:40,333 [main] INFO  [org.radargun.stages.StressTestStage] Slave #1: 5,539 requests per second.
2013-10-04 01:40:40,333 [main] INFO  [org.radargun.stages.StressTestStage] Received size info: There are 4800 entries in the cache., clusterSize:12, nodeIndex:2, cacheSize: -1
2013-10-04 01:40:40,333 [main] INFO  [org.radargun.stages.StressTestStage] Slave #2: 5,983 requests per second.
2013-10-04 01:40:40,333 [main] INFO  [org.radargun.stages.StressTestStage] Received size info: There are 4800 entries in the cache., clusterSize:12, nodeIndex:3, cacheSize: -1
2013-10-04 01:40:40,334 [main] INFO  [org.radargun.stages.StressTestStage] Slave #3: 6,704 requests per second.
2013-10-04 01:40:40,334 [main] INFO  [org.radargun.stages.StressTestStage] Received size info: There are 4800 entries in the cache., clusterSize:12, nodeIndex:4, cacheSize: -1
2013-10-04 01:40:40,334 [main] INFO  [org.radargun.stages.StressTestStage] Slave #4: 5,980 requests per second.
2013-10-04 01:40:40,334 [main] INFO  [org.radargun.stages.StressTestStage] Received size info: There are 4800 entries in the cache., clusterSize:12, nodeIndex:5, cacheSize: -1
2013-10-04 01:40:40,334 [main] INFO  [org.radargun.stages.StressTestStage] Slave #5: 6,614 requests per second.
2013-10-04 01:40:40,334 [main] INFO  [org.radargun.stages.StressTestStage] Received size info: There are 4800 entries in the cache., clusterSize:12, nodeIndex:6, cacheSize: -1
2013-10-04 01:40:40,335 [main] INFO  [org.radargun.stages.StressTestStage] Slave #6: 6,504 requests per second.
2013-10-04 01:40:40,335 [main] INFO  [org.radargun.stages.StressTestStage] Received size info: There are 4800 entries in the cache., clusterSize:12, nodeIndex:7, cacheSize: -1
2013-10-04 01:40:40,335 [main] INFO  [org.radargun.stages.StressTestStage] Slave #7: 6,021 requests per second.
2013-10-04 01:40:40,335 [main] INFO  [org.radargun.stages.StressTestStage] Received size info: There are 4800 entries in the cache., clusterSize:12, nodeIndex:8, cacheSize: -1
2013-10-04 01:40:40,335 [main] INFO  [org.radargun.stages.StressTestStage] Slave #8: 5,985 requests per second.
2013-10-04 01:40:40,335 [main] INFO  [org.radargun.stages.StressTestStage] Received size info: There are 4800 entries in the cache., clusterSize:12, nodeIndex:9, cacheSize: -1
2013-10-04 01:40:40,336 [main] INFO  [org.radargun.stages.StressTestStage] Slave #9: 5,748 requests per second.
2013-10-04 01:40:40,336 [main] INFO  [org.radargun.stages.StressTestStage] Received size info: There are 4800 entries in the cache., clusterSize:12, nodeIndex:10, cacheSize: -1
2013-10-04 01:40:40,336 [main] INFO  [org.radargun.stages.StressTestStage] Slave #10: 6,424 requests per second.
2013-10-04 01:40:40,336 [main] INFO  [org.radargun.stages.StressTestStage] Received size info: There are 4800 entries in the cache., clusterSize:12, nodeIndex:11, cacheSize: -1
2013-10-04 01:40:40,336 [main] INFO  [org.radargun.stages.StressTestStage] Slave #11: 5,692 requests per second.
2013-10-04 01:40:40,337 [main] INFO  [org.radargun.state.MasterState] Starting 'CsvReportGenerationStage' on master node only.
2013-10-04 01:40:40,337 [main] INFO  [org.radargun.utils.Utils] Successfully created report file:/home/smf/github/radargun/target/distribution/RadarGun-1.1.0-SNAPSHOT/reports/hazelcast3_hzl3-repl-sync_12.csv
2013-10-04 01:40:40,347 [main] INFO  [org.radargun.state.MasterState] Started benchmarking product 'report' with configuration 'null'
2013-10-04 01:40:40,347 [main] INFO  [org.radargun.state.MasterState] Starting 'GenerateChartStage' on master node only.
2013-10-04 01:40:40,438 [main] INFO  [org.radargun.utils.Utils] A file named: '/home/smf/github/radargun/target/distribution/RadarGun-1.1.0-SNAPSHOT/reports/All_READ.png' already exists. Moving it to 'reports/old/All_READ.png.old.1380847240438.png'
2013-10-04 01:40:41,412 [main] INFO  [org.radargun.utils.Utils] A file named: '/home/smf/github/radargun/target/distribution/RadarGun-1.1.0-SNAPSHOT/reports/All_WRITE.png' already exists. Moving it to 'reports/old/All_WRITE.png.old.1380847241412.png'
2013-10-04 01:40:41,746 [main] INFO  [org.radargun.utils.Utils] A file named: '/home/smf/github/radargun/target/distribution/RadarGun-1.1.0-SNAPSHOT/reports/All_TRANSACTION.png' already exists. Moving it to 'reports/old/All_TRANSACTION.png.old.1380847241746.png'
2013-10-04 01:40:42,038 [main] INFO  [org.radargun.state.MasterState] Successfully executed all benchmarks in 2 mins 54 secs, exiting.
2013-10-04 01:40:42,046 [Thread-0] INFO  [org.radargun.ShutDownHook] Master process is being shutdown
