/usr/java/jdk1.7.0_21/bin/java -server -Xmx1024M -Xms1024M -Dresolve.dns=false -Djgroups.timer.num_threads=4 -verbose:gc -Xmx5000M -Xms3000M -server -XX:+UseConcMarkSweepGC -XX:+AggressiveOpts -verbose:gc -XX:ParallelGCThreads=4 -XX:NewRatio=5 -XX:SurvivorRatio=2 -Dhazelcast.operation.thread.count=4 -Djava.net.preferIPv4Stack=true -Dlog4j.file.prefix=deimos-esw-24199 -Dbind.address= -Djgroups.bind_addr= -classpath /home/smf/github/radargun/target/distribution/RadarGun-1.1.0-SNAPSHOT/lib/activation-1.1.jar:/home/smf/github/radargun/target/distribution/RadarGun-1.1.0-SNAPSHOT/lib/commons-beanutils-1.8.0.jar:/home/smf/github/radargun/target/distribution/RadarGun-1.1.0-SNAPSHOT/lib/commons-digester-2.0.jar:/home/smf/github/radargun/target/distribution/RadarGun-1.1.0-SNAPSHOT/lib/commons-logging-1.1.1.jar:/home/smf/github/radargun/target/distribution/RadarGun-1.1.0-SNAPSHOT/lib/commons-math-1.2.jar:/home/smf/github/radargun/target/distribution/RadarGun-1.1.0-SNAPSHOT/lib/jboss-transaction-api-1.0.1.GA.jar:/home/smf/github/radargun/target/distribution/RadarGun-1.1.0-SNAPSHOT/lib/jcommon-1.0.15.jar:/home/smf/github/radargun/target/distribution/RadarGun-1.1.0-SNAPSHOT/lib/jfreechart-1.0.12.jar:/home/smf/github/radargun/target/distribution/RadarGun-1.1.0-SNAPSHOT/lib/log4j-1.2.14.jar:/home/smf/github/radargun/target/distribution/RadarGun-1.1.0-SNAPSHOT/lib/mail-1.4.2.jar:/home/smf/github/radargun/target/distribution/RadarGun-1.1.0-SNAPSHOT/lib/radargun-framework-1.1.0-SNAPSHOT.jar:/home/smf/github/radargun/target/distribution/RadarGun-1.1.0-SNAPSHOT/conf org.radargun.Slave -master 127.0.0.1:2103
--------------------------------------------------------------------------------
PerNodeRollingFileAppender::Using file prefix:deimos-esw-24199
 INFO  [main] {org.radargun.Slave} Attempting to connect to master 127.0.0.1:2103
 INFO  [main] {org.radargun.Slave} Successfully established connection with master at: 127.0.0.1:2103
Loading JARS from /home/smf/github/radargun/target/distribution/RadarGun-1.1.0-SNAPSHOT/lib/radargun-framework-1.1.0-SNAPSHOT.jar
 INFO  [pool-1-thread-1] {org.radargun.config.AnnotatedHelper} Loading JARS from /home/smf/github/radargun/target/distribution/RadarGun-1.1.0-SNAPSHOT/lib/radargun-framework-1.1.0-SNAPSHOT.jar
 INFO  [pool-1-thread-1] {org.radargun.config.AnnotatedHelper} Loading JARS from /home/smf/github/radargun/target/distribution/RadarGun-1.1.0-SNAPSHOT/lib/radargun-framework-1.1.0-SNAPSHOT.jar
 INFO  [pool-1-thread-1] {org.radargun.Slave} Executing stage: DestroyWrapper {enforceMemoryThrashHold=true, exitBenchmarkOnSlaveFailure=false, heapDumpDir=null, memoryThreshold=95, runOnAllSlaves=true, slaves=null, useSmartClassLoading=true }
 INFO  [pool-1-thread-1] {org.radargun.stages.DestroyWrapperStage} Received destroy cache wrapper request from master...
 INFO  [pool-1-thread-1] {org.radargun.stages.DestroyWrapperStage} No cache wrapper deployed on this slave, nothing to do.
 INFO  [pool-1-thread-1] {org.radargun.stages.DestroyWrapperStage} Before executing clear, memory looks like this: Memory - free: 2,928,638 kb - max:4,906,688 kb- total:2,944,000 kb
[Full GC 15361K->3631K(2944000K), 0.0660760 secs]
 INFO  [pool-1-thread-1] {org.radargun.stages.DestroyWrapperStage} After executing cleanup, memory looks like this: Memory - free: 2,935,311 kb - max:4,906,688 kb- total:2,944,064 kb
 INFO  [pool-1-thread-1] {org.radargun.Slave} Finished stage: DestroyWrapper {enforceMemoryThrashHold=true, exitBenchmarkOnSlaveFailure=false, heapDumpDir=null, memoryThreshold=95, runOnAllSlaves=true, slaves=null, useSmartClassLoading=true }
 INFO  [main] {org.radargun.Slave} Ack successfully sent to the master
 INFO  [pool-1-thread-1] {org.radargun.Slave} Executing stage: StartCluster {config=ispn52-repl-sync-rc.xml, delayAfterFirstSlaveStarts=5.000 secs, delayBetweenStartingSlaves=0.500 secs, exitBenchmarkOnSlaveFailure=true, expectNumSlaves=null, mayFailOn=null, reachable=null, runOnAllSlaves=false, slaves=null, staggerSlaveStartup=true, useSmartClassLoading=true, validateCluster=true }
 INFO  [pool-1-thread-1] {org.radargun.stages.StartClusterStage}  Startup staggering, starting 12 slaves. This is the slave with index 1. Sleeping for 5500 millis.
 INFO  [pool-1-thread-1] {org.radargun.stages.StartClusterStage} Ack master's StartCluster stage. Local address is: /127.0.0.1. This slave's index is: 1
 INFO  [pool-1-thread-1] {org.radargun.utils.ClassLoadHelper} Creating newInstance org.radargun.cachewrappers.InfinispanXSWrapper with classloader java.net.URLClassLoader@52b2f956
 INFO  [pool-1-thread-1] {org.radargun.cachewrappers.InfinispanXSWrapper} Cannot find any site for slave index 1
 INFO  [pool-1-thread-1] {org.infinispan.remoting.transport.jgroups.JGroupsTransport} ISPN000078: Starting JGroups Channel
 WARN  [pool-1-thread-1] {org.jgroups.protocols.UDP} [JGRP00014] the send buffer of socket DatagramSocket was set to 640KB, but the OS only allocated 229.38KB. This might lead to performance problems. Please set your max send buffer in the OS correctly (e.g. net.core.wmem_max on Linux)
 WARN  [pool-1-thread-1] {org.jgroups.protocols.UDP} [JGRP00014] the receive buffer of socket DatagramSocket was set to 20MB, but the OS only allocated 229.38KB. This might lead to performance problems. Please set your max receive buffer in the OS correctly (e.g. net.core.rmem_max on Linux)
 WARN  [pool-1-thread-1] {org.jgroups.protocols.UDP} [JGRP00014] the send buffer of socket MulticastSocket was set to 640KB, but the OS only allocated 229.38KB. This might lead to performance problems. Please set your max send buffer in the OS correctly (e.g. net.core.wmem_max on Linux)
 WARN  [pool-1-thread-1] {org.jgroups.protocols.UDP} [JGRP00014] the receive buffer of socket MulticastSocket was set to 25MB, but the OS only allocated 229.38KB. This might lead to performance problems. Please set your max receive buffer in the OS correctly (e.g. net.core.rmem_max on Linux)
 INFO  [pool-1-thread-1] {org.infinispan.remoting.transport.jgroups.JGroupsTransport} ISPN000094: Received new cluster view: [deimos-esw-11584|1] [deimos-esw-11584, deimos-esw-44657]
 INFO  [pool-1-thread-1] {org.infinispan.remoting.transport.jgroups.JGroupsTransport} ISPN000079: Cache local address is deimos-esw-44657, physical addresses are [127.0.0.1:52001]
 INFO  [pool-1-thread-1] {org.infinispan.factories.GlobalComponentRegistry} ISPN000128: Infinispan version: Infinispan 'Delirium' 5.2.6.Final
 INFO  [pool-1-thread-1] {org.infinispan.transaction.lookup.JBossStandaloneJTAManagerLookup} ISPN000107: Retrieving transaction manager Transaction: unknown
 INFO  [Incoming-4,deimos-esw-44657] {org.infinispan.remoting.transport.jgroups.JGroupsTransport} ISPN000094: Received new cluster view: [deimos-esw-11584|2] [deimos-esw-11584, deimos-esw-44657, deimos-esw-16862]
 INFO  [pool-1-thread-1] {org.infinispan.jmx.CacheJmxRegistration} ISPN000031: MBeans were successfully registered to the platform MBean server.
 INFO  [pool-1-thread-1] {org.radargun.cachewrappers.InfinispanXSWrapper} Using transaction manager: Transaction: unknown
 INFO  [pool-1-thread-1] {org.radargun.cachewrappers.InfinispanXSWrapper} No RELAY2 protocol in XS wrapper
 INFO  [pool-1-thread-1] {org.radargun.cachewrappers.InfinispanXSWrapper} JGroups version: JGroups 3.2.7.Final
 INFO  [pool-1-thread-1] {org.radargun.cachewrappers.InfinispanXSWrapper} Using config attributes: {name=ispn52-repl-sync-rc.xml}
 INFO  [pool-1-thread-1] {org.radargun.stages.helpers.StartHelper} Number of members=3 is not the one expected: 12
 INFO  [Incoming-4,deimos-esw-44657] {org.infinispan.remoting.transport.jgroups.JGroupsTransport} ISPN000094: Received new cluster view: [deimos-esw-11584|3] [deimos-esw-11584, deimos-esw-44657, deimos-esw-16862, deimos-esw-35526]
 INFO  [Incoming-4,deimos-esw-44657] {org.infinispan.remoting.transport.jgroups.JGroupsTransport} ISPN000094: Received new cluster view: [deimos-esw-11584|4] [deimos-esw-11584, deimos-esw-44657, deimos-esw-16862, deimos-esw-35526, deimos-esw-14724]
 INFO  [pool-1-thread-1] {org.radargun.stages.helpers.StartHelper} Number of members=5 is not the one expected: 12
 INFO  [Incoming-4,deimos-esw-44657] {org.infinispan.remoting.transport.jgroups.JGroupsTransport} ISPN000094: Received new cluster view: [deimos-esw-11584|5] [deimos-esw-11584, deimos-esw-44657, deimos-esw-16862, deimos-esw-35526, deimos-esw-14724, deimos-esw-25028]
 INFO  [Incoming-4,deimos-esw-44657] {org.infinispan.remoting.transport.jgroups.JGroupsTransport} ISPN000094: Received new cluster view: [deimos-esw-11584|6] [deimos-esw-11584, deimos-esw-44657, deimos-esw-16862, deimos-esw-35526, deimos-esw-14724, deimos-esw-25028, deimos-esw-12105]
 INFO  [pool-1-thread-1] {org.radargun.stages.helpers.StartHelper} Number of members=7 is not the one expected: 12
 INFO  [Incoming-4,deimos-esw-44657] {org.infinispan.remoting.transport.jgroups.JGroupsTransport} ISPN000094: Received new cluster view: [deimos-esw-11584|7] [deimos-esw-11584, deimos-esw-44657, deimos-esw-16862, deimos-esw-35526, deimos-esw-14724, deimos-esw-25028, deimos-esw-12105, deimos-esw-55839]
 INFO  [Incoming-4,deimos-esw-44657] {org.infinispan.remoting.transport.jgroups.JGroupsTransport} ISPN000094: Received new cluster view: [deimos-esw-11584|8] [deimos-esw-11584, deimos-esw-44657, deimos-esw-16862, deimos-esw-35526, deimos-esw-14724, deimos-esw-25028, deimos-esw-12105, deimos-esw-55839, deimos-esw-64969]
 INFO  [pool-1-thread-1] {org.radargun.stages.helpers.StartHelper} Number of members=9 is not the one expected: 12
 INFO  [Incoming-4,deimos-esw-44657] {org.infinispan.remoting.transport.jgroups.JGroupsTransport} ISPN000094: Received new cluster view: [deimos-esw-11584|9] [deimos-esw-11584, deimos-esw-44657, deimos-esw-16862, deimos-esw-35526, deimos-esw-14724, deimos-esw-25028, deimos-esw-12105, deimos-esw-55839, deimos-esw-64969, deimos-esw-62707]
 INFO  [Incoming-4,deimos-esw-44657] {org.infinispan.remoting.transport.jgroups.JGroupsTransport} ISPN000094: Received new cluster view: [deimos-esw-11584|10] [deimos-esw-11584, deimos-esw-44657, deimos-esw-16862, deimos-esw-35526, deimos-esw-14724, deimos-esw-25028, deimos-esw-12105, deimos-esw-55839, deimos-esw-64969, deimos-esw-62707, deimos-esw-52330]
 INFO  [pool-1-thread-1] {org.radargun.stages.helpers.StartHelper} Number of members=11 is not the one expected: 12
 INFO  [Incoming-4,deimos-esw-44657] {org.infinispan.remoting.transport.jgroups.JGroupsTransport} ISPN000094: Received new cluster view: [deimos-esw-11584|11] [deimos-esw-11584, deimos-esw-44657, deimos-esw-16862, deimos-esw-35526, deimos-esw-14724, deimos-esw-25028, deimos-esw-12105, deimos-esw-55839, deimos-esw-64969, deimos-esw-62707, deimos-esw-52330, deimos-esw-34923]
 INFO  [pool-1-thread-1] {org.radargun.stages.helpers.StartHelper} Number of members is the one expected: 12
 INFO  [pool-1-thread-1] {org.radargun.stages.StartClusterStage} Successfully started cache wrapper on slave 1: org.radargun.cachewrappers.InfinispanXSWrapper@417b66b1
 INFO  [pool-1-thread-1] {org.radargun.Slave} Finished stage: StartCluster {config=ispn52-repl-sync-rc.xml, delayAfterFirstSlaveStarts=5.000 secs, delayBetweenStartingSlaves=0.500 secs, exitBenchmarkOnSlaveFailure=true, expectNumSlaves=null, mayFailOn=null, reachable=null, runOnAllSlaves=false, slaves=null, staggerSlaveStartup=true, useSmartClassLoading=true, validateCluster=true }
 INFO  [main] {org.radargun.Slave} Ack successfully sent to the master
 INFO  [pool-1-thread-1] {org.radargun.Slave} Executing stage: ClusterValidation {exitBenchmarkOnSlaveFailure=false, partialReplication=false, replicationTimeSleep=2000, replicationTryCount=60, runOnAllSlaves=false, slaves=null, useSmartClassLoading=true }
 INFO  [pool-1-thread-1] {org.radargun.stages.ClusterValidationStage} Number of caches that replicated here is 10
 INFO  [pool-1-thread-1] {org.radargun.stages.ClusterValidationStage} Replication test failed, 1 tries so far. Sleeping for 2 seconds and trying again.
 INFO  [pool-1-thread-1] {org.radargun.stages.ClusterValidationStage} Number of caches that replicated here is 11
 INFO  [pool-1-thread-1] {org.radargun.stages.ClusterValidationStage} Replication test successfully passed. partialReplication? false, replicationCount = 11
 INFO  [pool-1-thread-1] {org.radargun.stages.ClusterValidationStage} Confirm phase successful.
 INFO  [pool-1-thread-1] {org.radargun.Slave} Finished stage: ClusterValidation {exitBenchmarkOnSlaveFailure=false, partialReplication=false, replicationTimeSleep=2000, replicationTryCount=60, runOnAllSlaves=false, slaves=[ 0, 1, 2, 3, 4, 5, 6, 7, 8, 9, 10, 11 ], useSmartClassLoading=true }
 INFO  [main] {org.radargun.Slave} Ack successfully sent to the master
 INFO  [pool-1-thread-1] {org.radargun.Slave} Executing stage: StressTestWarmup {bulkSize=1, cacheSpecificKeyGenerator=false, commitTransactions=true, duration=1 mins 0 secs, entrySize=1000, exitBenchmarkOnSlaveFailure=false, fixedKeys=true, generateHistogramRange=false, keyGeneratorClass=org.radargun.stressors.StringKeyGenerator, keyGeneratorParam=null, loadAllKeys=false, numEntries=100, numOfThreads=4, numRequests=10000, numThreads=4, numberOfAttributes=100, numberOfRequests=10000, opsCountStatusLog=100000, poolKeys=true, preferAsyncOperations=false, removePercentage=0, replaceInvalidPercentage=40, runOnAllSlaves=false, sharedKeys=false, sizeOfAnAttribute=1000, slaves=null, transactionSize=50, useAtomics=false, useHistogramStatistics=false, useSimpleStatistics=true, useSmartClassLoading=true, useTransactions=null, writePercentage=20, writeTxPercentage=20 }
 INFO  [pool-1-thread-1] {org.radargun.stages.StressTestWarmupStage} Starting StressTestWarmupStage: StressTestWarmup {bulkSize=1, cacheSpecificKeyGenerator=false, commitTransactions=true, duration=1 mins 0 secs, entrySize=1000, exitBenchmarkOnSlaveFailure=false, fixedKeys=true, generateHistogramRange=false, keyGeneratorClass=org.radargun.stressors.StringKeyGenerator, keyGeneratorParam=null, loadAllKeys=false, numEntries=100, numOfThreads=4, numRequests=10000, numThreads=4, numberOfAttributes=100, numberOfRequests=10000, opsCountStatusLog=100000, poolKeys=true, preferAsyncOperations=false, removePercentage=0, replaceInvalidPercentage=40, runOnAllSlaves=false, sharedKeys=false, sizeOfAnAttribute=1000, slaves=null, transactionSize=50, useAtomics=false, useHistogramStatistics=false, useSimpleStatistics=true, useSmartClassLoading=true, useTransactions=null, writePercentage=20, writeTxPercentage=20 }
 INFO  [pool-1-thread-1] {org.radargun.stressors.StressTestStressor} Using key generator org.radargun.stressors.StringKeyGenerator, param null
 INFO  [pool-1-thread-1] {org.radargun.stressors.StressTestStressor} Executing: StressTestStressor{opsCountStatusLog=100000, numRequests=10000, numEntries=100, entrySize=1000, writePercentage=20, numThreads=4, cacheWrapper=org.radargun.cachewrappers.InfinispanXSWrapper@417b66b1, nodeIndex=1, useTransactions=true, transactionSize=50, commitTransactions=true, durationMillis=60000}
 INFO  [pool-1-thread-1] {org.radargun.stressors.StressTestStressor} Cache wrapper info is: Running : 5.2.6.Final, config:ispn52-repl-sync-rc.xml, cacheName:testCache
[GC 259695K->18437K(2944064K), 0.0490150 secs]
 INFO  [pool-1-thread-1] {org.radargun.stressors.StressTestStressor} Started 4 stressor threads.
 INFO  [Stressor-1] {org.radargun.stressors.StressTestStressor} Number of ops executed so far: 1. Elapsed time: 0.001 secs. Remaining: 59.999 secs. Total: 1 mins 0 secs
[GC 274501K->23483K(2944064K), 0.0411390 secs]
[GC 279547K->38965K(2944064K), 0.0490160 secs]
[GC 295029K->38049K(2944064K), 0.0363100 secs]
[GC 294113K->33081K(2944064K), 0.0428480 secs]
[GC 289145K->36135K(2944064K), 0.0345390 secs]
[GC 292199K->38355K(2944064K), 0.0365610 secs]
[GC 294419K->32335K(2944064K), 0.0372560 secs]
[GC 288399K->37870K(2944064K), 0.0446870 secs]
[GC 293934K->41365K(2944064K), 0.0428900 secs]
[GC 297429K->43274K(2944064K), 0.0400140 secs]
[GC 299338K->28537K(2944064K), 0.0392520 secs]
[GC 284601K->51081K(2944064K), 0.0475330 secs]
[GC 307145K->50013K(2944064K), 0.0562760 secs]
[GC 306077K->38807K(2944064K), 0.0468810 secs]
 INFO  [Stressor-1] {org.radargun.stressors.StressTestStressor} Number of ops executed so far: 234000. Elapsed time: 20.055 secs. Remaining: 39.945 secs. Total: 1 mins 0 secs
[GC 294871K->45991K(2944064K), 0.0650020 secs]
[GC 302055K->37237K(2944064K), 0.0503200 secs]
[GC 293301K->43497K(2944064K), 0.0369390 secs]
[GC 299553K->41954K(2944064K), 0.0387110 secs]
[GC 298018K->45908K(2944064K), 0.0352580 secs]
[GC 301972K->44388K(2944064K), 0.0386870 secs]
[GC 300452K->44870K(2944064K), 0.0386050 secs]
[GC 300934K->47939K(2944064K), 0.0409480 secs]
[GC 304003K->47307K(2944064K), 0.0563010 secs]
[GC 303371K->47223K(2944064K), 0.0522690 secs]
[GC 303287K->47619K(2944064K), 0.0560490 secs]
[GC 303683K->57429K(2944064K), 0.0583180 secs]
[GC 313493K->53011K(2944064K), 0.0586010 secs]
[GC 309075K->47099K(2944064K), 0.0581920 secs]
[GC 303163K->44887K(2944064K), 0.0602550 secs]
[GC 300951K->52682K(2944064K), 0.0561630 secs]
[GC 308746K->51669K(2944064K), 0.0560410 secs]
 INFO  [Stressor-1] {org.radargun.stressors.StressTestStressor} Number of ops executed so far: 515850. Elapsed time: 40.098 secs. Remaining: 19.902 secs. Total: 1 mins 0 secs
[GC 307733K->54018K(2944064K), 0.0556470 secs]
[GC 310082K->47650K(2944064K), 0.0557100 secs]
[GC 303714K->55333K(2944064K), 0.0599720 secs]
[GC 311397K->49355K(2944064K), 0.0552010 secs]
[GC 305419K->56921K(2944064K), 0.0614190 secs]
[GC 312985K->56385K(2944064K), 0.0568470 secs]
[GC 312449K->56468K(2944064K), 0.0567770 secs]
[GC 312532K->56301K(2944064K), 0.0575540 secs]
[GC 312365K->50198K(2944064K), 0.0548160 secs]
[GC 306262K->55464K(2944064K), 0.0535830 secs]
[GC 311528K->55006K(2944064K), 0.0549360 secs]
[GC 311070K->58208K(2944064K), 0.0527110 secs]
[GC 314272K->54354K(2944064K), 0.0567110 secs]
[GC 310418K->48630K(2944064K), 0.0539730 secs]
[GC 304694K->61489K(2944064K), 0.0529830 secs]
 INFO  [pool-1-thread-1] {org.radargun.stressors.StressTestStressor} Finished generating report. Test duration is: 1 mins 4 secs
 INFO  [pool-1-thread-1] {org.radargun.stages.StressTestWarmupStage} The warmup took: 64 seconds.
 INFO  [pool-1-thread-1] {org.radargun.Slave} Finished stage: StressTestWarmup {bulkSize=1, cacheSpecificKeyGenerator=false, commitTransactions=true, duration=1 mins 0 secs, entrySize=1000, exitBenchmarkOnSlaveFailure=false, fixedKeys=true, generateHistogramRange=false, keyGeneratorClass=org.radargun.stressors.StringKeyGenerator, keyGeneratorParam=null, loadAllKeys=false, numEntries=100, numOfThreads=4, numRequests=10000, numThreads=4, numberOfAttributes=100, numberOfRequests=10000, opsCountStatusLog=100000, poolKeys=true, preferAsyncOperations=false, removePercentage=0, replaceInvalidPercentage=40, runOnAllSlaves=false, sharedKeys=false, sizeOfAnAttribute=1000, slaves=null, transactionSize=50, useAtomics=false, useHistogramStatistics=false, useSimpleStatistics=true, useSmartClassLoading=true, useTransactions=null, writePercentage=20, writeTxPercentage=20 }
 INFO  [main] {org.radargun.Slave} Ack successfully sent to the master
 INFO  [pool-1-thread-1] {org.radargun.Slave} Executing stage: ClearClusterStage {ClearCluster {exitBenchmarkOnSlaveFailure=false, runOnAllSlaves=false, slaves=[ 0 ], useSmartClassLoading=true }
 INFO  [pool-1-thread-1] {org.radargun.stages.ClearClusterStage} Before executing clear, memory looks like this: Memory - free: 2,781,445 kb - max:4,906,688 kb- total:2,944,064 kb
[Full GC 163657K->22405K(2944064K), 0.2643060 secs]
 INFO  [pool-1-thread-1] {org.radargun.stages.ClearClusterStage} After executing cleanup, memory looks like this: Memory - free: 2,919,464 kb - max:4,906,688 kb- total:2,944,192 kb
 INFO  [pool-1-thread-1] {org.radargun.Slave} Finished stage: ClearClusterStage {ClearCluster {exitBenchmarkOnSlaveFailure=false, runOnAllSlaves=false, slaves=[ 0 ], useSmartClassLoading=true }
 INFO  [main] {org.radargun.Slave} Ack successfully sent to the master
 INFO  [pool-1-thread-1] {org.radargun.Slave} Executing stage: StressTest {bulkSize=1, cacheSpecificKeyGenerator=false, commitTransactions=true, duration=1 mins 0 secs, entrySize=1000, exitBenchmarkOnSlaveFailure=false, fixedKeys=true, generateHistogramRange=false, keyGeneratorClass=org.radargun.stressors.StringKeyGenerator, keyGeneratorParam=null, loadAllKeys=false, numEntries=100, numOfThreads=4, numRequests=10000000, numThreads=4, numberOfAttributes=100, numberOfRequests=10000000, opsCountStatusLog=500000, poolKeys=true, preferAsyncOperations=false, removePercentage=0, replaceInvalidPercentage=40, runOnAllSlaves=false, sharedKeys=false, sizeOfAnAttribute=1000, slaves=null, transactionSize=100, useAtomics=false, useHistogramStatistics=false, useSimpleStatistics=true, useSmartClassLoading=true, useTransactions=true, writePercentage=10, writeTxPercentage=1 }
 INFO  [pool-1-thread-1] {org.radargun.stages.StressTestStage} Starting StressTestStage: StressTest {bulkSize=1, cacheSpecificKeyGenerator=false, commitTransactions=true, duration=1 mins 0 secs, entrySize=1000, exitBenchmarkOnSlaveFailure=false, fixedKeys=true, generateHistogramRange=false, keyGeneratorClass=org.radargun.stressors.StringKeyGenerator, keyGeneratorParam=null, loadAllKeys=false, numEntries=100, numOfThreads=4, numRequests=10000000, numThreads=4, numberOfAttributes=100, numberOfRequests=10000000, opsCountStatusLog=500000, poolKeys=true, preferAsyncOperations=false, removePercentage=0, replaceInvalidPercentage=40, runOnAllSlaves=false, sharedKeys=false, sizeOfAnAttribute=1000, slaves=null, transactionSize=100, useAtomics=false, useHistogramStatistics=false, useSimpleStatistics=true, useSmartClassLoading=true, useTransactions=true, writePercentage=10, writeTxPercentage=1 }
 INFO  [pool-1-thread-1] {org.radargun.stressors.StressTestStressor} Using key generator org.radargun.stressors.StringKeyGenerator, param null
 INFO  [pool-1-thread-1] {org.radargun.stressors.StressTestStressor} Executing: StressTestStressor{opsCountStatusLog=500000, numRequests=10000000, numEntries=100, entrySize=1000, writePercentage=10, numThreads=4, cacheWrapper=org.radargun.cachewrappers.InfinispanXSWrapper@417b66b1, nodeIndex=1, useTransactions=true, transactionSize=100, commitTransactions=true, durationMillis=60000}
 INFO  [pool-1-thread-1] {org.radargun.stressors.StressTestStressor} Cache wrapper info is: Running : 5.2.6.Final, config:ispn52-repl-sync-rc.xml, cacheName:testCache
 INFO  [pool-1-thread-1] {org.radargun.stressors.StressTestStressor} Started 4 stressor threads.
 INFO  [Stressor-2] {org.radargun.stressors.StressTestStressor} Number of ops executed so far: 1. Elapsed time: 0.000 secs. Remaining: 1 mins 0 secs. Total: 1 mins 0 secs
[GC 278533K->38892K(2944192K), 0.0389270 secs]
[GC 295020K->38965K(2944192K), 0.0307500 secs]
[GC 295093K->36993K(2944192K), 0.0366210 secs]
[GC 293121K->40462K(2944192K), 0.0336330 secs]
[GC 296590K->40774K(2944192K), 0.0299110 secs]
[GC 296902K->40530K(2944192K), 0.0330670 secs]
[GC 296658K->41151K(2944192K), 0.0298570 secs]
[GC 297279K->40575K(2944192K), 0.0330080 secs]
[GC 296703K->40733K(2944192K), 0.0292990 secs]
[GC 296861K->40280K(2944192K), 0.0302360 secs]
[GC 296408K->42420K(2944192K), 0.0326090 secs]
[GC 298548K->43975K(2944192K), 0.0357050 secs]
[GC 300103K->44242K(2944192K), 0.0337180 secs]
[GC 300370K->40658K(2944192K), 0.0334140 secs]
[GC 296786K->44849K(2944192K), 0.0323100 secs]
[GC 300977K->45245K(2944192K), 0.0344530 secs]
[GC 301373K->40778K(2944192K), 0.0368370 secs]
[GC 296906K->40629K(2944192K), 0.0277100 secs]
 INFO  [Stressor-1] {org.radargun.stressors.StressTestStressor} Number of ops executed so far: 3781776. Elapsed time: 20.000 secs. Remaining: 40.000 secs. Total: 1 mins 0 secs
[GC 296757K->39948K(2944192K), 0.0335000 secs]
[GC 296076K->44904K(2944192K), 0.0322040 secs]
[GC 301032K->45485K(2944192K), 0.0283590 secs]
[GC 301613K->42028K(2944192K), 0.0293810 secs]
[GC 298156K->41773K(2944192K), 0.0301800 secs]
[GC 297901K->41792K(2944192K), 0.0274250 secs]
[GC 297920K->42035K(2944192K), 0.0278650 secs]
[GC 298163K->41981K(2944192K), 0.0291820 secs]
[GC 298109K->43230K(2944192K), 0.0314700 secs]
[GC 299358K->43688K(2944192K), 0.0285020 secs]
[GC 299816K->43538K(2944192K), 0.0287580 secs]
[GC 299666K->43797K(2944192K), 0.0348420 secs]
[GC 299925K->44094K(2944192K), 0.0273560 secs]
[GC 300222K->43608K(2944192K), 0.0267170 secs]
[GC 299736K->43186K(2944192K), 0.0270320 secs]
[GC 299314K->43608K(2944192K), 0.0287170 secs]
[GC 299736K->43031K(2944192K), 0.0265710 secs]
 INFO  [Stressor-0] {org.radargun.stressors.StressTestStressor} Number of ops executed so far: 7506283. Elapsed time: 40.000 secs. Remaining: 20.000 secs. Total: 1 mins 0 secs
[GC 299157K->42941K(2944192K), 0.0267980 secs]
[GC 299069K->46070K(2944192K), 0.0280760 secs]
[GC 302198K->43287K(2944192K), 0.0268280 secs]
[GC 299415K->42990K(2944192K), 0.0284030 secs]
[GC 299118K->44277K(2944192K), 0.0293890 secs]
[GC 300405K->44705K(2944192K), 0.0283960 secs]
[GC 300833K->48594K(2944192K), 0.0318840 secs]
[GC 304722K->44839K(2944192K), 0.0270190 secs]
[GC 300967K->44436K(2944192K), 0.0266330 secs]
[GC 300564K->44875K(2944192K), 0.0269770 secs]
[GC 301001K->48610K(2944192K), 0.0282030 secs]
[GC 304738K->49205K(2944192K), 0.0310770 secs]
[GC 305333K->52643K(2944192K), 0.0293460 secs]
[GC 308771K->47620K(2944192K), 0.0269730 secs]
[GC 303748K->47950K(2944192K), 0.0307650 secs]
[GC 304078K->51513K(2944192K), 0.0282090 secs]
[GC 307641K->48067K(2944192K), 0.0278700 secs]
[GC 304195K->54581K(2944192K), 0.0287720 secs]
 INFO  [Stressor-2] {org.radargun.stressors.StressTestStressor} Number of ops executed so far: 10937251. Elapsed time: 1 mins 0 secs. Remaining: 0.000 secs. Total: 1 mins 0 secs
 INFO  [pool-1-thread-1] {org.radargun.stressors.StressTestStressor} Finished generating report. Test duration is: 1 mins 0 secs
 INFO  [pool-1-thread-1] {org.radargun.stages.StressTestStage} size info: Running : 5.2.6.Final, config:ispn52-repl-sync-rc.xml, cacheName:testCache, clusterSize:12, nodeIndex:1, cacheSize: 4800
 INFO  [pool-1-thread-1] {org.radargun.Slave} Finished stage: StressTest {bulkSize=1, cacheSpecificKeyGenerator=false, commitTransactions=true, duration=1 mins 0 secs, entrySize=1000, exitBenchmarkOnSlaveFailure=false, fixedKeys=true, generateHistogramRange=false, keyGeneratorClass=org.radargun.stressors.StringKeyGenerator, keyGeneratorParam=null, loadAllKeys=false, numEntries=100, numOfThreads=4, numRequests=10000000, numThreads=4, numberOfAttributes=100, numberOfRequests=10000000, opsCountStatusLog=500000, poolKeys=true, preferAsyncOperations=false, removePercentage=0, replaceInvalidPercentage=40, runOnAllSlaves=false, sharedKeys=false, sizeOfAnAttribute=1000, slaves=null, transactionSize=100, useAtomics=false, useHistogramStatistics=false, useSimpleStatistics=true, useSmartClassLoading=true, useTransactions=true, writePercentage=10, writeTxPercentage=1 }
 INFO  [main] {org.radargun.Slave} Ack successfully sent to the master
 INFO  [main] {org.radargun.Slave} Master shutdown!
 INFO  [Thread-0] {org.radargun.ShutDownHook} Slave process is being shutdown
