2013-10-02 01:06:27,030 [main] INFO  [org.radargun.Slave] Attempting to connect to master 127.0.0.1:2103
2013-10-02 01:06:27,036 [main] INFO  [org.radargun.Slave] Successfully established connection with master at: 127.0.0.1:2103
2013-10-02 01:06:29,252 [pool-1-thread-1] INFO  [org.radargun.config.AnnotatedHelper] Loading JARS from /home/smf/github/radargun/target/distribution/RadarGun-1.1.0-SNAPSHOT/lib/radargun-framework-1.1.0-SNAPSHOT.jar
2013-10-02 01:06:29,396 [pool-1-thread-1] INFO  [org.radargun.config.AnnotatedHelper] Loading JARS from /home/smf/github/radargun/target/distribution/RadarGun-1.1.0-SNAPSHOT/lib/radargun-framework-1.1.0-SNAPSHOT.jar
2013-10-02 01:06:29,746 [pool-1-thread-1] INFO  [org.radargun.Slave] Executing stage: DestroyWrapper {enforceMemoryThrashHold=true, exitBenchmarkOnSlaveFailure=false, heapDumpDir=null, memoryThreshold=95, runOnAllSlaves=true, slaves=null, useSmartClassLoading=true }
2013-10-02 01:06:29,746 [pool-1-thread-1] INFO  [org.radargun.stages.DestroyWrapperStage] Received destroy cache wrapper request from master...
2013-10-02 01:06:29,747 [pool-1-thread-1] INFO  [org.radargun.stages.DestroyWrapperStage] No cache wrapper deployed on this slave, nothing to do.
2013-10-02 01:06:29,747 [pool-1-thread-1] INFO  [org.radargun.stages.DestroyWrapperStage] Before executing clear, memory looks like this: Memory - free: 2,928,638 kb - max:4,906,688 kb- total:2,944,000 kb
2013-10-02 01:06:29,943 [pool-1-thread-1] INFO  [org.radargun.stages.DestroyWrapperStage] After executing cleanup, memory looks like this: Memory - free: 2,935,311 kb - max:4,906,688 kb- total:2,944,064 kb
2013-10-02 01:06:29,974 [pool-1-thread-1] INFO  [org.radargun.Slave] Finished stage: DestroyWrapper {enforceMemoryThrashHold=true, exitBenchmarkOnSlaveFailure=false, heapDumpDir=null, memoryThreshold=95, runOnAllSlaves=true, slaves=null, useSmartClassLoading=true }
2013-10-02 01:06:29,974 [main] INFO  [org.radargun.Slave] Ack successfully sent to the master
2013-10-02 01:06:30,035 [pool-1-thread-1] INFO  [org.radargun.Slave] Executing stage: StartCluster {config=mvcc/mvcc-repl-sync.xml, delayAfterFirstSlaveStarts=5.000 secs, delayBetweenStartingSlaves=0.500 secs, exitBenchmarkOnSlaveFailure=true, expectNumSlaves=null, mayFailOn=null, reachable=null, runOnAllSlaves=false, slaves=null, staggerSlaveStartup=true, useSmartClassLoading=true, validateCluster=true }
2013-10-02 01:06:30,035 [pool-1-thread-1] INFO  [org.radargun.stages.StartClusterStage]  Startup staggering, starting 12 slaves. This is the slave with index 9. Sleeping for 9500 millis.
2013-10-02 01:06:39,536 [pool-1-thread-1] INFO  [org.radargun.stages.StartClusterStage] Ack master's StartCluster stage. Local address is: /127.0.0.1. This slave's index is: 9
2013-10-02 01:06:39,547 [pool-1-thread-1] INFO  [org.radargun.utils.ClassLoadHelper] Creating newInstance org.radargun.cachewrappers.JBossCache3Wrapper with classloader java.net.URLClassLoader@60c90207
2013-10-02 01:06:39,563 [pool-1-thread-1] INFO  [org.radargun.cachewrappers.JBossCache3Wrapper] Creating cache with the following configuration: mvcc/mvcc-repl-sync.xml
2013-10-02 01:06:40,102 [pool-1-thread-1] WARN  [org.jboss.cache.transaction.GenericTransactionManagerLookup] Falling back to JBoss Cache's internal DummyTransactionManager
2013-10-02 01:06:40,771 [pool-1-thread-1] WARN  [org.jgroups.protocols.pbcast.STREAMING_STATE_TRANSFER] use_reading_thread has been deprecated and its value will be ignored
2013-10-02 01:06:41,323 [pool-1-thread-1] INFO  [org.radargun.cachewrappers.JBossCache3Wrapper] Running cache with following config: org.jboss.cache.config.Configuration@e9b10d18
2013-10-02 01:06:41,323 [pool-1-thread-1] INFO  [org.radargun.cachewrappers.JBossCache3Wrapper] Running following JBossCacheVersion: 3.2.1.GA
2013-10-02 01:06:41,323 [pool-1-thread-1] INFO  [org.radargun.cachewrappers.JBossCache3Wrapper] Running following JBossCacheCodeName: Malagueta
2013-10-02 01:06:41,323 [pool-1-thread-1] INFO  [org.radargun.cachewrappers.JBossCache3Wrapper] JGroups version: 2.6.13.GA
2013-10-02 01:06:41,324 [pool-1-thread-1] INFO  [org.radargun.stages.helpers.StartHelper] Number of members=11 is not the one expected: 12
2013-10-02 01:06:42,324 [pool-1-thread-1] INFO  [org.radargun.stages.helpers.StartHelper] Number of members is the one expected: 12
2013-10-02 01:06:42,325 [pool-1-thread-1] INFO  [org.radargun.stages.StartClusterStage] Successfully started cache wrapper on slave 9: org.radargun.cachewrappers.JBossCache3Wrapper@6289bc4d
2013-10-02 01:06:42,335 [pool-1-thread-1] INFO  [org.radargun.Slave] Finished stage: StartCluster {config=mvcc/mvcc-repl-sync.xml, delayAfterFirstSlaveStarts=5.000 secs, delayBetweenStartingSlaves=0.500 secs, exitBenchmarkOnSlaveFailure=true, expectNumSlaves=null, mayFailOn=null, reachable=null, runOnAllSlaves=false, slaves=null, staggerSlaveStartup=true, useSmartClassLoading=true, validateCluster=true }
2013-10-02 01:06:42,335 [main] INFO  [org.radargun.Slave] Ack successfully sent to the master
2013-10-02 01:06:42,777 [pool-1-thread-1] INFO  [org.radargun.Slave] Executing stage: ClusterValidation {exitBenchmarkOnSlaveFailure=false, partialReplication=false, replicationTimeSleep=2000, replicationTryCount=60, runOnAllSlaves=false, slaves=null, useSmartClassLoading=true }
2013-10-02 01:06:42,839 [pool-1-thread-1] INFO  [org.radargun.stages.ClusterValidationStage] Number of caches that replicated here is 11
2013-10-02 01:06:42,840 [pool-1-thread-1] INFO  [org.radargun.stages.ClusterValidationStage] Replication test successfully passed. partialReplication? false, replicationCount = 11
2013-10-02 01:06:42,884 [pool-1-thread-1] INFO  [org.radargun.stages.ClusterValidationStage] Confirm phase successful.
2013-10-02 01:06:42,891 [pool-1-thread-1] INFO  [org.radargun.Slave] Finished stage: ClusterValidation {exitBenchmarkOnSlaveFailure=false, partialReplication=false, replicationTimeSleep=2000, replicationTryCount=60, runOnAllSlaves=false, slaves=[ 0, 1, 2, 3, 4, 5, 6, 7, 8, 9, 10, 11 ], useSmartClassLoading=true }
2013-10-02 01:06:42,892 [main] INFO  [org.radargun.Slave] Ack successfully sent to the master
2013-10-02 01:06:43,943 [pool-1-thread-1] INFO  [org.radargun.Slave] Executing stage: StressTestWarmup {bulkSize=1, cacheSpecificKeyGenerator=false, commitTransactions=true, duration=1 mins 0 secs, entrySize=1000, exitBenchmarkOnSlaveFailure=false, fixedKeys=true, generateHistogramRange=false, keyGeneratorClass=org.radargun.stressors.StringKeyGenerator, keyGeneratorParam=null, loadAllKeys=false, numEntries=100, numOfThreads=4, numRequests=10000, numThreads=4, numberOfAttributes=100, numberOfRequests=10000, opsCountStatusLog=100000, poolKeys=true, preferAsyncOperations=false, removePercentage=0, replaceInvalidPercentage=40, runOnAllSlaves=false, sharedKeys=false, sizeOfAnAttribute=1000, slaves=null, transactionSize=50, useAtomics=false, useHistogramStatistics=false, useSimpleStatistics=true, useSmartClassLoading=true, useTransactions=null, writePercentage=20, writeTxPercentage=20 }
2013-10-02 01:06:43,954 [pool-1-thread-1] INFO  [org.radargun.stages.StressTestWarmupStage] Starting StressTestWarmupStage: StressTestWarmup {bulkSize=1, cacheSpecificKeyGenerator=false, commitTransactions=true, duration=1 mins 0 secs, entrySize=1000, exitBenchmarkOnSlaveFailure=false, fixedKeys=true, generateHistogramRange=false, keyGeneratorClass=org.radargun.stressors.StringKeyGenerator, keyGeneratorParam=null, loadAllKeys=false, numEntries=100, numOfThreads=4, numRequests=10000, numThreads=4, numberOfAttributes=100, numberOfRequests=10000, opsCountStatusLog=100000, poolKeys=true, preferAsyncOperations=false, removePercentage=0, replaceInvalidPercentage=40, runOnAllSlaves=false, sharedKeys=false, sizeOfAnAttribute=1000, slaves=null, transactionSize=50, useAtomics=false, useHistogramStatistics=false, useSimpleStatistics=true, useSmartClassLoading=true, useTransactions=null, writePercentage=20, writeTxPercentage=20 }
2013-10-02 01:06:43,963 [pool-1-thread-1] INFO  [org.radargun.stressors.StressTestStressor] Using key generator org.radargun.stressors.StringKeyGenerator, param null
2013-10-02 01:06:43,964 [pool-1-thread-1] INFO  [org.radargun.stressors.StressTestStressor] Executing: StressTestStressor{opsCountStatusLog=100000, numRequests=10000, numEntries=100, entrySize=1000, writePercentage=20, numThreads=4, cacheWrapper=org.radargun.cachewrappers.JBossCache3Wrapper@6289bc4d, nodeIndex=9, useTransactions=true, transactionSize=50, commitTransactions=true, durationMillis=60000}
2013-10-02 01:06:43,970 [pool-1-thread-1] INFO  [org.radargun.stressors.StressTestStressor] Cache wrapper info is: Num direct children: 12
2013-10-02 01:06:46,920 [pool-1-thread-1] INFO  [org.radargun.stressors.StressTestStressor] Started 4 stressor threads.
2013-10-02 01:06:46,941 [Stressor-0] INFO  [org.radargun.stressors.StressTestStressor] Number of ops executed so far: 1. Elapsed time: 0.020 secs. Remaining: 59.980 secs. Total: 1 mins 0 secs
2013-10-02 01:07:07,209 [Stressor-1] INFO  [org.radargun.stressors.StressTestStressor] Number of ops executed so far: 153500. Elapsed time: 20.287 secs. Remaining: 39.713 secs. Total: 1 mins 0 secs
2013-10-02 01:07:27,224 [Stressor-3] INFO  [org.radargun.stressors.StressTestStressor] Number of ops executed so far: 360150. Elapsed time: 40.303 secs. Remaining: 19.697 secs. Total: 1 mins 0 secs
2013-10-02 01:07:47,250 [Stressor-2] INFO  [org.radargun.stressors.StressTestStressor] Number of ops executed so far: 445250. Elapsed time: 1 mins 0 secs. Remaining: 0.000 secs. Total: 1 mins 0 secs
2013-10-02 01:07:47,253 [pool-1-thread-1] INFO  [org.radargun.stressors.StressTestStressor] Finished generating report. Test duration is: 1 mins 3 secs
2013-10-02 01:07:47,255 [pool-1-thread-1] INFO  [org.radargun.stages.StressTestWarmupStage] The warmup took: 63 seconds.
2013-10-02 01:07:47,266 [pool-1-thread-1] INFO  [org.radargun.Slave] Finished stage: StressTestWarmup {bulkSize=1, cacheSpecificKeyGenerator=false, commitTransactions=true, duration=1 mins 0 secs, entrySize=1000, exitBenchmarkOnSlaveFailure=false, fixedKeys=true, generateHistogramRange=false, keyGeneratorClass=org.radargun.stressors.StringKeyGenerator, keyGeneratorParam=null, loadAllKeys=false, numEntries=100, numOfThreads=4, numRequests=10000, numThreads=4, numberOfAttributes=100, numberOfRequests=10000, opsCountStatusLog=100000, poolKeys=true, preferAsyncOperations=false, removePercentage=0, replaceInvalidPercentage=40, runOnAllSlaves=false, sharedKeys=false, sizeOfAnAttribute=1000, slaves=null, transactionSize=50, useAtomics=false, useHistogramStatistics=false, useSimpleStatistics=true, useSmartClassLoading=true, useTransactions=null, writePercentage=20, writeTxPercentage=20 }
2013-10-02 01:07:47,266 [main] INFO  [org.radargun.Slave] Ack successfully sent to the master
2013-10-02 01:07:47,466 [pool-1-thread-1] INFO  [org.radargun.Slave] Executing stage: ClearClusterStage {ClearCluster {exitBenchmarkOnSlaveFailure=false, runOnAllSlaves=false, slaves=[ 0 ], useSmartClassLoading=true }
2013-10-02 01:07:47,468 [pool-1-thread-1] INFO  [org.radargun.stages.ClearClusterStage] Before executing clear, memory looks like this: Memory - free: 2,880,670 kb - max:4,906,688 kb- total:2,944,064 kb
2013-10-02 01:07:47,658 [pool-1-thread-1] INFO  [org.radargun.stages.ClearClusterStage] After executing cleanup, memory looks like this: Memory - free: 2,931,886 kb - max:4,906,688 kb- total:2,944,320 kb
2013-10-02 01:07:47,661 [pool-1-thread-1] INFO  [org.radargun.Slave] Finished stage: ClearClusterStage {ClearCluster {exitBenchmarkOnSlaveFailure=false, runOnAllSlaves=false, slaves=[ 0 ], useSmartClassLoading=true }
2013-10-02 01:07:47,662 [main] INFO  [org.radargun.Slave] Ack successfully sent to the master
2013-10-02 01:07:47,910 [pool-1-thread-1] INFO  [org.radargun.Slave] Executing stage: StressTest {bulkSize=1, cacheSpecificKeyGenerator=false, commitTransactions=true, duration=1 mins 0 secs, entrySize=1000, exitBenchmarkOnSlaveFailure=false, fixedKeys=true, generateHistogramRange=false, keyGeneratorClass=org.radargun.stressors.StringKeyGenerator, keyGeneratorParam=null, loadAllKeys=false, numEntries=10000, numOfThreads=4, numRequests=10000000, numThreads=4, numberOfAttributes=10000, numberOfRequests=10000000, opsCountStatusLog=500000, poolKeys=true, preferAsyncOperations=false, removePercentage=0, replaceInvalidPercentage=40, runOnAllSlaves=false, sharedKeys=false, sizeOfAnAttribute=1000, slaves=null, transactionSize=10000, useAtomics=false, useHistogramStatistics=false, useSimpleStatistics=true, useSmartClassLoading=true, useTransactions=true, writePercentage=10, writeTxPercentage=5 }
2013-10-02 01:07:47,914 [pool-1-thread-1] INFO  [org.radargun.stages.StressTestStage] Starting StressTestStage: StressTest {bulkSize=1, cacheSpecificKeyGenerator=false, commitTransactions=true, duration=1 mins 0 secs, entrySize=1000, exitBenchmarkOnSlaveFailure=false, fixedKeys=true, generateHistogramRange=false, keyGeneratorClass=org.radargun.stressors.StringKeyGenerator, keyGeneratorParam=null, loadAllKeys=false, numEntries=10000, numOfThreads=4, numRequests=10000000, numThreads=4, numberOfAttributes=10000, numberOfRequests=10000000, opsCountStatusLog=500000, poolKeys=true, preferAsyncOperations=false, removePercentage=0, replaceInvalidPercentage=40, runOnAllSlaves=false, sharedKeys=false, sizeOfAnAttribute=1000, slaves=null, transactionSize=10000, useAtomics=false, useHistogramStatistics=false, useSimpleStatistics=true, useSmartClassLoading=true, useTransactions=true, writePercentage=10, writeTxPercentage=5 }
2013-10-02 01:07:47,921 [pool-1-thread-1] INFO  [org.radargun.stressors.StressTestStressor] Using key generator org.radargun.stressors.StringKeyGenerator, param null
2013-10-02 01:07:47,921 [pool-1-thread-1] INFO  [org.radargun.stressors.StressTestStressor] Executing: StressTestStressor{opsCountStatusLog=500000, numRequests=10000000, numEntries=10000, entrySize=1000, writePercentage=10, numThreads=4, cacheWrapper=org.radargun.cachewrappers.JBossCache3Wrapper@6289bc4d, nodeIndex=9, useTransactions=true, transactionSize=10000, commitTransactions=true, durationMillis=60000}
2013-10-02 01:07:47,926 [pool-1-thread-1] INFO  [org.radargun.stressors.StressTestStressor] Cache wrapper info is: Num direct children: 60
2013-10-02 01:09:33,121 [pool-1-thread-1] INFO  [org.radargun.stressors.StressTestStressor] Started 4 stressor threads.
2013-10-02 01:09:33,124 [Stressor-2] INFO  [org.radargun.stressors.StressTestStressor] Number of ops executed so far: 1. Elapsed time: 0.001 secs. Remaining: 59.999 secs. Total: 1 mins 0 secs
2013-10-02 01:09:56,705 [Stressor-2] INFO  [org.radargun.stressors.StressTestStressor] Number of ops executed so far: 1520000. Elapsed time: 23.583 secs. Remaining: 36.417 secs. Total: 1 mins 0 secs
2013-10-02 01:10:19,209 [Stressor-0] INFO  [org.radargun.stressors.StressTestStressor] Number of ops executed so far: 2970000. Elapsed time: 46.087 secs. Remaining: 13.913 secs. Total: 1 mins 0 secs
2013-10-02 01:10:33,353 [pool-1-thread-1] INFO  [org.radargun.stressors.StressTestStressor] Finished generating report. Test duration is: 2 mins 45 secs
2013-10-02 01:10:33,359 [pool-1-thread-1] INFO  [org.radargun.stages.StressTestStage] size info: Num direct children: 60, clusterSize:12, nodeIndex:9, cacheSize: -1
2013-10-02 01:10:33,376 [pool-1-thread-1] INFO  [org.radargun.Slave] Finished stage: StressTest {bulkSize=1, cacheSpecificKeyGenerator=false, commitTransactions=true, duration=1 mins 0 secs, entrySize=1000, exitBenchmarkOnSlaveFailure=false, fixedKeys=true, generateHistogramRange=false, keyGeneratorClass=org.radargun.stressors.StringKeyGenerator, keyGeneratorParam=null, loadAllKeys=false, numEntries=10000, numOfThreads=4, numRequests=10000000, numThreads=4, numberOfAttributes=10000, numberOfRequests=10000000, opsCountStatusLog=500000, poolKeys=true, preferAsyncOperations=false, removePercentage=0, replaceInvalidPercentage=40, runOnAllSlaves=false, sharedKeys=false, sizeOfAnAttribute=1000, slaves=null, transactionSize=10000, useAtomics=false, useHistogramStatistics=false, useSimpleStatistics=true, useSmartClassLoading=true, useTransactions=true, writePercentage=10, writeTxPercentage=5 }
2013-10-02 01:10:33,377 [main] INFO  [org.radargun.Slave] Ack successfully sent to the master
2013-10-02 01:11:16,878 [main] INFO  [org.radargun.Slave] Master shutdown!
2013-10-02 01:11:16,881 [Thread-0] INFO  [org.radargun.ShutDownHook] Slave process is being shutdown
