2013-10-01 23:37:51,392 [main] INFO  [org.radargun.Slave] Attempting to connect to master 127.0.0.1:2103
2013-10-01 23:37:51,397 [main] INFO  [org.radargun.Slave] Successfully established connection with master at: 127.0.0.1:2103
2013-10-01 23:37:52,548 [pool-1-thread-1] INFO  [org.radargun.config.AnnotatedHelper] Loading JARS from /home/smf/github/radargun/target/distribution/RadarGun-1.1.0-SNAPSHOT/lib/radargun-framework-1.1.0-SNAPSHOT.jar
2013-10-01 23:37:52,689 [pool-1-thread-1] INFO  [org.radargun.config.AnnotatedHelper] Loading JARS from /home/smf/github/radargun/target/distribution/RadarGun-1.1.0-SNAPSHOT/lib/radargun-framework-1.1.0-SNAPSHOT.jar
2013-10-01 23:37:53,032 [pool-1-thread-1] INFO  [org.radargun.Slave] Executing stage: DestroyWrapper {enforceMemoryThrashHold=true, exitBenchmarkOnSlaveFailure=false, heapDumpDir=null, memoryThreshold=95, runOnAllSlaves=true, slaves=null, useSmartClassLoading=true }
2013-10-01 23:37:53,033 [pool-1-thread-1] INFO  [org.radargun.stages.DestroyWrapperStage] Received destroy cache wrapper request from master...
2013-10-01 23:37:53,033 [pool-1-thread-1] INFO  [org.radargun.stages.DestroyWrapperStage] No cache wrapper deployed on this slave, nothing to do.
2013-10-01 23:37:53,034 [pool-1-thread-1] INFO  [org.radargun.stages.DestroyWrapperStage] Before executing clear, memory looks like this: Memory - free: 2,928,638 kb - max:4,906,688 kb- total:2,944,000 kb
2013-10-01 23:37:53,149 [pool-1-thread-1] INFO  [org.radargun.stages.DestroyWrapperStage] After executing cleanup, memory looks like this: Memory - free: 2,935,311 kb - max:4,906,688 kb- total:2,944,064 kb
2013-10-01 23:37:53,176 [pool-1-thread-1] INFO  [org.radargun.Slave] Finished stage: DestroyWrapper {enforceMemoryThrashHold=true, exitBenchmarkOnSlaveFailure=false, heapDumpDir=null, memoryThreshold=95, runOnAllSlaves=true, slaves=null, useSmartClassLoading=true }
2013-10-01 23:37:53,177 [main] INFO  [org.radargun.Slave] Ack successfully sent to the master
2013-10-01 23:37:53,326 [pool-1-thread-1] INFO  [org.radargun.Slave] Executing stage: StartCluster {config=hzl3-repl-sync.xml, delayAfterFirstSlaveStarts=5.000 secs, delayBetweenStartingSlaves=0.500 secs, exitBenchmarkOnSlaveFailure=true, expectNumSlaves=null, mayFailOn=null, reachable=null, runOnAllSlaves=false, slaves=null, staggerSlaveStartup=true, useSmartClassLoading=true, validateCluster=true }
2013-10-01 23:37:53,326 [pool-1-thread-1] INFO  [org.radargun.stages.StartClusterStage]  Startup staggering, starting 10 slaves. This is the slave with index 8. Sleeping for 9000 millis.
2013-10-01 23:38:02,327 [pool-1-thread-1] INFO  [org.radargun.stages.StartClusterStage] Ack master's StartCluster stage. Local address is: /127.0.0.1. This slave's index is: 8
2013-10-01 23:38:02,335 [pool-1-thread-1] INFO  [org.radargun.utils.ClassLoadHelper] Creating newInstance org.radargun.cachewrappers.Hazelcast3Wrapper with classloader java.net.URLClassLoader@2527bdee
2013-10-01 23:38:02,347 [pool-1-thread-1] INFO  [org.radargun.cachewrappers.Hazelcast3Wrapper] Creating cache with the following configuration: hzl3-repl-sync.xml
2013-10-01 23:38:02,435 [pool-1-thread-1] ERROR [org.radargun.stages.helpers.StartHelper] Issues while instantiating/starting cache wrapper
com.hazelcast.core.HazelcastException: java.lang.IllegalArgumentException: total (sync + async) map backup count must be less than 6
	at com.hazelcast.config.XmlConfigBuilder.build(XmlConfigBuilder.java:180)
	at com.hazelcast.config.XmlConfigBuilder.build(XmlConfigBuilder.java:173)
	at org.radargun.cachewrappers.HazelcastWrapper.setUp(HazelcastWrapper.java:36)
	at org.radargun.stages.helpers.StartHelper.start(StartHelper.java:72)
	at org.radargun.stages.StartClusterStage.executeOnSlave(StartClusterStage.java:67)
	at org.radargun.Slave$2.run(Slave.java:103)
	at java.util.concurrent.Executors$RunnableAdapter.call(Executors.java:471)
	at java.util.concurrent.FutureTask$Sync.innerRun(FutureTask.java:334)
	at java.util.concurrent.FutureTask.run(FutureTask.java:166)
	at java.util.concurrent.ThreadPoolExecutor.runWorker(ThreadPoolExecutor.java:1145)
	at java.util.concurrent.ThreadPoolExecutor$Worker.run(ThreadPoolExecutor.java:615)
	at java.lang.Thread.run(Thread.java:722)
Caused by: java.lang.IllegalArgumentException: total (sync + async) map backup count must be less than 6
	at com.hazelcast.config.MapConfig.setBackupCount(MapConfig.java:175)
	at com.hazelcast.config.XmlConfigBuilder.handleMap(XmlConfigBuilder.java:733)
	at com.hazelcast.config.XmlConfigBuilder.handleConfig(XmlConfigBuilder.java:284)
	at com.hazelcast.config.XmlConfigBuilder.parse(XmlConfigBuilder.java:213)
	at com.hazelcast.config.XmlConfigBuilder.build(XmlConfigBuilder.java:178)
	... 11 more
2013-10-01 23:38:02,444 [pool-1-thread-1] INFO  [org.radargun.Slave] Finished stage: StartCluster {config=hzl3-repl-sync.xml, delayAfterFirstSlaveStarts=5.000 secs, delayBetweenStartingSlaves=0.500 secs, exitBenchmarkOnSlaveFailure=true, expectNumSlaves=null, mayFailOn=null, reachable=null, runOnAllSlaves=false, slaves=null, staggerSlaveStartup=true, useSmartClassLoading=true, validateCluster=true }
2013-10-01 23:38:02,445 [main] INFO  [org.radargun.Slave] Ack successfully sent to the master
2013-10-01 23:38:02,960 [main] INFO  [org.radargun.Slave] Master shutdown!
2013-10-01 23:38:02,965 [Thread-0] INFO  [org.radargun.ShutDownHook] Slave process is being shutdown
