/usr/java/jdk1.7.0_21/bin/java -server -Xmx1024M -Xms1024M -Dresolve.dns=false -Djgroups.timer.num_threads=4 -verbose:gc -Xmx5000M -Xms3000M -server -XX:+UseConcMarkSweepGC -XX:+AggressiveOpts -verbose:gc -XX:ParallelGCThreads=4 -XX:NewRatio=5 -XX:SurvivorRatio=2 -Dhazelcast.operation.thread.count=4 -Djava.net.preferIPv4Stack=true -Dlog4j.file.prefix=deimos-esw-19405 -Dbind.address= -Djgroups.bind_addr= -classpath /home/smf/github/radargun/target/distribution/RadarGun-1.1.0-SNAPSHOT/lib/activation-1.1.jar:/home/smf/github/radargun/target/distribution/RadarGun-1.1.0-SNAPSHOT/lib/commons-beanutils-1.8.0.jar:/home/smf/github/radargun/target/distribution/RadarGun-1.1.0-SNAPSHOT/lib/commons-digester-2.0.jar:/home/smf/github/radargun/target/distribution/RadarGun-1.1.0-SNAPSHOT/lib/commons-logging-1.1.1.jar:/home/smf/github/radargun/target/distribution/RadarGun-1.1.0-SNAPSHOT/lib/commons-math-1.2.jar:/home/smf/github/radargun/target/distribution/RadarGun-1.1.0-SNAPSHOT/lib/jboss-transaction-api-1.0.1.GA.jar:/home/smf/github/radargun/target/distribution/RadarGun-1.1.0-SNAPSHOT/lib/jcommon-1.0.15.jar:/home/smf/github/radargun/target/distribution/RadarGun-1.1.0-SNAPSHOT/lib/jfreechart-1.0.12.jar:/home/smf/github/radargun/target/distribution/RadarGun-1.1.0-SNAPSHOT/lib/log4j-1.2.14.jar:/home/smf/github/radargun/target/distribution/RadarGun-1.1.0-SNAPSHOT/lib/mail-1.4.2.jar:/home/smf/github/radargun/target/distribution/RadarGun-1.1.0-SNAPSHOT/lib/radargun-framework-1.1.0-SNAPSHOT.jar:/home/smf/github/radargun/target/distribution/RadarGun-1.1.0-SNAPSHOT/conf org.radargun.Slave -master 127.0.0.1:2103
--------------------------------------------------------------------------------
PerNodeRollingFileAppender::Using file prefix:deimos-esw-19405
 INFO  [main] {org.radargun.Slave} Attempting to connect to master 127.0.0.1:2103
 INFO  [main] {org.radargun.Slave} Successfully established connection with master at: 127.0.0.1:2103
Loading JARS from /home/smf/github/radargun/target/distribution/RadarGun-1.1.0-SNAPSHOT/lib/radargun-framework-1.1.0-SNAPSHOT.jar
 INFO  [pool-1-thread-1] {org.radargun.config.AnnotatedHelper} Loading JARS from /home/smf/github/radargun/target/distribution/RadarGun-1.1.0-SNAPSHOT/lib/radargun-framework-1.1.0-SNAPSHOT.jar
 INFO  [pool-1-thread-1] {org.radargun.config.AnnotatedHelper} Loading JARS from /home/smf/github/radargun/target/distribution/RadarGun-1.1.0-SNAPSHOT/lib/radargun-framework-1.1.0-SNAPSHOT.jar
 INFO  [pool-1-thread-1] {org.radargun.Slave} Executing stage: DestroyWrapper {enforceMemoryThrashHold=true, exitBenchmarkOnSlaveFailure=false, heapDumpDir=null, memoryThreshold=95, runOnAllSlaves=true, slaves=null, useSmartClassLoading=true }
 INFO  [pool-1-thread-1] {org.radargun.stages.DestroyWrapperStage} Received destroy cache wrapper request from master...
 INFO  [pool-1-thread-1] {org.radargun.stages.DestroyWrapperStage} No cache wrapper deployed on this slave, nothing to do.
 INFO  [pool-1-thread-1] {org.radargun.stages.DestroyWrapperStage} Before executing clear, memory looks like this: Memory - free: 2,928,638 kb - max:4,906,688 kb- total:2,944,000 kb
[Full GC 15361K->3631K(2944000K), 0.0642500 secs]
 INFO  [pool-1-thread-1] {org.radargun.stages.DestroyWrapperStage} After executing cleanup, memory looks like this: Memory - free: 2,935,311 kb - max:4,906,688 kb- total:2,944,064 kb
 INFO  [pool-1-thread-1] {org.radargun.Slave} Finished stage: DestroyWrapper {enforceMemoryThrashHold=true, exitBenchmarkOnSlaveFailure=false, heapDumpDir=null, memoryThreshold=95, runOnAllSlaves=true, slaves=null, useSmartClassLoading=true }
 INFO  [main] {org.radargun.Slave} Ack successfully sent to the master
 INFO  [pool-1-thread-1] {org.radargun.Slave} Executing stage: StartCluster {config=ispn52-repl-sync-rr.xml, delayAfterFirstSlaveStarts=5.000 secs, delayBetweenStartingSlaves=0.500 secs, exitBenchmarkOnSlaveFailure=true, expectNumSlaves=null, mayFailOn=null, reachable=null, runOnAllSlaves=false, slaves=null, staggerSlaveStartup=true, useSmartClassLoading=true, validateCluster=true }
 INFO  [pool-1-thread-1] {org.radargun.stages.StartClusterStage}  Startup staggering, starting 8 slaves. This is the slave with index 3. Sleeping for 6500 millis.
 INFO  [pool-1-thread-1] {org.radargun.stages.StartClusterStage} Ack master's StartCluster stage. Local address is: /127.0.0.1. This slave's index is: 3
 INFO  [pool-1-thread-1] {org.radargun.utils.ClassLoadHelper} Creating newInstance org.radargun.cachewrappers.InfinispanXSWrapper with classloader java.net.URLClassLoader@508969c3
 INFO  [pool-1-thread-1] {org.radargun.cachewrappers.InfinispanXSWrapper} Cannot find any site for slave index 3
 INFO  [pool-1-thread-1] {org.infinispan.remoting.transport.jgroups.JGroupsTransport} ISPN000078: Starting JGroups Channel
 WARN  [pool-1-thread-1] {org.jgroups.protocols.UDP} [JGRP00014] the send buffer of socket DatagramSocket was set to 640KB, but the OS only allocated 229.38KB. This might lead to performance problems. Please set your max send buffer in the OS correctly (e.g. net.core.wmem_max on Linux)
 WARN  [pool-1-thread-1] {org.jgroups.protocols.UDP} [JGRP00014] the receive buffer of socket DatagramSocket was set to 20MB, but the OS only allocated 229.38KB. This might lead to performance problems. Please set your max receive buffer in the OS correctly (e.g. net.core.rmem_max on Linux)
 WARN  [pool-1-thread-1] {org.jgroups.protocols.UDP} [JGRP00014] the send buffer of socket MulticastSocket was set to 640KB, but the OS only allocated 229.38KB. This might lead to performance problems. Please set your max send buffer in the OS correctly (e.g. net.core.wmem_max on Linux)
 WARN  [pool-1-thread-1] {org.jgroups.protocols.UDP} [JGRP00014] the receive buffer of socket MulticastSocket was set to 25MB, but the OS only allocated 229.38KB. This might lead to performance problems. Please set your max receive buffer in the OS correctly (e.g. net.core.rmem_max on Linux)
 INFO  [pool-1-thread-1] {org.infinispan.remoting.transport.jgroups.JGroupsTransport} ISPN000094: Received new cluster view: [deimos-esw-25854|3] [deimos-esw-25854, deimos-esw-64703, deimos-esw-22579, deimos-esw-50599]
 INFO  [pool-1-thread-1] {org.infinispan.remoting.transport.jgroups.JGroupsTransport} ISPN000079: Cache local address is deimos-esw-50599, physical addresses are [127.0.0.1:52003]
 INFO  [pool-1-thread-1] {org.infinispan.factories.GlobalComponentRegistry} ISPN000128: Infinispan version: Infinispan 'Delirium' 5.2.6.Final
 INFO  [pool-1-thread-1] {org.infinispan.transaction.lookup.JBossStandaloneJTAManagerLookup} ISPN000107: Retrieving transaction manager Transaction: unknown
 INFO  [Incoming-4,deimos-esw-50599] {org.infinispan.remoting.transport.jgroups.JGroupsTransport} ISPN000094: Received new cluster view: [deimos-esw-25854|4] [deimos-esw-25854, deimos-esw-64703, deimos-esw-22579, deimos-esw-50599, deimos-esw-22899]
 INFO  [pool-1-thread-1] {org.infinispan.jmx.CacheJmxRegistration} ISPN000031: MBeans were successfully registered to the platform MBean server.
 INFO  [pool-1-thread-1] {org.radargun.cachewrappers.InfinispanXSWrapper} Using transaction manager: Transaction: unknown
 INFO  [pool-1-thread-1] {org.radargun.cachewrappers.InfinispanXSWrapper} No RELAY2 protocol in XS wrapper
 INFO  [pool-1-thread-1] {org.radargun.cachewrappers.InfinispanXSWrapper} JGroups version: JGroups 3.2.7.Final
 INFO  [pool-1-thread-1] {org.radargun.cachewrappers.InfinispanXSWrapper} Using config attributes: {name=ispn52-repl-sync-rr.xml}
 INFO  [pool-1-thread-1] {org.radargun.stages.helpers.StartHelper} Number of members=5 is not the one expected: 8
 INFO  [Incoming-4,deimos-esw-50599] {org.infinispan.remoting.transport.jgroups.JGroupsTransport} ISPN000094: Received new cluster view: [deimos-esw-25854|5] [deimos-esw-25854, deimos-esw-64703, deimos-esw-22579, deimos-esw-50599, deimos-esw-22899, deimos-esw-38831]
 INFO  [Incoming-4,deimos-esw-50599] {org.infinispan.remoting.transport.jgroups.JGroupsTransport} ISPN000094: Received new cluster view: [deimos-esw-25854|6] [deimos-esw-25854, deimos-esw-64703, deimos-esw-22579, deimos-esw-50599, deimos-esw-22899, deimos-esw-38831, deimos-esw-7313]
 INFO  [pool-1-thread-1] {org.radargun.stages.helpers.StartHelper} Number of members=7 is not the one expected: 8
 INFO  [Incoming-4,deimos-esw-50599] {org.infinispan.remoting.transport.jgroups.JGroupsTransport} ISPN000094: Received new cluster view: [deimos-esw-25854|7] [deimos-esw-25854, deimos-esw-64703, deimos-esw-22579, deimos-esw-50599, deimos-esw-22899, deimos-esw-38831, deimos-esw-7313, deimos-esw-59945]
 INFO  [pool-1-thread-1] {org.radargun.stages.helpers.StartHelper} Number of members is the one expected: 8
 INFO  [pool-1-thread-1] {org.radargun.stages.StartClusterStage} Successfully started cache wrapper on slave 3: org.radargun.cachewrappers.InfinispanXSWrapper@6b18e1c6
 INFO  [pool-1-thread-1] {org.radargun.Slave} Finished stage: StartCluster {config=ispn52-repl-sync-rr.xml, delayAfterFirstSlaveStarts=5.000 secs, delayBetweenStartingSlaves=0.500 secs, exitBenchmarkOnSlaveFailure=true, expectNumSlaves=null, mayFailOn=null, reachable=null, runOnAllSlaves=false, slaves=null, staggerSlaveStartup=true, useSmartClassLoading=true, validateCluster=true }
 INFO  [main] {org.radargun.Slave} Ack successfully sent to the master
 INFO  [pool-1-thread-1] {org.radargun.Slave} Executing stage: ClusterValidation {exitBenchmarkOnSlaveFailure=false, partialReplication=false, replicationTimeSleep=2000, replicationTryCount=60, runOnAllSlaves=false, slaves=null, useSmartClassLoading=true }
 INFO  [pool-1-thread-1] {org.radargun.stages.ClusterValidationStage} Number of caches that replicated here is 7
 INFO  [pool-1-thread-1] {org.radargun.stages.ClusterValidationStage} Replication test successfully passed. partialReplication? false, replicationCount = 7
 INFO  [pool-1-thread-1] {org.radargun.stages.ClusterValidationStage} Confirm phase successful.
 INFO  [pool-1-thread-1] {org.radargun.Slave} Finished stage: ClusterValidation {exitBenchmarkOnSlaveFailure=false, partialReplication=false, replicationTimeSleep=2000, replicationTryCount=60, runOnAllSlaves=false, slaves=[ 0, 1, 2, 3, 4, 5, 6, 7 ], useSmartClassLoading=true }
 INFO  [main] {org.radargun.Slave} Ack successfully sent to the master
 INFO  [pool-1-thread-1] {org.radargun.Slave} Executing stage: StressTestWarmup {bulkSize=1, cacheSpecificKeyGenerator=false, commitTransactions=true, duration=1 mins 0 secs, entrySize=1000, exitBenchmarkOnSlaveFailure=false, fixedKeys=true, generateHistogramRange=false, keyGeneratorClass=org.radargun.stressors.StringKeyGenerator, keyGeneratorParam=null, loadAllKeys=false, numEntries=100, numOfThreads=4, numRequests=10000, numThreads=4, numberOfAttributes=100, numberOfRequests=10000, opsCountStatusLog=100000, poolKeys=true, preferAsyncOperations=false, removePercentage=0, replaceInvalidPercentage=40, runOnAllSlaves=false, sharedKeys=false, sizeOfAnAttribute=1000, slaves=null, transactionSize=50, useAtomics=false, useHistogramStatistics=false, useSimpleStatistics=true, useSmartClassLoading=true, useTransactions=null, writePercentage=20, writeTxPercentage=20 }
 INFO  [pool-1-thread-1] {org.radargun.stages.StressTestWarmupStage} Starting StressTestWarmupStage: StressTestWarmup {bulkSize=1, cacheSpecificKeyGenerator=false, commitTransactions=true, duration=1 mins 0 secs, entrySize=1000, exitBenchmarkOnSlaveFailure=false, fixedKeys=true, generateHistogramRange=false, keyGeneratorClass=org.radargun.stressors.StringKeyGenerator, keyGeneratorParam=null, loadAllKeys=false, numEntries=100, numOfThreads=4, numRequests=10000, numThreads=4, numberOfAttributes=100, numberOfRequests=10000, opsCountStatusLog=100000, poolKeys=true, preferAsyncOperations=false, removePercentage=0, replaceInvalidPercentage=40, runOnAllSlaves=false, sharedKeys=false, sizeOfAnAttribute=1000, slaves=null, transactionSize=50, useAtomics=false, useHistogramStatistics=false, useSimpleStatistics=true, useSmartClassLoading=true, useTransactions=null, writePercentage=20, writeTxPercentage=20 }
 INFO  [pool-1-thread-1] {org.radargun.stressors.StressTestStressor} Using key generator org.radargun.stressors.StringKeyGenerator, param null
 INFO  [pool-1-thread-1] {org.radargun.stressors.StressTestStressor} Executing: StressTestStressor{opsCountStatusLog=100000, numRequests=10000, numEntries=100, entrySize=1000, writePercentage=20, numThreads=4, cacheWrapper=org.radargun.cachewrappers.InfinispanXSWrapper@6b18e1c6, nodeIndex=3, useTransactions=true, transactionSize=50, commitTransactions=true, durationMillis=60000}
 INFO  [pool-1-thread-1] {org.radargun.stressors.StressTestStressor} Cache wrapper info is: Running : 5.2.6.Final, config:ispn52-repl-sync-rr.xml, cacheName:testCache
[GC 259695K->18650K(2944064K), 0.0439780 secs]
 INFO  [pool-1-thread-1] {org.radargun.stressors.StressTestStressor} Started 4 stressor threads.
 INFO  [Stressor-1] {org.radargun.stressors.StressTestStressor} Number of ops executed so far: 1. Elapsed time: 0.001 secs. Remaining: 59.999 secs. Total: 1 mins 0 secs
[GC 274714K->19930K(2944064K), 0.0374130 secs]
[GC 275994K->25158K(2944064K), 0.0364600 secs]
[GC 281222K->29750K(2944064K), 0.0407100 secs]
[GC 285814K->27404K(2944064K), 0.0414950 secs]
[GC 283468K->28244K(2944064K), 0.0403890 secs]
[GC 284308K->33450K(2944064K), 0.0437110 secs]
[GC 289514K->30858K(2944064K), 0.0420370 secs]
[GC 286922K->37096K(2944064K), 0.0468590 secs]
[GC 293160K->30321K(2944064K), 0.0433780 secs]
[GC 286385K->30502K(2944064K), 0.0434580 secs]
[GC 286566K->37659K(2944064K), 0.0439490 secs]
[GC 293723K->31688K(2944064K), 0.0446480 secs]
[GC 287752K->37156K(2944064K), 0.0460900 secs]
[GC 293220K->37001K(2944064K), 0.0469270 secs]
[GC 293065K->43891K(2944064K), 0.0747750 secs]
[GC 299955K->34435K(2944064K), 0.0431840 secs]
 INFO  [Stressor-2] {org.radargun.stressors.StressTestStressor} Number of ops executed so far: 318950. Elapsed time: 20.003 secs. Remaining: 39.997 secs. Total: 1 mins 0 secs
[GC 290499K->38841K(2944064K), 0.0425600 secs]
[GC 294905K->37490K(2944064K), 0.0381350 secs]
[GC 293554K->40241K(2944064K), 0.0389760 secs]
[GC 296305K->41849K(2944064K), 0.0391330 secs]
[GC 297913K->43438K(2944064K), 0.0385560 secs]
[GC 299502K->44014K(2944064K), 0.0358250 secs]
[GC 300078K->37946K(2944064K), 0.0463980 secs]
[GC 294010K->46278K(2944064K), 0.0441770 secs]
[GC 302342K->41318K(2944064K), 0.0464520 secs]
[GC 297382K->43149K(2944064K), 0.0461050 secs]
[GC 299213K->48530K(2944064K), 0.0509170 secs]
[GC 304594K->44529K(2944064K), 0.0500470 secs]
[GC 300593K->52177K(2944064K), 0.0456010 secs]
[GC 308241K->51866K(2944064K), 0.0455270 secs]
[GC 307930K->52863K(2944064K), 0.0534600 secs]
[GC 308927K->48547K(2944064K), 0.0461790 secs]
[GC 304600K->49095K(2944064K), 0.0501150 secs]
[GC 304738K->48994K(2944064K), 0.0457460 secs]
[GC 305058K->49762K(2944064K), 0.0439290 secs]
 INFO  [Stressor-2] {org.radargun.stressors.StressTestStressor} Number of ops executed so far: 723650. Elapsed time: 40.005 secs. Remaining: 19.995 secs. Total: 1 mins 0 secs
[GC 305826K->50052K(2944064K), 0.0457880 secs]
[GC 306116K->50844K(2944064K), 0.0447730 secs]
[GC 306908K->51932K(2944064K), 0.0442730 secs]
[GC 307996K->52945K(2944064K), 0.0465650 secs]
[GC 309009K->53920K(2944064K), 0.0485730 secs]
[GC 309984K->53151K(2944064K), 0.0416930 secs]
[GC 309215K->51761K(2944064K), 0.0445230 secs]
[GC 307825K->52483K(2944064K), 0.0472130 secs]
[GC 308547K->54661K(2944064K), 0.0438250 secs]
[GC 310722K->53289K(2944064K), 0.0451880 secs]
[GC 309353K->54272K(2944064K), 0.0462380 secs]
[GC 310336K->55701K(2944064K), 0.0460730 secs]
[GC 311765K->56377K(2944064K), 0.0443640 secs]
[GC 312441K->56889K(2944064K), 0.0441140 secs]
[GC 312953K->57683K(2944064K), 0.0397290 secs]
[GC 313747K->58459K(2944064K), 0.0418430 secs]
[GC 314523K->58368K(2944064K), 0.0495450 secs]
[GC 314432K->59361K(2944064K), 0.0504840 secs]
 INFO  [Stressor-0] {org.radargun.stressors.StressTestStressor} Number of ops executed so far: 1084550. Elapsed time: 1 mins 0 secs. Remaining: 0.000 secs. Total: 1 mins 0 secs
 INFO  [pool-1-thread-1] {org.radargun.stressors.StressTestStressor} Finished generating report. Test duration is: 1 mins 3 secs
 INFO  [pool-1-thread-1] {org.radargun.stages.StressTestWarmupStage} The warmup took: 63 seconds.
 INFO  [pool-1-thread-1] {org.radargun.Slave} Finished stage: StressTestWarmup {bulkSize=1, cacheSpecificKeyGenerator=false, commitTransactions=true, duration=1 mins 0 secs, entrySize=1000, exitBenchmarkOnSlaveFailure=false, fixedKeys=true, generateHistogramRange=false, keyGeneratorClass=org.radargun.stressors.StringKeyGenerator, keyGeneratorParam=null, loadAllKeys=false, numEntries=100, numOfThreads=4, numRequests=10000, numThreads=4, numberOfAttributes=100, numberOfRequests=10000, opsCountStatusLog=100000, poolKeys=true, preferAsyncOperations=false, removePercentage=0, replaceInvalidPercentage=40, runOnAllSlaves=false, sharedKeys=false, sizeOfAnAttribute=1000, slaves=null, transactionSize=50, useAtomics=false, useHistogramStatistics=false, useSimpleStatistics=true, useSmartClassLoading=true, useTransactions=null, writePercentage=20, writeTxPercentage=20 }
 INFO  [main] {org.radargun.Slave} Ack successfully sent to the master
 INFO  [pool-1-thread-1] {org.radargun.Slave} Executing stage: ClearClusterStage {ClearCluster {exitBenchmarkOnSlaveFailure=false, runOnAllSlaves=false, slaves=[ 0 ], useSmartClassLoading=true }
 INFO  [pool-1-thread-1] {org.radargun.stages.ClearClusterStage} Before executing clear, memory looks like this: Memory - free: 2,654,420 kb - max:4,906,688 kb- total:2,944,064 kb
[Full GC 290443K->20265K(2944064K), 0.3076320 secs]
 INFO  [pool-1-thread-1] {org.radargun.stages.ClearClusterStage} After executing cleanup, memory looks like this: Memory - free: 2,922,398 kb - max:4,906,688 kb- total:2,944,192 kb
 INFO  [pool-1-thread-1] {org.radargun.Slave} Finished stage: ClearClusterStage {ClearCluster {exitBenchmarkOnSlaveFailure=false, runOnAllSlaves=false, slaves=[ 0 ], useSmartClassLoading=true }
 INFO  [main] {org.radargun.Slave} Ack successfully sent to the master
 INFO  [pool-1-thread-1] {org.radargun.Slave} Executing stage: StressTest {bulkSize=1, cacheSpecificKeyGenerator=false, commitTransactions=true, duration=1 mins 0 secs, entrySize=1000, exitBenchmarkOnSlaveFailure=false, fixedKeys=true, generateHistogramRange=false, keyGeneratorClass=org.radargun.stressors.StringKeyGenerator, keyGeneratorParam=null, loadAllKeys=false, numEntries=10000, numOfThreads=4, numRequests=10000000, numThreads=4, numberOfAttributes=10000, numberOfRequests=10000000, opsCountStatusLog=500000, poolKeys=true, preferAsyncOperations=false, removePercentage=0, replaceInvalidPercentage=40, runOnAllSlaves=false, sharedKeys=false, sizeOfAnAttribute=1000, slaves=null, transactionSize=10000, useAtomics=false, useHistogramStatistics=false, useSimpleStatistics=true, useSmartClassLoading=true, useTransactions=true, writePercentage=10, writeTxPercentage=5 }
 INFO  [pool-1-thread-1] {org.radargun.stages.StressTestStage} Starting StressTestStage: StressTest {bulkSize=1, cacheSpecificKeyGenerator=false, commitTransactions=true, duration=1 mins 0 secs, entrySize=1000, exitBenchmarkOnSlaveFailure=false, fixedKeys=true, generateHistogramRange=false, keyGeneratorClass=org.radargun.stressors.StringKeyGenerator, keyGeneratorParam=null, loadAllKeys=false, numEntries=10000, numOfThreads=4, numRequests=10000000, numThreads=4, numberOfAttributes=10000, numberOfRequests=10000000, opsCountStatusLog=500000, poolKeys=true, preferAsyncOperations=false, removePercentage=0, replaceInvalidPercentage=40, runOnAllSlaves=false, sharedKeys=false, sizeOfAnAttribute=1000, slaves=null, transactionSize=10000, useAtomics=false, useHistogramStatistics=false, useSimpleStatistics=true, useSmartClassLoading=true, useTransactions=true, writePercentage=10, writeTxPercentage=5 }
 INFO  [pool-1-thread-1] {org.radargun.stressors.StressTestStressor} Using key generator org.radargun.stressors.StringKeyGenerator, param null
 INFO  [pool-1-thread-1] {org.radargun.stressors.StressTestStressor} Executing: StressTestStressor{opsCountStatusLog=500000, numRequests=10000000, numEntries=10000, entrySize=1000, writePercentage=10, numThreads=4, cacheWrapper=org.radargun.cachewrappers.InfinispanXSWrapper@6b18e1c6, nodeIndex=3, useTransactions=true, transactionSize=10000, commitTransactions=true, durationMillis=60000}
 INFO  [pool-1-thread-1] {org.radargun.stressors.StressTestStressor} Cache wrapper info is: Running : 5.2.6.Final, config:ispn52-repl-sync-rr.xml, cacheName:testCache
[GC 276393K->49948K(2944192K), 0.0559170 secs]
[GC 306076K->75218K(2944192K), 0.0694600 secs]
[GC 331346K->102146K(2944192K), 0.0910780 secs]
[GC 358274K->133031K(2944192K), 0.1015020 secs]
[GC 389159K->167504K(2944192K), 0.1289180 secs]
[GC 423632K->178481K(2944192K), 0.1155230 secs]
[GC 434609K->170774K(2944192K), 0.0912160 secs]
[GC 426902K->203771K(2944192K), 0.0926100 secs]
[GC 459899K->219299K(2944192K), 0.0920410 secs]
[GC 475427K->220069K(2944192K), 0.0882520 secs]
[GC 476197K->251949K(2944192K), 0.0958180 secs]
[GC 508077K->270836K(2944192K), 0.0979710 secs]
[GC 526964K->305507K(2944192K), 0.0968340 secs]
[GC 561635K->286038K(2944192K), 0.1034090 secs]
[GC 542166K->311472K(2944192K), 0.0960640 secs]
[GC 567600K->354688K(2944192K), 0.1041000 secs]
[GC 610816K->335142K(2944192K), 0.0924250 secs]
[GC 591270K->374153K(2944192K), 0.1031230 secs]
[GC 630281K->384829K(2944192K), 0.1002580 secs]
[GC 640957K->403742K(2944192K), 0.0991800 secs]
[GC 659870K->422287K(2944192K), 0.1029360 secs]
[GC 678415K->419795K(2944192K), 0.0990330 secs]
[GC 675923K->437229K(2944192K), 0.1031590 secs]
[GC 693357K->488431K(2944192K), 0.0947480 secs]
[GC 744559K->469831K(2944192K), 0.0988170 secs]
[GC 725959K->511002K(2944192K), 0.1007570 secs]
 INFO  [pool-1-thread-1] {org.radargun.stressors.StressTestStressor} Started 4 stressor threads.
 INFO  [Stressor-0] {org.radargun.stressors.StressTestStressor} Number of ops executed so far: 1. Elapsed time: 0.000 secs. Remaining: 1 mins 0 secs. Total: 1 mins 0 secs
[GC 767130K->532709K(2944192K), 0.0971030 secs]
[GC 788837K->515580K(2944192K), 0.0952350 secs]
[GC 771486K->552745K(2944192K), 0.0862400 secs]
[GC 808873K->561338K(2944192K), 0.0966150 secs]
[GC 817466K->540509K(2944192K), 0.0806970 secs]
[GC 796637K->598297K(2944192K), 0.0655580 secs]
[GC 854425K->605748K(2944192K), 0.0825770 secs]
[GC 861876K->604313K(2944192K), 0.0767500 secs]
[GC 860387K->607915K(2944192K), 0.0795210 secs]
[GC 863775K->646111K(2944192K), 0.0764250 secs]
[GC 902239K->651389K(2944192K), 0.0705190 secs]
[GC 907517K->690685K(2944192K), 0.0734820 secs]
[GC 946808K->688476K(2944192K), 0.0869630 secs]
[GC 944591K->709392K(2944192K), 0.0770950 secs]
[GC 965520K->710128K(2944192K), 0.0780150 secs]
[GC 966256K->763925K(2944192K), 0.0734930 secs]
[GC 1020030K->749213K(2944192K), 0.0738190 secs]
[GC 1005341K->760951K(2944192K), 0.0851070 secs]
[GC 1015905K->771679K(2944192K), 0.0731390 secs]
 INFO  [Stressor-1] {org.radargun.stressors.StressTestStressor} Number of ops executed so far: 2046344. Elapsed time: 20.000 secs. Remaining: 40.000 secs. Total: 1 mins 0 secs
[GC 1027807K->804870K(2944192K), 0.0637980 secs]
[GC 1060356K->779749K(2944192K), 0.0736140 secs]
[GC 1035877K->837476K(2944192K), 0.0785250 secs]
[GC 1093604K->805836K(2944192K), 0.0686390 secs]
[GC 1061949K->857392K(2944192K), 0.0658770 secs]
[GC 1113520K->851854K(2944192K), 0.0839650 secs]
[GC 1107982K->861500K(2944192K), 0.0552430 secs]
[GC 1116887K->888330K(2944192K), 0.0658450 secs]
[GC 1144458K->881809K(2944192K), 0.0780610 secs]
[GC 1137896K->921422K(2944192K), 0.0699110 secs]
[GC 1176813K->926402K(2944192K), 0.0839070 secs]
[GC 1181698K->919939K(2944192K), 0.0709540 secs]
[GC 1176067K->932612K(2944192K), 0.0711320 secs]
[GC 1188719K->955948K(2944192K), 0.0693590 secs]
[GC 1212076K->994011K(2944192K), 0.0794190 secs]
[GC 1248567K->987288K(2944192K), 0.0811340 secs]
[GC 1243416K->974028K(2944192K), 0.0694360 secs]
[GC 1230156K->1007803K(2944192K), 0.0742900 secs]
[GC 1262265K->1044451K(2944192K), 0.0618030 secs]
[GC 1300579K->1065110K(2944192K), 0.0829090 secs]
[GC 1321218K->1059498K(2944192K), 0.0783200 secs]
 INFO  [Stressor-0] {org.radargun.stressors.StressTestStressor} Number of ops executed so far: 5358563. Elapsed time: 40.000 secs. Remaining: 20.000 secs. Total: 1 mins 0 secs
[GC 1315606K->1042900K(2944192K), 0.0724930 secs]
[GC 1299028K->1098753K(2944192K), 0.0672570 secs]
[GC 1354857K->1087710K(2944192K), 0.0761850 secs]
[GC 1343838K->1090655K(2944192K), 0.0723080 secs]
[GC 1346783K->1123513K(2944192K), 0.0748880 secs]
[GC 1379641K->1155336K(2944192K), 0.0706090 secs]
[GC 1411464K->1138865K(2944192K), 0.0715360 secs]
[GC 1394261K->1186294K(2944192K), 0.0828250 secs]
[GC 1442422K->1161776K(2944192K), 0.0785870 secs]
[GC 1417853K->1205918K(2944192K), 0.0608310 secs]
[GC 1462046K->1214318K(2944192K), 0.0724140 secs]
[GC 1470446K->1203430K(2944192K), 0.0806100 secs]
[GC 1458655K->1226046K(2944192K), 0.0735190 secs]
[GC 1482131K->1266849K(2944192K), 0.0660430 secs]
[GC 1522977K->1271883K(2944192K), 0.0763990 secs]
[GC 1528011K->1303328K(2944192K), 0.0809250 secs]
[GC 1558938K->1318747K(2944192K), 0.1018760 secs]
[GC 1574875K->1337175K(2944192K), 0.0855850 secs]
[GC 1593303K->1318030K(2944192K), 0.0791790 secs]
 INFO  [Stressor-1] {org.radargun.stressors.StressTestStressor} Number of ops executed so far: 4850974. Elapsed time: 1 mins 0 secs. Remaining: 0.000 secs. Total: 1 mins 0 secs
 INFO  [pool-1-thread-1] {org.radargun.stressors.StressTestStressor} Finished generating report. Test duration is: 2 mins 0 secs
 INFO  [pool-1-thread-1] {org.radargun.stages.StressTestStage} size info: Running : 5.2.6.Final, config:ispn52-repl-sync-rr.xml, cacheName:testCache, clusterSize:8, nodeIndex:3, cacheSize: 320000
 INFO  [pool-1-thread-1] {org.radargun.Slave} Finished stage: StressTest {bulkSize=1, cacheSpecificKeyGenerator=false, commitTransactions=true, duration=1 mins 0 secs, entrySize=1000, exitBenchmarkOnSlaveFailure=false, fixedKeys=true, generateHistogramRange=false, keyGeneratorClass=org.radargun.stressors.StringKeyGenerator, keyGeneratorParam=null, loadAllKeys=false, numEntries=10000, numOfThreads=4, numRequests=10000000, numThreads=4, numberOfAttributes=10000, numberOfRequests=10000000, opsCountStatusLog=500000, poolKeys=true, preferAsyncOperations=false, removePercentage=0, replaceInvalidPercentage=40, runOnAllSlaves=false, sharedKeys=false, sizeOfAnAttribute=1000, slaves=null, transactionSize=10000, useAtomics=false, useHistogramStatistics=false, useSimpleStatistics=true, useSmartClassLoading=true, useTransactions=true, writePercentage=10, writeTxPercentage=5 }
 INFO  [main] {org.radargun.Slave} Ack successfully sent to the master
 INFO  [main] {org.radargun.Slave} Master shutdown!
 INFO  [Thread-0] {org.radargun.ShutDownHook} Slave process is being shutdown
