/usr/java/jdk1.7.0_21/bin/java -server -Xmx1024M -Xms1024M -Dresolve.dns=false -Djgroups.timer.num_threads=4 -verbose:gc -Xmx5000M -Xms3000M -server -XX:+UseConcMarkSweepGC -XX:+AggressiveOpts -verbose:gc -XX:ParallelGCThreads=4 -XX:NewRatio=5 -XX:SurvivorRatio=2 -Dhazelcast.operation.thread.count=4 -Djava.net.preferIPv4Stack=true -Dlog4j.file.prefix=deimos-esw-18751 -Dbind.address= -Djgroups.bind_addr= -classpath /home/smf/github/radargun/target/distribution/RadarGun-1.1.0-SNAPSHOT/lib/activation-1.1.jar:/home/smf/github/radargun/target/distribution/RadarGun-1.1.0-SNAPSHOT/lib/commons-beanutils-1.8.0.jar:/home/smf/github/radargun/target/distribution/RadarGun-1.1.0-SNAPSHOT/lib/commons-digester-2.0.jar:/home/smf/github/radargun/target/distribution/RadarGun-1.1.0-SNAPSHOT/lib/commons-logging-1.1.1.jar:/home/smf/github/radargun/target/distribution/RadarGun-1.1.0-SNAPSHOT/lib/commons-math-1.2.jar:/home/smf/github/radargun/target/distribution/RadarGun-1.1.0-SNAPSHOT/lib/jboss-transaction-api-1.0.1.GA.jar:/home/smf/github/radargun/target/distribution/RadarGun-1.1.0-SNAPSHOT/lib/jcommon-1.0.15.jar:/home/smf/github/radargun/target/distribution/RadarGun-1.1.0-SNAPSHOT/lib/jfreechart-1.0.12.jar:/home/smf/github/radargun/target/distribution/RadarGun-1.1.0-SNAPSHOT/lib/log4j-1.2.14.jar:/home/smf/github/radargun/target/distribution/RadarGun-1.1.0-SNAPSHOT/lib/mail-1.4.2.jar:/home/smf/github/radargun/target/distribution/RadarGun-1.1.0-SNAPSHOT/lib/radargun-framework-1.1.0-SNAPSHOT.jar:/home/smf/github/radargun/target/distribution/RadarGun-1.1.0-SNAPSHOT/conf org.radargun.Slave -master 127.0.0.1:2103
--------------------------------------------------------------------------------
PerNodeRollingFileAppender::Using file prefix:deimos-esw-18751
 INFO  [main] {org.radargun.Slave} Attempting to connect to master 127.0.0.1:2103
 INFO  [main] {org.radargun.Slave} Successfully established connection with master at: 127.0.0.1:2103
Loading JARS from /home/smf/github/radargun/target/distribution/RadarGun-1.1.0-SNAPSHOT/lib/radargun-framework-1.1.0-SNAPSHOT.jar
 INFO  [pool-1-thread-1] {org.radargun.config.AnnotatedHelper} Loading JARS from /home/smf/github/radargun/target/distribution/RadarGun-1.1.0-SNAPSHOT/lib/radargun-framework-1.1.0-SNAPSHOT.jar
 INFO  [pool-1-thread-1] {org.radargun.config.AnnotatedHelper} Loading JARS from /home/smf/github/radargun/target/distribution/RadarGun-1.1.0-SNAPSHOT/lib/radargun-framework-1.1.0-SNAPSHOT.jar
 INFO  [pool-1-thread-1] {org.radargun.Slave} Executing stage: DestroyWrapper {enforceMemoryThrashHold=true, exitBenchmarkOnSlaveFailure=false, heapDumpDir=null, memoryThreshold=95, runOnAllSlaves=true, slaves=null, useSmartClassLoading=true }
 INFO  [pool-1-thread-1] {org.radargun.stages.DestroyWrapperStage} Received destroy cache wrapper request from master...
 INFO  [pool-1-thread-1] {org.radargun.stages.DestroyWrapperStage} No cache wrapper deployed on this slave, nothing to do.
 INFO  [pool-1-thread-1] {org.radargun.stages.DestroyWrapperStage} Before executing clear, memory looks like this: Memory - free: 2,928,638 kb - max:4,906,688 kb- total:2,944,000 kb
[Full GC 15361K->3631K(2944000K), 0.0641520 secs]
 INFO  [pool-1-thread-1] {org.radargun.stages.DestroyWrapperStage} After executing cleanup, memory looks like this: Memory - free: 2,935,311 kb - max:4,906,688 kb- total:2,944,064 kb
 INFO  [pool-1-thread-1] {org.radargun.Slave} Finished stage: DestroyWrapper {enforceMemoryThrashHold=true, exitBenchmarkOnSlaveFailure=false, heapDumpDir=null, memoryThreshold=95, runOnAllSlaves=true, slaves=null, useSmartClassLoading=true }
 INFO  [main] {org.radargun.Slave} Ack successfully sent to the master
 INFO  [pool-1-thread-1] {org.radargun.Slave} Executing stage: StartCluster {config=ispn52-repl-sync-rc.xml, delayAfterFirstSlaveStarts=5.000 secs, delayBetweenStartingSlaves=0.500 secs, exitBenchmarkOnSlaveFailure=true, expectNumSlaves=null, mayFailOn=null, reachable=null, runOnAllSlaves=false, slaves=null, staggerSlaveStartup=true, useSmartClassLoading=true, validateCluster=true }
 INFO  [pool-1-thread-1] {org.radargun.stages.StartClusterStage}  Startup staggering, starting 6 slaves. This is the slave with index 5. Sleeping for 7500 millis.
 INFO  [pool-1-thread-1] {org.radargun.stages.StartClusterStage} Ack master's StartCluster stage. Local address is: /127.0.0.1. This slave's index is: 5
 INFO  [pool-1-thread-1] {org.radargun.utils.ClassLoadHelper} Creating newInstance org.radargun.cachewrappers.InfinispanXSWrapper with classloader java.net.URLClassLoader@640fa784
 INFO  [pool-1-thread-1] {org.radargun.cachewrappers.InfinispanXSWrapper} Cannot find any site for slave index 5
 INFO  [pool-1-thread-1] {org.infinispan.remoting.transport.jgroups.JGroupsTransport} ISPN000078: Starting JGroups Channel
 WARN  [pool-1-thread-1] {org.jgroups.protocols.UDP} [JGRP00014] the send buffer of socket DatagramSocket was set to 640KB, but the OS only allocated 229.38KB. This might lead to performance problems. Please set your max send buffer in the OS correctly (e.g. net.core.wmem_max on Linux)
 WARN  [pool-1-thread-1] {org.jgroups.protocols.UDP} [JGRP00014] the receive buffer of socket DatagramSocket was set to 20MB, but the OS only allocated 229.38KB. This might lead to performance problems. Please set your max receive buffer in the OS correctly (e.g. net.core.rmem_max on Linux)
 WARN  [pool-1-thread-1] {org.jgroups.protocols.UDP} [JGRP00014] the send buffer of socket MulticastSocket was set to 640KB, but the OS only allocated 229.38KB. This might lead to performance problems. Please set your max send buffer in the OS correctly (e.g. net.core.wmem_max on Linux)
 WARN  [pool-1-thread-1] {org.jgroups.protocols.UDP} [JGRP00014] the receive buffer of socket MulticastSocket was set to 25MB, but the OS only allocated 229.38KB. This might lead to performance problems. Please set your max receive buffer in the OS correctly (e.g. net.core.rmem_max on Linux)
 INFO  [pool-1-thread-1] {org.infinispan.remoting.transport.jgroups.JGroupsTransport} ISPN000094: Received new cluster view: [deimos-esw-10412|5] [deimos-esw-10412, deimos-esw-59977, deimos-esw-24597, deimos-esw-10877, deimos-esw-34052, deimos-esw-57171]
 INFO  [pool-1-thread-1] {org.infinispan.remoting.transport.jgroups.JGroupsTransport} ISPN000079: Cache local address is deimos-esw-57171, physical addresses are [127.0.0.1:52005]
 INFO  [pool-1-thread-1] {org.infinispan.factories.GlobalComponentRegistry} ISPN000128: Infinispan version: Infinispan 'Delirium' 5.2.6.Final
 INFO  [pool-1-thread-1] {org.infinispan.transaction.lookup.JBossStandaloneJTAManagerLookup} ISPN000107: Retrieving transaction manager Transaction: unknown
 INFO  [pool-1-thread-1] {org.infinispan.jmx.CacheJmxRegistration} ISPN000031: MBeans were successfully registered to the platform MBean server.
 INFO  [pool-1-thread-1] {org.radargun.cachewrappers.InfinispanXSWrapper} Using transaction manager: Transaction: unknown
 INFO  [pool-1-thread-1] {org.radargun.cachewrappers.InfinispanXSWrapper} No RELAY2 protocol in XS wrapper
 INFO  [pool-1-thread-1] {org.radargun.cachewrappers.InfinispanXSWrapper} JGroups version: JGroups 3.2.7.Final
 INFO  [pool-1-thread-1] {org.radargun.cachewrappers.InfinispanXSWrapper} Using config attributes: {name=ispn52-repl-sync-rc.xml}
 INFO  [pool-1-thread-1] {org.radargun.stages.helpers.StartHelper} Number of members is the one expected: 6
 INFO  [pool-1-thread-1] {org.radargun.stages.StartClusterStage} Successfully started cache wrapper on slave 5: org.radargun.cachewrappers.InfinispanXSWrapper@39a0972a
 INFO  [pool-1-thread-1] {org.radargun.Slave} Finished stage: StartCluster {config=ispn52-repl-sync-rc.xml, delayAfterFirstSlaveStarts=5.000 secs, delayBetweenStartingSlaves=0.500 secs, exitBenchmarkOnSlaveFailure=true, expectNumSlaves=null, mayFailOn=null, reachable=null, runOnAllSlaves=false, slaves=null, staggerSlaveStartup=true, useSmartClassLoading=true, validateCluster=true }
 INFO  [main] {org.radargun.Slave} Ack successfully sent to the master
 INFO  [pool-1-thread-1] {org.radargun.Slave} Executing stage: ClusterValidation {exitBenchmarkOnSlaveFailure=false, partialReplication=false, replicationTimeSleep=2000, replicationTryCount=60, runOnAllSlaves=false, slaves=null, useSmartClassLoading=true }
 INFO  [pool-1-thread-1] {org.radargun.stages.ClusterValidationStage} Number of caches that replicated here is 5
 INFO  [pool-1-thread-1] {org.radargun.stages.ClusterValidationStage} Replication test successfully passed. partialReplication? false, replicationCount = 5
 INFO  [pool-1-thread-1] {org.radargun.stages.ClusterValidationStage} Confirm phase successful.
 INFO  [pool-1-thread-1] {org.radargun.Slave} Finished stage: ClusterValidation {exitBenchmarkOnSlaveFailure=false, partialReplication=false, replicationTimeSleep=2000, replicationTryCount=60, runOnAllSlaves=false, slaves=[ 0, 1, 2, 3, 4, 5 ], useSmartClassLoading=true }
 INFO  [main] {org.radargun.Slave} Ack successfully sent to the master
 INFO  [pool-1-thread-1] {org.radargun.Slave} Executing stage: StressTestWarmup {bulkSize=1, cacheSpecificKeyGenerator=false, commitTransactions=true, duration=1 mins 0 secs, entrySize=1000, exitBenchmarkOnSlaveFailure=false, fixedKeys=true, generateHistogramRange=false, keyGeneratorClass=org.radargun.stressors.StringKeyGenerator, keyGeneratorParam=null, loadAllKeys=false, numEntries=100, numOfThreads=4, numRequests=10000, numThreads=4, numberOfAttributes=100, numberOfRequests=10000, opsCountStatusLog=100000, poolKeys=true, preferAsyncOperations=false, removePercentage=0, replaceInvalidPercentage=40, runOnAllSlaves=false, sharedKeys=false, sizeOfAnAttribute=1000, slaves=null, transactionSize=50, useAtomics=false, useHistogramStatistics=false, useSimpleStatistics=true, useSmartClassLoading=true, useTransactions=null, writePercentage=20, writeTxPercentage=20 }
 INFO  [pool-1-thread-1] {org.radargun.stages.StressTestWarmupStage} Starting StressTestWarmupStage: StressTestWarmup {bulkSize=1, cacheSpecificKeyGenerator=false, commitTransactions=true, duration=1 mins 0 secs, entrySize=1000, exitBenchmarkOnSlaveFailure=false, fixedKeys=true, generateHistogramRange=false, keyGeneratorClass=org.radargun.stressors.StringKeyGenerator, keyGeneratorParam=null, loadAllKeys=false, numEntries=100, numOfThreads=4, numRequests=10000, numThreads=4, numberOfAttributes=100, numberOfRequests=10000, opsCountStatusLog=100000, poolKeys=true, preferAsyncOperations=false, removePercentage=0, replaceInvalidPercentage=40, runOnAllSlaves=false, sharedKeys=false, sizeOfAnAttribute=1000, slaves=null, transactionSize=50, useAtomics=false, useHistogramStatistics=false, useSimpleStatistics=true, useSmartClassLoading=true, useTransactions=null, writePercentage=20, writeTxPercentage=20 }
 INFO  [pool-1-thread-1] {org.radargun.stressors.StressTestStressor} Using key generator org.radargun.stressors.StringKeyGenerator, param null
 INFO  [pool-1-thread-1] {org.radargun.stressors.StressTestStressor} Executing: StressTestStressor{opsCountStatusLog=100000, numRequests=10000, numEntries=100, entrySize=1000, writePercentage=20, numThreads=4, cacheWrapper=org.radargun.cachewrappers.InfinispanXSWrapper@39a0972a, nodeIndex=5, useTransactions=true, transactionSize=50, commitTransactions=true, durationMillis=60000}
 INFO  [pool-1-thread-1] {org.radargun.stressors.StressTestStressor} Cache wrapper info is: Running : 5.2.6.Final, config:ispn52-repl-sync-rc.xml, cacheName:testCache
 INFO  [pool-1-thread-1] {org.radargun.stressors.StressTestStressor} Started 4 stressor threads.
 INFO  [Stressor-2] {org.radargun.stressors.StressTestStressor} Number of ops executed so far: 1. Elapsed time: 0.001 secs. Remaining: 59.999 secs. Total: 1 mins 0 secs
[GC 259695K->21661K(2944064K), 0.0554260 secs]
[GC 277725K->20795K(2944064K), 0.0344220 secs]
[GC 276859K->27595K(2944064K), 0.0387360 secs]
[GC 283659K->21958K(2944064K), 0.0407260 secs]
[GC 278022K->28169K(2944064K), 0.0344760 secs]
[GC 284233K->25872K(2944064K), 0.0411210 secs]
[GC 281936K->31443K(2944064K), 0.0426550 secs]
[GC 287507K->33534K(2944064K), 0.0430740 secs]
[GC 289598K->34845K(2944064K), 0.0444630 secs]
[GC 290909K->28184K(2944064K), 0.0434260 secs]
[GC 284248K->29815K(2944064K), 0.0427320 secs]
[GC 285879K->36157K(2944064K), 0.0456180 secs]
[GC 292221K->35964K(2944064K), 0.0439230 secs]
[GC 292028K->30750K(2944064K), 0.0426290 secs]
[GC 286814K->29785K(2944064K), 0.0432610 secs]
[GC 285843K->34752K(2944064K), 0.0723090 secs]
[GC 290816K->35282K(2944064K), 0.0383750 secs]
[GC 291346K->35401K(2944064K), 0.0433960 secs]
 INFO  [Stressor-1] {org.radargun.stressors.StressTestStressor} Number of ops executed so far: 526363. Elapsed time: 20.001 secs. Remaining: 39.999 secs. Total: 1 mins 0 secs
[GC 291465K->31754K(2944064K), 0.0387850 secs]
[GC 287818K->35207K(2944064K), 0.0411930 secs]
[GC 291271K->37620K(2944064K), 0.0400060 secs]
[GC 293681K->34784K(2944064K), 0.0406670 secs]
[GC 290837K->44114K(2944064K), 0.0434400 secs]
[GC 300178K->36637K(2944064K), 0.0416070 secs]
[GC 292701K->34407K(2944064K), 0.0439230 secs]
[GC 290471K->40104K(2944064K), 0.0518940 secs]
[GC 296168K->44788K(2944064K), 0.0487690 secs]
[GC 300852K->37378K(2944064K), 0.0429220 secs]
[GC 293442K->36937K(2944064K), 0.0393950 secs]
[GC 293001K->44844K(2944064K), 0.0419210 secs]
[GC 300908K->42350K(2944064K), 0.0476790 secs]
[GC 298414K->49763K(2944064K), 0.0482520 secs]
[GC 305827K->46491K(2944064K), 0.0471910 secs]
[GC 302555K->42312K(2944064K), 0.0429540 secs]
[GC 298376K->44696K(2944064K), 0.0472460 secs]
[GC 300760K->47342K(2944064K), 0.0474660 secs]
[GC 303406K->47598K(2944064K), 0.0523070 secs]
[GC 303662K->42411K(2944064K), 0.0438960 secs]
 INFO  [Stressor-2] {org.radargun.stressors.StressTestStressor} Number of ops executed so far: 1113300. Elapsed time: 40.003 secs. Remaining: 19.997 secs. Total: 1 mins 0 secs
[GC 298475K->40593K(2944064K), 0.0439630 secs]
[GC 296657K->41517K(2944064K), 0.0446880 secs]
[GC 297581K->48687K(2944064K), 0.0486320 secs]
[GC 304751K->49919K(2944064K), 0.0489250 secs]
[GC 305983K->43151K(2944064K), 0.0441830 secs]
[GC 299215K->41162K(2944064K), 0.0428510 secs]
[GC 297226K->44565K(2944064K), 0.0434870 secs]
[GC 300629K->53673K(2944064K), 0.0483600 secs]
[GC 309737K->51572K(2944064K), 0.0507120 secs]
[GC 307636K->39955K(2944064K), 0.0434940 secs]
[GC 296019K->42930K(2944064K), 0.0406700 secs]
[GC 298986K->46216K(2944064K), 0.0448830 secs]
[GC 302280K->51748K(2944064K), 0.0510310 secs]
[GC 307812K->53642K(2944064K), 0.0441590 secs]
[GC 309706K->46000K(2944064K), 0.0443020 secs]
[GC 302064K->44546K(2944064K), 0.0415370 secs]
[GC 300610K->53752K(2944064K), 0.0483390 secs]
[GC 309816K->53227K(2944064K), 0.0506230 secs]
[GC 309291K->58908K(2944064K), 0.0497240 secs]
[GC 314972K->43989K(2944064K), 0.0423280 secs]
 INFO  [Stressor-3] {org.radargun.stressors.StressTestStressor} Number of ops executed so far: 1710500. Elapsed time: 1 mins 0 secs. Remaining: 0.000 secs. Total: 1 mins 0 secs
 INFO  [pool-1-thread-1] {org.radargun.stressors.StressTestStressor} Finished generating report. Test duration is: 1 mins 1 secs
 INFO  [pool-1-thread-1] {org.radargun.stages.StressTestWarmupStage} The warmup took: 61 seconds.
 INFO  [pool-1-thread-1] {org.radargun.Slave} Finished stage: StressTestWarmup {bulkSize=1, cacheSpecificKeyGenerator=false, commitTransactions=true, duration=1 mins 0 secs, entrySize=1000, exitBenchmarkOnSlaveFailure=false, fixedKeys=true, generateHistogramRange=false, keyGeneratorClass=org.radargun.stressors.StringKeyGenerator, keyGeneratorParam=null, loadAllKeys=false, numEntries=100, numOfThreads=4, numRequests=10000, numThreads=4, numberOfAttributes=100, numberOfRequests=10000, opsCountStatusLog=100000, poolKeys=true, preferAsyncOperations=false, removePercentage=0, replaceInvalidPercentage=40, runOnAllSlaves=false, sharedKeys=false, sizeOfAnAttribute=1000, slaves=null, transactionSize=50, useAtomics=false, useHistogramStatistics=false, useSimpleStatistics=true, useSmartClassLoading=true, useTransactions=null, writePercentage=20, writeTxPercentage=20 }
 INFO  [main] {org.radargun.Slave} Ack successfully sent to the master
 INFO  [pool-1-thread-1] {org.radargun.Slave} Executing stage: ClearClusterStage {ClearCluster {exitBenchmarkOnSlaveFailure=false, runOnAllSlaves=false, slaves=[ 0 ], useSmartClassLoading=true }
 INFO  [pool-1-thread-1] {org.radargun.stages.ClearClusterStage} Before executing clear, memory looks like this: Memory - free: 2,884,219 kb - max:4,906,688 kb- total:2,944,064 kb
[Full GC 60363K->19453K(2944064K), 0.1943320 secs]
 INFO  [pool-1-thread-1] {org.radargun.stages.ClearClusterStage} After executing cleanup, memory looks like this: Memory - free: 2,921,203 kb - max:4,906,688 kb- total:2,944,192 kb
 INFO  [pool-1-thread-1] {org.radargun.Slave} Finished stage: ClearClusterStage {ClearCluster {exitBenchmarkOnSlaveFailure=false, runOnAllSlaves=false, slaves=[ 0 ], useSmartClassLoading=true }
 INFO  [main] {org.radargun.Slave} Ack successfully sent to the master
 INFO  [pool-1-thread-1] {org.radargun.Slave} Executing stage: StressTest {bulkSize=1, cacheSpecificKeyGenerator=false, commitTransactions=true, duration=1 mins 0 secs, entrySize=1000, exitBenchmarkOnSlaveFailure=false, fixedKeys=true, generateHistogramRange=false, keyGeneratorClass=org.radargun.stressors.StringKeyGenerator, keyGeneratorParam=null, loadAllKeys=false, numEntries=10000, numOfThreads=4, numRequests=10000000, numThreads=4, numberOfAttributes=10000, numberOfRequests=10000000, opsCountStatusLog=500000, poolKeys=true, preferAsyncOperations=false, removePercentage=0, replaceInvalidPercentage=40, runOnAllSlaves=false, sharedKeys=false, sizeOfAnAttribute=1000, slaves=null, transactionSize=10000, useAtomics=false, useHistogramStatistics=false, useSimpleStatistics=true, useSmartClassLoading=true, useTransactions=true, writePercentage=10, writeTxPercentage=5 }
 INFO  [pool-1-thread-1] {org.radargun.stages.StressTestStage} Starting StressTestStage: StressTest {bulkSize=1, cacheSpecificKeyGenerator=false, commitTransactions=true, duration=1 mins 0 secs, entrySize=1000, exitBenchmarkOnSlaveFailure=false, fixedKeys=true, generateHistogramRange=false, keyGeneratorClass=org.radargun.stressors.StringKeyGenerator, keyGeneratorParam=null, loadAllKeys=false, numEntries=10000, numOfThreads=4, numRequests=10000000, numThreads=4, numberOfAttributes=10000, numberOfRequests=10000000, opsCountStatusLog=500000, poolKeys=true, preferAsyncOperations=false, removePercentage=0, replaceInvalidPercentage=40, runOnAllSlaves=false, sharedKeys=false, sizeOfAnAttribute=1000, slaves=null, transactionSize=10000, useAtomics=false, useHistogramStatistics=false, useSimpleStatistics=true, useSmartClassLoading=true, useTransactions=true, writePercentage=10, writeTxPercentage=5 }
 INFO  [pool-1-thread-1] {org.radargun.stressors.StressTestStressor} Using key generator org.radargun.stressors.StringKeyGenerator, param null
 INFO  [pool-1-thread-1] {org.radargun.stressors.StressTestStressor} Executing: StressTestStressor{opsCountStatusLog=500000, numRequests=10000000, numEntries=10000, entrySize=1000, writePercentage=10, numThreads=4, cacheWrapper=org.radargun.cachewrappers.InfinispanXSWrapper@39a0972a, nodeIndex=5, useTransactions=true, transactionSize=10000, commitTransactions=true, durationMillis=60000}
 INFO  [pool-1-thread-1] {org.radargun.stressors.StressTestStressor} Cache wrapper info is: Running : 5.2.6.Final, config:ispn52-repl-sync-rc.xml, cacheName:testCache
[GC 275645K->58363K(2944192K), 0.0528930 secs]
[GC 314555K->81890K(2944192K), 0.0661720 secs]
[GC 338082K->112232K(2944192K), 0.0762470 secs]
[GC 368424K->136417K(2944192K), 0.1232970 secs]
[GC 392609K->168291K(2944192K), 0.0832850 secs]
[GC 424483K->180243K(2944192K), 0.1309860 secs]
[GC 436435K->202782K(2944192K), 0.1016080 secs]
[GC 458974K->220408K(2944192K), 0.1086850 secs]
[GC 476600K->222591K(2944192K), 0.0970660 secs]
[GC 478783K->266530K(2944192K), 0.0839320 secs]
[GC 522722K->257179K(2944192K), 0.1180990 secs]
[GC 513371K->304316K(2944192K), 0.0888530 secs]
[GC 560508K->292603K(2944192K), 0.1236910 secs]
[GC 548795K->341652K(2944192K), 0.0861380 secs]
[GC 597844K->350439K(2944192K), 0.1324710 secs]
[GC 606631K->356665K(2944192K), 0.1076780 secs]
[GC 612857K->391543K(2944192K), 0.1114900 secs]
 INFO  [pool-1-thread-1] {org.radargun.stressors.StressTestStressor} Started 4 stressor threads.
 INFO  [Stressor-1] {org.radargun.stressors.StressTestStressor} Number of ops executed so far: 1. Elapsed time: 0.000 secs. Remaining: 1 mins 0 secs. Total: 1 mins 0 secs
[GC 647735K->375946K(2944192K), 0.0992050 secs]
[GC 632138K->419138K(2944192K), 0.0715520 secs]
[GC 675330K->398795K(2944192K), 0.0932600 secs]
[GC 654987K->456293K(2944192K), 0.0618760 secs]
[GC 712485K->471489K(2944192K), 0.1231930 secs]
[GC 727681K->463099K(2944192K), 0.0797570 secs]
[GC 719291K->448100K(2944192K), 0.0650570 secs]
[GC 704292K->492695K(2944192K), 0.0581330 secs]
[GC 748887K->478913K(2944192K), 0.0814900 secs]
[GC 735105K->525812K(2944192K), 0.0643070 secs]
[GC 782004K->508731K(2944192K), 0.0649370 secs]
[GC 764923K->542980K(2944192K), 0.0724140 secs]
[GC 799172K->548634K(2944192K), 0.0710640 secs]
[GC 804826K->557990K(2944192K), 0.0678780 secs]
[GC 814182K->584675K(2944192K), 0.0574550 secs]
[GC 840336K->587471K(2944192K), 0.0740600 secs]
[GC 843663K->594851K(2944192K), 0.0687670 secs]
[GC 850998K->599288K(2944192K), 0.0611000 secs]
[GC 855480K->620471K(2944192K), 0.0611590 secs]
[GC 876663K->622798K(2944192K), 0.0642800 secs]
[GC 878990K->657580K(2944192K), 0.0537860 secs]
 INFO  [Stressor-0] {org.radargun.stressors.StressTestStressor} Number of ops executed so far: 3160591. Elapsed time: 20.000 secs. Remaining: 40.000 secs. Total: 1 mins 0 secs
[GC 913772K->642438K(2944192K), 0.0643140 secs]
[GC 897528K->655376K(2944192K), 0.0613120 secs]
[GC 910784K->690080K(2944192K), 0.0554190 secs]
[GC 945633K->670490K(2944192K), 0.0638910 secs]
[GC 926265K->709995K(2944192K), 0.0621030 secs]
[GC 965647K->694133K(2944192K), 0.0568430 secs]
[GC 950325K->702298K(2944192K), 0.0593780 secs]
[GC 958490K->744682K(2944192K), 0.0553350 secs]
[GC 1000874K->735004K(2944192K), 0.0681820 secs]
[GC 991196K->754860K(2944192K), 0.0616480 secs]
[GC 1011052K->752838K(2944192K), 0.0637890 secs]
[GC 1009030K->744988K(2944192K), 0.0575530 secs]
[GC 1001165K->804843K(2944192K), 0.0629870 secs]
[GC 1061035K->820718K(2944192K), 0.0704690 secs]
[GC 1076910K->811436K(2944192K), 0.0640010 secs]
[GC 1067628K->850124K(2944192K), 0.0580000 secs]
[GC 1106316K->812881K(2944192K), 0.0646180 secs]
[GC 1069073K->868276K(2944192K), 0.0586680 secs]
[GC 1123923K->855172K(2944192K), 0.0751700 secs]
[GC 1109674K->862217K(2944192K), 0.0652770 secs]
[GC 1118409K->890737K(2944192K), 0.0576400 secs]
[GC 1146929K->917063K(2944192K), 0.0637830 secs]
[GC 1173255K->908895K(2944192K), 0.0663360 secs]
 INFO  [Stressor-3] {org.radargun.stressors.StressTestStressor} Number of ops executed so far: 5941501. Elapsed time: 40.000 secs. Remaining: 20.000 secs. Total: 1 mins 0 secs
[GC 1165087K->910949K(2944192K), 0.0594850 secs]
[GC 1167120K->936967K(2944192K), 0.0582520 secs]
[GC 1193159K->935960K(2944192K), 0.0656140 secs]
[GC 1192152K->966791K(2944192K), 0.0637740 secs]
[GC 1222983K->946366K(2944192K), 0.0691200 secs]
[GC 1202558K->995496K(2944192K), 0.0574670 secs]
[GC 1250944K->979361K(2944192K), 0.0604970 secs]
[GC 1235196K->969090K(2944192K), 0.0725180 secs]
[GC 1225282K->1026061K(2944192K), 0.0580370 secs]
[GC 1282253K->1025231K(2944192K), 0.0661560 secs]
[GC 1281379K->1029701K(2944192K), 0.0615060 secs]
[GC 1285893K->1041963K(2944192K), 0.0621690 secs]
[GC 1298120K->1040747K(2944192K), 0.0616010 secs]
[GC 1296939K->1095404K(2944192K), 0.0587040 secs]
[GC 1351596K->1066283K(2944192K), 0.0682510 secs]
[GC 1322475K->1117612K(2944192K), 0.0648840 secs]
[GC 1373073K->1085292K(2944192K), 0.0700860 secs]
[GC 1341484K->1145475K(2944192K), 0.0659710 secs]
[GC 1401667K->1121207K(2944192K), 0.0653020 secs]
[GC 1377399K->1141878K(2944192K), 0.0627880 secs]
[GC 1398070K->1146262K(2944192K), 0.0589240 secs]
[GC 1401897K->1183008K(2944192K), 0.0584540 secs]
[GC 1439152K->1199811K(2944192K), 0.0645890 secs]
 INFO  [Stressor-0] {org.radargun.stressors.StressTestStressor} Number of ops executed so far: 8380557. Elapsed time: 1 mins 0 secs. Remaining: 0.000 secs. Total: 1 mins 0 secs
 INFO  [pool-1-thread-1] {org.radargun.stressors.StressTestStressor} Finished generating report. Test duration is: 1 mins 37 secs
 INFO  [pool-1-thread-1] {org.radargun.stages.StressTestStage} size info: Running : 5.2.6.Final, config:ispn52-repl-sync-rc.xml, cacheName:testCache, clusterSize:6, nodeIndex:5, cacheSize: 240000
 INFO  [pool-1-thread-1] {org.radargun.Slave} Finished stage: StressTest {bulkSize=1, cacheSpecificKeyGenerator=false, commitTransactions=true, duration=1 mins 0 secs, entrySize=1000, exitBenchmarkOnSlaveFailure=false, fixedKeys=true, generateHistogramRange=false, keyGeneratorClass=org.radargun.stressors.StringKeyGenerator, keyGeneratorParam=null, loadAllKeys=false, numEntries=10000, numOfThreads=4, numRequests=10000000, numThreads=4, numberOfAttributes=10000, numberOfRequests=10000000, opsCountStatusLog=500000, poolKeys=true, preferAsyncOperations=false, removePercentage=0, replaceInvalidPercentage=40, runOnAllSlaves=false, sharedKeys=false, sizeOfAnAttribute=1000, slaves=null, transactionSize=10000, useAtomics=false, useHistogramStatistics=false, useSimpleStatistics=true, useSmartClassLoading=true, useTransactions=true, writePercentage=10, writeTxPercentage=5 }
 INFO  [main] {org.radargun.Slave} Ack successfully sent to the master
 INFO  [main] {org.radargun.Slave} Master shutdown!
 INFO  [Thread-0] {org.radargun.ShutDownHook} Slave process is being shutdown
