/usr/java/jdk1.7.0_21/bin/java -server -Xmx1024M -Xms1024M -Dresolve.dns=false -Djgroups.timer.num_threads=4 -verbose:gc -Xmx5000M -Xms3000M -server -XX:+UseConcMarkSweepGC -XX:+AggressiveOpts -verbose:gc -XX:ParallelGCThreads=4 -XX:NewRatio=5 -XX:SurvivorRatio=2 -Dhazelcast.operation.thread.count=4 -Djava.net.preferIPv4Stack=true -Dlog4j.file.prefix=deimos-esw-7367 -Dbind.address= -Djgroups.bind_addr= -classpath /home/smf/github/radargun/target/distribution/RadarGun-1.1.0-SNAPSHOT/lib/activation-1.1.jar:/home/smf/github/radargun/target/distribution/RadarGun-1.1.0-SNAPSHOT/lib/commons-beanutils-1.8.0.jar:/home/smf/github/radargun/target/distribution/RadarGun-1.1.0-SNAPSHOT/lib/commons-digester-2.0.jar:/home/smf/github/radargun/target/distribution/RadarGun-1.1.0-SNAPSHOT/lib/commons-logging-1.1.1.jar:/home/smf/github/radargun/target/distribution/RadarGun-1.1.0-SNAPSHOT/lib/commons-math-1.2.jar:/home/smf/github/radargun/target/distribution/RadarGun-1.1.0-SNAPSHOT/lib/jboss-transaction-api-1.0.1.GA.jar:/home/smf/github/radargun/target/distribution/RadarGun-1.1.0-SNAPSHOT/lib/jcommon-1.0.15.jar:/home/smf/github/radargun/target/distribution/RadarGun-1.1.0-SNAPSHOT/lib/jfreechart-1.0.12.jar:/home/smf/github/radargun/target/distribution/RadarGun-1.1.0-SNAPSHOT/lib/log4j-1.2.14.jar:/home/smf/github/radargun/target/distribution/RadarGun-1.1.0-SNAPSHOT/lib/mail-1.4.2.jar:/home/smf/github/radargun/target/distribution/RadarGun-1.1.0-SNAPSHOT/lib/radargun-framework-1.1.0-SNAPSHOT.jar:/home/smf/github/radargun/target/distribution/RadarGun-1.1.0-SNAPSHOT/conf org.radargun.Slave -master 127.0.0.1:2103
--------------------------------------------------------------------------------
PerNodeRollingFileAppender::Using file prefix:deimos-esw-7367
 INFO  [main] {org.radargun.Slave} Attempting to connect to master 127.0.0.1:2103
 INFO  [main] {org.radargun.Slave} Successfully established connection with master at: 127.0.0.1:2103
Loading JARS from /home/smf/github/radargun/target/distribution/RadarGun-1.1.0-SNAPSHOT/lib/radargun-framework-1.1.0-SNAPSHOT.jar
 INFO  [pool-1-thread-1] {org.radargun.config.AnnotatedHelper} Loading JARS from /home/smf/github/radargun/target/distribution/RadarGun-1.1.0-SNAPSHOT/lib/radargun-framework-1.1.0-SNAPSHOT.jar
 INFO  [pool-1-thread-1] {org.radargun.config.AnnotatedHelper} Loading JARS from /home/smf/github/radargun/target/distribution/RadarGun-1.1.0-SNAPSHOT/lib/radargun-framework-1.1.0-SNAPSHOT.jar
 INFO  [pool-1-thread-1] {org.radargun.Slave} Executing stage: DestroyWrapper {enforceMemoryThrashHold=true, exitBenchmarkOnSlaveFailure=false, heapDumpDir=null, memoryThreshold=95, runOnAllSlaves=true, slaves=null, useSmartClassLoading=true }
 INFO  [pool-1-thread-1] {org.radargun.stages.DestroyWrapperStage} Received destroy cache wrapper request from master...
 INFO  [pool-1-thread-1] {org.radargun.stages.DestroyWrapperStage} No cache wrapper deployed on this slave, nothing to do.
 INFO  [pool-1-thread-1] {org.radargun.stages.DestroyWrapperStage} Before executing clear, memory looks like this: Memory - free: 2,928,638 kb - max:4,906,688 kb- total:2,944,000 kb
[Full GC 15361K->3631K(2944000K), 0.0945580 secs]
 INFO  [pool-1-thread-1] {org.radargun.stages.DestroyWrapperStage} After executing cleanup, memory looks like this: Memory - free: 2,935,311 kb - max:4,906,688 kb- total:2,944,064 kb
 INFO  [pool-1-thread-1] {org.radargun.Slave} Finished stage: DestroyWrapper {enforceMemoryThrashHold=true, exitBenchmarkOnSlaveFailure=false, heapDumpDir=null, memoryThreshold=95, runOnAllSlaves=true, slaves=null, useSmartClassLoading=true }
 INFO  [main] {org.radargun.Slave} Ack successfully sent to the master
 INFO  [pool-1-thread-1] {org.radargun.Slave} Executing stage: StartCluster {config=ispn52-repl-sync-rc.xml, delayAfterFirstSlaveStarts=5.000 secs, delayBetweenStartingSlaves=0.500 secs, exitBenchmarkOnSlaveFailure=true, expectNumSlaves=null, mayFailOn=null, reachable=null, runOnAllSlaves=false, slaves=null, staggerSlaveStartup=true, useSmartClassLoading=true, validateCluster=true }
 INFO  [pool-1-thread-1] {org.radargun.stages.StartClusterStage}  Startup staggering, starting 6 slaves. This is the slave with index 2. Sleeping for 6000 millis.
 INFO  [pool-1-thread-1] {org.radargun.stages.StartClusterStage} Ack master's StartCluster stage. Local address is: /127.0.0.1. This slave's index is: 2
 INFO  [pool-1-thread-1] {org.radargun.utils.ClassLoadHelper} Creating newInstance org.radargun.cachewrappers.FFWrapper with classloader java.net.URLClassLoader@4367be7c
 INFO  [pool-1-thread-1] {org.radargun.cachewrappers.FFWrapper} config=ispn52-repl-sync-rc.xml, isLocal=false, nodeIndex=2, confAttributes={name=ispn52-repl-sync-rc.xml, decorate=infinispan52}
 INFO  [pool-1-thread-1] {org.radargun.cachewrappers.FFWrapper} Found fenix framework config options in 'rg-fenix-framework-config-options.properties'.
 INFO  [pool-1-thread-1] {org.radargun.cachewrappers.FFWrapper} Setting extra config properties for Fenix Framework.
 INFO  [pool-1-thread-1] {org.radargun.cachewrappers.FFWrapper} Will initialize Fenix Framework with RadarGunDataGridConfig
 TRACE [pool-1-thread-1] {pt.ist.fenixframework.FenixFramework} Static initializer block for FenixFramework class [BEGIN]
 INFO  [pool-1-thread-1] {pt.ist.fenixframework.FenixFramework} Trying auto-initialization with configuration by convention
 INFO  [pool-1-thread-1] {pt.ist.fenixframework.FenixFramework} Resource 'fenix-framework.properties' not found
 DEBUG [pool-1-thread-1] {pt.ist.fenixframework.FenixFramework} Fenix Framework properties after reading default config file:{}
 DEBUG [pool-1-thread-1] {pt.ist.fenixframework.FenixFramework} CurrentBackEndName = jvstm-datagrid
 INFO  [pool-1-thread-1] {pt.ist.fenixframework.FenixFramework} Resource 'fenix-framework-jvstm-datagrid.properties' not found
 DEBUG [pool-1-thread-1] {pt.ist.fenixframework.FenixFramework} Fenix Framework properties after reading backend config file:{}
 DEBUG [pool-1-thread-1] {pt.ist.fenixframework.FenixFramework} Fenix Framework properties after enforcing system properties:{}
 INFO  [pool-1-thread-1] {pt.ist.fenixframework.FenixFramework} Skipping configuration by convention.
 TRACE [pool-1-thread-1] {pt.ist.fenixframework.FenixFramework} Static initializer block for FenixFramework class [END]
 INFO  [pool-1-thread-1] {pt.ist.fenixframework.FenixFramework} Initializing Fenix Framework with config.class=pt.ist.fenixframework.backend.jvstm.datagrid.radargun.RadarGunDataGridConfig
 INFO  [pool-1-thread-1] {pt.ist.fenixframework.backend.jvstm.cluster.JvstmClusterBackEnd} initializeGroupCommunication()
 INFO  [pool-1-thread-1] {com.hazelcast.config.ClasspathXmlConfig} Configuring Hazelcast from 'hazelcast-ff.xml'.
 INFO  [pool-1-thread-1] {com.hazelcast.instance.DefaultAddressPicker} Interfaces is disabled, trying to pick one address from TCP-IP config addresses: [127.0.0.1]
 INFO  [pool-1-thread-1] {com.hazelcast.instance.DefaultAddressPicker} Picked Address[127.0.0.1]:5703, using socket ServerSocket[addr=/0.0.0.0,localport=5703], bind any local is true
 INFO  [pool-1-thread-1] {com.hazelcast.system} [127.0.0.1]:5703 [FenixFrameworkGroup] Hazelcast Community Edition 3.0-RC1 (20130627) starting at Address[127.0.0.1]:5703
 INFO  [pool-1-thread-1] {com.hazelcast.system} [127.0.0.1]:5703 [FenixFrameworkGroup] Copyright (C) 2008-2013 Hazelcast.com
 INFO  [pool-1-thread-1] {com.hazelcast.core.LifecycleService} [127.0.0.1]:5703 [FenixFrameworkGroup] Address[127.0.0.1]:5703 is STARTING
 INFO  [hz._hzInstance_1_FenixFrameworkGroup.cached.thread-2] {com.hazelcast.nio.SocketAcceptor} [127.0.0.1]:5703 [FenixFrameworkGroup] 5703 is accepting socket connection from /127.0.0.1:51597
 INFO  [hz._hzInstance_1_FenixFrameworkGroup.cached.thread-2] {com.hazelcast.nio.TcpIpConnectionManager} [127.0.0.1]:5703 [FenixFrameworkGroup] 5703 accepted socket connection from /127.0.0.1:51597
 INFO  [pool-1-thread-1] {com.hazelcast.cluster.TcpIpJoiner} [127.0.0.1]:5703 [FenixFrameworkGroup] Connecting to possible member: Address[127.0.0.1]:5702
 INFO  [pool-1-thread-1] {com.hazelcast.cluster.TcpIpJoiner} [127.0.0.1]:5703 [FenixFrameworkGroup] Connecting to possible member: Address[127.0.0.1]:5701
 INFO  [hz._hzInstance_1_FenixFrameworkGroup.cached.thread-3] {com.hazelcast.nio.SocketConnector} [127.0.0.1]:5703 [FenixFrameworkGroup] Connecting to /127.0.0.1:5701, timeout: 0, bind-any: true
 INFO  [hz._hzInstance_1_FenixFrameworkGroup.cached.thread-3] {com.hazelcast.nio.TcpIpConnectionManager} [127.0.0.1]:5703 [FenixFrameworkGroup] 53883 accepted socket connection from /127.0.0.1:5701
 INFO  [hz._hzInstance_1_FenixFrameworkGroup.cached.thread-2] {com.hazelcast.nio.SocketAcceptor} [127.0.0.1]:5703 [FenixFrameworkGroup] 5703 is accepting socket connection from /127.0.0.1:46131
 INFO  [hz._hzInstance_1_FenixFrameworkGroup.cached.thread-2] {com.hazelcast.nio.TcpIpConnectionManager} [127.0.0.1]:5703 [FenixFrameworkGroup] 5703 accepted socket connection from /127.0.0.1:46131
 INFO  [hz._hzInstance_1_FenixFrameworkGroup.cached.thread-3] {com.hazelcast.nio.SocketAcceptor} [127.0.0.1]:5703 [FenixFrameworkGroup] 5703 is accepting socket connection from /127.0.0.1:44369
 INFO  [hz._hzInstance_1_FenixFrameworkGroup.cached.thread-3] {com.hazelcast.nio.TcpIpConnectionManager} [127.0.0.1]:5703 [FenixFrameworkGroup] 5703 accepted socket connection from /127.0.0.1:44369
 INFO  [hz._hzInstance_1_FenixFrameworkGroup.cached.thread-2] {com.hazelcast.nio.SocketAcceptor} [127.0.0.1]:5703 [FenixFrameworkGroup] 5703 is accepting socket connection from /127.0.0.1:40212
 INFO  [hz._hzInstance_1_FenixFrameworkGroup.cached.thread-2] {com.hazelcast.nio.TcpIpConnectionManager} [127.0.0.1]:5703 [FenixFrameworkGroup] 5703 accepted socket connection from /127.0.0.1:40212
 INFO  [hz._hzInstance_1_FenixFrameworkGroup.cached.thread-3] {com.hazelcast.cluster.ClusterService} [127.0.0.1]:5703 [FenixFrameworkGroup] 

Members [6] {
	Member [127.0.0.1]:5701
	Member [127.0.0.1]:5702
	Member [127.0.0.1]:5704
	Member [127.0.0.1]:5705
	Member [127.0.0.1]:5706
	Member [127.0.0.1]:5703 this
}

 INFO  [pool-1-thread-1] {com.hazelcast.core.LifecycleService} [127.0.0.1]:5703 [FenixFrameworkGroup] Address[127.0.0.1]:5703 is STARTED
 INFO  [pool-1-thread-1] {pt.ist.fenixframework.backend.jvstm.cluster.ClusterUtils} Got (long) serverId: 5
 INFO  [pool-1-thread-1] {pt.ist.fenixframework.backend.jvstm.cluster.JvstmClusterBackEnd} This is NOT the first node.
 INFO  [pool-1-thread-1] {pt.ist.fenixframework.backend.jvstm.cluster.ClusterUtils} Waiting for startup from first node
 INFO  [pool-1-thread-1] {pt.ist.fenixframework.backend.jvstm.JVSTMBackEnd} initializeRepository()
 INFO  [pool-1-thread-1] {pt.ist.fenixframework.backend.jvstm.datagrid.radargun.DataGridDecorator} config=ispn52-repl-sync-rc.xml, isLocal=false, nodeIndex=2, confAttributes={name=ispn52-repl-sync-rc.xml}
 INFO  [pool-1-thread-1] {org.radargun.cachewrappers.InfinispanXSWrapper} Cannot find any site for slave index 2
[GC 259695K->10669K(2944064K), 0.0427720 secs]
 INFO  [pool-1-thread-1] {org.infinispan.remoting.transport.jgroups.JGroupsTransport} ISPN000078: Starting JGroups Channel
 WARN  [pool-1-thread-1] {org.jgroups.protocols.UDP} [JGRP00014] the send buffer of socket DatagramSocket was set to 640KB, but the OS only allocated 229.38KB. This might lead to performance problems. Please set your max send buffer in the OS correctly (e.g. net.core.wmem_max on Linux)
 WARN  [pool-1-thread-1] {org.jgroups.protocols.UDP} [JGRP00014] the receive buffer of socket DatagramSocket was set to 20MB, but the OS only allocated 229.38KB. This might lead to performance problems. Please set your max receive buffer in the OS correctly (e.g. net.core.rmem_max on Linux)
 WARN  [pool-1-thread-1] {org.jgroups.protocols.UDP} [JGRP00014] the send buffer of socket MulticastSocket was set to 640KB, but the OS only allocated 229.38KB. This might lead to performance problems. Please set your max send buffer in the OS correctly (e.g. net.core.wmem_max on Linux)
 WARN  [pool-1-thread-1] {org.jgroups.protocols.UDP} [JGRP00014] the receive buffer of socket MulticastSocket was set to 25MB, but the OS only allocated 229.38KB. This might lead to performance problems. Please set your max receive buffer in the OS correctly (e.g. net.core.rmem_max on Linux)
 INFO  [pool-1-thread-1] {org.infinispan.remoting.transport.jgroups.JGroupsTransport} ISPN000094: Received new cluster view: [deimos-esw-29583|5] [deimos-esw-29583, deimos-esw-57030, deimos-esw-49262, deimos-esw-6501, deimos-esw-46799, deimos-esw-24059]
 INFO  [pool-1-thread-1] {org.infinispan.remoting.transport.jgroups.JGroupsTransport} ISPN000079: Cache local address is deimos-esw-24059, physical addresses are [127.0.0.1:52005]
 INFO  [pool-1-thread-1] {org.infinispan.factories.GlobalComponentRegistry} ISPN000128: Infinispan version: Infinispan 'Delirium' 5.2.6.Final
 INFO  [pool-1-thread-1] {org.infinispan.transaction.lookup.JBossStandaloneJTAManagerLookup} ISPN000107: Retrieving transaction manager Transaction: unknown
 INFO  [pool-1-thread-1] {org.infinispan.jmx.CacheJmxRegistration} ISPN000031: MBeans were successfully registered to the platform MBean server.
 INFO  [pool-1-thread-1] {org.radargun.cachewrappers.InfinispanXSWrapper} Using transaction manager: Transaction: unknown
 INFO  [pool-1-thread-1] {org.radargun.cachewrappers.InfinispanXSWrapper} No RELAY2 protocol in XS wrapper
 INFO  [pool-1-thread-1] {org.radargun.cachewrappers.InfinispanXSWrapper} JGroups version: JGroups 3.2.7.Final
 INFO  [pool-1-thread-1] {org.radargun.cachewrappers.InfinispanXSWrapper} Using config attributes: {name=ispn52-repl-sync-rc.xml}
 INFO  [pool-1-thread-1] {pt.ist.fenixframework.backend.jvstm.datagrid.DataGridRepository} Initialization marker is present. Data Grid already existed.
 INFO  [pool-1-thread-1] {pt.ist.fenixframework.backend.jvstm.JVSTMBackEnd} initializeDomainClassInfos
 INFO  [pool-1-thread-1] {pt.ist.fenixframework.backend.jvstm.pstm.DomainClassInfo} serverId: 5, serverOidBase: 5000000000000
 INFO  [pool-1-thread-1] {pt.ist.fenixframework.backend.jvstm.pstm.DomainClassInfo} Existing domain class 'pt.ist.fenixframework.adt.bplustree.AbstractNodeArray' with id 'a'
 INFO  [pool-1-thread-1] {pt.ist.fenixframework.backend.jvstm.pstm.DomainClassInfo} Existing domain class 'pt.ist.fenixframework.adt.linkedlist.ListNode' with id '6'
 INFO  [pool-1-thread-1] {pt.ist.fenixframework.backend.jvstm.pstm.DomainClassInfo} Existing domain class 'pt.ist.fenixframework.adt.bplustree.InnerNodeArray' with id 'b'
 INFO  [pool-1-thread-1] {pt.ist.fenixframework.backend.jvstm.pstm.DomainClassInfo} Existing domain class 'pt.ist.fenixframework.backend.jvstm.pstm.TransactionStatisticsEntry' with id '5'
 INFO  [pool-1-thread-1] {pt.ist.fenixframework.backend.jvstm.pstm.DomainClassInfo} Existing domain class 'pt.ist.fenixframework.adt.bplustree.LeafNodeArray' with id 'c'
 INFO  [pool-1-thread-1] {pt.ist.fenixframework.backend.jvstm.pstm.DomainClassInfo} Existing domain class 'pt.ist.fenixframework.adt.bplustree.InnerNode' with id '8'
 INFO  [pool-1-thread-1] {pt.ist.fenixframework.backend.jvstm.pstm.DomainClassInfo} Existing domain class 'pt.ist.fenixframework.DomainRoot' with id '0'
 INFO  [pool-1-thread-1] {pt.ist.fenixframework.backend.jvstm.pstm.DomainClassInfo} Existing domain class 'pt.ist.fenixframework.adt.bplustree.DomainLeafNode' with id '1'
 INFO  [pool-1-thread-1] {pt.ist.fenixframework.backend.jvstm.pstm.DomainClassInfo} Existing domain class 'pt.ist.fenixframework.adt.bplustree.DomainBPlusTree' with id 'e'
 INFO  [pool-1-thread-1] {pt.ist.fenixframework.backend.jvstm.pstm.DomainClassInfo} Existing domain class 'pt.ist.fenixframework.adt.bplustree.BPlusTreeArray' with id '2'
 INFO  [pool-1-thread-1] {pt.ist.fenixframework.backend.jvstm.pstm.DomainClassInfo} Existing domain class 'pt.ist.fenixframework.adt.bplustree.DomainInnerNode' with id '3'
 INFO  [pool-1-thread-1] {pt.ist.fenixframework.backend.jvstm.pstm.DomainClassInfo} Existing domain class 'pt.ist.fenixframework.adt.bplustree.LeafNode' with id '4'
 INFO  [pool-1-thread-1] {pt.ist.fenixframework.backend.jvstm.pstm.DomainClassInfo} Existing domain class 'pt.ist.fenixframework.adt.bplustree.BPlusTree' with id '7'
 INFO  [pool-1-thread-1] {pt.ist.fenixframework.backend.jvstm.pstm.DomainClassInfo} Existing domain class 'pt.ist.fenixframework.adt.bplustree.AbstractNode' with id 'f'
 INFO  [pool-1-thread-1] {pt.ist.fenixframework.backend.jvstm.pstm.DomainClassInfo} Existing domain class 'pt.ist.fenixframework.backend.jvstm.pstm.FenixFrameworkData' with id 'd'
 INFO  [pool-1-thread-1] {pt.ist.fenixframework.backend.jvstm.pstm.DomainClassInfo} Existing domain class 'pt.ist.fenixframework.adt.linkedlist.LinkedList' with id '9'
 INFO  [pool-1-thread-1] {pt.ist.fenixframework.backend.jvstm.JVSTMBackEnd} setupJVSTM
 INFO  [pool-1-thread-1] {pt.ist.fenixframework.backend.jvstm.JVSTMBackEnd} Setting the last committed TX number to 2
 INFO  [pool-1-thread-1] {pt.ist.fenixframework.backend.jvstm.JVSTMBackEnd} createDomainRootIfNeeded
 INFO  [pool-1-thread-1] {pt.ist.fenixframework.backend.jvstm.JVSTMBackEnd} ensureFenixFrameworkDataExists
 INFO  [pool-1-thread-1] {pt.ist.fenixframework.hibernatesearch.HibernateSearchConfig} Resource 'fenix-framework-hibernate-search.properties' not found. Hibernate Search disabled
 INFO  [pool-1-thread-1] {pt.ist.fenixframework.FenixFramework} Initialization of Fenix Framework is now complete.
 INFO  [pool-1-thread-1] {org.radargun.cachewrappers.FFWrapper} FF STARTED=true
 INFO  [pool-1-thread-1] {org.radargun.stages.helpers.StartHelper} Number of members is the one expected: 6
 INFO  [pool-1-thread-1] {org.radargun.stages.StartClusterStage} Successfully started cache wrapper on slave 2: org.radargun.cachewrappers.FFWrapper@a03db1e
 INFO  [pool-1-thread-1] {org.radargun.Slave} Finished stage: StartCluster {config=ispn52-repl-sync-rc.xml, delayAfterFirstSlaveStarts=5.000 secs, delayBetweenStartingSlaves=0.500 secs, exitBenchmarkOnSlaveFailure=true, expectNumSlaves=null, mayFailOn=null, reachable=null, runOnAllSlaves=false, slaves=null, staggerSlaveStartup=true, useSmartClassLoading=true, validateCluster=true }
 INFO  [main] {org.radargun.Slave} Ack successfully sent to the master
 INFO  [pool-1-thread-1] {org.radargun.Slave} Executing stage: ClusterValidation {exitBenchmarkOnSlaveFailure=false, partialReplication=false, replicationTimeSleep=2000, replicationTryCount=60, runOnAllSlaves=false, slaves=null, useSmartClassLoading=true }
 INFO  [pool-1-thread-1] {org.radargun.stages.ClusterValidationStage} Number of caches that replicated here is 1
 INFO  [pool-1-thread-1] {org.radargun.stages.ClusterValidationStage} Replication test failed, 1 tries so far. Sleeping for 2 seconds and trying again.
 INFO  [pool-1-thread-1] {org.radargun.stages.ClusterValidationStage} Number of caches that replicated here is 5
 INFO  [pool-1-thread-1] {org.radargun.stages.ClusterValidationStage} Replication test successfully passed. partialReplication? false, replicationCount = 5
 INFO  [pool-1-thread-1] {org.radargun.stages.ClusterValidationStage} Confirm phase successful.
 INFO  [pool-1-thread-1] {org.radargun.Slave} Finished stage: ClusterValidation {exitBenchmarkOnSlaveFailure=false, partialReplication=false, replicationTimeSleep=2000, replicationTryCount=60, runOnAllSlaves=false, slaves=[ 0, 1, 2, 3, 4, 5 ], useSmartClassLoading=true }
 INFO  [main] {org.radargun.Slave} Ack successfully sent to the master
 INFO  [pool-1-thread-1] {org.radargun.Slave} Executing stage: StressTestWarmup {bulkSize=1, cacheSpecificKeyGenerator=false, commitTransactions=true, duration=1 mins 0 secs, entrySize=1000, exitBenchmarkOnSlaveFailure=false, fixedKeys=true, generateHistogramRange=false, keyGeneratorClass=org.radargun.stressors.StringKeyGenerator, keyGeneratorParam=null, loadAllKeys=false, numEntries=100, numOfThreads=4, numRequests=10000, numThreads=4, numberOfAttributes=100, numberOfRequests=10000, opsCountStatusLog=100000, poolKeys=true, preferAsyncOperations=false, removePercentage=0, replaceInvalidPercentage=40, runOnAllSlaves=false, sharedKeys=false, sizeOfAnAttribute=1000, slaves=null, transactionSize=50, useAtomics=false, useHistogramStatistics=false, useSimpleStatistics=true, useSmartClassLoading=true, useTransactions=null, writePercentage=20, writeTxPercentage=20 }
 INFO  [pool-1-thread-1] {org.radargun.stages.StressTestWarmupStage} Starting StressTestWarmupStage: StressTestWarmup {bulkSize=1, cacheSpecificKeyGenerator=false, commitTransactions=true, duration=1 mins 0 secs, entrySize=1000, exitBenchmarkOnSlaveFailure=false, fixedKeys=true, generateHistogramRange=false, keyGeneratorClass=org.radargun.stressors.StringKeyGenerator, keyGeneratorParam=null, loadAllKeys=false, numEntries=100, numOfThreads=4, numRequests=10000, numThreads=4, numberOfAttributes=100, numberOfRequests=10000, opsCountStatusLog=100000, poolKeys=true, preferAsyncOperations=false, removePercentage=0, replaceInvalidPercentage=40, runOnAllSlaves=false, sharedKeys=false, sizeOfAnAttribute=1000, slaves=null, transactionSize=50, useAtomics=false, useHistogramStatistics=false, useSimpleStatistics=true, useSmartClassLoading=true, useTransactions=null, writePercentage=20, writeTxPercentage=20 }
 INFO  [pool-1-thread-1] {org.radargun.stressors.StressTestStressor} Using key generator org.radargun.stressors.StringKeyGenerator, param null
 INFO  [pool-1-thread-1] {org.radargun.stressors.StressTestStressor} Executing: StressTestStressor{opsCountStatusLog=100000, numRequests=10000, numEntries=100, entrySize=1000, writePercentage=20, numThreads=4, cacheWrapper=org.radargun.cachewrappers.FFWrapper@a03db1e, nodeIndex=2, useTransactions=true, transactionSize=50, commitTransactions=true, durationMillis=60000}
 INFO  [pool-1-thread-1] {org.radargun.stressors.StressTestStressor} Cache wrapper info is: FFWrapper using infinispan52
[GC 266733K->20869K(2944064K), 0.0549960 secs]
 INFO  [pool-1-thread-1] {org.radargun.stressors.StressTestStressor} Started 4 stressor threads.
 INFO  [Stressor-3] {org.radargun.stressors.StressTestStressor} Number of ops executed so far: 1. Elapsed time: 0.000 secs. Remaining: 1 mins 0 secs. Total: 1 mins 0 secs
[GC 276933K->18497K(2944064K), 0.0378770 secs]
[GC 274561K->28045K(2944064K), 0.0396270 secs]
[GC 284109K->37040K(2944064K), 0.0477820 secs]
[GC 293104K->43397K(2944064K), 0.0479670 secs]
 INFO  [Stressor-2] {org.radargun.stressors.StressTestStressor} Number of ops executed so far: 49350. Elapsed time: 20.017 secs. Remaining: 39.983 secs. Total: 1 mins 0 secs
[GC 299461K->60032K(2944064K), 0.0472490 secs]
[GC 316096K->66329K(2944064K), 0.0506780 secs]
[GC 322393K->72017K(2944064K), 0.0520600 secs]
[GC 328081K->85888K(2944064K), 0.0529810 secs]
 INFO  [Stressor-2] {org.radargun.stressors.StressTestStressor} Number of ops executed so far: 143574. Elapsed time: 40.017 secs. Remaining: 19.983 secs. Total: 1 mins 0 secs
[GC 341952K->91486K(2944064K), 0.0535570 secs]
[GC 347550K->103985K(2944064K), 0.0538970 secs]
[GC 360049K->110488K(2944064K), 0.0559990 secs]
[GC 366552K->118568K(2944064K), 0.0765190 secs]
[GC 374632K->125656K(2944064K), 0.0819240 secs]
 INFO  [Stressor-1] {org.radargun.stressors.StressTestStressor} Number of ops executed so far: 269700. Elapsed time: 1 mins 0 secs. Remaining: 0.000 secs. Total: 1 mins 0 secs
 INFO  [pool-1-thread-1] {org.radargun.stressors.StressTestStressor} Finished generating report. Test duration is: 1 mins 14 secs
 INFO  [pool-1-thread-1] {org.radargun.stages.StressTestWarmupStage} The warmup took: 74 seconds.
 INFO  [pool-1-thread-1] {org.radargun.Slave} Finished stage: StressTestWarmup {bulkSize=1, cacheSpecificKeyGenerator=false, commitTransactions=true, duration=1 mins 0 secs, entrySize=1000, exitBenchmarkOnSlaveFailure=false, fixedKeys=true, generateHistogramRange=false, keyGeneratorClass=org.radargun.stressors.StringKeyGenerator, keyGeneratorParam=null, loadAllKeys=false, numEntries=100, numOfThreads=4, numRequests=10000, numThreads=4, numberOfAttributes=100, numberOfRequests=10000, opsCountStatusLog=100000, poolKeys=true, preferAsyncOperations=false, removePercentage=0, replaceInvalidPercentage=40, runOnAllSlaves=false, sharedKeys=false, sizeOfAnAttribute=1000, slaves=null, transactionSize=50, useAtomics=false, useHistogramStatistics=false, useSimpleStatistics=true, useSmartClassLoading=true, useTransactions=null, writePercentage=20, writeTxPercentage=20 }
 INFO  [main] {org.radargun.Slave} Ack successfully sent to the master
[GC 381720K->123244K(2944064K), 0.0589380 secs]
[GC 379308K->109147K(2944064K), 0.0564400 secs]
[GC 365211K->114078K(2944064K), 0.0568240 secs]
[GC 370142K->136743K(2944064K), 0.0604900 secs]
[GC 392807K->143965K(2944064K), 0.0720930 secs]
[GC 400029K->157424K(2944064K), 0.0712010 secs]
[GC 413488K->169793K(2944064K), 0.0736990 secs]
[GC 425857K->163416K(2944064K), 0.0766050 secs]
 INFO  [pool-1-thread-1] {org.radargun.Slave} Executing stage: ClearClusterStage {ClearCluster {exitBenchmarkOnSlaveFailure=false, runOnAllSlaves=false, slaves=[ 0 ], useSmartClassLoading=true }
 INFO  [pool-1-thread-1] {org.radargun.stages.ClearClusterStage} Before executing clear, memory looks like this: Memory - free: 2,641,741 kb - max:4,906,688 kb- total:2,944,064 kb
[Full GC 302322K->149435K(2944064K), 0.6276050 secs]
 INFO  [pool-1-thread-1] {org.radargun.stages.ClearClusterStage} After executing cleanup, memory looks like this: Memory - free: 2,793,941 kb - max:4,906,688 kb- total:2,944,192 kb
 INFO  [pool-1-thread-1] {org.radargun.Slave} Finished stage: ClearClusterStage {ClearCluster {exitBenchmarkOnSlaveFailure=false, runOnAllSlaves=false, slaves=[ 0 ], useSmartClassLoading=true }
 INFO  [main] {org.radargun.Slave} Ack successfully sent to the master
 INFO  [pool-1-thread-1] {org.radargun.Slave} Executing stage: StressTest {bulkSize=1, cacheSpecificKeyGenerator=false, commitTransactions=true, duration=1 mins 0 secs, entrySize=1000, exitBenchmarkOnSlaveFailure=false, fixedKeys=true, generateHistogramRange=false, keyGeneratorClass=org.radargun.stressors.StringKeyGenerator, keyGeneratorParam=null, loadAllKeys=false, numEntries=10000, numOfThreads=4, numRequests=10000000, numThreads=4, numberOfAttributes=10000, numberOfRequests=10000000, opsCountStatusLog=500000, poolKeys=true, preferAsyncOperations=false, removePercentage=0, replaceInvalidPercentage=40, runOnAllSlaves=false, sharedKeys=false, sizeOfAnAttribute=1000, slaves=null, transactionSize=10000, useAtomics=false, useHistogramStatistics=false, useSimpleStatistics=true, useSmartClassLoading=true, useTransactions=true, writePercentage=10, writeTxPercentage=5 }
 INFO  [pool-1-thread-1] {org.radargun.stages.StressTestStage} Starting StressTestStage: StressTest {bulkSize=1, cacheSpecificKeyGenerator=false, commitTransactions=true, duration=1 mins 0 secs, entrySize=1000, exitBenchmarkOnSlaveFailure=false, fixedKeys=true, generateHistogramRange=false, keyGeneratorClass=org.radargun.stressors.StringKeyGenerator, keyGeneratorParam=null, loadAllKeys=false, numEntries=10000, numOfThreads=4, numRequests=10000000, numThreads=4, numberOfAttributes=10000, numberOfRequests=10000000, opsCountStatusLog=500000, poolKeys=true, preferAsyncOperations=false, removePercentage=0, replaceInvalidPercentage=40, runOnAllSlaves=false, sharedKeys=false, sizeOfAnAttribute=1000, slaves=null, transactionSize=10000, useAtomics=false, useHistogramStatistics=false, useSimpleStatistics=true, useSmartClassLoading=true, useTransactions=true, writePercentage=10, writeTxPercentage=5 }
 INFO  [pool-1-thread-1] {org.radargun.stressors.StressTestStressor} Using key generator org.radargun.stressors.StringKeyGenerator, param null
 INFO  [pool-1-thread-1] {org.radargun.stressors.StressTestStressor} Executing: StressTestStressor{opsCountStatusLog=500000, numRequests=10000000, numEntries=10000, entrySize=1000, writePercentage=10, numThreads=4, cacheWrapper=org.radargun.cachewrappers.FFWrapper@a03db1e, nodeIndex=2, useTransactions=true, transactionSize=10000, commitTransactions=true, durationMillis=60000}
 INFO  [pool-1-thread-1] {org.radargun.stressors.StressTestStressor} Cache wrapper info is: FFWrapper using infinispan52
[GC 405627K->222514K(2944192K), 0.0416830 secs]
[GC 478706K->168769K(2944192K), 0.0345490 secs]
[GC 424961K->171882K(2944192K), 0.0414780 secs]
[GC 428074K->175078K(2944192K), 0.0500470 secs]
[GC 431270K->179767K(2944192K), 0.0432620 secs]
[GC 435959K->188473K(2944192K), 0.0591510 secs]
[GC 444665K->194655K(2944192K), 0.0528210 secs]
[GC 450847K->203050K(2944192K), 0.0536840 secs]
[GC 459242K->212428K(2944192K), 0.0622750 secs]
[GC 468620K->224803K(2944192K), 0.0658440 secs]
[GC 480995K->221759K(2944192K), 0.0716810 secs]
[GC 477951K->222468K(2944192K), 0.0707790 secs]
[GC 478660K->229643K(2944192K), 0.0676320 secs]
[GC 485835K->224230K(2944192K), 0.0676500 secs]
[GC 480422K->240315K(2944192K), 0.0649190 secs]
[GC 496507K->237717K(2944192K), 0.0924200 secs]
[GC 493909K->252775K(2944192K), 0.0638240 secs]
[GC 508967K->257705K(2944192K), 0.0654130 secs]
[GC 513897K->268998K(2944192K), 0.0662250 secs]
[GC 525190K->277297K(2944192K), 0.0676730 secs]
[GC 533489K->254678K(2944192K), 0.0809390 secs]
[GC 510870K->270639K(2944192K), 0.0646680 secs]
[GC 526831K->276831K(2944192K), 0.0628190 secs]
[GC 533023K->271477K(2944192K), 0.0645520 secs]
[GC 527669K->296406K(2944192K), 0.0555200 secs]
[GC 552598K->306313K(2944192K), 0.0632640 secs]
[GC 562505K->301553K(2944192K), 0.0702670 secs]
[GC 557745K->278654K(2944192K), 0.0565450 secs]
[GC 534846K->281799K(2944192K), 0.0691120 secs]
[GC 537991K->311104K(2944192K), 0.0578930 secs]
[GC 567296K->307109K(2944192K), 0.0633620 secs]
 INFO  [pool-1-thread-1] {org.radargun.stressors.StressTestStressor} Started 4 stressor threads.
 INFO  [Stressor-2] {org.radargun.stressors.StressTestStressor} Number of ops executed so far: 1. Elapsed time: 0.000 secs. Remaining: 1 mins 0 secs. Total: 1 mins 0 secs
[GC 563301K->323669K(2944192K), 0.0724270 secs]
[GC 579861K->318520K(2944192K), 0.0804910 secs]
[GC 574712K->336694K(2944192K), 0.0681980 secs]
[GC 592845K->348323K(2944192K), 0.0965140 secs]
[GC 604515K->353465K(2944192K), 0.0565320 secs]
[GC 609647K->378813K(2944192K), 0.0534340 secs]
 WARN  [hz._hzInstance_1_FenixFrameworkGroup.event] {com.hazelcast.spi.EventService} [127.0.0.1]:5703 [FenixFrameworkGroup] Caution: Off-load event processing to your own thread-pool, don't use event thread!
[GC 634981K->389885K(2944192K), 0.0742380 secs]
[GC 646077K->376990K(2944192K), 0.0638360 secs]
[GC 633182K->386798K(2944192K), 0.0504110 secs]
[GC 642937K->395977K(2944192K), 0.0646940 secs]
[GC 652169K->417374K(2944192K), 0.0630790 secs]
[GC 673566K->417063K(2944192K), 0.0633760 secs]
[GC 673255K->427052K(2944192K), 0.0647170 secs]
[GC 682591K->428636K(2944192K), 0.0711610 secs]
[GC 684828K->436035K(2944192K), 0.0721110 secs]
[GC 692227K->451339K(2944192K), 0.0525550 secs]
[GC 707531K->443717K(2944192K), 0.0647920 secs]
[GC 696353K->479269K(2944192K), 0.0655760 secs]
[GC 735097K->479317K(2944192K), 0.0704100 secs]
[GC 735509K->499410K(2944192K), 0.0614790 secs]
[GC 755602K->502755K(2944192K), 0.0723560 secs]
[GC 758947K->507940K(2944192K), 0.0559180 secs]
 INFO  [Stressor-1] {org.radargun.stressors.StressTestStressor} Number of ops executed so far: 4746672. Elapsed time: 20.000 secs. Remaining: 40.000 secs. Total: 1 mins 0 secs
[GC 764132K->496340K(2944192K), 0.0603940 secs]
[GC 751954K->529964K(2944192K), 0.0552170 secs]
[GC 782562K->534973K(2944192K), 0.0697820 secs]
[GC 791165K->550680K(2944192K), 0.0558070 secs]
[GC 806872K->557884K(2944192K), 0.0616540 secs]
[GC 814076K->563356K(2944192K), 0.0686550 secs]
[GC 819548K->576281K(2944192K), 0.0531150 secs]
[GC 832473K->577397K(2944192K), 0.0638070 secs]
[GC 833589K->603634K(2944192K), 0.0622440 secs]
[GC 859824K->602743K(2944192K), 0.0681980 secs]
[GC 857911K->597530K(2944192K), 0.0507460 secs]
[GC 853722K->611974K(2944192K), 0.0679200 secs]
[GC 868166K->622579K(2944192K), 0.0515340 secs]
[GC 878771K->628715K(2944192K), 0.0610920 secs]
[GC 884907K->657380K(2944192K), 0.0625650 secs]
[GC 913572K->646171K(2944192K), 0.0677870 secs]
[GC 902363K->651956K(2944192K), 0.0549300 secs]
[GC 908148K->685106K(2944192K), 0.0610780 secs]
[GC 939543K->685857K(2944192K), 0.0789750 secs]
[GC 942049K->677787K(2944192K), 0.0618490 secs]
[GC 933979K->705919K(2944192K), 0.0575490 secs]
[GC 962111K->694561K(2944192K), 0.0656280 secs]
[GC 947769K->728755K(2944192K), 0.0529620 secs]
 INFO  [Stressor-3] {org.radargun.stressors.StressTestStressor} Number of ops executed so far: 8060000. Elapsed time: 40.162 secs. Remaining: 19.838 secs. Total: 1 mins 0 secs
[GC 984947K->724907K(2944192K), 0.0726790 secs]
[GC 981099K->724314K(2944192K), 0.0532040 secs]
[GC 980500K->733374K(2944192K), 0.0614330 secs]
[GC 989566K->752458K(2944192K), 0.0577820 secs]
[GC 1007188K->754862K(2944192K), 0.0700740 secs]
[GC 1009546K->756736K(2944192K), 0.0545460 secs]
[GC 1012928K->761961K(2944192K), 0.0681610 secs]
[GC 1018153K->794252K(2944192K), 0.0610100 secs]
[GC 1049229K->799441K(2944192K), 0.0887580 secs]
[GC 1055598K->802807K(2944192K), 0.0672450 secs]
[GC 1058962K->804141K(2944192K), 0.0592650 secs]
[GC 1057628K->817191K(2944192K), 0.0738740 secs]
[GC 1070332K->814294K(2944192K), 0.0543580 secs]
[GC 1070474K->834189K(2944192K), 0.0672810 secs]
[GC 1089251K->840106K(2944192K), 0.0684720 secs]
[GC 1095287K->850466K(2944192K), 0.0571270 secs]
[GC 1106658K->872485K(2944192K), 0.0736180 secs]
[GC 1128677K->867609K(2944192K), 0.0607200 secs]
[GC 1123801K->880117K(2944192K), 0.0787100 secs]
[GC 1136309K->898117K(2944192K), 0.0634630 secs]
[GC 1154309K->885111K(2944192K), 0.0588530 secs]
[GC 1141303K->909770K(2944192K), 0.0572510 secs]
 INFO  [pool-1-thread-1] {org.radargun.stressors.StressTestStressor} Finished generating report. Test duration is: 4 mins 7 secs
 INFO  [pool-1-thread-1] {org.radargun.stages.StressTestStage} size info: FFWrapper using infinispan52, clusterSize:6, nodeIndex:2, cacheSize: -1
 INFO  [pool-1-thread-1] {org.radargun.Slave} Finished stage: StressTest {bulkSize=1, cacheSpecificKeyGenerator=false, commitTransactions=true, duration=1 mins 0 secs, entrySize=1000, exitBenchmarkOnSlaveFailure=false, fixedKeys=true, generateHistogramRange=false, keyGeneratorClass=org.radargun.stressors.StringKeyGenerator, keyGeneratorParam=null, loadAllKeys=false, numEntries=10000, numOfThreads=4, numRequests=10000000, numThreads=4, numberOfAttributes=10000, numberOfRequests=10000000, opsCountStatusLog=500000, poolKeys=true, preferAsyncOperations=false, removePercentage=0, replaceInvalidPercentage=40, runOnAllSlaves=false, sharedKeys=false, sizeOfAnAttribute=1000, slaves=null, transactionSize=10000, useAtomics=false, useHistogramStatistics=false, useSimpleStatistics=true, useSmartClassLoading=true, useTransactions=true, writePercentage=10, writeTxPercentage=5 }
 INFO  [main] {org.radargun.Slave} Ack successfully sent to the master
[GC 1165962K->890130K(2944192K), 0.0584670 secs]
[GC 1146322K->896259K(2944192K), 0.0502550 secs]
[GC 1152451K->884957K(2944192K), 0.0520430 secs]
[GC 1141149K->893079K(2944192K), 0.0538620 secs]
[GC 1149271K->920999K(2944192K), 0.0590500 secs]
[GC 1177191K->885622K(2944192K), 0.0604960 secs]
[GC 1141814K->922518K(2944192K), 0.0629890 secs]
[GC 1178710K->890800K(2944192K), 0.0638230 secs]
[GC 1146992K->913933K(2944192K), 0.0685020 secs]
[GC 1170125K->930136K(2944192K), 0.0640300 secs]
[GC 1186328K->934884K(2944192K), 0.0649510 secs]
[GC 1191076K->918725K(2944192K), 0.0807090 secs]
 WARN  [hz._hzInstance_1_FenixFrameworkGroup.event] {com.hazelcast.spi.EventService} [127.0.0.1]:5703 [FenixFrameworkGroup] Caution: Off-load event processing to your own thread-pool, don't use event thread!
[GC 1174917K->943971K(2944192K), 0.0693410 secs]
[GC 1200163K->923256K(2944192K), 0.0754030 secs]
[GC 1179441K->967452K(2944192K), 0.0815750 secs]
[GC 1221617K->955896K(2944192K), 0.0869820 secs]
[GC 1210201K->1000529K(2944192K), 0.1043090 secs]
[GC 1256721K->979661K(2944192K), 0.1091740 secs]
[GC 1235814K->991278K(2944192K), 0.0803710 secs]
[GC 1247470K->1058744K(2944192K), 0.0798710 secs]
[GC 1314936K->1044900K(2944192K), 0.0908380 secs]
[GC 1299817K->1086002K(2944192K), 0.0912260 secs]
[GC 1340335K->1112531K(2944192K), 0.0896100 secs]
[GC 1368723K->1097719K(2944192K), 0.0877310 secs]
[GC 1353874K->1155996K(2944192K), 0.0851410 secs]
[GC 1412188K->1131819K(2944192K), 0.0853270 secs]
[GC 1387981K->1194632K(2944192K), 0.0843710 secs]
[GC 1450824K->1168838K(2944192K), 0.0850840 secs]
[GC 1425029K->1232584K(2944192K), 0.0868010 secs]
[GC 1488776K->1216774K(2944192K), 0.0868300 secs]
[GC 1472920K->1254241K(2944192K), 0.0878330 secs]
[GC 1510433K->1261401K(2944192K), 0.1038560 secs]
[GC 1517593K->1287607K(2944192K), 0.0846210 secs]
[GC 1543799K->1286199K(2944192K), 0.0811570 secs]
[GC 1542391K->1321754K(2944192K), 0.0892500 secs]
[GC 1577946K->1321412K(2944192K), 0.0815310 secs]
[GC 1577604K->1375649K(2944192K), 0.0842570 secs]
[GC 1631841K->1360404K(2944192K), 0.0836370 secs]
[GC 1616542K->1420423K(2944192K), 0.0893040 secs]
[GC 1420484K(2944192K), 0.0444120 secs]
[GC 1675805K->1397630K(2944192K), 0.0941770 secs]
[GC 1553961K(2944192K), 0.0671090 secs]
[GC 1327576K->1133502K(2944192K), 0.0917450 secs]
[GC 1387783K->1110451K(2944192K), 0.1038780 secs]
[GC 1366643K->1173569K(2944192K), 0.0930260 secs]
[GC 1429761K->1154774K(2944192K), 0.0896550 secs]
[GC 1410966K->1148803K(2944192K), 0.0776890 secs]
[GC 1404995K->1165219K(2944192K), 0.0534470 secs]
[GC 1421411K->1191603K(2944192K), 0.0582540 secs]
[GC 1447795K->1154808K(2944192K), 0.0603980 secs]
[GC 1411000K->1191322K(2944192K), 0.0597710 secs]
[GC 1447514K->1159464K(2944192K), 0.0623600 secs]
[GC 1415656K->1168200K(2944192K), 0.0780610 secs]
[GC 1424392K->1182009K(2944192K), 0.0585480 secs]
[GC 1438201K->1205508K(2944192K), 0.0578810 secs]
[GC 1461700K->1172356K(2944192K), 0.0621020 secs]
[GC 1428548K->1206965K(2944192K), 0.0629840 secs]
[GC 1463157K->1177695K(2944192K), 0.0629030 secs]
[GC 1433887K->1218244K(2944192K), 0.0651780 secs]
[GC 1474436K->1185487K(2944192K), 0.0691790 secs]
[GC 1441679K->1192593K(2944192K), 0.0850290 secs]
[GC 1448785K->1212599K(2944192K), 0.0630740 secs]
[GC 1468791K->1225702K(2944192K), 0.0694470 secs]
[GC 1481894K->1203544K(2944192K), 0.0711680 secs]
[GC 1459736K->1223619K(2944192K), 0.0608820 secs]
[GC 1479811K->1232856K(2944192K), 0.0591730 secs]
[GC 1489048K->1213135K(2944192K), 0.0627280 secs]
[GC 1469327K->1245111K(2944192K), 0.0716590 secs]
[GC 1501303K->1218227K(2944192K), 0.0709610 secs]
[GC 1474419K->1251880K(2944192K), 0.0703430 secs]
[GC 1508072K->1225154K(2944192K), 0.0750900 secs]
[GC 1481346K->1259173K(2944192K), 0.0709730 secs]
[GC 1515365K->1232190K(2944192K), 0.0731190 secs]
[GC 1488382K->1266323K(2944192K), 0.0719300 secs]
[GC 1522515K->1239121K(2944192K), 0.0611290 secs]
[GC 1495313K->1273218K(2944192K), 0.0720650 secs]
[GC 1529410K->1245991K(2944192K), 0.0707590 secs]
[GC 1502183K->1268965K(2944192K), 0.0709770 secs]
[GC 1525157K->1266670K(2944192K), 0.0644510 secs]
[GC 1522862K->1288810K(2944192K), 0.0659100 secs]
[GC 1545002K->1311574K(2944192K), 0.0913050 secs]
[GC 1567766K->1333308K(2944192K), 0.0912300 secs]
[GC 1589491K->1354920K(2944192K), 0.0992560 secs]
[GC 1611112K->1353421K(2944192K), 0.1083750 secs]
[GC 1609613K->1364040K(2944192K), 0.0868760 secs]
[GC 1620232K->1380086K(2944192K), 0.0793230 secs]
 WARN  [hz._hzInstance_1_FenixFrameworkGroup.event] {com.hazelcast.spi.EventService} [127.0.0.1]:5703 [FenixFrameworkGroup] Caution: Off-load event processing to your own thread-pool, don't use event thread!
[GC 1636247K->1396363K(2944192K), 0.0785970 secs]
[GC 1652543K->1429618K(2944192K), 0.0788900 secs]
[GC 1685756K->1462970K(2944192K), 0.0847890 secs]
[GC 1719162K->1448877K(2944192K), 0.0808130 secs]
[GC 1705066K->1492358K(2944192K), 0.0756180 secs]
[GC 1748550K->1515456K(2944192K), 0.0787600 secs]
[GC 1771648K->1540820K(2944192K), 0.0863820 secs]
[GC 1797012K->1527488K(2944192K), 0.0826210 secs]
[GC 1783680K->1571843K(2944192K), 0.0874070 secs]
[GC 1826045K->1558862K(2944192K), 0.0816420 secs]
[GC 1815046K->1615277K(2944192K), 0.0784010 secs]
[GC 1871469K->1605301K(2944192K), 0.0772360 secs]
[GC 1861458K->1621938K(2944192K), 0.0964760 secs]
[GC 1877561K->1633787K(2944192K), 0.0864630 secs]
[GC 1888755K->1669224K(2944192K), 0.0765480 secs]
[GC 1925369K->1684695K(2944192K), 0.0828610 secs]
[GC 1940887K->1703525K(2944192K), 0.0804310 secs]
[GC 1959717K->1705239K(2944192K), 0.0759120 secs]
 WARN  [hz._hzInstance_1_FenixFrameworkGroup.event] {com.hazelcast.spi.EventService} [127.0.0.1]:5703 [FenixFrameworkGroup] Caution: Off-load event processing to your own thread-pool, don't use event thread!
[GC 1961431K->1732352K(2944192K), 0.0577140 secs]
 WARN  [hz._hzInstance_1_FenixFrameworkGroup.event] {com.hazelcast.spi.EventService} [127.0.0.1]:5703 [FenixFrameworkGroup] Caution: Off-load event processing to your own thread-pool, don't use event thread!
[GC 1988544K->1708269K(2944192K), 0.0751640 secs]
[GC 1964461K->1724028K(2944192K), 0.0583180 secs]
[GC 1980220K->1751911K(2944192K), 0.0600430 secs]
[GC 2008103K->1714359K(2944192K), 0.0633450 secs]
[GC 1970551K->1755791K(2944192K), 0.0685270 secs]
[GC 2011983K->1743987K(2944192K), 0.0818530 secs]
 WARN  [hz._hzInstance_1_FenixFrameworkGroup.event] {com.hazelcast.spi.EventService} [127.0.0.1]:5703 [FenixFrameworkGroup] Caution: Off-load event processing to your own thread-pool, don't use event thread!
[GC 2000179K->1759640K(2944192K), 0.0605670 secs]
[GC 2015832K->1729469K(2944192K), 0.0612320 secs]
[GC 1985661K->1769156K(2944192K), 0.0645470 secs]
[GC 2025348K->1770525K(2944192K), 0.0687030 secs]
 WARN  [hz._hzInstance_1_FenixFrameworkGroup.event] {com.hazelcast.spi.EventService} [127.0.0.1]:5703 [FenixFrameworkGroup] Caution: Off-load event processing to your own thread-pool, don't use event thread!
[GC 2026717K->1749478K(2944192K), 0.0824020 secs]
[GC 2005670K->1767989K(2944192K), 0.0636620 secs]
[GC 2024181K->1783591K(2944192K), 0.0634930 secs]
[GC 2039783K->1789750K(2944192K), 0.0666120 secs]
[GC 2045942K->1785131K(2944192K), 0.0716770 secs]
[GC 2041323K->1791108K(2944192K), 0.0737320 secs]
[GC 2047300K->1795814K(2944192K), 0.0725980 secs]
[GC 2051991K->1828842K(2944192K), 0.0815510 secs]
[GC 2085034K->1844694K(2944192K), 0.1031090 secs]
[GC 2100886K->1862553K(2944192K), 0.1113560 secs]
[GC 2117675K->1849182K(2944192K), 0.1168390 secs]
[GC 2105374K->1858134K(2944192K), 0.0799800 secs]
[GC 2114326K->1916024K(2944192K), 0.0746770 secs]
[GC 2172216K->1900737K(2944192K), 0.1040210 secs]
[GC 2156929K->1944714K(2944192K), 0.0870940 secs]
[GC 2200906K->1944021K(2944192K), 0.0851120 secs]
[GC 2200213K->1947166K(2944192K), 0.0814680 secs]
[GC 2203358K->1979072K(2944192K), 0.0874660 secs]
[GC 2235264K->2026917K(2944192K), 0.0795540 secs]
[GC 2283109K->2011431K(2944192K), 0.0830260 secs]
[GC 2266925K->2045329K(2944192K), 0.0733340 secs]
[GC 2300330K->2042292K(2944192K), 0.1108380 secs]
[GC 2298484K->2086966K(2944192K), 0.0921270 secs]
[GC 2343158K->2068996K(2944192K), 0.0794860 secs]
[GC 2325188K->2128738K(2944192K), 0.0754950 secs]
[GC 2384930K->2121540K(2944192K), 0.1135420 secs]
[GC 2376825K->2150390K(2944192K), 0.0849900 secs]
[GC 2406582K->2196616K(2944192K), 0.0887930 secs]
[GC 2452764K->2201868K(2944192K), 0.0890990 secs]
[GC 2458060K->2223640K(2944192K), 0.0846330 secs]
[GC 2479832K->2227597K(2944192K), 0.0868350 secs]
[GC 2483789K->2283348K(2944192K), 0.0866560 secs]
[GC 2539540K->2264992K(2944192K), 0.0903820 secs]
[GC 2521184K->2323374K(2944192K), 0.0984860 secs]
[GC 2579566K->2298505K(2944192K), 0.0888960 secs]
[GC 2553629K->2346134K(2944192K), 0.0950380 secs]
[GC 2602326K->2359860K(2944192K), 0.0991290 secs]
[GC 2616052K->2399738K(2944192K), 0.0959080 secs]
[GC 2655558K->2421136K(2944192K), 0.1051640 secs]
[GC 2677328K->2410108K(2944192K), 0.1033190 secs]
[GC 2666300K->2464407K(2944192K), 0.1003260 secs]
[GC 2720135K->2471316K(2944192K), 0.1022760 secs]
[GC 2473411K(2944192K), 0.0683000 secs]
[GC 2727508K->2498927K(2949184K), 0.1108850 secs]
[GC 2663559K(2949184K), 0.0745760 secs]
[GC 2446387K->2190049K(3836136K), 0.1206440 secs]
[GC 2446241K->2244778K(3836136K), 0.1242800 secs]
[GC 2500049K->2222922K(3836136K), 0.1223800 secs]
[GC 2479114K->2263086K(3836136K), 0.1096270 secs]
[GC 2519233K->2300876K(3836136K), 0.1079540 secs]
[GC 2557068K->2320612K(3836136K), 0.1163350 secs]
[GC 2576804K->2344164K(3836136K), 0.1060180 secs]
[GC 2600356K->2377170K(3836136K), 0.1004240 secs]
[GC 2631689K->2367028K(3836136K), 0.0989310 secs]
[GC 2623171K->2403168K(3836136K), 0.0951610 secs]
[GC 2659360K->2438528K(3836136K), 0.0975900 secs]
[GC 2694706K->2422735K(3836136K), 0.0929210 secs]
[GC 2678927K->2478731K(3836136K), 0.0985410 secs]
[GC 2734923K->2471147K(3836136K), 0.0994000 secs]
[GC 2727339K->2519451K(3836136K), 0.0918130 secs]
[GC 2775643K->2502276K(3836136K), 0.0943930 secs]
[GC 2758468K->2560407K(3836136K), 0.0943700 secs]
[GC 2814625K->2565824K(3836136K), 0.0996810 secs]
[GC 2821553K->2585425K(3836136K), 0.0985890 secs]
[GC 2841574K->2621143K(3836136K), 0.1010550 secs]
[GC 2877335K->2605750K(3836136K), 0.0966000 secs]
[GC 2861942K->2661661K(3836136K), 0.0935770 secs]
[GC 2917853K->2646388K(3836136K), 0.0960600 secs]
[GC 2902580K->2702686K(3836136K), 0.0960900 secs]
[GC 2958878K->2687088K(3836136K), 0.0967940 secs]
[GC 2941649K->2743780K(3836136K), 0.0935000 secs]
[GC 2999943K->2726887K(3836136K), 0.0907730 secs]
[GC 2983079K->2783579K(3836136K), 0.0911380 secs]
 INFO  [main] {org.radargun.Slave} Master shutdown!
 INFO  [Thread-0] {org.radargun.ShutDownHook} Slave process is being shutdown
 INFO  [hz._hzInstance_1_FenixFrameworkGroup.IO.thread-in-1] {com.hazelcast.nio.TcpIpConnection} [127.0.0.1]:5703 [FenixFrameworkGroup] Connection [Address[127.0.0.1]:5701] lost. Reason: java.io.EOFException[Remote socket closed!]
 INFO  [hz._hzInstance_1_FenixFrameworkGroup.IO.thread-in-0] {com.hazelcast.nio.TcpIpConnection} [127.0.0.1]:5703 [FenixFrameworkGroup] Connection [Address[127.0.0.1]:5702] lost. Reason: java.io.EOFException[Remote socket closed!]
 INFO  [hz._hzInstance_1_FenixFrameworkGroup.IO.thread-in-1] {com.hazelcast.nio.TcpIpConnection} [127.0.0.1]:5703 [FenixFrameworkGroup] Connection [Address[127.0.0.1]:5706] lost. Reason: java.io.EOFException[Remote socket closed!]
 INFO  [hz._hzInstance_1_FenixFrameworkGroup.IO.thread-in-0] {com.hazelcast.nio.TcpIpConnection} [127.0.0.1]:5703 [FenixFrameworkGroup] Connection [Address[127.0.0.1]:5705] lost. Reason: java.io.EOFException[Remote socket closed!]
 INFO  [hz._hzInstance_1_FenixFrameworkGroup.IO.thread-in-2] {com.hazelcast.nio.TcpIpConnection} [127.0.0.1]:5703 [FenixFrameworkGroup] Connection [Address[127.0.0.1]:5704] lost. Reason: java.io.EOFException[Remote socket closed!]
 INFO  [hz.ShutdownThread] {com.hazelcast.initializer} [127.0.0.1]:5703 [FenixFrameworkGroup] Destroying node initializer.
 INFO  [hz.ShutdownThread] {com.hazelcast.instance.Node} [127.0.0.1]:5703 [FenixFrameworkGroup] Hazelcast Shutdown is completed in 62 ms.
