/usr/java/jdk1.7.0_21/bin/java -server -Xmx1024M -Xms1024M -Dresolve.dns=false -Djgroups.timer.num_threads=4 -verbose:gc -Xmx5000M -Xms3000M -server -XX:+UseConcMarkSweepGC -XX:+AggressiveOpts -verbose:gc -XX:ParallelGCThreads=4 -XX:NewRatio=5 -XX:SurvivorRatio=2 -Dhazelcast.operation.thread.count=4 -Djava.net.preferIPv4Stack=true -Dlog4j.file.prefix=deimos-esw-18475 -Dbind.address= -Djgroups.bind_addr= -classpath /home/smf/github/radargun/target/distribution/RadarGun-1.1.0-SNAPSHOT/lib/activation-1.1.jar:/home/smf/github/radargun/target/distribution/RadarGun-1.1.0-SNAPSHOT/lib/commons-beanutils-1.8.0.jar:/home/smf/github/radargun/target/distribution/RadarGun-1.1.0-SNAPSHOT/lib/commons-digester-2.0.jar:/home/smf/github/radargun/target/distribution/RadarGun-1.1.0-SNAPSHOT/lib/commons-logging-1.1.1.jar:/home/smf/github/radargun/target/distribution/RadarGun-1.1.0-SNAPSHOT/lib/commons-math-1.2.jar:/home/smf/github/radargun/target/distribution/RadarGun-1.1.0-SNAPSHOT/lib/jboss-transaction-api-1.0.1.GA.jar:/home/smf/github/radargun/target/distribution/RadarGun-1.1.0-SNAPSHOT/lib/jcommon-1.0.15.jar:/home/smf/github/radargun/target/distribution/RadarGun-1.1.0-SNAPSHOT/lib/jfreechart-1.0.12.jar:/home/smf/github/radargun/target/distribution/RadarGun-1.1.0-SNAPSHOT/lib/log4j-1.2.14.jar:/home/smf/github/radargun/target/distribution/RadarGun-1.1.0-SNAPSHOT/lib/mail-1.4.2.jar:/home/smf/github/radargun/target/distribution/RadarGun-1.1.0-SNAPSHOT/lib/radargun-framework-1.1.0-SNAPSHOT.jar:/home/smf/github/radargun/target/distribution/RadarGun-1.1.0-SNAPSHOT/conf org.radargun.Slave -master 127.0.0.1:2103
--------------------------------------------------------------------------------
PerNodeRollingFileAppender::Using file prefix:deimos-esw-18475
 INFO  [main] {org.radargun.Slave} Attempting to connect to master 127.0.0.1:2103
 INFO  [main] {org.radargun.Slave} Successfully established connection with master at: 127.0.0.1:2103
Loading JARS from /home/smf/github/radargun/target/distribution/RadarGun-1.1.0-SNAPSHOT/lib/radargun-framework-1.1.0-SNAPSHOT.jar
 INFO  [pool-1-thread-1] {org.radargun.config.AnnotatedHelper} Loading JARS from /home/smf/github/radargun/target/distribution/RadarGun-1.1.0-SNAPSHOT/lib/radargun-framework-1.1.0-SNAPSHOT.jar
 INFO  [pool-1-thread-1] {org.radargun.config.AnnotatedHelper} Loading JARS from /home/smf/github/radargun/target/distribution/RadarGun-1.1.0-SNAPSHOT/lib/radargun-framework-1.1.0-SNAPSHOT.jar
 INFO  [pool-1-thread-1] {org.radargun.Slave} Executing stage: DestroyWrapper {enforceMemoryThrashHold=true, exitBenchmarkOnSlaveFailure=false, heapDumpDir=null, memoryThreshold=95, runOnAllSlaves=true, slaves=null, useSmartClassLoading=true }
 INFO  [pool-1-thread-1] {org.radargun.stages.DestroyWrapperStage} Received destroy cache wrapper request from master...
 INFO  [pool-1-thread-1] {org.radargun.stages.DestroyWrapperStage} No cache wrapper deployed on this slave, nothing to do.
 INFO  [pool-1-thread-1] {org.radargun.stages.DestroyWrapperStage} Before executing clear, memory looks like this: Memory - free: 2,928,638 kb - max:4,906,688 kb- total:2,944,000 kb
[Full GC 15361K->3631K(2944000K), 0.0781930 secs]
 INFO  [pool-1-thread-1] {org.radargun.stages.DestroyWrapperStage} After executing cleanup, memory looks like this: Memory - free: 2,935,311 kb - max:4,906,688 kb- total:2,944,064 kb
 INFO  [pool-1-thread-1] {org.radargun.Slave} Finished stage: DestroyWrapper {enforceMemoryThrashHold=true, exitBenchmarkOnSlaveFailure=false, heapDumpDir=null, memoryThreshold=95, runOnAllSlaves=true, slaves=null, useSmartClassLoading=true }
 INFO  [main] {org.radargun.Slave} Ack successfully sent to the master
 INFO  [pool-1-thread-1] {org.radargun.Slave} Executing stage: StartCluster {config=ispn52-repl-sync-rc.xml, delayAfterFirstSlaveStarts=5.000 secs, delayBetweenStartingSlaves=0.500 secs, exitBenchmarkOnSlaveFailure=true, expectNumSlaves=null, mayFailOn=null, reachable=null, runOnAllSlaves=false, slaves=null, staggerSlaveStartup=true, useSmartClassLoading=true, validateCluster=true }
 INFO  [pool-1-thread-1] {org.radargun.stages.StartClusterStage}  Startup staggering, starting 8 slaves. This is the slave with index 7. Sleeping for 8500 millis.
 INFO  [pool-1-thread-1] {org.radargun.stages.StartClusterStage} Ack master's StartCluster stage. Local address is: /127.0.0.1. This slave's index is: 7
 INFO  [pool-1-thread-1] {org.radargun.utils.ClassLoadHelper} Creating newInstance org.radargun.cachewrappers.InfinispanXSWrapper with classloader java.net.URLClassLoader@2ca44b35
 INFO  [pool-1-thread-1] {org.radargun.cachewrappers.InfinispanXSWrapper} Cannot find any site for slave index 7
 INFO  [pool-1-thread-1] {org.infinispan.remoting.transport.jgroups.JGroupsTransport} ISPN000078: Starting JGroups Channel
 WARN  [pool-1-thread-1] {org.jgroups.protocols.UDP} [JGRP00014] the send buffer of socket DatagramSocket was set to 640KB, but the OS only allocated 229.38KB. This might lead to performance problems. Please set your max send buffer in the OS correctly (e.g. net.core.wmem_max on Linux)
 WARN  [pool-1-thread-1] {org.jgroups.protocols.UDP} [JGRP00014] the receive buffer of socket DatagramSocket was set to 20MB, but the OS only allocated 229.38KB. This might lead to performance problems. Please set your max receive buffer in the OS correctly (e.g. net.core.rmem_max on Linux)
 WARN  [pool-1-thread-1] {org.jgroups.protocols.UDP} [JGRP00014] the send buffer of socket MulticastSocket was set to 640KB, but the OS only allocated 229.38KB. This might lead to performance problems. Please set your max send buffer in the OS correctly (e.g. net.core.wmem_max on Linux)
 WARN  [pool-1-thread-1] {org.jgroups.protocols.UDP} [JGRP00014] the receive buffer of socket MulticastSocket was set to 25MB, but the OS only allocated 229.38KB. This might lead to performance problems. Please set your max receive buffer in the OS correctly (e.g. net.core.rmem_max on Linux)
 INFO  [pool-1-thread-1] {org.infinispan.remoting.transport.jgroups.JGroupsTransport} ISPN000094: Received new cluster view: [deimos-esw-33948|7] [deimos-esw-33948, deimos-esw-46300, deimos-esw-65020, deimos-esw-8155, deimos-esw-3503, deimos-esw-45612, deimos-esw-40327, deimos-esw-49809]
 INFO  [pool-1-thread-1] {org.infinispan.remoting.transport.jgroups.JGroupsTransport} ISPN000079: Cache local address is deimos-esw-49809, physical addresses are [127.0.0.1:52007]
 INFO  [pool-1-thread-1] {org.infinispan.factories.GlobalComponentRegistry} ISPN000128: Infinispan version: Infinispan 'Delirium' 5.2.6.Final
 INFO  [pool-1-thread-1] {org.infinispan.transaction.lookup.JBossStandaloneJTAManagerLookup} ISPN000107: Retrieving transaction manager Transaction: unknown
 INFO  [pool-1-thread-1] {org.infinispan.jmx.CacheJmxRegistration} ISPN000031: MBeans were successfully registered to the platform MBean server.
 INFO  [pool-1-thread-1] {org.radargun.cachewrappers.InfinispanXSWrapper} Using transaction manager: Transaction: unknown
 INFO  [pool-1-thread-1] {org.radargun.cachewrappers.InfinispanXSWrapper} No RELAY2 protocol in XS wrapper
 INFO  [pool-1-thread-1] {org.radargun.cachewrappers.InfinispanXSWrapper} JGroups version: JGroups 3.2.7.Final
 INFO  [pool-1-thread-1] {org.radargun.cachewrappers.InfinispanXSWrapper} Using config attributes: {name=ispn52-repl-sync-rc.xml}
 INFO  [pool-1-thread-1] {org.radargun.stages.helpers.StartHelper} Number of members is the one expected: 8
 INFO  [pool-1-thread-1] {org.radargun.stages.StartClusterStage} Successfully started cache wrapper on slave 7: org.radargun.cachewrappers.InfinispanXSWrapper@62b51eb3
 INFO  [pool-1-thread-1] {org.radargun.Slave} Finished stage: StartCluster {config=ispn52-repl-sync-rc.xml, delayAfterFirstSlaveStarts=5.000 secs, delayBetweenStartingSlaves=0.500 secs, exitBenchmarkOnSlaveFailure=true, expectNumSlaves=null, mayFailOn=null, reachable=null, runOnAllSlaves=false, slaves=null, staggerSlaveStartup=true, useSmartClassLoading=true, validateCluster=true }
 INFO  [main] {org.radargun.Slave} Ack successfully sent to the master
 INFO  [pool-1-thread-1] {org.radargun.Slave} Executing stage: ClusterValidation {exitBenchmarkOnSlaveFailure=false, partialReplication=false, replicationTimeSleep=2000, replicationTryCount=60, runOnAllSlaves=false, slaves=null, useSmartClassLoading=true }
 INFO  [pool-1-thread-1] {org.radargun.stages.ClusterValidationStage} Number of caches that replicated here is 7
 INFO  [pool-1-thread-1] {org.radargun.stages.ClusterValidationStage} Replication test successfully passed. partialReplication? false, replicationCount = 7
 INFO  [pool-1-thread-1] {org.radargun.stages.ClusterValidationStage} Confirm phase successful.
 INFO  [pool-1-thread-1] {org.radargun.Slave} Finished stage: ClusterValidation {exitBenchmarkOnSlaveFailure=false, partialReplication=false, replicationTimeSleep=2000, replicationTryCount=60, runOnAllSlaves=false, slaves=[ 0, 1, 2, 3, 4, 5, 6, 7 ], useSmartClassLoading=true }
 INFO  [main] {org.radargun.Slave} Ack successfully sent to the master
 INFO  [pool-1-thread-1] {org.radargun.Slave} Executing stage: StressTestWarmup {bulkSize=1, cacheSpecificKeyGenerator=false, commitTransactions=true, duration=1 mins 0 secs, entrySize=1000, exitBenchmarkOnSlaveFailure=false, fixedKeys=true, generateHistogramRange=false, keyGeneratorClass=org.radargun.stressors.StringKeyGenerator, keyGeneratorParam=null, loadAllKeys=false, numEntries=100, numOfThreads=4, numRequests=10000, numThreads=4, numberOfAttributes=100, numberOfRequests=10000, opsCountStatusLog=100000, poolKeys=true, preferAsyncOperations=false, removePercentage=0, replaceInvalidPercentage=40, runOnAllSlaves=false, sharedKeys=false, sizeOfAnAttribute=1000, slaves=null, transactionSize=50, useAtomics=false, useHistogramStatistics=false, useSimpleStatistics=true, useSmartClassLoading=true, useTransactions=null, writePercentage=20, writeTxPercentage=20 }
 INFO  [pool-1-thread-1] {org.radargun.stages.StressTestWarmupStage} Starting StressTestWarmupStage: StressTestWarmup {bulkSize=1, cacheSpecificKeyGenerator=false, commitTransactions=true, duration=1 mins 0 secs, entrySize=1000, exitBenchmarkOnSlaveFailure=false, fixedKeys=true, generateHistogramRange=false, keyGeneratorClass=org.radargun.stressors.StringKeyGenerator, keyGeneratorParam=null, loadAllKeys=false, numEntries=100, numOfThreads=4, numRequests=10000, numThreads=4, numberOfAttributes=100, numberOfRequests=10000, opsCountStatusLog=100000, poolKeys=true, preferAsyncOperations=false, removePercentage=0, replaceInvalidPercentage=40, runOnAllSlaves=false, sharedKeys=false, sizeOfAnAttribute=1000, slaves=null, transactionSize=50, useAtomics=false, useHistogramStatistics=false, useSimpleStatistics=true, useSmartClassLoading=true, useTransactions=null, writePercentage=20, writeTxPercentage=20 }
 INFO  [pool-1-thread-1] {org.radargun.stressors.StressTestStressor} Using key generator org.radargun.stressors.StringKeyGenerator, param null
 INFO  [pool-1-thread-1] {org.radargun.stressors.StressTestStressor} Executing: StressTestStressor{opsCountStatusLog=100000, numRequests=10000, numEntries=100, entrySize=1000, writePercentage=20, numThreads=4, cacheWrapper=org.radargun.cachewrappers.InfinispanXSWrapper@62b51eb3, nodeIndex=7, useTransactions=true, transactionSize=50, commitTransactions=true, durationMillis=60000}
 INFO  [pool-1-thread-1] {org.radargun.stressors.StressTestStressor} Cache wrapper info is: Running : 5.2.6.Final, config:ispn52-repl-sync-rc.xml, cacheName:testCache
[GC 259695K->20680K(2944064K), 0.0625670 secs]
 INFO  [pool-1-thread-1] {org.radargun.stressors.StressTestStressor} Started 4 stressor threads.
 INFO  [Stressor-0] {org.radargun.stressors.StressTestStressor} Number of ops executed so far: 1. Elapsed time: 0.000 secs. Remaining: 1 mins 0 secs. Total: 1 mins 0 secs
[GC 276744K->21128K(2944064K), 0.0399170 secs]
[GC 277192K->25094K(2944064K), 0.0400560 secs]
[GC 281158K->30920K(2944064K), 0.0358650 secs]
[GC 286984K->25456K(2944064K), 0.0395390 secs]
[GC 281520K->27146K(2944064K), 0.0413120 secs]
[GC 283210K->29555K(2944064K), 0.0376500 secs]
[GC 285619K->26649K(2944064K), 0.0400890 secs]
[GC 282713K->31064K(2944064K), 0.0469270 secs]
[GC 287128K->36972K(2944064K), 0.0443160 secs]
[GC 293036K->35198K(2944064K), 0.0426400 secs]
[GC 291262K->29593K(2944064K), 0.0457070 secs]
[GC 285657K->35738K(2944064K), 0.0399430 secs]
[GC 291802K->35481K(2944064K), 0.0509240 secs]
[GC 291545K->37473K(2944064K), 0.0448550 secs]
[GC 293537K->39499K(2944064K), 0.0728260 secs]
[GC 295563K->35097K(2944064K), 0.0438720 secs]
[GC 291161K->38751K(2944064K), 0.0341090 secs]
 INFO  [Stressor-1] {org.radargun.stressors.StressTestStressor} Number of ops executed so far: 393250. Elapsed time: 20.014 secs. Remaining: 39.986 secs. Total: 1 mins 0 secs
[GC 294815K->36297K(2944064K), 0.0384710 secs]
[GC 292361K->42080K(2944064K), 0.0418690 secs]
[GC 298144K->39891K(2944064K), 0.0388540 secs]
[GC 295955K->39847K(2944064K), 0.0371790 secs]
[GC 295911K->41073K(2944064K), 0.0399670 secs]
[GC 297137K->44947K(2944064K), 0.0403090 secs]
[GC 301011K->41946K(2944064K), 0.0475330 secs]
[GC 298010K->43901K(2944064K), 0.0419120 secs]
[GC 299965K->44407K(2944064K), 0.0453780 secs]
[GC 300471K->43370K(2944064K), 0.0440410 secs]
[GC 299434K->47375K(2944064K), 0.0412160 secs]
[GC 303439K->44433K(2944064K), 0.0465290 secs]
[GC 300497K->44937K(2944064K), 0.0419050 secs]
[GC 301001K->44193K(2944064K), 0.0458360 secs]
[GC 300257K->44664K(2944064K), 0.0475510 secs]
[GC 300728K->46447K(2944064K), 0.0404560 secs]
[GC 302511K->47555K(2944064K), 0.0504860 secs]
[GC 303619K->48384K(2944064K), 0.0552490 secs]
[GC 304448K->44483K(2944064K), 0.0402110 secs]
 INFO  [Stressor-1] {org.radargun.stressors.StressTestStressor} Number of ops executed so far: 834250. Elapsed time: 40.016 secs. Remaining: 19.984 secs. Total: 1 mins 0 secs
[GC 300547K->48339K(2944064K), 0.0499100 secs]
[GC 304403K->49006K(2944064K), 0.0431260 secs]
[GC 305070K->47719K(2944064K), 0.0430590 secs]
[GC 303783K->47183K(2944064K), 0.0444220 secs]
[GC 303247K->47647K(2944064K), 0.0479040 secs]
[GC 303711K->47394K(2944064K), 0.0446020 secs]
[GC 303458K->47988K(2944064K), 0.0457970 secs]
[GC 304052K->44896K(2944064K), 0.0579450 secs]
[GC 300960K->49177K(2944064K), 0.0434840 secs]
[GC 305241K->54185K(2944064K), 0.0453770 secs]
[GC 310249K->47136K(2944064K), 0.0551860 secs]
[GC 303200K->48492K(2944064K), 0.0384850 secs]
[GC 304556K->49384K(2944064K), 0.0401630 secs]
[GC 305448K->44726K(2944064K), 0.0399370 secs]
[GC 300790K->48403K(2944064K), 0.0382310 secs]
[GC 304467K->53175K(2944064K), 0.0414270 secs]
[GC 309239K->51133K(2944064K), 0.0423140 secs]
[GC 307197K->56067K(2944064K), 0.0407420 secs]
[GC 312131K->45541K(2944064K), 0.0417540 secs]
 INFO  [pool-1-thread-1] {org.radargun.stressors.StressTestStressor} Finished generating report. Test duration is: 1 mins 2 secs
 INFO  [pool-1-thread-1] {org.radargun.stages.StressTestWarmupStage} The warmup took: 62 seconds.
 INFO  [pool-1-thread-1] {org.radargun.Slave} Finished stage: StressTestWarmup {bulkSize=1, cacheSpecificKeyGenerator=false, commitTransactions=true, duration=1 mins 0 secs, entrySize=1000, exitBenchmarkOnSlaveFailure=false, fixedKeys=true, generateHistogramRange=false, keyGeneratorClass=org.radargun.stressors.StringKeyGenerator, keyGeneratorParam=null, loadAllKeys=false, numEntries=100, numOfThreads=4, numRequests=10000, numThreads=4, numberOfAttributes=100, numberOfRequests=10000, opsCountStatusLog=100000, poolKeys=true, preferAsyncOperations=false, removePercentage=0, replaceInvalidPercentage=40, runOnAllSlaves=false, sharedKeys=false, sizeOfAnAttribute=1000, slaves=null, transactionSize=50, useAtomics=false, useHistogramStatistics=false, useSimpleStatistics=true, useSmartClassLoading=true, useTransactions=null, writePercentage=20, writeTxPercentage=20 }
 INFO  [main] {org.radargun.Slave} Ack successfully sent to the master
 INFO  [pool-1-thread-1] {org.radargun.Slave} Executing stage: ClearClusterStage {ClearCluster {exitBenchmarkOnSlaveFailure=false, runOnAllSlaves=false, slaves=[ 0 ], useSmartClassLoading=true }
 INFO  [pool-1-thread-1] {org.radargun.stages.ClearClusterStage} Before executing clear, memory looks like this: Memory - free: 2,789,031 kb - max:4,906,688 kb- total:2,944,064 kb
[Full GC 155886K->22295K(2944064K), 0.2910030 secs]
 INFO  [pool-1-thread-1] {org.radargun.stages.ClearClusterStage} After executing cleanup, memory looks like this: Memory - free: 2,918,897 kb - max:4,906,688 kb- total:2,944,192 kb
 INFO  [pool-1-thread-1] {org.radargun.Slave} Finished stage: ClearClusterStage {ClearCluster {exitBenchmarkOnSlaveFailure=false, runOnAllSlaves=false, slaves=[ 0 ], useSmartClassLoading=true }
 INFO  [main] {org.radargun.Slave} Ack successfully sent to the master
 INFO  [pool-1-thread-1] {org.radargun.Slave} Executing stage: StressTest {bulkSize=1, cacheSpecificKeyGenerator=false, commitTransactions=true, duration=1 mins 0 secs, entrySize=1000, exitBenchmarkOnSlaveFailure=false, fixedKeys=true, generateHistogramRange=false, keyGeneratorClass=org.radargun.stressors.StringKeyGenerator, keyGeneratorParam=null, loadAllKeys=false, numEntries=10000, numOfThreads=4, numRequests=10000000, numThreads=4, numberOfAttributes=10000, numberOfRequests=10000000, opsCountStatusLog=500000, poolKeys=true, preferAsyncOperations=false, removePercentage=0, replaceInvalidPercentage=40, runOnAllSlaves=false, sharedKeys=false, sizeOfAnAttribute=1000, slaves=null, transactionSize=10000, useAtomics=false, useHistogramStatistics=false, useSimpleStatistics=true, useSmartClassLoading=true, useTransactions=true, writePercentage=10, writeTxPercentage=5 }
 INFO  [pool-1-thread-1] {org.radargun.stages.StressTestStage} Starting StressTestStage: StressTest {bulkSize=1, cacheSpecificKeyGenerator=false, commitTransactions=true, duration=1 mins 0 secs, entrySize=1000, exitBenchmarkOnSlaveFailure=false, fixedKeys=true, generateHistogramRange=false, keyGeneratorClass=org.radargun.stressors.StringKeyGenerator, keyGeneratorParam=null, loadAllKeys=false, numEntries=10000, numOfThreads=4, numRequests=10000000, numThreads=4, numberOfAttributes=10000, numberOfRequests=10000000, opsCountStatusLog=500000, poolKeys=true, preferAsyncOperations=false, removePercentage=0, replaceInvalidPercentage=40, runOnAllSlaves=false, sharedKeys=false, sizeOfAnAttribute=1000, slaves=null, transactionSize=10000, useAtomics=false, useHistogramStatistics=false, useSimpleStatistics=true, useSmartClassLoading=true, useTransactions=true, writePercentage=10, writeTxPercentage=5 }
 INFO  [pool-1-thread-1] {org.radargun.stressors.StressTestStressor} Using key generator org.radargun.stressors.StringKeyGenerator, param null
 INFO  [pool-1-thread-1] {org.radargun.stressors.StressTestStressor} Executing: StressTestStressor{opsCountStatusLog=500000, numRequests=10000000, numEntries=10000, entrySize=1000, writePercentage=10, numThreads=4, cacheWrapper=org.radargun.cachewrappers.InfinispanXSWrapper@62b51eb3, nodeIndex=7, useTransactions=true, transactionSize=10000, commitTransactions=true, durationMillis=60000}
 INFO  [pool-1-thread-1] {org.radargun.stressors.StressTestStressor} Cache wrapper info is: Running : 5.2.6.Final, config:ispn52-repl-sync-rc.xml, cacheName:testCache
[GC 278423K->55452K(2944192K), 0.0534190 secs]
[GC 311580K->81534K(2944192K), 0.0668830 secs]
[GC 337662K->118653K(2944192K), 0.0831250 secs]
[GC 374781K->156535K(2944192K), 0.1219580 secs]
[GC 412663K->158770K(2944192K), 0.1142450 secs]
[GC 414898K->178773K(2944192K), 0.1038770 secs]
[GC 434901K->225268K(2944192K), 0.1018500 secs]
[GC 481396K->213974K(2944192K), 0.1029990 secs]
[GC 470102K->256024K(2944192K), 0.1063600 secs]
[GC 512152K->271006K(2944192K), 0.0979240 secs]
[GC 527134K->278272K(2944192K), 0.1110950 secs]
[GC 534400K->314264K(2944192K), 0.0894670 secs]
[GC 570392K->347842K(2944192K), 0.0933020 secs]
[GC 603970K->337761K(2944192K), 0.1103560 secs]
[GC 593889K->381125K(2944192K), 0.0979290 secs]
[GC 637253K->399155K(2944192K), 0.1027170 secs]
[GC 655283K->405456K(2944192K), 0.1022460 secs]
[GC 661584K->430797K(2944192K), 0.0790110 secs]
[GC 686925K->437775K(2944192K), 0.1088150 secs]
[GC 693903K->479813K(2944192K), 0.1039230 secs]
[GC 735941K->497980K(2944192K), 0.0913220 secs]
[GC 754108K->519329K(2944192K), 0.1063540 secs]
[GC 775457K->522147K(2944192K), 0.0949240 secs]
 INFO  [pool-1-thread-1] {org.radargun.stressors.StressTestStressor} Started 4 stressor threads.
 INFO  [Stressor-3] {org.radargun.stressors.StressTestStressor} Number of ops executed so far: 1. Elapsed time: 0.000 secs. Remaining: 1 mins 0 secs. Total: 1 mins 0 secs
[GC 778275K->538281K(2944192K), 0.0926000 secs]
[GC 794409K->540839K(2944192K), 0.0881270 secs]
[GC 796115K->590485K(2944192K), 0.0703100 secs]
[GC 846613K->601660K(2944192K), 0.0770520 secs]
[GC 857788K->629871K(2944192K), 0.0800860 secs]
[GC 885999K->628083K(2944192K), 0.0742250 secs]
[GC 884211K->613810K(2944192K), 0.0646350 secs]
[GC 869470K->670918K(2944192K), 0.0703990 secs]
[GC 927046K->652213K(2944192K), 0.0806410 secs]
[GC 908341K->682402K(2944192K), 0.0748020 secs]
[GC 937598K->659669K(2944192K), 0.0730050 secs]
[GC 915797K->718585K(2944192K), 0.0636790 secs]
[GC 974656K->735503K(2944192K), 0.0847490 secs]
[GC 991617K->728790K(2944192K), 0.0845710 secs]
[GC 984918K->734010K(2944192K), 0.0759020 secs]
[GC 990138K->782362K(2944192K), 0.0843570 secs]
[GC 1038380K->766844K(2944192K), 0.0752040 secs]
[GC 1022972K->814035K(2944192K), 0.0675690 secs]
[GC 1070163K->807379K(2944192K), 0.0776750 secs]
[GC 1063507K->807812K(2944192K), 0.0719870 secs]
[GC 1063938K->851276K(2944192K), 0.0681670 secs]
[GC 1106448K->853970K(2944192K), 0.0849510 secs]
 INFO  [Stressor-3] {org.radargun.stressors.StressTestStressor} Number of ops executed so far: 2570000. Elapsed time: 21.352 secs. Remaining: 38.648 secs. Total: 1 mins 0 secs
[GC 1110098K->895876K(2944192K), 0.0804040 secs]
[GC 1152003K->889933K(2944192K), 0.0791820 secs]
[GC 1146061K->906282K(2944192K), 0.0825060 secs]
[GC 1162406K->920821K(2944192K), 0.0704220 secs]
[GC 1176948K->957879K(2944192K), 0.0699870 secs]
[GC 1214007K->937966K(2944192K), 0.0701550 secs]
[GC 1193115K->974661K(2944192K), 0.0908940 secs]
[GC 1230789K->964066K(2944192K), 0.0766030 secs]
[GC 1220194K->975985K(2944192K), 0.0725860 secs]
[GC 1232113K->987007K(2944192K), 0.0853340 secs]
[GC 1243116K->1015062K(2944192K), 0.0802620 secs]
[GC 1271190K->1046054K(2944192K), 0.0782150 secs]
[GC 1302182K->1027637K(2944192K), 0.0721570 secs]
[GC 1283747K->1055609K(2944192K), 0.0769790 secs]
[GC 1311701K->1055091K(2944192K), 0.0800350 secs]
[GC 1311219K->1069263K(2944192K), 0.0741330 secs]
[GC 1325391K->1108605K(2944192K), 0.0707330 secs]
[GC 1364722K->1129431K(2944192K), 0.0810390 secs]
[GC 1385559K->1131849K(2944192K), 0.0773760 secs]
[GC 1387977K->1159368K(2944192K), 0.0690790 secs]
[GC 1415496K->1162790K(2944192K), 0.0772300 secs]
[GC 1418918K->1159487K(2944192K), 0.0696850 secs]
 INFO  [Stressor-2] {org.radargun.stressors.StressTestStressor} Number of ops executed so far: 5860653. Elapsed time: 41.352 secs. Remaining: 18.648 secs. Total: 1 mins 0 secs
[GC 1415615K->1192565K(2944192K), 0.0606560 secs]
[GC 1448693K->1218465K(2944192K), 0.0736480 secs]
[GC 1474593K->1205090K(2944192K), 0.0760420 secs]
[GC 1461218K->1230579K(2944192K), 0.0667870 secs]
[GC 1486707K->1247270K(2944192K), 0.0685380 secs]
[GC 1503398K->1276189K(2944192K), 0.0818070 secs]
[GC 1532317K->1307046K(2944192K), 0.0712620 secs]
[GC 1563145K->1310417K(2944192K), 0.0655050 secs]
[GC 1566545K->1311520K(2944192K), 0.0738470 secs]
[GC 1567648K->1346887K(2944192K), 0.0721660 secs]
[GC 1603015K->1344026K(2944192K), 0.0722770 secs]
[GC 1599780K->1341624K(2944192K), 0.0712860 secs]
[GC 1597752K->1378714K(2944192K), 0.0640960 secs]
[GC 1634842K->1408575K(2944192K), 0.0713680 secs]
[GC 1408838K(2944192K), 0.0213460 secs]
[GC 1664703K->1406460K(2944192K), 0.0773870 secs]
[GC 1550465K(2944192K), 0.0788020 secs]
[GC 1419803K->1195446K(2944192K), 0.0683790 secs]
[GC 740190K->462252K(2944192K), 0.0789390 secs]
[GC 718380K->486720K(2944192K), 0.0673540 secs]
 INFO  [pool-1-thread-1] {org.radargun.stressors.StressTestStressor} Finished generating report. Test duration is: 1 mins 52 secs
 INFO  [pool-1-thread-1] {org.radargun.stages.StressTestStage} size info: Running : 5.2.6.Final, config:ispn52-repl-sync-rc.xml, cacheName:testCache, clusterSize:8, nodeIndex:7, cacheSize: 320000
 INFO  [pool-1-thread-1] {org.radargun.Slave} Finished stage: StressTest {bulkSize=1, cacheSpecificKeyGenerator=false, commitTransactions=true, duration=1 mins 0 secs, entrySize=1000, exitBenchmarkOnSlaveFailure=false, fixedKeys=true, generateHistogramRange=false, keyGeneratorClass=org.radargun.stressors.StringKeyGenerator, keyGeneratorParam=null, loadAllKeys=false, numEntries=10000, numOfThreads=4, numRequests=10000000, numThreads=4, numberOfAttributes=10000, numberOfRequests=10000000, opsCountStatusLog=500000, poolKeys=true, preferAsyncOperations=false, removePercentage=0, replaceInvalidPercentage=40, runOnAllSlaves=false, sharedKeys=false, sizeOfAnAttribute=1000, slaves=null, transactionSize=10000, useAtomics=false, useHistogramStatistics=false, useSimpleStatistics=true, useSmartClassLoading=true, useTransactions=true, writePercentage=10, writeTxPercentage=5 }
 INFO  [main] {org.radargun.Slave} Ack successfully sent to the master
 INFO  [main] {org.radargun.Slave} Master shutdown!
 INFO  [Thread-0] {org.radargun.ShutDownHook} Slave process is being shutdown
