/usr/java/jdk1.7.0_21/bin/java -server -Xmx1024M -Xms1024M -Dresolve.dns=false -Djgroups.timer.num_threads=4 -verbose:gc -Xmx5000M -Xms3000M -server -XX:+UseConcMarkSweepGC -XX:+AggressiveOpts -verbose:gc -XX:ParallelGCThreads=4 -XX:NewRatio=5 -XX:SurvivorRatio=2 -Dhazelcast.operation.thread.count=4 -Djava.net.preferIPv4Stack=true -Dlog4j.file.prefix=deimos-esw-22728 -Dbind.address= -Djgroups.bind_addr= -classpath /home/smf/github/radargun/target/distribution/RadarGun-1.1.0-SNAPSHOT/lib/activation-1.1.jar:/home/smf/github/radargun/target/distribution/RadarGun-1.1.0-SNAPSHOT/lib/commons-beanutils-1.8.0.jar:/home/smf/github/radargun/target/distribution/RadarGun-1.1.0-SNAPSHOT/lib/commons-digester-2.0.jar:/home/smf/github/radargun/target/distribution/RadarGun-1.1.0-SNAPSHOT/lib/commons-logging-1.1.1.jar:/home/smf/github/radargun/target/distribution/RadarGun-1.1.0-SNAPSHOT/lib/commons-math-1.2.jar:/home/smf/github/radargun/target/distribution/RadarGun-1.1.0-SNAPSHOT/lib/jboss-transaction-api-1.0.1.GA.jar:/home/smf/github/radargun/target/distribution/RadarGun-1.1.0-SNAPSHOT/lib/jcommon-1.0.15.jar:/home/smf/github/radargun/target/distribution/RadarGun-1.1.0-SNAPSHOT/lib/jfreechart-1.0.12.jar:/home/smf/github/radargun/target/distribution/RadarGun-1.1.0-SNAPSHOT/lib/log4j-1.2.14.jar:/home/smf/github/radargun/target/distribution/RadarGun-1.1.0-SNAPSHOT/lib/mail-1.4.2.jar:/home/smf/github/radargun/target/distribution/RadarGun-1.1.0-SNAPSHOT/lib/radargun-framework-1.1.0-SNAPSHOT.jar:/home/smf/github/radargun/target/distribution/RadarGun-1.1.0-SNAPSHOT/conf org.radargun.Slave -master 127.0.0.1:2103
--------------------------------------------------------------------------------
PerNodeRollingFileAppender::Using file prefix:deimos-esw-22728
 INFO  [main] {org.radargun.Slave} Attempting to connect to master 127.0.0.1:2103
 INFO  [main] {org.radargun.Slave} Successfully established connection with master at: 127.0.0.1:2103
Loading JARS from /home/smf/github/radargun/target/distribution/RadarGun-1.1.0-SNAPSHOT/lib/radargun-framework-1.1.0-SNAPSHOT.jar
 INFO  [pool-1-thread-1] {org.radargun.config.AnnotatedHelper} Loading JARS from /home/smf/github/radargun/target/distribution/RadarGun-1.1.0-SNAPSHOT/lib/radargun-framework-1.1.0-SNAPSHOT.jar
 INFO  [pool-1-thread-1] {org.radargun.config.AnnotatedHelper} Loading JARS from /home/smf/github/radargun/target/distribution/RadarGun-1.1.0-SNAPSHOT/lib/radargun-framework-1.1.0-SNAPSHOT.jar
 INFO  [pool-1-thread-1] {org.radargun.Slave} Executing stage: DestroyWrapper {enforceMemoryThrashHold=true, exitBenchmarkOnSlaveFailure=false, heapDumpDir=null, memoryThreshold=95, runOnAllSlaves=true, slaves=null, useSmartClassLoading=true }
 INFO  [pool-1-thread-1] {org.radargun.stages.DestroyWrapperStage} Received destroy cache wrapper request from master...
 INFO  [pool-1-thread-1] {org.radargun.stages.DestroyWrapperStage} No cache wrapper deployed on this slave, nothing to do.
 INFO  [pool-1-thread-1] {org.radargun.stages.DestroyWrapperStage} Before executing clear, memory looks like this: Memory - free: 2,928,638 kb - max:4,906,688 kb- total:2,944,000 kb
[Full GC 15361K->3631K(2944000K), 0.0819720 secs]
 INFO  [pool-1-thread-1] {org.radargun.stages.DestroyWrapperStage} After executing cleanup, memory looks like this: Memory - free: 2,935,311 kb - max:4,906,688 kb- total:2,944,064 kb
 INFO  [pool-1-thread-1] {org.radargun.Slave} Finished stage: DestroyWrapper {enforceMemoryThrashHold=true, exitBenchmarkOnSlaveFailure=false, heapDumpDir=null, memoryThreshold=95, runOnAllSlaves=true, slaves=null, useSmartClassLoading=true }
 INFO  [main] {org.radargun.Slave} Ack successfully sent to the master
 INFO  [pool-1-thread-1] {org.radargun.Slave} Executing stage: StartCluster {config=ispn52-repl-sync-rc.xml, delayAfterFirstSlaveStarts=5.000 secs, delayBetweenStartingSlaves=0.500 secs, exitBenchmarkOnSlaveFailure=true, expectNumSlaves=null, mayFailOn=null, reachable=null, runOnAllSlaves=false, slaves=null, staggerSlaveStartup=true, useSmartClassLoading=true, validateCluster=true }
 INFO  [pool-1-thread-1] {org.radargun.stages.StartClusterStage}  Startup staggering, starting 6 slaves. This is the slave with index 3. Sleeping for 6500 millis.
 INFO  [pool-1-thread-1] {org.radargun.stages.StartClusterStage} Ack master's StartCluster stage. Local address is: /127.0.0.1. This slave's index is: 3
 INFO  [pool-1-thread-1] {org.radargun.utils.ClassLoadHelper} Creating newInstance org.radargun.cachewrappers.FFWrapperLF with classloader java.net.URLClassLoader@49de5afd
 INFO  [pool-1-thread-1] {org.radargun.cachewrappers.FFWrapperLF} config=ispn52-repl-sync-rc.xml, isLocal=false, nodeIndex=3, confAttributes={name=ispn52-repl-sync-rc.xml, decorate=infinispan52}
 INFO  [pool-1-thread-1] {org.radargun.cachewrappers.FFWrapperLF} Found fenix framework config options in 'rg-fenix-framework-config-options.properties'.
 INFO  [pool-1-thread-1] {org.radargun.cachewrappers.FFWrapperLF} Setting extra config properties for Fenix Framework.
 INFO  [pool-1-thread-1] {org.radargun.cachewrappers.FFWrapperLF} Will initialize Fenix Framework with RadarGunDataGridConfig
 TRACE [pool-1-thread-1] {pt.ist.fenixframework.FenixFramework} Static initializer block for FenixFramework class [BEGIN]
 INFO  [pool-1-thread-1] {pt.ist.fenixframework.FenixFramework} Trying auto-initialization with configuration by convention
 INFO  [pool-1-thread-1] {pt.ist.fenixframework.FenixFramework} Resource 'fenix-framework.properties' not found
 DEBUG [pool-1-thread-1] {pt.ist.fenixframework.FenixFramework} Fenix Framework properties after reading default config file:{}
 DEBUG [pool-1-thread-1] {pt.ist.fenixframework.FenixFramework} CurrentBackEndName = jvstm-lf
 INFO  [pool-1-thread-1] {pt.ist.fenixframework.FenixFramework} Resource 'fenix-framework-jvstm-lf.properties' not found
 DEBUG [pool-1-thread-1] {pt.ist.fenixframework.FenixFramework} Fenix Framework properties after reading backend config file:{}
 DEBUG [pool-1-thread-1] {pt.ist.fenixframework.FenixFramework} Fenix Framework properties after enforcing system properties:{}
 INFO  [pool-1-thread-1] {pt.ist.fenixframework.FenixFramework} Skipping configuration by convention.
 TRACE [pool-1-thread-1] {pt.ist.fenixframework.FenixFramework} Static initializer block for FenixFramework class [END]
 INFO  [pool-1-thread-1] {pt.ist.fenixframework.FenixFramework} Initializing Fenix Framework with config.class=pt.ist.fenixframework.backend.jvstm.datagrid.radargun.RadarGunDataGridConfig
 INFO  [pool-1-thread-1] {pt.ist.fenixframework.backend.jvstm.lf.JvstmLockFreeBackEnd} initializeTransactionFactory()
Oct 01, 2013 10:55:06 PM jvstm.ActiveTransactionsRecord <clinit>
INFO: ********** AOM reversion = false (disable/enable it in property jvstm.aom.reversion)
Oct 01, 2013 10:55:06 PM jvstm.Transaction <clinit>
INFO: ********** GC vbodies = true (disable/enable it in property jvstm.gc.disabled)
 INFO  [pool-1-thread-1] {pt.ist.fenixframework.backend.jvstm.lf.JvstmLockFreeBackEnd} initializeGroupCommunication()
 INFO  [pool-1-thread-1] {com.hazelcast.config.ClasspathXmlConfig} Configuring Hazelcast from 'hazelcast-ff.xml'.
 INFO  [pool-1-thread-1] {com.hazelcast.instance.DefaultAddressPicker} Interfaces is disabled, trying to pick one address from TCP-IP config addresses: [127.0.0.1]
 INFO  [pool-1-thread-1] {com.hazelcast.instance.DefaultAddressPicker} Picked Address[127.0.0.1]:5704, using socket ServerSocket[addr=/0.0.0.0,localport=5704], bind any local is true
 INFO  [pool-1-thread-1] {com.hazelcast.system} [127.0.0.1]:5704 [FenixFrameworkGroup] Hazelcast Community Edition 3.0.2 (20130906) starting at Address[127.0.0.1]:5704
 INFO  [pool-1-thread-1] {com.hazelcast.system} [127.0.0.1]:5704 [FenixFrameworkGroup] Copyright (C) 2008-2013 Hazelcast.com
 INFO  [pool-1-thread-1] {com.hazelcast.instance.Node} [127.0.0.1]:5704 [FenixFrameworkGroup] Creating MulticastJoiner
 INFO  [pool-1-thread-1] {com.hazelcast.core.LifecycleService} [127.0.0.1]:5704 [FenixFrameworkGroup] Address[127.0.0.1]:5704 is STARTING
 INFO  [pool-1-thread-1] {com.hazelcast.cluster.TcpIpJoiner} [127.0.0.1]:5704 [FenixFrameworkGroup] Connecting to possible member: Address[127.0.0.1]:5703
 INFO  [pool-1-thread-1] {com.hazelcast.cluster.TcpIpJoiner} [127.0.0.1]:5704 [FenixFrameworkGroup] Connecting to possible member: Address[127.0.0.1]:5702
 INFO  [pool-1-thread-1] {com.hazelcast.cluster.TcpIpJoiner} [127.0.0.1]:5704 [FenixFrameworkGroup] Connecting to possible member: Address[127.0.0.1]:5701
 INFO  [hz._hzInstance_1_FenixFrameworkGroup.cached.thread-3] {com.hazelcast.nio.SocketConnector} [127.0.0.1]:5704 [FenixFrameworkGroup] Connecting to /127.0.0.1:5703, timeout: 0, bind-any: true
 INFO  [hz._hzInstance_1_FenixFrameworkGroup.cached.thread-2] {com.hazelcast.nio.SocketConnector} [127.0.0.1]:5704 [FenixFrameworkGroup] Connecting to /127.0.0.1:5702, timeout: 0, bind-any: true
 INFO  [hz._hzInstance_1_FenixFrameworkGroup.cached.thread-1] {com.hazelcast.nio.SocketConnector} [127.0.0.1]:5704 [FenixFrameworkGroup] Connecting to /127.0.0.1:5701, timeout: 0, bind-any: true
 INFO  [hz._hzInstance_1_FenixFrameworkGroup.cached.thread-1] {com.hazelcast.nio.TcpIpConnectionManager} [127.0.0.1]:5704 [FenixFrameworkGroup] 45566 accepted socket connection from /127.0.0.1:5701
 INFO  [hz._hzInstance_1_FenixFrameworkGroup.cached.thread-2] {com.hazelcast.nio.TcpIpConnectionManager} [127.0.0.1]:5704 [FenixFrameworkGroup] 42560 accepted socket connection from /127.0.0.1:5702
 INFO  [hz._hzInstance_1_FenixFrameworkGroup.cached.thread-3] {com.hazelcast.nio.TcpIpConnectionManager} [127.0.0.1]:5704 [FenixFrameworkGroup] 34982 accepted socket connection from /127.0.0.1:5703
 INFO  [hz._hzInstance_1_FenixFrameworkGroup.cached.thread-2] {com.hazelcast.cluster.ClusterService} [127.0.0.1]:5704 [FenixFrameworkGroup] 

Members [6] {
	Member [127.0.0.1]:5701
	Member [127.0.0.1]:5702
	Member [127.0.0.1]:5704 this
	Member [127.0.0.1]:5705
	Member [127.0.0.1]:5706
	Member [127.0.0.1]:5703
}

 INFO  [hz._hzInstance_1_FenixFrameworkGroup.IO.thread-Acceptor] {com.hazelcast.nio.SocketAcceptor} [127.0.0.1]:5704 [FenixFrameworkGroup] Accepting socket connection from /127.0.0.1:45194
 INFO  [hz._hzInstance_1_FenixFrameworkGroup.IO.thread-Acceptor] {com.hazelcast.nio.TcpIpConnectionManager} [127.0.0.1]:5704 [FenixFrameworkGroup] 5704 accepted socket connection from /127.0.0.1:45194
 INFO  [hz._hzInstance_1_FenixFrameworkGroup.cached.thread-6] {com.hazelcast.nio.SocketConnector} [127.0.0.1]:5704 [FenixFrameworkGroup] Connecting to /127.0.0.1:5705, timeout: 0, bind-any: true
 INFO  [hz._hzInstance_1_FenixFrameworkGroup.cached.thread-6] {com.hazelcast.nio.TcpIpConnectionManager} [127.0.0.1]:5704 [FenixFrameworkGroup] 47468 accepted socket connection from /127.0.0.1:5705
 INFO  [pool-1-thread-1] {com.hazelcast.core.LifecycleService} [127.0.0.1]:5704 [FenixFrameworkGroup] Address[127.0.0.1]:5704 is STARTED
 INFO  [pool-1-thread-1] {pt.ist.fenixframework.backend.jvstm.lf.LockFreeClusterUtils} Got (long) serverId: 1
 INFO  [pool-1-thread-1] {pt.ist.fenixframework.backend.jvstm.lf.JvstmLockFreeBackEnd} This is NOT the first node.
 INFO  [pool-1-thread-1] {pt.ist.fenixframework.backend.jvstm.lf.LockFreeClusterUtils} Waiting for startup from first node
 INFO  [pool-1-thread-1] {pt.ist.fenixframework.backend.jvstm.JVSTMBackEnd} initializeRepository()
 INFO  [pool-1-thread-1] {pt.ist.fenixframework.backend.jvstm.datagrid.radargun.DataGridDecorator} config=ispn52-repl-sync-rc.xml, isLocal=false, nodeIndex=3, confAttributes={name=ispn52-repl-sync-rc.xml}
 INFO  [pool-1-thread-1] {org.radargun.cachewrappers.InfinispanXSWrapper} Cannot find any site for slave index 3
[GC 259695K->11467K(2944064K), 0.0405510 secs]
 INFO  [pool-1-thread-1] {org.infinispan.remoting.transport.jgroups.JGroupsTransport} ISPN000078: Starting JGroups Channel
 WARN  [pool-1-thread-1] {org.jgroups.protocols.UDP} [JGRP00014] the send buffer of socket DatagramSocket was set to 640KB, but the OS only allocated 229.38KB. This might lead to performance problems. Please set your max send buffer in the OS correctly (e.g. net.core.wmem_max on Linux)
 WARN  [pool-1-thread-1] {org.jgroups.protocols.UDP} [JGRP00014] the receive buffer of socket DatagramSocket was set to 20MB, but the OS only allocated 229.38KB. This might lead to performance problems. Please set your max receive buffer in the OS correctly (e.g. net.core.rmem_max on Linux)
 WARN  [pool-1-thread-1] {org.jgroups.protocols.UDP} [JGRP00014] the send buffer of socket MulticastSocket was set to 640KB, but the OS only allocated 229.38KB. This might lead to performance problems. Please set your max send buffer in the OS correctly (e.g. net.core.wmem_max on Linux)
 WARN  [pool-1-thread-1] {org.jgroups.protocols.UDP} [JGRP00014] the receive buffer of socket MulticastSocket was set to 25MB, but the OS only allocated 229.38KB. This might lead to performance problems. Please set your max receive buffer in the OS correctly (e.g. net.core.rmem_max on Linux)
 INFO  [pool-1-thread-1] {org.infinispan.remoting.transport.jgroups.JGroupsTransport} ISPN000094: Received new cluster view: [deimos-esw-46622|1] [deimos-esw-46622, deimos-esw-1702]
 INFO  [pool-1-thread-1] {org.infinispan.remoting.transport.jgroups.JGroupsTransport} ISPN000079: Cache local address is deimos-esw-1702, physical addresses are [127.0.0.1:52001]
 INFO  [pool-1-thread-1] {org.infinispan.factories.GlobalComponentRegistry} ISPN000128: Infinispan version: Infinispan 'Delirium' 5.2.6.Final
 INFO  [Incoming-4,deimos-esw-1702] {org.infinispan.remoting.transport.jgroups.JGroupsTransport} ISPN000094: Received new cluster view: [deimos-esw-46622|2] [deimos-esw-46622, deimos-esw-1702, deimos-esw-12072]
 INFO  [pool-1-thread-1] {org.infinispan.transaction.lookup.JBossStandaloneJTAManagerLookup} ISPN000107: Retrieving transaction manager Transaction: unknown
 INFO  [Incoming-4,deimos-esw-1702] {org.infinispan.remoting.transport.jgroups.JGroupsTransport} ISPN000094: Received new cluster view: [deimos-esw-46622|3] [deimos-esw-46622, deimos-esw-1702, deimos-esw-12072, deimos-esw-56002]
 INFO  [pool-1-thread-1] {org.infinispan.jmx.CacheJmxRegistration} ISPN000031: MBeans were successfully registered to the platform MBean server.
 INFO  [Incoming-4,deimos-esw-1702] {org.infinispan.remoting.transport.jgroups.JGroupsTransport} ISPN000094: Received new cluster view: [deimos-esw-46622|4] [deimos-esw-46622, deimos-esw-1702, deimos-esw-12072, deimos-esw-56002, deimos-esw-55052]
 INFO  [Incoming-4,deimos-esw-1702] {org.infinispan.remoting.transport.jgroups.JGroupsTransport} ISPN000094: Received new cluster view: [deimos-esw-46622|5] [deimos-esw-46622, deimos-esw-1702, deimos-esw-12072, deimos-esw-56002, deimos-esw-55052, deimos-esw-56842]
 INFO  [pool-1-thread-1] {org.radargun.cachewrappers.InfinispanXSWrapper} Using transaction manager: Transaction: unknown
 INFO  [pool-1-thread-1] {org.radargun.cachewrappers.InfinispanXSWrapper} No RELAY2 protocol in XS wrapper
 INFO  [pool-1-thread-1] {org.radargun.cachewrappers.InfinispanXSWrapper} JGroups version: JGroups 3.2.7.Final
 INFO  [pool-1-thread-1] {org.radargun.cachewrappers.InfinispanXSWrapper} Using config attributes: {name=ispn52-repl-sync-rc.xml}
 INFO  [pool-1-thread-1] {pt.ist.fenixframework.backend.jvstm.repository.LockFreeRepository} Initialization marker is present. Data Grid already existed.
 INFO  [pool-1-thread-1] {pt.ist.fenixframework.backend.jvstm.JVSTMBackEnd} initializeDomainClassInfos
 INFO  [pool-1-thread-1] {pt.ist.fenixframework.backend.jvstm.pstm.DomainClassInfo} serverId: 1, serverOidBase: 1000000000000
 INFO  [pool-1-thread-1] {pt.ist.fenixframework.backend.jvstm.pstm.DomainClassInfo} Existing domain class 'pt.ist.fenixframework.adt.bplustree.BPlusTreeArray' with id '2'
 INFO  [pool-1-thread-1] {pt.ist.fenixframework.backend.jvstm.pstm.DomainClassInfo} Existing domain class 'pt.ist.fenixframework.adt.bplustree.InnerNode' with id '8'
 INFO  [pool-1-thread-1] {pt.ist.fenixframework.backend.jvstm.pstm.DomainClassInfo} Existing domain class 'pt.ist.fenixframework.adt.bplustree.DomainLeafNode' with id '1'
 INFO  [pool-1-thread-1] {pt.ist.fenixframework.backend.jvstm.pstm.DomainClassInfo} Existing domain class 'pt.ist.fenixframework.adt.bplustree.DomainInnerNode' with id '3'
 INFO  [pool-1-thread-1] {pt.ist.fenixframework.backend.jvstm.pstm.DomainClassInfo} Existing domain class 'pt.ist.fenixframework.adt.bplustree.AbstractNode' with id 'f'
 INFO  [pool-1-thread-1] {pt.ist.fenixframework.backend.jvstm.pstm.DomainClassInfo} Existing domain class 'pt.ist.fenixframework.adt.bplustree.AbstractNodeArray' with id 'a'
 INFO  [pool-1-thread-1] {pt.ist.fenixframework.backend.jvstm.pstm.DomainClassInfo} Existing domain class 'pt.ist.fenixframework.DomainRoot' with id '0'
 INFO  [pool-1-thread-1] {pt.ist.fenixframework.backend.jvstm.pstm.DomainClassInfo} Existing domain class 'pt.ist.fenixframework.adt.linkedlist.ListNode' with id '6'
 INFO  [pool-1-thread-1] {pt.ist.fenixframework.backend.jvstm.pstm.DomainClassInfo} Existing domain class 'pt.ist.fenixframework.adt.bplustree.LeafNode' with id '4'
 INFO  [pool-1-thread-1] {pt.ist.fenixframework.backend.jvstm.pstm.DomainClassInfo} Existing domain class 'pt.ist.fenixframework.adt.bplustree.InnerNodeArray' with id 'b'
 INFO  [pool-1-thread-1] {pt.ist.fenixframework.backend.jvstm.pstm.DomainClassInfo} Existing domain class 'pt.ist.fenixframework.adt.linkedlist.LinkedList' with id '9'
 INFO  [pool-1-thread-1] {pt.ist.fenixframework.backend.jvstm.pstm.DomainClassInfo} Existing domain class 'pt.ist.fenixframework.adt.bplustree.BPlusTree' with id '7'
 INFO  [pool-1-thread-1] {pt.ist.fenixframework.backend.jvstm.pstm.DomainClassInfo} Existing domain class 'pt.ist.fenixframework.adt.bplustree.LeafNodeArray' with id 'c'
 INFO  [pool-1-thread-1] {pt.ist.fenixframework.backend.jvstm.pstm.DomainClassInfo} Existing domain class 'pt.ist.fenixframework.backend.jvstm.pstm.TransactionStatisticsEntry' with id '5'
 INFO  [pool-1-thread-1] {pt.ist.fenixframework.backend.jvstm.pstm.DomainClassInfo} Existing domain class 'pt.ist.fenixframework.backend.jvstm.pstm.FenixFrameworkData' with id 'd'
 INFO  [pool-1-thread-1] {pt.ist.fenixframework.backend.jvstm.pstm.DomainClassInfo} Existing domain class 'pt.ist.fenixframework.adt.bplustree.DomainBPlusTree' with id 'e'
 INFO  [pool-1-thread-1] {pt.ist.fenixframework.backend.jvstm.JVSTMBackEnd} setupJVSTM
 INFO  [pool-1-thread-1] {pt.ist.fenixframework.backend.jvstm.lf.InitTransaction} Waiting for version 3 to have a commitId
 INFO  [pool-1-thread-1] {pt.ist.fenixframework.backend.jvstm.lf.InitTransaction} Waiting for version 3 to have a commitId
 INFO  [pool-1-thread-1] {jvstm.TransactionUtils} Setting the last committed TX number to 3
 INFO  [pool-1-thread-1] {pt.ist.fenixframework.backend.jvstm.lf.JvstmLockFreeBackEnd} Set the last committed TX number to 3
 INFO  [pool-1-thread-1] {pt.ist.fenixframework.backend.jvstm.JVSTMBackEnd} createDomainRootIfNeeded
 INFO  [pool-1-thread-1] {pt.ist.fenixframework.backend.jvstm.JVSTMBackEnd} ensureFenixFrameworkDataExists
 INFO  [pool-1-thread-1] {pt.ist.fenixframework.hibernatesearch.HibernateSearchConfig} Resource 'fenix-framework-hibernate-search.properties' not found. Hibernate Search disabled
 INFO  [pool-1-thread-1] {pt.ist.fenixframework.FenixFramework} Initialization of Fenix Framework is now complete.
 INFO  [pool-1-thread-1] {org.radargun.cachewrappers.FFWrapperLF} FF STARTED=true
 INFO  [pool-1-thread-1] {org.radargun.stages.helpers.StartHelper} Number of members is the one expected: 6
 INFO  [pool-1-thread-1] {org.radargun.stages.StartClusterStage} Successfully started cache wrapper on slave 3: org.radargun.cachewrappers.FFWrapperLF@bb47f26
 INFO  [pool-1-thread-1] {org.radargun.Slave} Finished stage: StartCluster {config=ispn52-repl-sync-rc.xml, delayAfterFirstSlaveStarts=5.000 secs, delayBetweenStartingSlaves=0.500 secs, exitBenchmarkOnSlaveFailure=true, expectNumSlaves=null, mayFailOn=null, reachable=null, runOnAllSlaves=false, slaves=null, staggerSlaveStartup=true, useSmartClassLoading=true, validateCluster=true }
 INFO  [main] {org.radargun.Slave} Ack successfully sent to the master
 INFO  [pool-1-thread-1] {org.radargun.Slave} Executing stage: ClusterValidation {exitBenchmarkOnSlaveFailure=false, partialReplication=false, replicationTimeSleep=2000, replicationTryCount=60, runOnAllSlaves=false, slaves=null, useSmartClassLoading=true }
 INFO  [pool-1-thread-1] {org.radargun.stages.ClusterValidationStage} Number of caches that replicated here is 5
 INFO  [pool-1-thread-1] {org.radargun.stages.ClusterValidationStage} Replication test successfully passed. partialReplication? false, replicationCount = 5
 INFO  [pool-1-thread-1] {org.radargun.stages.ClusterValidationStage} Confirm phase successful.
 INFO  [pool-1-thread-1] {org.radargun.Slave} Finished stage: ClusterValidation {exitBenchmarkOnSlaveFailure=false, partialReplication=false, replicationTimeSleep=2000, replicationTryCount=60, runOnAllSlaves=false, slaves=[ 0, 1, 2, 3, 4, 5 ], useSmartClassLoading=true }
 INFO  [main] {org.radargun.Slave} Ack successfully sent to the master
 INFO  [pool-1-thread-1] {org.radargun.Slave} Executing stage: StressTestWarmup {bulkSize=1, cacheSpecificKeyGenerator=false, commitTransactions=true, duration=1 mins 0 secs, entrySize=1000, exitBenchmarkOnSlaveFailure=false, fixedKeys=true, generateHistogramRange=false, keyGeneratorClass=org.radargun.stressors.StringKeyGenerator, keyGeneratorParam=null, loadAllKeys=false, numEntries=100, numOfThreads=4, numRequests=10000, numThreads=4, numberOfAttributes=100, numberOfRequests=10000, opsCountStatusLog=100000, poolKeys=true, preferAsyncOperations=false, removePercentage=0, replaceInvalidPercentage=40, runOnAllSlaves=false, sharedKeys=false, sizeOfAnAttribute=1000, slaves=null, transactionSize=50, useAtomics=false, useHistogramStatistics=false, useSimpleStatistics=true, useSmartClassLoading=true, useTransactions=null, writePercentage=20, writeTxPercentage=20 }
 INFO  [pool-1-thread-1] {org.radargun.stages.StressTestWarmupStage} Starting StressTestWarmupStage: StressTestWarmup {bulkSize=1, cacheSpecificKeyGenerator=false, commitTransactions=true, duration=1 mins 0 secs, entrySize=1000, exitBenchmarkOnSlaveFailure=false, fixedKeys=true, generateHistogramRange=false, keyGeneratorClass=org.radargun.stressors.StringKeyGenerator, keyGeneratorParam=null, loadAllKeys=false, numEntries=100, numOfThreads=4, numRequests=10000, numThreads=4, numberOfAttributes=100, numberOfRequests=10000, opsCountStatusLog=100000, poolKeys=true, preferAsyncOperations=false, removePercentage=0, replaceInvalidPercentage=40, runOnAllSlaves=false, sharedKeys=false, sizeOfAnAttribute=1000, slaves=null, transactionSize=50, useAtomics=false, useHistogramStatistics=false, useSimpleStatistics=true, useSmartClassLoading=true, useTransactions=null, writePercentage=20, writeTxPercentage=20 }
 INFO  [pool-1-thread-1] {org.radargun.stressors.StressTestStressor} Using key generator org.radargun.stressors.StringKeyGenerator, param null
 INFO  [pool-1-thread-1] {org.radargun.stressors.StressTestStressor} Executing: StressTestStressor{opsCountStatusLog=100000, numRequests=10000, numEntries=100, entrySize=1000, writePercentage=20, numThreads=4, cacheWrapper=org.radargun.cachewrappers.FFWrapperLF@bb47f26, nodeIndex=3, useTransactions=true, transactionSize=50, commitTransactions=true, durationMillis=60000}
 INFO  [pool-1-thread-1] {org.radargun.stressors.StressTestStressor} Cache wrapper info is: FFWrapperLF using infinispan52
[GC 267531K->29615K(2944064K), 0.0608960 secs]
 INFO  [pool-1-thread-1] {org.radargun.stressors.StressTestStressor} Started 4 stressor threads.
 INFO  [Stressor-2] {org.radargun.stressors.StressTestStressor} Number of ops executed so far: 1. Elapsed time: 0.001 secs. Remaining: 59.999 secs. Total: 1 mins 0 secs
[GC 285679K->48298K(2944064K), 0.0545980 secs]
[GC 304362K->74148K(2944064K), 0.0688300 secs]
[GC 330212K->117234K(2944064K), 0.0747180 secs]
[GC 373298K->119660K(2944064K), 0.1566270 secs]
[GC 375720K->163436K(2944064K), 0.1104390 secs]
[GC 419500K->158366K(2944064K), 0.1219900 secs]
[GC 414430K->204136K(2944064K), 0.1066690 secs]
[GC 460200K->204178K(2944064K), 0.0979810 secs]
[GC 460242K->236883K(2944064K), 0.1001680 secs]
 INFO  [Stressor-0] {org.radargun.stressors.StressTestStressor} Number of ops executed so far: 131000. Elapsed time: 20.018 secs. Remaining: 39.982 secs. Total: 1 mins 0 secs
[GC 492947K->273838K(2944064K), 0.0977600 secs]
[GC 529902K->262138K(2944064K), 0.1006970 secs]
[GC 518202K->320908K(2944064K), 0.1136350 secs]
[GC 576972K->346497K(2944064K), 0.1114460 secs]
[GC 602561K->332653K(2944064K), 0.1024460 secs]
[GC 588717K->372969K(2944064K), 0.1014640 secs]
[GC 629033K->386430K(2944064K), 0.0995780 secs]
[GC 642494K->392170K(2944064K), 0.1104650 secs]
[GC 648234K->408356K(2944064K), 0.1099420 secs]
[GC 664420K->462823K(2944064K), 0.1134940 secs]
[GC 718887K->475603K(2944064K), 0.1084800 secs]
[GC 731667K->498695K(2944064K), 0.1152150 secs]
 INFO  [Stressor-3] {org.radargun.stressors.StressTestStressor} Number of ops executed so far: 290650. Elapsed time: 40.085 secs. Remaining: 19.915 secs. Total: 1 mins 0 secs
[GC 754759K->480887K(2944064K), 0.0965950 secs]
[GC 736951K->535015K(2944064K), 0.0908470 secs]
[GC 791079K->534215K(2944064K), 0.1303700 secs]
[GC 790279K->565124K(2944064K), 0.1054800 secs]
[GC 821188K->583148K(2944064K), 0.1076450 secs]
[GC 839212K->621798K(2944064K), 0.1068270 secs]
[GC 877862K->622648K(2944064K), 0.1048770 secs]
[GC 878712K->657495K(2944064K), 0.1090140 secs]
[GC 913559K->702097K(2944064K), 0.1159990 secs]
[GC 958161K->673098K(2944064K), 0.1176190 secs]
[GC 929162K->731128K(2944064K), 0.1130400 secs]
 INFO  [pool-1-thread-1] {org.radargun.stressors.StressTestStressor} Finished generating report. Test duration is: 1 mins 2 secs
 INFO  [pool-1-thread-1] {org.radargun.stages.StressTestWarmupStage} The warmup took: 62 seconds.
 INFO  [pool-1-thread-1] {org.radargun.Slave} Finished stage: StressTestWarmup {bulkSize=1, cacheSpecificKeyGenerator=false, commitTransactions=true, duration=1 mins 0 secs, entrySize=1000, exitBenchmarkOnSlaveFailure=false, fixedKeys=true, generateHistogramRange=false, keyGeneratorClass=org.radargun.stressors.StringKeyGenerator, keyGeneratorParam=null, loadAllKeys=false, numEntries=100, numOfThreads=4, numRequests=10000, numThreads=4, numberOfAttributes=100, numberOfRequests=10000, opsCountStatusLog=100000, poolKeys=true, preferAsyncOperations=false, removePercentage=0, replaceInvalidPercentage=40, runOnAllSlaves=false, sharedKeys=false, sizeOfAnAttribute=1000, slaves=null, transactionSize=50, useAtomics=false, useHistogramStatistics=false, useSimpleStatistics=true, useSmartClassLoading=true, useTransactions=null, writePercentage=20, writeTxPercentage=20 }
 INFO  [main] {org.radargun.Slave} Ack successfully sent to the master
 INFO  [pool-1-thread-1] {org.radargun.Slave} Executing stage: ClearClusterStage {ClearCluster {exitBenchmarkOnSlaveFailure=false, runOnAllSlaves=false, slaves=[ 0 ], useSmartClassLoading=true }
 INFO  [pool-1-thread-1] {org.radargun.stages.ClearClusterStage} Before executing clear, memory looks like this: Memory - free: 2,106,010 kb - max:4,906,688 kb- total:2,944,064 kb
[Full GC 838053K->636393K(2944064K), 2.4372430 secs]
 INFO  [pool-1-thread-1] {org.radargun.stages.ClearClusterStage} After executing cleanup, memory looks like this: Memory - free: 2,306,015 kb - max:4,906,688 kb- total:2,944,256 kb
 INFO  [pool-1-thread-1] {org.radargun.Slave} Finished stage: ClearClusterStage {ClearCluster {exitBenchmarkOnSlaveFailure=false, runOnAllSlaves=false, slaves=[ 0 ], useSmartClassLoading=true }
 INFO  [main] {org.radargun.Slave} Ack successfully sent to the master
 INFO  [pool-1-thread-1] {org.radargun.Slave} Executing stage: StressTest {bulkSize=1, cacheSpecificKeyGenerator=false, commitTransactions=true, duration=1 mins 0 secs, entrySize=1000, exitBenchmarkOnSlaveFailure=false, fixedKeys=true, generateHistogramRange=false, keyGeneratorClass=org.radargun.stressors.StringKeyGenerator, keyGeneratorParam=null, loadAllKeys=false, numEntries=10000, numOfThreads=4, numRequests=10000000, numThreads=4, numberOfAttributes=10000, numberOfRequests=10000000, opsCountStatusLog=500000, poolKeys=true, preferAsyncOperations=false, removePercentage=0, replaceInvalidPercentage=40, runOnAllSlaves=false, sharedKeys=false, sizeOfAnAttribute=1000, slaves=null, transactionSize=10000, useAtomics=false, useHistogramStatistics=false, useSimpleStatistics=true, useSmartClassLoading=true, useTransactions=true, writePercentage=10, writeTxPercentage=5 }
 INFO  [pool-1-thread-1] {org.radargun.stages.StressTestStage} Starting StressTestStage: StressTest {bulkSize=1, cacheSpecificKeyGenerator=false, commitTransactions=true, duration=1 mins 0 secs, entrySize=1000, exitBenchmarkOnSlaveFailure=false, fixedKeys=true, generateHistogramRange=false, keyGeneratorClass=org.radargun.stressors.StringKeyGenerator, keyGeneratorParam=null, loadAllKeys=false, numEntries=10000, numOfThreads=4, numRequests=10000000, numThreads=4, numberOfAttributes=10000, numberOfRequests=10000000, opsCountStatusLog=500000, poolKeys=true, preferAsyncOperations=false, removePercentage=0, replaceInvalidPercentage=40, runOnAllSlaves=false, sharedKeys=false, sizeOfAnAttribute=1000, slaves=null, transactionSize=10000, useAtomics=false, useHistogramStatistics=false, useSimpleStatistics=true, useSmartClassLoading=true, useTransactions=true, writePercentage=10, writeTxPercentage=5 }
 INFO  [pool-1-thread-1] {org.radargun.stressors.StressTestStressor} Using key generator org.radargun.stressors.StringKeyGenerator, param null
 INFO  [pool-1-thread-1] {org.radargun.stressors.StressTestStressor} Executing: StressTestStressor{opsCountStatusLog=500000, numRequests=10000000, numEntries=10000, entrySize=1000, writePercentage=10, numThreads=4, cacheWrapper=org.radargun.cachewrappers.FFWrapperLF@bb47f26, nodeIndex=3, useTransactions=true, transactionSize=10000, commitTransactions=true, durationMillis=60000}
 INFO  [pool-1-thread-1] {org.radargun.stressors.StressTestStressor} Cache wrapper info is: FFWrapperLF using infinispan52
[GC 892585K->710477K(2944256K), 0.0677790 secs]
[GC 966669K->684849K(2944256K), 0.1091850 secs]
[GC 941041K->716504K(2944256K), 0.1402710 secs]
[GC 972696K->743793K(2944256K), 0.1788380 secs]
[GC 999985K->765863K(2944256K), 0.2474970 secs]
[GC 1022055K->804207K(2944256K), 0.2169430 secs]
[GC 1060399K->786878K(2944256K), 0.2224660 secs]
[GC 1043070K->840976K(2944256K), 0.2277050 secs]
[GC 1097168K->820304K(2944256K), 0.2272310 secs]
[GC 1076496K->876556K(2944256K), 0.2616140 secs]
[GC 1132748K->875858K(2944256K), 0.2482970 secs]
[GC 1132050K->875409K(2944256K), 0.2448410 secs]
[GC 1131601K->927580K(2944256K), 0.2383450 secs]
[GC 1183772K->914772K(2944256K), 0.2136510 secs]
[GC 1170964K->948512K(2944256K), 0.2373550 secs]
[GC 1204704K->966986K(2944256K), 0.2358340 secs]
[GC 1223178K->982674K(2944256K), 0.2463710 secs]
[GC 1238866K->983976K(2944256K), 0.2510000 secs]
[GC 1240168K->1035673K(2944256K), 0.2441610 secs]
[GC 1291865K->1027862K(2944256K), 0.2295150 secs]
[GC 1284054K->1058445K(2944256K), 0.2437290 secs]
[GC 1314637K->1086758K(2944256K), 0.2467830 secs]
[GC 1342950K->1070111K(2944256K), 0.2490010 secs]
[GC 1326303K->1112941K(2944256K), 0.2463080 secs]
[GC 1369133K->1137347K(2944256K), 0.2474140 secs]
[GC 1393539K->1120349K(2944256K), 0.2434810 secs]
[GC 1376541K->1176241K(2944256K), 0.2419770 secs]
[GC 1432433K->1152446K(2944256K), 0.2574530 secs]
[GC 1408638K->1185277K(2944256K), 0.2242020 secs]
[GC 1441469K->1228742K(2944256K), 0.2668310 secs]
[GC 1484934K->1215765K(2944256K), 0.2366830 secs]
[GC 1471957K->1265833K(2944256K), 0.1686810 secs]
[GC 1522025K->1272338K(2944256K), 0.1806330 secs]
[GC 1528530K->1303012K(2944256K), 0.2258620 secs]
[GC 1559204K->1287562K(2944256K), 0.2241910 secs]
[GC 1543754K->1331516K(2944256K), 0.2221390 secs]
[GC 1587708K->1321964K(2944256K), 0.2383590 secs]
[GC 1578156K->1374264K(2944256K), 0.2260130 secs]
[GC 1630456K->1380606K(2944256K), 0.2626050 secs]
[GC 1636798K->1396565K(2944256K), 0.2467940 secs]
[GC 1396678K(2944256K), 0.1213540 secs]
[GC 1652757K->1429400K(2944256K), 0.2579050 secs]
[GC 1589802K(2944256K), 0.2232490 secs]
[GC 1450710K->1211662K(2944256K), 0.2342620 secs]
[GC 1467854K->1196625K(2944256K), 0.2580170 secs]
[GC 1452817K->1235566K(2944256K), 0.2393090 secs]
[GC 1491758K->1244355K(2944256K), 0.2284430 secs]
[GC 1500547K->1279532K(2944256K), 0.2278980 secs]
[GC 1535724K->1263369K(2944256K), 0.2161790 secs]
 INFO  [pool-1-thread-1] {org.radargun.stressors.StressTestStressor} Started 4 stressor threads.
 INFO  [Stressor-2] {org.radargun.stressors.StressTestStressor} Number of ops executed so far: 1. Elapsed time: 0.001 secs. Remaining: 59.999 secs. Total: 1 mins 0 secs
 ERROR [Stressor-0] {org.radargun.stressors.StressTestStressor} Failed to end transaction
java.lang.RuntimeException: pt.ist.fenixframework.core.exception.FenixRollbackException
	at org.radargun.cachewrappers.FFWrapperLF.endTransaction(FFWrapperLF.java:209)
	at org.radargun.stressors.StressTestStressor$Stressor.endTransaction(StressTestStressor.java:801)
	at org.radargun.stressors.StressTestStressor$Stressor.makeRequest(StressTestStressor.java:746)
	at org.radargun.stressors.StressTestStressor$FixedSetOperationLogic.run(StressTestStressor.java:317)
	at org.radargun.stressors.StressTestStressor$Stressor.runInternal(StressTestStressor.java:651)
	at org.radargun.stressors.StressTestStressor$Stressor.run(StressTestStressor.java:635)
Caused by: pt.ist.fenixframework.core.exception.FenixRollbackException
	at pt.ist.fenixframework.core.AbstractTransaction.commit(AbstractTransaction.java:66)
	at pt.ist.fenixframework.backend.jvstm.JVSTMTransactionManager.backendCommit(JVSTMTransactionManager.java:81)
	at pt.ist.fenixframework.core.AbstractTransactionManager.commit(AbstractTransactionManager.java:60)
	at org.radargun.cachewrappers.FFWrapperLF.endTransaction(FFWrapperLF.java:204)
	... 5 more
Caused by: java.lang.NullPointerException
	at pt.ist.fenixframework.backend.jvstm.pstm.LockFreeTransaction.makeSimpleReadSet(LockFreeTransaction.java:293)
	at pt.ist.fenixframework.backend.jvstm.pstm.LockFreeTransaction.makeCommitRequest(LockFreeTransaction.java:276)
	at pt.ist.fenixframework.backend.jvstm.pstm.LockFreeTransaction.tryCommit(LockFreeTransaction.java:227)
	at jvstm.ReadWriteTransaction.doCommit(ReadWriteTransaction.java:150)
	at pt.ist.fenixframework.backend.jvstm.pstm.LockFreeTransaction.doCommit(LockFreeTransaction.java:199)
	at jvstm.Transaction.commitTx(Transaction.java:458)
	at jvstm.Transaction.commit(Transaction.java:362)
	at pt.ist.fenixframework.backend.jvstm.JVSTMTransaction.backendCommit(JVSTMTransaction.java:52)
	at pt.ist.fenixframework.core.AbstractTransaction.commit(AbstractTransaction.java:62)
	... 8 more
 ERROR [Stressor-0] {org.radargun.stressors.StressTestStressor} Failed to end transaction
java.lang.RuntimeException: pt.ist.fenixframework.core.exception.FenixRollbackException
	at org.radargun.cachewrappers.FFWrapperLF.endTransaction(FFWrapperLF.java:209)
	at org.radargun.stressors.StressTestStressor$Stressor.endTransaction(StressTestStressor.java:801)
	at org.radargun.stressors.StressTestStressor$Stressor.makeRequest(StressTestStressor.java:746)
	at org.radargun.stressors.StressTestStressor$FixedSetOperationLogic.run(StressTestStressor.java:311)
	at org.radargun.stressors.StressTestStressor$Stressor.runInternal(StressTestStressor.java:651)
	at org.radargun.stressors.StressTestStressor$Stressor.run(StressTestStressor.java:635)
Caused by: pt.ist.fenixframework.core.exception.FenixRollbackException
	at pt.ist.fenixframework.core.AbstractTransaction.commit(AbstractTransaction.java:66)
	at pt.ist.fenixframework.backend.jvstm.JVSTMTransactionManager.backendCommit(JVSTMTransactionManager.java:81)
	at pt.ist.fenixframework.core.AbstractTransactionManager.commit(AbstractTransactionManager.java:60)
	at org.radargun.cachewrappers.FFWrapperLF.endTransaction(FFWrapperLF.java:204)
	... 5 more
Caused by: java.lang.NullPointerException
	at pt.ist.fenixframework.backend.jvstm.pstm.LockFreeTransaction.makeSimpleReadSet(LockFreeTransaction.java:293)
	at pt.ist.fenixframework.backend.jvstm.pstm.LockFreeTransaction.makeCommitRequest(LockFreeTransaction.java:276)
	at pt.ist.fenixframework.backend.jvstm.pstm.LockFreeTransaction.tryCommit(LockFreeTransaction.java:227)
	at jvstm.ReadWriteTransaction.doCommit(ReadWriteTransaction.java:150)
	at pt.ist.fenixframework.backend.jvstm.pstm.LockFreeTransaction.doCommit(LockFreeTransaction.java:199)
	at jvstm.Transaction.commitTx(Transaction.java:458)
	at jvstm.Transaction.commit(Transaction.java:362)
	at pt.ist.fenixframework.backend.jvstm.JVSTMTransaction.backendCommit(JVSTMTransaction.java:52)
	at pt.ist.fenixframework.core.AbstractTransaction.commit(AbstractTransaction.java:62)
	... 8 more
[GC 1519561K->1304628K(2944256K), 0.2097630 secs]
[GC 1560820K->1328926K(2944256K), 0.2388350 secs]
[GC 1585118K->1372958K(2944256K), 0.1518990 secs]
[GC 1629150K->1393697K(2944256K), 0.1330020 secs]
[GC 1649889K->1421710K(2944256K), 0.1210570 secs]
[GC 1677902K->1454679K(2944256K), 0.1544680 secs]
[GC 1710871K->1455372K(2944256K), 0.0892390 secs]
[GC 1711564K->1502279K(2944256K), 0.1306440 secs]
[GC 1758471K->1514318K(2944256K), 0.1416830 secs]
[GC 1770510K->1554686K(2944256K), 0.0953910 secs]
[GC 1810878K->1581254K(2944256K), 0.1239170 secs]
[GC 1837446K->1601716K(2944256K), 0.1192130 secs]
[GC 1857908K->1629107K(2944256K), 0.1206860 secs]
[GC 1885299K->1626691K(2944256K), 0.1341330 secs]
 INFO  [Stressor-2] {org.radargun.stressors.StressTestStressor} Number of ops executed so far: 2216836. Elapsed time: 20.001 secs. Remaining: 39.999 secs. Total: 1 mins 0 secs
[GC 1882883K->1665152K(2944256K), 0.0837420 secs]
[GC 1921344K->1698256K(2944256K), 0.1214840 secs]
[GC 1954448K->1705769K(2944256K), 0.1137280 secs]
[GC 1961961K->1747092K(2944256K), 0.1299630 secs]
[GC 2003284K->1773524K(2944256K), 0.1289820 secs]
[GC 2029716K->1779513K(2944256K), 0.1259580 secs]
[GC 2034501K->1800905K(2944256K), 0.1370940 secs]
[GC 2057097K->1852528K(2944256K), 0.1320730 secs]
[GC 2107996K->1872246K(2944256K), 0.1223750 secs]
[GC 2128438K->1905494K(2944256K), 0.1414630 secs]
[GC 2161686K->1893728K(2944256K), 0.1361240 secs]
[GC 2149175K->1935277K(2944256K), 0.1427300 secs]
[GC 2190630K->1987366K(2944256K), 0.1291070 secs]
[GC 2243558K->1989622K(2944256K), 0.1430620 secs]
[GC 2244860K->2029807K(2944256K), 0.0905100 secs]
 INFO  [Stressor-3] {org.radargun.stressors.StressTestStressor} Number of ops executed so far: 3900000. Elapsed time: 40.236 secs. Remaining: 19.764 secs. Total: 1 mins 0 secs
[GC 2285999K->2059378K(2944256K), 0.1259490 secs]
[GC 2315240K->2084730K(2944256K), 0.1290960 secs]
[GC 2340922K->2109432K(2944256K), 0.1386070 secs]
[GC 2365624K->2134758K(2944256K), 0.1353970 secs]
[GC 2390950K->2161528K(2944256K), 0.1337980 secs]
[GC 2417719K->2188502K(2944256K), 0.1398220 secs]
[GC 2444694K->2214765K(2944256K), 0.1390120 secs]
[GC 2470957K->2230105K(2944256K), 0.1611300 secs]
[GC 2486297K->2268067K(2944256K), 0.0947420 secs]
[GC 2524259K->2287021K(2944256K), 0.1441800 secs]
[GC 2543213K->2320300K(2944256K), 0.1399490 secs]
[GC 2576492K->2340752K(2944256K), 0.1264900 secs]
[GC 2596944K->2375147K(2944256K), 0.1400670 secs]
[GC 2631339K->2381186K(2944256K), 0.1336040 secs]
[GC 2637351K->2425715K(2944256K), 0.1353420 secs]
[GC 2681907K->2443004K(2944256K), 0.1638430 secs]
[GC 2443029K(2944256K), 0.0574280 secs]
 INFO  [Stressor-2] {org.radargun.stressors.StressTestStressor} Number of ops executed so far: 5190000. Elapsed time: 1 mins 2 secs. Remaining: 0.000 secs. Total: 1 mins 0 secs
 INFO  [pool-1-thread-1] {org.radargun.stressors.StressTestStressor} Finished generating report. Test duration is: 3 mins 10 secs
 INFO  [pool-1-thread-1] {org.radargun.stages.StressTestStage} size info: FFWrapperLF using infinispan52, clusterSize:6, nodeIndex:3, cacheSize: -1
 INFO  [pool-1-thread-1] {org.radargun.Slave} Finished stage: StressTest {bulkSize=1, cacheSpecificKeyGenerator=false, commitTransactions=true, duration=1 mins 0 secs, entrySize=1000, exitBenchmarkOnSlaveFailure=false, fixedKeys=true, generateHistogramRange=false, keyGeneratorClass=org.radargun.stressors.StringKeyGenerator, keyGeneratorParam=null, loadAllKeys=false, numEntries=10000, numOfThreads=4, numRequests=10000000, numThreads=4, numberOfAttributes=10000, numberOfRequests=10000000, opsCountStatusLog=500000, poolKeys=true, preferAsyncOperations=false, removePercentage=0, replaceInvalidPercentage=40, runOnAllSlaves=false, sharedKeys=false, sizeOfAnAttribute=1000, slaves=null, transactionSize=10000, useAtomics=false, useHistogramStatistics=false, useSimpleStatistics=true, useSmartClassLoading=true, useTransactions=true, writePercentage=10, writeTxPercentage=5 }
 INFO  [main] {org.radargun.Slave} Ack successfully sent to the master
 INFO  [main] {org.radargun.Slave} Master shutdown!
 INFO  [Thread-0] {org.radargun.ShutDownHook} Slave process is being shutdown
 INFO  [hz._hzInstance_1_FenixFrameworkGroup.IO.thread-in-1] {com.hazelcast.nio.TcpIpConnection} [127.0.0.1]:5704 [FenixFrameworkGroup] Connection [Address[127.0.0.1]:5701] lost. Reason: java.io.EOFException[Remote socket closed!]
 INFO  [hz._hzInstance_1_FenixFrameworkGroup.IO.thread-in-1] {com.hazelcast.nio.TcpIpConnection} [127.0.0.1]:5704 [FenixFrameworkGroup] Connection [Address[127.0.0.1]:5705] lost. Reason: java.io.EOFException[Remote socket closed!]
 INFO  [hz._hzInstance_1_FenixFrameworkGroup.IO.thread-in-0] {com.hazelcast.nio.TcpIpConnection} [127.0.0.1]:5704 [FenixFrameworkGroup] Connection [Address[127.0.0.1]:5703] lost. Reason: java.io.EOFException[Remote socket closed!]
 INFO  [hz._hzInstance_1_FenixFrameworkGroup.IO.thread-in-2] {com.hazelcast.nio.TcpIpConnection} [127.0.0.1]:5704 [FenixFrameworkGroup] Connection [Address[127.0.0.1]:5702] lost. Reason: java.io.EOFException[Remote socket closed!]
 INFO  [hz.ShutdownThread] {com.hazelcast.nio.TcpIpConnection} [127.0.0.1]:5704 [FenixFrameworkGroup] Connection [Address[127.0.0.1]:5706] lost. Reason: Socket explicitly closed
 INFO  [hz.ShutdownThread] {com.hazelcast.initializer} [127.0.0.1]:5704 [FenixFrameworkGroup] Destroying node initializer.
 INFO  [hz.ShutdownThread] {com.hazelcast.instance.Node} [127.0.0.1]:5704 [FenixFrameworkGroup] Hazelcast Shutdown is completed in 67 ms.
