/usr/java/jdk1.7.0_21/bin/java -server -Xmx1024M -Xms1024M -Dresolve.dns=false -Djgroups.timer.num_threads=4 -verbose:gc -Xmx5000M -Xms3000M -server -XX:+UseConcMarkSweepGC -XX:+AggressiveOpts -verbose:gc -XX:ParallelGCThreads=4 -XX:NewRatio=5 -XX:SurvivorRatio=2 -Dhazelcast.operation.thread.count=4 -Djava.net.preferIPv4Stack=true -Dlog4j.file.prefix=deimos-esw-6922 -Dbind.address= -Djgroups.bind_addr= -classpath /home/smf/github/radargun/target/distribution/RadarGun-1.1.0-SNAPSHOT/lib/activation-1.1.jar:/home/smf/github/radargun/target/distribution/RadarGun-1.1.0-SNAPSHOT/lib/commons-beanutils-1.8.0.jar:/home/smf/github/radargun/target/distribution/RadarGun-1.1.0-SNAPSHOT/lib/commons-digester-2.0.jar:/home/smf/github/radargun/target/distribution/RadarGun-1.1.0-SNAPSHOT/lib/commons-logging-1.1.1.jar:/home/smf/github/radargun/target/distribution/RadarGun-1.1.0-SNAPSHOT/lib/commons-math-1.2.jar:/home/smf/github/radargun/target/distribution/RadarGun-1.1.0-SNAPSHOT/lib/jboss-transaction-api-1.0.1.GA.jar:/home/smf/github/radargun/target/distribution/RadarGun-1.1.0-SNAPSHOT/lib/jcommon-1.0.15.jar:/home/smf/github/radargun/target/distribution/RadarGun-1.1.0-SNAPSHOT/lib/jfreechart-1.0.12.jar:/home/smf/github/radargun/target/distribution/RadarGun-1.1.0-SNAPSHOT/lib/log4j-1.2.14.jar:/home/smf/github/radargun/target/distribution/RadarGun-1.1.0-SNAPSHOT/lib/mail-1.4.2.jar:/home/smf/github/radargun/target/distribution/RadarGun-1.1.0-SNAPSHOT/lib/radargun-framework-1.1.0-SNAPSHOT.jar:/home/smf/github/radargun/target/distribution/RadarGun-1.1.0-SNAPSHOT/conf org.radargun.Slave -master 127.0.0.1:2103
--------------------------------------------------------------------------------
PerNodeRollingFileAppender::Using file prefix:deimos-esw-6922
 INFO  [main] {org.radargun.Slave} Attempting to connect to master 127.0.0.1:2103
 INFO  [main] {org.radargun.Slave} Successfully established connection with master at: 127.0.0.1:2103
Loading JARS from /home/smf/github/radargun/target/distribution/RadarGun-1.1.0-SNAPSHOT/lib/radargun-framework-1.1.0-SNAPSHOT.jar
 INFO  [pool-1-thread-1] {org.radargun.config.AnnotatedHelper} Loading JARS from /home/smf/github/radargun/target/distribution/RadarGun-1.1.0-SNAPSHOT/lib/radargun-framework-1.1.0-SNAPSHOT.jar
 INFO  [pool-1-thread-1] {org.radargun.config.AnnotatedHelper} Loading JARS from /home/smf/github/radargun/target/distribution/RadarGun-1.1.0-SNAPSHOT/lib/radargun-framework-1.1.0-SNAPSHOT.jar
 INFO  [pool-1-thread-1] {org.radargun.Slave} Executing stage: DestroyWrapper {enforceMemoryThrashHold=true, exitBenchmarkOnSlaveFailure=false, heapDumpDir=null, memoryThreshold=95, runOnAllSlaves=true, slaves=null, useSmartClassLoading=true }
 INFO  [pool-1-thread-1] {org.radargun.stages.DestroyWrapperStage} Received destroy cache wrapper request from master...
 INFO  [pool-1-thread-1] {org.radargun.stages.DestroyWrapperStage} No cache wrapper deployed on this slave, nothing to do.
 INFO  [pool-1-thread-1] {org.radargun.stages.DestroyWrapperStage} Before executing clear, memory looks like this: Memory - free: 2,928,638 kb - max:4,906,688 kb- total:2,944,000 kb
[Full GC 15361K->3631K(2944000K), 0.0641430 secs]
 INFO  [pool-1-thread-1] {org.radargun.stages.DestroyWrapperStage} After executing cleanup, memory looks like this: Memory - free: 2,935,311 kb - max:4,906,688 kb- total:2,944,064 kb
 INFO  [pool-1-thread-1] {org.radargun.Slave} Finished stage: DestroyWrapper {enforceMemoryThrashHold=true, exitBenchmarkOnSlaveFailure=false, heapDumpDir=null, memoryThreshold=95, runOnAllSlaves=true, slaves=null, useSmartClassLoading=true }
 INFO  [main] {org.radargun.Slave} Ack successfully sent to the master
 INFO  [pool-1-thread-1] {org.radargun.Slave} Executing stage: StartCluster {config=ispn52-repl-sync-rr.xml, delayAfterFirstSlaveStarts=5.000 secs, delayBetweenStartingSlaves=0.500 secs, exitBenchmarkOnSlaveFailure=true, expectNumSlaves=null, mayFailOn=null, reachable=null, runOnAllSlaves=false, slaves=null, staggerSlaveStartup=true, useSmartClassLoading=true, validateCluster=true }
 INFO  [pool-1-thread-1] {org.radargun.stages.StartClusterStage}  Startup staggering, starting 8 slaves. This is the slave with index 2. Sleeping for 6000 millis.
 INFO  [pool-1-thread-1] {org.radargun.stages.StartClusterStage} Ack master's StartCluster stage. Local address is: /127.0.0.1. This slave's index is: 2
 INFO  [pool-1-thread-1] {org.radargun.utils.ClassLoadHelper} Creating newInstance org.radargun.cachewrappers.InfinispanXSWrapper with classloader java.net.URLClassLoader@2e1eb2c3
 INFO  [pool-1-thread-1] {org.radargun.cachewrappers.InfinispanXSWrapper} Cannot find any site for slave index 2
 INFO  [pool-1-thread-1] {org.infinispan.remoting.transport.jgroups.JGroupsTransport} ISPN000078: Starting JGroups Channel
 WARN  [pool-1-thread-1] {org.jgroups.protocols.UDP} [JGRP00014] the send buffer of socket DatagramSocket was set to 640KB, but the OS only allocated 229.38KB. This might lead to performance problems. Please set your max send buffer in the OS correctly (e.g. net.core.wmem_max on Linux)
 WARN  [pool-1-thread-1] {org.jgroups.protocols.UDP} [JGRP00014] the receive buffer of socket DatagramSocket was set to 20MB, but the OS only allocated 229.38KB. This might lead to performance problems. Please set your max receive buffer in the OS correctly (e.g. net.core.rmem_max on Linux)
 WARN  [pool-1-thread-1] {org.jgroups.protocols.UDP} [JGRP00014] the send buffer of socket MulticastSocket was set to 640KB, but the OS only allocated 229.38KB. This might lead to performance problems. Please set your max send buffer in the OS correctly (e.g. net.core.wmem_max on Linux)
 WARN  [pool-1-thread-1] {org.jgroups.protocols.UDP} [JGRP00014] the receive buffer of socket MulticastSocket was set to 25MB, but the OS only allocated 229.38KB. This might lead to performance problems. Please set your max receive buffer in the OS correctly (e.g. net.core.rmem_max on Linux)
 INFO  [pool-1-thread-1] {org.infinispan.remoting.transport.jgroups.JGroupsTransport} ISPN000094: Received new cluster view: [deimos-esw-25854|2] [deimos-esw-25854, deimos-esw-64703, deimos-esw-22579]
 INFO  [pool-1-thread-1] {org.infinispan.remoting.transport.jgroups.JGroupsTransport} ISPN000079: Cache local address is deimos-esw-22579, physical addresses are [127.0.0.1:52002]
 INFO  [pool-1-thread-1] {org.infinispan.factories.GlobalComponentRegistry} ISPN000128: Infinispan version: Infinispan 'Delirium' 5.2.6.Final
 INFO  [pool-1-thread-1] {org.infinispan.transaction.lookup.JBossStandaloneJTAManagerLookup} ISPN000107: Retrieving transaction manager Transaction: unknown
 INFO  [Incoming-4,deimos-esw-22579] {org.infinispan.remoting.transport.jgroups.JGroupsTransport} ISPN000094: Received new cluster view: [deimos-esw-25854|3] [deimos-esw-25854, deimos-esw-64703, deimos-esw-22579, deimos-esw-50599]
 INFO  [pool-1-thread-1] {org.infinispan.jmx.CacheJmxRegistration} ISPN000031: MBeans were successfully registered to the platform MBean server.
 INFO  [pool-1-thread-1] {org.radargun.cachewrappers.InfinispanXSWrapper} Using transaction manager: Transaction: unknown
 INFO  [pool-1-thread-1] {org.radargun.cachewrappers.InfinispanXSWrapper} No RELAY2 protocol in XS wrapper
 INFO  [pool-1-thread-1] {org.radargun.cachewrappers.InfinispanXSWrapper} JGroups version: JGroups 3.2.7.Final
 INFO  [pool-1-thread-1] {org.radargun.cachewrappers.InfinispanXSWrapper} Using config attributes: {name=ispn52-repl-sync-rr.xml}
 INFO  [pool-1-thread-1] {org.radargun.stages.helpers.StartHelper} Number of members=4 is not the one expected: 8
 INFO  [Incoming-4,deimos-esw-22579] {org.infinispan.remoting.transport.jgroups.JGroupsTransport} ISPN000094: Received new cluster view: [deimos-esw-25854|4] [deimos-esw-25854, deimos-esw-64703, deimos-esw-22579, deimos-esw-50599, deimos-esw-22899]
 INFO  [Incoming-4,deimos-esw-22579] {org.infinispan.remoting.transport.jgroups.JGroupsTransport} ISPN000094: Received new cluster view: [deimos-esw-25854|5] [deimos-esw-25854, deimos-esw-64703, deimos-esw-22579, deimos-esw-50599, deimos-esw-22899, deimos-esw-38831]
 INFO  [pool-1-thread-1] {org.radargun.stages.helpers.StartHelper} Number of members=6 is not the one expected: 8
 INFO  [Incoming-4,deimos-esw-22579] {org.infinispan.remoting.transport.jgroups.JGroupsTransport} ISPN000094: Received new cluster view: [deimos-esw-25854|6] [deimos-esw-25854, deimos-esw-64703, deimos-esw-22579, deimos-esw-50599, deimos-esw-22899, deimos-esw-38831, deimos-esw-7313]
 INFO  [Incoming-4,deimos-esw-22579] {org.infinispan.remoting.transport.jgroups.JGroupsTransport} ISPN000094: Received new cluster view: [deimos-esw-25854|7] [deimos-esw-25854, deimos-esw-64703, deimos-esw-22579, deimos-esw-50599, deimos-esw-22899, deimos-esw-38831, deimos-esw-7313, deimos-esw-59945]
 INFO  [pool-1-thread-1] {org.radargun.stages.helpers.StartHelper} Number of members is the one expected: 8
 INFO  [pool-1-thread-1] {org.radargun.stages.StartClusterStage} Successfully started cache wrapper on slave 2: org.radargun.cachewrappers.InfinispanXSWrapper@2bc9c421
 INFO  [pool-1-thread-1] {org.radargun.Slave} Finished stage: StartCluster {config=ispn52-repl-sync-rr.xml, delayAfterFirstSlaveStarts=5.000 secs, delayBetweenStartingSlaves=0.500 secs, exitBenchmarkOnSlaveFailure=true, expectNumSlaves=null, mayFailOn=null, reachable=null, runOnAllSlaves=false, slaves=null, staggerSlaveStartup=true, useSmartClassLoading=true, validateCluster=true }
 INFO  [main] {org.radargun.Slave} Ack successfully sent to the master
 INFO  [pool-1-thread-1] {org.radargun.Slave} Executing stage: ClusterValidation {exitBenchmarkOnSlaveFailure=false, partialReplication=false, replicationTimeSleep=2000, replicationTryCount=60, runOnAllSlaves=false, slaves=null, useSmartClassLoading=true }
 INFO  [pool-1-thread-1] {org.radargun.stages.ClusterValidationStage} Number of caches that replicated here is 7
 INFO  [pool-1-thread-1] {org.radargun.stages.ClusterValidationStage} Replication test successfully passed. partialReplication? false, replicationCount = 7
 INFO  [pool-1-thread-1] {org.radargun.stages.ClusterValidationStage} Confirm phase successful.
 INFO  [pool-1-thread-1] {org.radargun.Slave} Finished stage: ClusterValidation {exitBenchmarkOnSlaveFailure=false, partialReplication=false, replicationTimeSleep=2000, replicationTryCount=60, runOnAllSlaves=false, slaves=[ 0, 1, 2, 3, 4, 5, 6, 7 ], useSmartClassLoading=true }
 INFO  [main] {org.radargun.Slave} Ack successfully sent to the master
 INFO  [pool-1-thread-1] {org.radargun.Slave} Executing stage: StressTestWarmup {bulkSize=1, cacheSpecificKeyGenerator=false, commitTransactions=true, duration=1 mins 0 secs, entrySize=1000, exitBenchmarkOnSlaveFailure=false, fixedKeys=true, generateHistogramRange=false, keyGeneratorClass=org.radargun.stressors.StringKeyGenerator, keyGeneratorParam=null, loadAllKeys=false, numEntries=100, numOfThreads=4, numRequests=10000, numThreads=4, numberOfAttributes=100, numberOfRequests=10000, opsCountStatusLog=100000, poolKeys=true, preferAsyncOperations=false, removePercentage=0, replaceInvalidPercentage=40, runOnAllSlaves=false, sharedKeys=false, sizeOfAnAttribute=1000, slaves=null, transactionSize=50, useAtomics=false, useHistogramStatistics=false, useSimpleStatistics=true, useSmartClassLoading=true, useTransactions=null, writePercentage=20, writeTxPercentage=20 }
 INFO  [pool-1-thread-1] {org.radargun.stages.StressTestWarmupStage} Starting StressTestWarmupStage: StressTestWarmup {bulkSize=1, cacheSpecificKeyGenerator=false, commitTransactions=true, duration=1 mins 0 secs, entrySize=1000, exitBenchmarkOnSlaveFailure=false, fixedKeys=true, generateHistogramRange=false, keyGeneratorClass=org.radargun.stressors.StringKeyGenerator, keyGeneratorParam=null, loadAllKeys=false, numEntries=100, numOfThreads=4, numRequests=10000, numThreads=4, numberOfAttributes=100, numberOfRequests=10000, opsCountStatusLog=100000, poolKeys=true, preferAsyncOperations=false, removePercentage=0, replaceInvalidPercentage=40, runOnAllSlaves=false, sharedKeys=false, sizeOfAnAttribute=1000, slaves=null, transactionSize=50, useAtomics=false, useHistogramStatistics=false, useSimpleStatistics=true, useSmartClassLoading=true, useTransactions=null, writePercentage=20, writeTxPercentage=20 }
 INFO  [pool-1-thread-1] {org.radargun.stressors.StressTestStressor} Using key generator org.radargun.stressors.StringKeyGenerator, param null
 INFO  [pool-1-thread-1] {org.radargun.stressors.StressTestStressor} Executing: StressTestStressor{opsCountStatusLog=100000, numRequests=10000, numEntries=100, entrySize=1000, writePercentage=20, numThreads=4, cacheWrapper=org.radargun.cachewrappers.InfinispanXSWrapper@2bc9c421, nodeIndex=2, useTransactions=true, transactionSize=50, commitTransactions=true, durationMillis=60000}
 INFO  [pool-1-thread-1] {org.radargun.stressors.StressTestStressor} Cache wrapper info is: Running : 5.2.6.Final, config:ispn52-repl-sync-rr.xml, cacheName:testCache
[GC 259695K->18863K(2944064K), 0.0453560 secs]
 INFO  [pool-1-thread-1] {org.radargun.stressors.StressTestStressor} Started 4 stressor threads.
 INFO  [Stressor-1] {org.radargun.stressors.StressTestStressor} Number of ops executed so far: 1. Elapsed time: 0.001 secs. Remaining: 59.999 secs. Total: 1 mins 0 secs
[GC 274927K->23012K(2944064K), 0.0372920 secs]
[GC 279076K->25521K(2944064K), 0.0329880 secs]
[GC 281585K->29512K(2944064K), 0.0355010 secs]
[GC 285576K->27456K(2944064K), 0.0379890 secs]
[GC 283520K->32833K(2944064K), 0.0443760 secs]
[GC 288897K->30269K(2944064K), 0.0418480 secs]
[GC 286333K->28329K(2944064K), 0.0383530 secs]
[GC 284393K->31377K(2944064K), 0.0436080 secs]
[GC 287441K->31761K(2944064K), 0.0481990 secs]
[GC 287825K->37761K(2944064K), 0.0466210 secs]
[GC 293825K->28383K(2944064K), 0.0493880 secs]
[GC 284447K->35161K(2944064K), 0.0474870 secs]
[GC 291225K->33740K(2944064K), 0.0503700 secs]
[GC 289804K->37501K(2944064K), 0.0457350 secs]
[GC 293565K->38757K(2944064K), 0.0763960 secs]
[GC 294821K->31890K(2944064K), 0.0435850 secs]
 INFO  [Stressor-1] {org.radargun.stressors.StressTestStressor} Number of ops executed so far: 338000. Elapsed time: 20.002 secs. Remaining: 39.998 secs. Total: 1 mins 0 secs
[GC 287954K->39068K(2944064K), 0.0419250 secs]
[GC 295132K->42220K(2944064K), 0.0447070 secs]
[GC 298284K->40431K(2944064K), 0.0434840 secs]
[GC 296495K->42091K(2944064K), 0.0483670 secs]
[GC 298155K->43769K(2944064K), 0.0433970 secs]
[GC 299833K->37819K(2944064K), 0.0447840 secs]
[GC 293883K->43956K(2944064K), 0.0472120 secs]
[GC 300020K->46816K(2944064K), 0.0406710 secs]
[GC 302854K->47950K(2944064K), 0.0473010 secs]
[GC 304014K->48179K(2944064K), 0.0467720 secs]
[GC 304243K->41861K(2944064K), 0.0500720 secs]
[GC 297925K->50472K(2944064K), 0.0505750 secs]
[GC 306536K->51373K(2944064K), 0.0462160 secs]
[GC 307437K->44903K(2944064K), 0.0473210 secs]
[GC 300967K->45966K(2944064K), 0.0497060 secs]
[GC 302030K->54973K(2944064K), 0.0516950 secs]
[GC 311037K->57085K(2944064K), 0.0504770 secs]
[GC 313149K->57739K(2944064K), 0.0501290 secs]
[GC 313803K->57504K(2944064K), 0.0488070 secs]
 INFO  [Stressor-3] {org.radargun.stressors.StressTestStressor} Number of ops executed so far: 731000. Elapsed time: 40.002 secs. Remaining: 19.998 secs. Total: 1 mins 0 secs
[GC 313568K->58056K(2944064K), 0.0495080 secs]
[GC 314120K->59072K(2944064K), 0.0501340 secs]
[GC 315136K->53787K(2944064K), 0.0481460 secs]
[GC 309851K->60034K(2944064K), 0.0537040 secs]
[GC 316098K->53841K(2944064K), 0.0450470 secs]
[GC 309905K->59848K(2944064K), 0.0505610 secs]
[GC 315912K->54817K(2944064K), 0.0483020 secs]
[GC 310881K->66059K(2944064K), 0.0494730 secs]
[GC 322123K->59228K(2944064K), 0.0483290 secs]
[GC 315292K->57848K(2944064K), 0.0456100 secs]
[GC 313912K->62205K(2944064K), 0.0484840 secs]
[GC 318269K->62416K(2944064K), 0.0497560 secs]
[GC 318480K->63274K(2944064K), 0.0458910 secs]
[GC 319338K->63962K(2944064K), 0.0446180 secs]
[GC 320026K->57515K(2944064K), 0.0483890 secs]
[GC 313579K->63947K(2944064K), 0.0423910 secs]
[GC 320011K->54419K(2944064K), 0.0420810 secs]
[GC 310483K->66007K(2944064K), 0.0430260 secs]
 INFO  [Stressor-0] {org.radargun.stressors.StressTestStressor} Number of ops executed so far: 1096550. Elapsed time: 1 mins 0 secs. Remaining: 0.000 secs. Total: 1 mins 0 secs
 INFO  [pool-1-thread-1] {org.radargun.stressors.StressTestStressor} Finished generating report. Test duration is: 1 mins 3 secs
 INFO  [pool-1-thread-1] {org.radargun.stages.StressTestWarmupStage} The warmup took: 63 seconds.
 INFO  [pool-1-thread-1] {org.radargun.Slave} Finished stage: StressTestWarmup {bulkSize=1, cacheSpecificKeyGenerator=false, commitTransactions=true, duration=1 mins 0 secs, entrySize=1000, exitBenchmarkOnSlaveFailure=false, fixedKeys=true, generateHistogramRange=false, keyGeneratorClass=org.radargun.stressors.StringKeyGenerator, keyGeneratorParam=null, loadAllKeys=false, numEntries=100, numOfThreads=4, numRequests=10000, numThreads=4, numberOfAttributes=100, numberOfRequests=10000, opsCountStatusLog=100000, poolKeys=true, preferAsyncOperations=false, removePercentage=0, replaceInvalidPercentage=40, runOnAllSlaves=false, sharedKeys=false, sizeOfAnAttribute=1000, slaves=null, transactionSize=50, useAtomics=false, useHistogramStatistics=false, useSimpleStatistics=true, useSmartClassLoading=true, useTransactions=null, writePercentage=20, writeTxPercentage=20 }
 INFO  [main] {org.radargun.Slave} Ack successfully sent to the master
 INFO  [pool-1-thread-1] {org.radargun.Slave} Executing stage: ClearClusterStage {ClearCluster {exitBenchmarkOnSlaveFailure=false, runOnAllSlaves=false, slaves=[ 0 ], useSmartClassLoading=true }
 INFO  [pool-1-thread-1] {org.radargun.stages.ClearClusterStage} Before executing clear, memory looks like this: Memory - free: 2,627,302 kb - max:4,906,688 kb- total:2,944,064 kb
[Full GC 317580K->20345K(2944064K), 0.3399390 secs]
 INFO  [pool-1-thread-1] {org.radargun.stages.ClearClusterStage} After executing cleanup, memory looks like this: Memory - free: 2,922,359 kb - max:4,906,688 kb- total:2,944,256 kb
 INFO  [pool-1-thread-1] {org.radargun.Slave} Finished stage: ClearClusterStage {ClearCluster {exitBenchmarkOnSlaveFailure=false, runOnAllSlaves=false, slaves=[ 0 ], useSmartClassLoading=true }
 INFO  [main] {org.radargun.Slave} Ack successfully sent to the master
 INFO  [pool-1-thread-1] {org.radargun.Slave} Executing stage: StressTest {bulkSize=1, cacheSpecificKeyGenerator=false, commitTransactions=true, duration=1 mins 0 secs, entrySize=1000, exitBenchmarkOnSlaveFailure=false, fixedKeys=true, generateHistogramRange=false, keyGeneratorClass=org.radargun.stressors.StringKeyGenerator, keyGeneratorParam=null, loadAllKeys=false, numEntries=10000, numOfThreads=4, numRequests=10000000, numThreads=4, numberOfAttributes=10000, numberOfRequests=10000000, opsCountStatusLog=500000, poolKeys=true, preferAsyncOperations=false, removePercentage=0, replaceInvalidPercentage=40, runOnAllSlaves=false, sharedKeys=false, sizeOfAnAttribute=1000, slaves=null, transactionSize=10000, useAtomics=false, useHistogramStatistics=false, useSimpleStatistics=true, useSmartClassLoading=true, useTransactions=true, writePercentage=10, writeTxPercentage=5 }
 INFO  [pool-1-thread-1] {org.radargun.stages.StressTestStage} Starting StressTestStage: StressTest {bulkSize=1, cacheSpecificKeyGenerator=false, commitTransactions=true, duration=1 mins 0 secs, entrySize=1000, exitBenchmarkOnSlaveFailure=false, fixedKeys=true, generateHistogramRange=false, keyGeneratorClass=org.radargun.stressors.StringKeyGenerator, keyGeneratorParam=null, loadAllKeys=false, numEntries=10000, numOfThreads=4, numRequests=10000000, numThreads=4, numberOfAttributes=10000, numberOfRequests=10000000, opsCountStatusLog=500000, poolKeys=true, preferAsyncOperations=false, removePercentage=0, replaceInvalidPercentage=40, runOnAllSlaves=false, sharedKeys=false, sizeOfAnAttribute=1000, slaves=null, transactionSize=10000, useAtomics=false, useHistogramStatistics=false, useSimpleStatistics=true, useSmartClassLoading=true, useTransactions=true, writePercentage=10, writeTxPercentage=5 }
 INFO  [pool-1-thread-1] {org.radargun.stressors.StressTestStressor} Using key generator org.radargun.stressors.StringKeyGenerator, param null
 INFO  [pool-1-thread-1] {org.radargun.stressors.StressTestStressor} Executing: StressTestStressor{opsCountStatusLog=500000, numRequests=10000000, numEntries=10000, entrySize=1000, writePercentage=10, numThreads=4, cacheWrapper=org.radargun.cachewrappers.InfinispanXSWrapper@2bc9c421, nodeIndex=2, useTransactions=true, transactionSize=10000, commitTransactions=true, durationMillis=60000}
 INFO  [pool-1-thread-1] {org.radargun.stressors.StressTestStressor} Cache wrapper info is: Running : 5.2.6.Final, config:ispn52-repl-sync-rr.xml, cacheName:testCache
[GC 276537K->44620K(2944256K), 0.0448610 secs]
[GC 300812K->69763K(2944256K), 0.0578320 secs]
[GC 325955K->108991K(2944256K), 0.0743760 secs]
[GC 365183K->116650K(2944256K), 0.0798900 secs]
[GC 372842K->148325K(2944256K), 0.1159330 secs]
[GC 404517K->176022K(2944256K), 0.1015530 secs]
[GC 432214K->187525K(2944256K), 0.0857740 secs]
[GC 443717K->203176K(2944256K), 0.0954160 secs]
[GC 459368K->237047K(2944256K), 0.0920730 secs]
[GC 493239K->217866K(2944256K), 0.0901990 secs]
[GC 474058K->258401K(2944256K), 0.0934350 secs]
[GC 514593K->285834K(2944256K), 0.0963180 secs]
[GC 542026K->269623K(2944256K), 0.0979550 secs]
[GC 525815K->306851K(2944256K), 0.1015470 secs]
[GC 563043K->318084K(2944256K), 0.0985660 secs]
[GC 574276K->334653K(2944256K), 0.1018480 secs]
[GC 590845K->353757K(2944256K), 0.0943530 secs]
[GC 609949K->368143K(2944256K), 0.0940850 secs]
[GC 624335K->401809K(2944256K), 0.0969370 secs]
[GC 658001K->386767K(2944256K), 0.0995520 secs]
[GC 642959K->425270K(2944256K), 0.0939390 secs]
[GC 681462K->415812K(2944256K), 0.0866740 secs]
[GC 672004K->468611K(2944256K), 0.0886720 secs]
[GC 724803K->449084K(2944256K), 0.0873840 secs]
[GC 705276K->501656K(2944256K), 0.0887200 secs]
[GC 757848K->476707K(2944256K), 0.0871480 secs]
[GC 732899K->519243K(2944256K), 0.0912910 secs]
 INFO  [pool-1-thread-1] {org.radargun.stressors.StressTestStressor} Started 4 stressor threads.
 INFO  [Stressor-1] {org.radargun.stressors.StressTestStressor} Number of ops executed so far: 1. Elapsed time: 0.000 secs. Remaining: 1 mins 0 secs. Total: 1 mins 0 secs
[GC 775435K->526860K(2944256K), 0.1020600 secs]
[GC 783052K->548627K(2944256K), 0.1029660 secs]
[GC 804819K->580971K(2944256K), 0.0925000 secs]
[GC 837163K->581277K(2944256K), 0.1008340 secs]
[GC 837469K->587871K(2944256K), 0.0736980 secs]
[GC 844063K->604449K(2944256K), 0.0810060 secs]
[GC 860641K->595744K(2944256K), 0.0655780 secs]
[GC 851936K->631642K(2944256K), 0.0636870 secs]
[GC 887813K->625999K(2944256K), 0.0677660 secs]
[GC 881419K->669823K(2944256K), 0.0792100 secs]
[GC 925887K->656759K(2944256K), 0.0777430 secs]
[GC 912951K->712508K(2944256K), 0.0785260 secs]
[GC 968700K->690409K(2944256K), 0.0745420 secs]
[GC 946601K->719213K(2944256K), 0.0707460 secs]
[GC 975405K->705733K(2944256K), 0.0668120 secs]
[GC 961925K->741574K(2944256K), 0.0611910 secs]
[GC 997766K->735375K(2944256K), 0.0676080 secs]
[GC 991567K->758468K(2944256K), 0.0640960 secs]
[GC 1014575K->783814K(2944256K), 0.0916870 secs]
 INFO  [Stressor-3] {org.radargun.stressors.StressTestStressor} Number of ops executed so far: 2119283. Elapsed time: 20.000 secs. Remaining: 40.000 secs. Total: 1 mins 0 secs
[GC 1039038K->762083K(2944256K), 0.0756350 secs]
[GC 1017773K->804817K(2944256K), 0.0743580 secs]
[GC 1061009K->818233K(2944256K), 0.0782560 secs]
[GC 1074425K->810550K(2944256K), 0.0725850 secs]
[GC 1066742K->865857K(2944256K), 0.0666860 secs]
[GC 1121904K->857212K(2944256K), 0.0979030 secs]
[GC 1113404K->846576K(2944256K), 0.0638900 secs]
[GC 1102768K->883638K(2944256K), 0.0614160 secs]
[GC 1139830K->890742K(2944256K), 0.0772660 secs]
[GC 1146934K->871286K(2944256K), 0.0707980 secs]
[GC 1127478K->930707K(2944256K), 0.0639480 secs]
[GC 1186899K->935167K(2944256K), 0.0793560 secs]
[GC 1191359K->909706K(2944256K), 0.0729210 secs]
[GC 1165879K->964774K(2944256K), 0.0689460 secs]
[GC 1220966K->953113K(2944256K), 0.0879200 secs]
[GC 1208993K->981975K(2944256K), 0.0872280 secs]
[GC 1237161K->969288K(2944256K), 0.0824510 secs]
[GC 1224770K->1010406K(2944256K), 0.0753390 secs]
[GC 1266084K->995919K(2944256K), 0.0766640 secs]
[GC 1252111K->1027325K(2944256K), 0.0718610 secs]
[GC 1283517K->1030811K(2944256K), 0.0691450 secs]
[GC 1286945K->1058075K(2944256K), 0.0730590 secs]
[GC 1314267K->1046470K(2944256K), 0.0728120 secs]
 INFO  [Stressor-0] {org.radargun.stressors.StressTestStressor} Number of ops executed so far: 4918028. Elapsed time: 40.000 secs. Remaining: 20.000 secs. Total: 1 mins 0 secs
[GC 1302616K->1095058K(2944256K), 0.0757090 secs]
[GC 1351250K->1081671K(2944256K), 0.0738180 secs]
[GC 1337863K->1088067K(2944256K), 0.0832460 secs]
[GC 1343542K->1129180K(2944256K), 0.0658320 secs]
[GC 1385372K->1108891K(2944256K), 0.0702250 secs]
[GC 1365083K->1139101K(2944256K), 0.0706740 secs]
[GC 1395293K->1161025K(2944256K), 0.0707410 secs]
[GC 1417217K->1166649K(2944256K), 0.0707750 secs]
[GC 1422841K->1158959K(2944256K), 0.0758840 secs]
[GC 1415151K->1199314K(2944256K), 0.0696310 secs]
[GC 1455506K->1189512K(2944256K), 0.0783200 secs]
[GC 1445704K->1234008K(2944256K), 0.0611610 secs]
[GC 1490200K->1216931K(2944256K), 0.0689320 secs]
[GC 1473123K->1255764K(2944256K), 0.0738040 secs]
[GC 1511954K->1238701K(2944256K), 0.0725250 secs]
[GC 1494893K->1247922K(2944256K), 0.0693020 secs]
[GC 1504059K->1276148K(2944256K), 0.0710120 secs]
[GC 1532321K->1277588K(2944256K), 0.0755980 secs]
[GC 1533780K->1283890K(2944256K), 0.0651400 secs]
[GC 1540082K->1304788K(2944256K), 0.0607250 secs]
[GC 1560950K->1323743K(2944256K), 0.0719430 secs]
[GC 1579935K->1325146K(2944256K), 0.0848640 secs]
 INFO  [Stressor-1] {org.radargun.stressors.StressTestStressor} Number of ops executed so far: 8419473. Elapsed time: 1 mins 0 secs. Remaining: 0.000 secs. Total: 1 mins 0 secs
 INFO  [pool-1-thread-1] {org.radargun.stressors.StressTestStressor} Finished generating report. Test duration is: 1 mins 59 secs
 INFO  [pool-1-thread-1] {org.radargun.stages.StressTestStage} size info: Running : 5.2.6.Final, config:ispn52-repl-sync-rr.xml, cacheName:testCache, clusterSize:8, nodeIndex:2, cacheSize: 320000
 INFO  [pool-1-thread-1] {org.radargun.Slave} Finished stage: StressTest {bulkSize=1, cacheSpecificKeyGenerator=false, commitTransactions=true, duration=1 mins 0 secs, entrySize=1000, exitBenchmarkOnSlaveFailure=false, fixedKeys=true, generateHistogramRange=false, keyGeneratorClass=org.radargun.stressors.StringKeyGenerator, keyGeneratorParam=null, loadAllKeys=false, numEntries=10000, numOfThreads=4, numRequests=10000000, numThreads=4, numberOfAttributes=10000, numberOfRequests=10000000, opsCountStatusLog=500000, poolKeys=true, preferAsyncOperations=false, removePercentage=0, replaceInvalidPercentage=40, runOnAllSlaves=false, sharedKeys=false, sizeOfAnAttribute=1000, slaves=null, transactionSize=10000, useAtomics=false, useHistogramStatistics=false, useSimpleStatistics=true, useSmartClassLoading=true, useTransactions=true, writePercentage=10, writeTxPercentage=5 }
 INFO  [main] {org.radargun.Slave} Ack successfully sent to the master
[GC 1580383K->1326569K(2944256K), 0.0676850 secs]
 INFO  [main] {org.radargun.Slave} Master shutdown!
 INFO  [Thread-0] {org.radargun.ShutDownHook} Slave process is being shutdown
