/usr/java/jdk1.7.0_21/bin/java -server -Xmx1024M -Xms1024M -Dresolve.dns=false -Djgroups.timer.num_threads=4 -verbose:gc -Xmx5000M -Xms3000M -server -XX:+UseConcMarkSweepGC -XX:+AggressiveOpts -verbose:gc -XX:ParallelGCThreads=4 -XX:NewRatio=5 -XX:SurvivorRatio=2 -Dhazelcast.operation.thread.count=4 -Djava.net.preferIPv4Stack=true -Dlog4j.file.prefix=deimos-esw-26291 -Dbind.address= -Djgroups.bind_addr= -classpath /home/smf/github/radargun/target/distribution/RadarGun-1.1.0-SNAPSHOT/lib/activation-1.1.jar:/home/smf/github/radargun/target/distribution/RadarGun-1.1.0-SNAPSHOT/lib/commons-beanutils-1.8.0.jar:/home/smf/github/radargun/target/distribution/RadarGun-1.1.0-SNAPSHOT/lib/commons-digester-2.0.jar:/home/smf/github/radargun/target/distribution/RadarGun-1.1.0-SNAPSHOT/lib/commons-logging-1.1.1.jar:/home/smf/github/radargun/target/distribution/RadarGun-1.1.0-SNAPSHOT/lib/commons-math-1.2.jar:/home/smf/github/radargun/target/distribution/RadarGun-1.1.0-SNAPSHOT/lib/jboss-transaction-api-1.0.1.GA.jar:/home/smf/github/radargun/target/distribution/RadarGun-1.1.0-SNAPSHOT/lib/jcommon-1.0.15.jar:/home/smf/github/radargun/target/distribution/RadarGun-1.1.0-SNAPSHOT/lib/jfreechart-1.0.12.jar:/home/smf/github/radargun/target/distribution/RadarGun-1.1.0-SNAPSHOT/lib/log4j-1.2.14.jar:/home/smf/github/radargun/target/distribution/RadarGun-1.1.0-SNAPSHOT/lib/mail-1.4.2.jar:/home/smf/github/radargun/target/distribution/RadarGun-1.1.0-SNAPSHOT/lib/radargun-framework-1.1.0-SNAPSHOT.jar:/home/smf/github/radargun/target/distribution/RadarGun-1.1.0-SNAPSHOT/conf org.radargun.Slave -master 127.0.0.1:2103
--------------------------------------------------------------------------------
PerNodeRollingFileAppender::Using file prefix:deimos-esw-26291
 INFO  [main] {org.radargun.Slave} Attempting to connect to master 127.0.0.1:2103
 INFO  [main] {org.radargun.Slave} Successfully established connection with master at: 127.0.0.1:2103
Loading JARS from /home/smf/github/radargun/target/distribution/RadarGun-1.1.0-SNAPSHOT/lib/radargun-framework-1.1.0-SNAPSHOT.jar
 INFO  [pool-1-thread-1] {org.radargun.config.AnnotatedHelper} Loading JARS from /home/smf/github/radargun/target/distribution/RadarGun-1.1.0-SNAPSHOT/lib/radargun-framework-1.1.0-SNAPSHOT.jar
 INFO  [pool-1-thread-1] {org.radargun.config.AnnotatedHelper} Loading JARS from /home/smf/github/radargun/target/distribution/RadarGun-1.1.0-SNAPSHOT/lib/radargun-framework-1.1.0-SNAPSHOT.jar
 INFO  [pool-1-thread-1] {org.radargun.Slave} Executing stage: DestroyWrapper {enforceMemoryThrashHold=true, exitBenchmarkOnSlaveFailure=false, heapDumpDir=null, memoryThreshold=95, runOnAllSlaves=true, slaves=null, useSmartClassLoading=true }
 INFO  [pool-1-thread-1] {org.radargun.stages.DestroyWrapperStage} Received destroy cache wrapper request from master...
 INFO  [pool-1-thread-1] {org.radargun.stages.DestroyWrapperStage} No cache wrapper deployed on this slave, nothing to do.
 INFO  [pool-1-thread-1] {org.radargun.stages.DestroyWrapperStage} Before executing clear, memory looks like this: Memory - free: 2,928,638 kb - max:4,906,688 kb- total:2,944,000 kb
[Full GC 15361K->3631K(2944000K), 0.0724680 secs]
 INFO  [pool-1-thread-1] {org.radargun.stages.DestroyWrapperStage} After executing cleanup, memory looks like this: Memory - free: 2,935,311 kb - max:4,906,688 kb- total:2,944,064 kb
 INFO  [pool-1-thread-1] {org.radargun.Slave} Finished stage: DestroyWrapper {enforceMemoryThrashHold=true, exitBenchmarkOnSlaveFailure=false, heapDumpDir=null, memoryThreshold=95, runOnAllSlaves=true, slaves=null, useSmartClassLoading=true }
 INFO  [main] {org.radargun.Slave} Ack successfully sent to the master
 INFO  [pool-1-thread-1] {org.radargun.Slave} Executing stage: StartCluster {config=ispn52-repl-sync-rr.xml, delayAfterFirstSlaveStarts=5.000 secs, delayBetweenStartingSlaves=0.500 secs, exitBenchmarkOnSlaveFailure=true, expectNumSlaves=null, mayFailOn=null, reachable=null, runOnAllSlaves=false, slaves=null, staggerSlaveStartup=true, useSmartClassLoading=true, validateCluster=true }
 INFO  [pool-1-thread-1] {org.radargun.stages.StartClusterStage}  Startup staggering, starting 12 slaves. This is the slave with index 2. Sleeping for 6000 millis.
 INFO  [pool-1-thread-1] {org.radargun.stages.StartClusterStage} Ack master's StartCluster stage. Local address is: /127.0.0.1. This slave's index is: 2
 INFO  [pool-1-thread-1] {org.radargun.utils.ClassLoadHelper} Creating newInstance org.radargun.cachewrappers.InfinispanXSWrapper with classloader java.net.URLClassLoader@2ca44b35
 INFO  [pool-1-thread-1] {org.radargun.cachewrappers.InfinispanXSWrapper} Cannot find any site for slave index 2
 INFO  [pool-1-thread-1] {org.infinispan.remoting.transport.jgroups.JGroupsTransport} ISPN000078: Starting JGroups Channel
 WARN  [pool-1-thread-1] {org.jgroups.protocols.UDP} [JGRP00014] the send buffer of socket DatagramSocket was set to 640KB, but the OS only allocated 229.38KB. This might lead to performance problems. Please set your max send buffer in the OS correctly (e.g. net.core.wmem_max on Linux)
 WARN  [pool-1-thread-1] {org.jgroups.protocols.UDP} [JGRP00014] the receive buffer of socket DatagramSocket was set to 20MB, but the OS only allocated 229.38KB. This might lead to performance problems. Please set your max receive buffer in the OS correctly (e.g. net.core.rmem_max on Linux)
 WARN  [pool-1-thread-1] {org.jgroups.protocols.UDP} [JGRP00014] the send buffer of socket MulticastSocket was set to 640KB, but the OS only allocated 229.38KB. This might lead to performance problems. Please set your max send buffer in the OS correctly (e.g. net.core.wmem_max on Linux)
 WARN  [pool-1-thread-1] {org.jgroups.protocols.UDP} [JGRP00014] the receive buffer of socket MulticastSocket was set to 25MB, but the OS only allocated 229.38KB. This might lead to performance problems. Please set your max receive buffer in the OS correctly (e.g. net.core.rmem_max on Linux)
 INFO  [pool-1-thread-1] {org.infinispan.remoting.transport.jgroups.JGroupsTransport} ISPN000094: Received new cluster view: [deimos-esw-63780|2] [deimos-esw-63780, deimos-esw-3390, deimos-esw-55034]
 INFO  [pool-1-thread-1] {org.infinispan.remoting.transport.jgroups.JGroupsTransport} ISPN000079: Cache local address is deimos-esw-55034, physical addresses are [127.0.0.1:52002]
 INFO  [pool-1-thread-1] {org.infinispan.factories.GlobalComponentRegistry} ISPN000128: Infinispan version: Infinispan 'Delirium' 5.2.6.Final
 INFO  [pool-1-thread-1] {org.infinispan.transaction.lookup.JBossStandaloneJTAManagerLookup} ISPN000107: Retrieving transaction manager Transaction: unknown
 INFO  [Incoming-4,deimos-esw-55034] {org.infinispan.remoting.transport.jgroups.JGroupsTransport} ISPN000094: Received new cluster view: [deimos-esw-63780|3] [deimos-esw-63780, deimos-esw-3390, deimos-esw-55034, deimos-esw-13634]
 INFO  [pool-1-thread-1] {org.infinispan.jmx.CacheJmxRegistration} ISPN000031: MBeans were successfully registered to the platform MBean server.
 INFO  [pool-1-thread-1] {org.radargun.cachewrappers.InfinispanXSWrapper} Using transaction manager: Transaction: unknown
 INFO  [pool-1-thread-1] {org.radargun.cachewrappers.InfinispanXSWrapper} No RELAY2 protocol in XS wrapper
 INFO  [pool-1-thread-1] {org.radargun.cachewrappers.InfinispanXSWrapper} JGroups version: JGroups 3.2.7.Final
 INFO  [pool-1-thread-1] {org.radargun.cachewrappers.InfinispanXSWrapper} Using config attributes: {name=ispn52-repl-sync-rr.xml}
 INFO  [pool-1-thread-1] {org.radargun.stages.helpers.StartHelper} Number of members=4 is not the one expected: 12
 INFO  [Incoming-4,deimos-esw-55034] {org.infinispan.remoting.transport.jgroups.JGroupsTransport} ISPN000094: Received new cluster view: [deimos-esw-63780|4] [deimos-esw-63780, deimos-esw-3390, deimos-esw-55034, deimos-esw-13634, deimos-esw-58963]
 INFO  [Incoming-4,deimos-esw-55034] {org.infinispan.remoting.transport.jgroups.JGroupsTransport} ISPN000094: Received new cluster view: [deimos-esw-63780|5] [deimos-esw-63780, deimos-esw-3390, deimos-esw-55034, deimos-esw-13634, deimos-esw-58963, deimos-esw-44686]
 INFO  [pool-1-thread-1] {org.radargun.stages.helpers.StartHelper} Number of members=6 is not the one expected: 12
 INFO  [Incoming-4,deimos-esw-55034] {org.infinispan.remoting.transport.jgroups.JGroupsTransport} ISPN000094: Received new cluster view: [deimos-esw-63780|6] [deimos-esw-63780, deimos-esw-3390, deimos-esw-55034, deimos-esw-13634, deimos-esw-58963, deimos-esw-44686, deimos-esw-54149]
 INFO  [Incoming-4,deimos-esw-55034] {org.infinispan.remoting.transport.jgroups.JGroupsTransport} ISPN000094: Received new cluster view: [deimos-esw-63780|7] [deimos-esw-63780, deimos-esw-3390, deimos-esw-55034, deimos-esw-13634, deimos-esw-58963, deimos-esw-44686, deimos-esw-54149, deimos-esw-33229]
 INFO  [pool-1-thread-1] {org.radargun.stages.helpers.StartHelper} Number of members=8 is not the one expected: 12
 INFO  [Incoming-4,deimos-esw-55034] {org.infinispan.remoting.transport.jgroups.JGroupsTransport} ISPN000094: Received new cluster view: [deimos-esw-63780|8] [deimos-esw-63780, deimos-esw-3390, deimos-esw-55034, deimos-esw-13634, deimos-esw-58963, deimos-esw-44686, deimos-esw-54149, deimos-esw-33229, deimos-esw-53471]
 INFO  [Incoming-4,deimos-esw-55034] {org.infinispan.remoting.transport.jgroups.JGroupsTransport} ISPN000094: Received new cluster view: [deimos-esw-63780|9] [deimos-esw-63780, deimos-esw-3390, deimos-esw-55034, deimos-esw-13634, deimos-esw-58963, deimos-esw-44686, deimos-esw-54149, deimos-esw-33229, deimos-esw-53471, deimos-esw-28605]
 INFO  [pool-1-thread-1] {org.radargun.stages.helpers.StartHelper} Number of members=10 is not the one expected: 12
 INFO  [Incoming-4,deimos-esw-55034] {org.infinispan.remoting.transport.jgroups.JGroupsTransport} ISPN000094: Received new cluster view: [deimos-esw-63780|10] [deimos-esw-63780, deimos-esw-3390, deimos-esw-55034, deimos-esw-13634, deimos-esw-58963, deimos-esw-44686, deimos-esw-54149, deimos-esw-33229, deimos-esw-53471, deimos-esw-28605, deimos-esw-22273]
 INFO  [Incoming-4,deimos-esw-55034] {org.infinispan.remoting.transport.jgroups.JGroupsTransport} ISPN000094: Received new cluster view: [deimos-esw-63780|11] [deimos-esw-63780, deimos-esw-3390, deimos-esw-55034, deimos-esw-13634, deimos-esw-58963, deimos-esw-44686, deimos-esw-54149, deimos-esw-33229, deimos-esw-53471, deimos-esw-28605, deimos-esw-22273, deimos-esw-58304]
 INFO  [pool-1-thread-1] {org.radargun.stages.helpers.StartHelper} Number of members is the one expected: 12
 INFO  [pool-1-thread-1] {org.radargun.stages.StartClusterStage} Successfully started cache wrapper on slave 2: org.radargun.cachewrappers.InfinispanXSWrapper@7c81ea2
 INFO  [pool-1-thread-1] {org.radargun.Slave} Finished stage: StartCluster {config=ispn52-repl-sync-rr.xml, delayAfterFirstSlaveStarts=5.000 secs, delayBetweenStartingSlaves=0.500 secs, exitBenchmarkOnSlaveFailure=true, expectNumSlaves=null, mayFailOn=null, reachable=null, runOnAllSlaves=false, slaves=null, staggerSlaveStartup=true, useSmartClassLoading=true, validateCluster=true }
 INFO  [main] {org.radargun.Slave} Ack successfully sent to the master
 INFO  [pool-1-thread-1] {org.radargun.Slave} Executing stage: ClusterValidation {exitBenchmarkOnSlaveFailure=false, partialReplication=false, replicationTimeSleep=2000, replicationTryCount=60, runOnAllSlaves=false, slaves=null, useSmartClassLoading=true }
 INFO  [pool-1-thread-1] {org.radargun.stages.ClusterValidationStage} Number of caches that replicated here is 11
 INFO  [pool-1-thread-1] {org.radargun.stages.ClusterValidationStage} Replication test successfully passed. partialReplication? false, replicationCount = 11
 INFO  [pool-1-thread-1] {org.radargun.stages.ClusterValidationStage} Confirm phase successful.
 INFO  [pool-1-thread-1] {org.radargun.Slave} Finished stage: ClusterValidation {exitBenchmarkOnSlaveFailure=false, partialReplication=false, replicationTimeSleep=2000, replicationTryCount=60, runOnAllSlaves=false, slaves=[ 0, 1, 2, 3, 4, 5, 6, 7, 8, 9, 10, 11 ], useSmartClassLoading=true }
 INFO  [main] {org.radargun.Slave} Ack successfully sent to the master
 INFO  [pool-1-thread-1] {org.radargun.Slave} Executing stage: StressTestWarmup {bulkSize=1, cacheSpecificKeyGenerator=false, commitTransactions=true, duration=1 mins 0 secs, entrySize=1000, exitBenchmarkOnSlaveFailure=false, fixedKeys=true, generateHistogramRange=false, keyGeneratorClass=org.radargun.stressors.StringKeyGenerator, keyGeneratorParam=null, loadAllKeys=false, numEntries=100, numOfThreads=4, numRequests=10000, numThreads=4, numberOfAttributes=100, numberOfRequests=10000, opsCountStatusLog=100000, poolKeys=true, preferAsyncOperations=false, removePercentage=0, replaceInvalidPercentage=40, runOnAllSlaves=false, sharedKeys=false, sizeOfAnAttribute=1000, slaves=null, transactionSize=50, useAtomics=false, useHistogramStatistics=false, useSimpleStatistics=true, useSmartClassLoading=true, useTransactions=null, writePercentage=20, writeTxPercentage=20 }
 INFO  [pool-1-thread-1] {org.radargun.stages.StressTestWarmupStage} Starting StressTestWarmupStage: StressTestWarmup {bulkSize=1, cacheSpecificKeyGenerator=false, commitTransactions=true, duration=1 mins 0 secs, entrySize=1000, exitBenchmarkOnSlaveFailure=false, fixedKeys=true, generateHistogramRange=false, keyGeneratorClass=org.radargun.stressors.StringKeyGenerator, keyGeneratorParam=null, loadAllKeys=false, numEntries=100, numOfThreads=4, numRequests=10000, numThreads=4, numberOfAttributes=100, numberOfRequests=10000, opsCountStatusLog=100000, poolKeys=true, preferAsyncOperations=false, removePercentage=0, replaceInvalidPercentage=40, runOnAllSlaves=false, sharedKeys=false, sizeOfAnAttribute=1000, slaves=null, transactionSize=50, useAtomics=false, useHistogramStatistics=false, useSimpleStatistics=true, useSmartClassLoading=true, useTransactions=null, writePercentage=20, writeTxPercentage=20 }
 INFO  [pool-1-thread-1] {org.radargun.stressors.StressTestStressor} Using key generator org.radargun.stressors.StringKeyGenerator, param null
 INFO  [pool-1-thread-1] {org.radargun.stressors.StressTestStressor} Executing: StressTestStressor{opsCountStatusLog=100000, numRequests=10000, numEntries=100, entrySize=1000, writePercentage=20, numThreads=4, cacheWrapper=org.radargun.cachewrappers.InfinispanXSWrapper@7c81ea2, nodeIndex=2, useTransactions=true, transactionSize=50, commitTransactions=true, durationMillis=60000}
 INFO  [pool-1-thread-1] {org.radargun.stressors.StressTestStressor} Cache wrapper info is: Running : 5.2.6.Final, config:ispn52-repl-sync-rr.xml, cacheName:testCache
[GC 259695K->18327K(2944064K), 0.0509240 secs]
 INFO  [pool-1-thread-1] {org.radargun.stressors.StressTestStressor} Started 4 stressor threads.
 INFO  [Stressor-0] {org.radargun.stressors.StressTestStressor} Number of ops executed so far: 1. Elapsed time: 0.000 secs. Remaining: 1 mins 0 secs. Total: 1 mins 0 secs
[GC 274391K->21834K(2944064K), 0.0381290 secs]
[GC 277898K->27692K(2944064K), 0.0334050 secs]
[GC 283756K->31755K(2944064K), 0.0396860 secs]
[GC 287819K->31116K(2944064K), 0.0441560 secs]
[GC 287180K->31956K(2944064K), 0.0417580 secs]
[GC 288020K->37619K(2944064K), 0.0401960 secs]
[GC 293683K->30475K(2944064K), 0.0368610 secs]
[GC 286539K->35103K(2944064K), 0.0407550 secs]
[GC 291167K->36508K(2944064K), 0.0490900 secs]
[GC 292572K->41782K(2944064K), 0.0423460 secs]
[GC 297846K->43340K(2944064K), 0.0449060 secs]
[GC 299404K->44843K(2944064K), 0.0421410 secs]
[GC 300907K->46726K(2944064K), 0.0430320 secs]
 INFO  [Stressor-3] {org.radargun.stressors.StressTestStressor} Number of ops executed so far: 184601. Elapsed time: 20.000 secs. Remaining: 40.000 secs. Total: 1 mins 0 secs
[GC 302790K->41524K(2944064K), 0.0407320 secs]
[GC 297588K->43335K(2944064K), 0.0738380 secs]
[GC 299399K->32442K(2944064K), 0.0433400 secs]
[GC 288506K->34818K(2944064K), 0.0365290 secs]
[GC 290882K->43840K(2944064K), 0.0434570 secs]
[GC 299904K->41609K(2944064K), 0.0418260 secs]
[GC 297673K->43954K(2944064K), 0.0474560 secs]
[GC 300018K->40075K(2944064K), 0.0439020 secs]
[GC 296139K->47659K(2944064K), 0.0428050 secs]
[GC 303723K->43770K(2944064K), 0.0399730 secs]
[GC 299834K->49191K(2944064K), 0.0447160 secs]
[GC 305255K->56894K(2944064K), 0.0456660 secs]
[GC 312958K->45017K(2944064K), 0.0439040 secs]
[GC 301081K->48002K(2944064K), 0.0421500 secs]
[GC 304066K->51484K(2944064K), 0.0461540 secs]
 INFO  [Stressor-1] {org.radargun.stressors.StressTestStressor} Number of ops executed so far: 424150. Elapsed time: 40.001 secs. Remaining: 19.999 secs. Total: 1 mins 0 secs
[GC 307548K->51839K(2944064K), 0.0507230 secs]
[GC 307903K->47126K(2944064K), 0.0481100 secs]
[GC 303190K->54318K(2944064K), 0.0484810 secs]
[GC 310382K->49845K(2944064K), 0.0465140 secs]
[GC 305909K->51126K(2944064K), 0.0493800 secs]
[GC 307190K->49279K(2944064K), 0.0485190 secs]
[GC 305343K->50369K(2944064K), 0.0486900 secs]
[GC 306433K->63572K(2944064K), 0.0500390 secs]
[GC 319636K->55369K(2944064K), 0.0475420 secs]
[GC 311433K->61808K(2944064K), 0.0475130 secs]
[GC 317872K->54873K(2944064K), 0.0543400 secs]
[GC 310937K->64333K(2944064K), 0.0495100 secs]
[GC 320397K->56683K(2944064K), 0.0506340 secs]
[GC 312747K->60030K(2944064K), 0.0472550 secs]
[GC 316094K->57875K(2944064K), 0.0492510 secs]
 INFO  [Stressor-3] {org.radargun.stressors.StressTestStressor} Number of ops executed so far: 634300. Elapsed time: 1 mins 0 secs. Remaining: 0.000 secs. Total: 1 mins 0 secs
 INFO  [pool-1-thread-1] {org.radargun.stressors.StressTestStressor} Finished generating report. Test duration is: 1 mins 5 secs
 INFO  [pool-1-thread-1] {org.radargun.stages.StressTestWarmupStage} The warmup took: 65 seconds.
 INFO  [pool-1-thread-1] {org.radargun.Slave} Finished stage: StressTestWarmup {bulkSize=1, cacheSpecificKeyGenerator=false, commitTransactions=true, duration=1 mins 0 secs, entrySize=1000, exitBenchmarkOnSlaveFailure=false, fixedKeys=true, generateHistogramRange=false, keyGeneratorClass=org.radargun.stressors.StringKeyGenerator, keyGeneratorParam=null, loadAllKeys=false, numEntries=100, numOfThreads=4, numRequests=10000, numThreads=4, numberOfAttributes=100, numberOfRequests=10000, opsCountStatusLog=100000, poolKeys=true, preferAsyncOperations=false, removePercentage=0, replaceInvalidPercentage=40, runOnAllSlaves=false, sharedKeys=false, sizeOfAnAttribute=1000, slaves=null, transactionSize=50, useAtomics=false, useHistogramStatistics=false, useSimpleStatistics=true, useSmartClassLoading=true, useTransactions=null, writePercentage=20, writeTxPercentage=20 }
 INFO  [main] {org.radargun.Slave} Ack successfully sent to the master
 INFO  [pool-1-thread-1] {org.radargun.Slave} Executing stage: ClearClusterStage {ClearCluster {exitBenchmarkOnSlaveFailure=false, runOnAllSlaves=false, slaves=[ 0 ], useSmartClassLoading=true }
 INFO  [pool-1-thread-1] {org.radargun.stages.ClearClusterStage} Before executing clear, memory looks like this: Memory - free: 2,637,047 kb - max:4,906,688 kb- total:2,944,064 kb
[Full GC 308112K->20115K(2944064K), 0.3687860 secs]
 INFO  [pool-1-thread-1] {org.radargun.stages.ClearClusterStage} After executing cleanup, memory looks like this: Memory - free: 2,921,902 kb - max:4,906,688 kb- total:2,944,256 kb
 INFO  [pool-1-thread-1] {org.radargun.Slave} Finished stage: ClearClusterStage {ClearCluster {exitBenchmarkOnSlaveFailure=false, runOnAllSlaves=false, slaves=[ 0 ], useSmartClassLoading=true }
 INFO  [main] {org.radargun.Slave} Ack successfully sent to the master
 INFO  [pool-1-thread-1] {org.radargun.Slave} Executing stage: StressTest {bulkSize=1, cacheSpecificKeyGenerator=false, commitTransactions=true, duration=1 mins 0 secs, entrySize=1000, exitBenchmarkOnSlaveFailure=false, fixedKeys=true, generateHistogramRange=false, keyGeneratorClass=org.radargun.stressors.StringKeyGenerator, keyGeneratorParam=null, loadAllKeys=false, numEntries=10000, numOfThreads=4, numRequests=10000000, numThreads=4, numberOfAttributes=10000, numberOfRequests=10000000, opsCountStatusLog=500000, poolKeys=true, preferAsyncOperations=false, removePercentage=0, replaceInvalidPercentage=40, runOnAllSlaves=false, sharedKeys=false, sizeOfAnAttribute=1000, slaves=null, transactionSize=10000, useAtomics=false, useHistogramStatistics=false, useSimpleStatistics=true, useSmartClassLoading=true, useTransactions=true, writePercentage=10, writeTxPercentage=5 }
 INFO  [pool-1-thread-1] {org.radargun.stages.StressTestStage} Starting StressTestStage: StressTest {bulkSize=1, cacheSpecificKeyGenerator=false, commitTransactions=true, duration=1 mins 0 secs, entrySize=1000, exitBenchmarkOnSlaveFailure=false, fixedKeys=true, generateHistogramRange=false, keyGeneratorClass=org.radargun.stressors.StringKeyGenerator, keyGeneratorParam=null, loadAllKeys=false, numEntries=10000, numOfThreads=4, numRequests=10000000, numThreads=4, numberOfAttributes=10000, numberOfRequests=10000000, opsCountStatusLog=500000, poolKeys=true, preferAsyncOperations=false, removePercentage=0, replaceInvalidPercentage=40, runOnAllSlaves=false, sharedKeys=false, sizeOfAnAttribute=1000, slaves=null, transactionSize=10000, useAtomics=false, useHistogramStatistics=false, useSimpleStatistics=true, useSmartClassLoading=true, useTransactions=true, writePercentage=10, writeTxPercentage=5 }
 INFO  [pool-1-thread-1] {org.radargun.stressors.StressTestStressor} Using key generator org.radargun.stressors.StringKeyGenerator, param null
 INFO  [pool-1-thread-1] {org.radargun.stressors.StressTestStressor} Executing: StressTestStressor{opsCountStatusLog=500000, numRequests=10000000, numEntries=10000, entrySize=1000, writePercentage=10, numThreads=4, cacheWrapper=org.radargun.cachewrappers.InfinispanXSWrapper@7c81ea2, nodeIndex=2, useTransactions=true, transactionSize=10000, commitTransactions=true, durationMillis=60000}
 INFO  [pool-1-thread-1] {org.radargun.stressors.StressTestStressor} Cache wrapper info is: Running : 5.2.6.Final, config:ispn52-repl-sync-rr.xml, cacheName:testCache
[GC 276307K->60786K(2944256K), 0.0525510 secs]
[GC 316978K->74220K(2944256K), 0.0752030 secs]
[GC 330412K->102808K(2944256K), 0.0807360 secs]
[GC 359000K->133140K(2944256K), 0.0805900 secs]
[GC 389332K->151884K(2944256K), 0.1209590 secs]
[GC 408076K->177972K(2944256K), 0.1045280 secs]
[GC 434164K->194026K(2944256K), 0.0876070 secs]
[GC 450218K->205093K(2944256K), 0.0944670 secs]
[GC 461285K->225605K(2944256K), 0.0939080 secs]
[GC 481797K->244985K(2944256K), 0.0888710 secs]
[GC 501177K->265387K(2944256K), 0.1065550 secs]
[GC 521579K->280708K(2944256K), 0.0911230 secs]
[GC 536900K->294241K(2944256K), 0.1107400 secs]
[GC 550433K->326993K(2944256K), 0.1141180 secs]
[GC 583185K->334669K(2944256K), 0.1178040 secs]
[GC 590861K->334109K(2944256K), 0.1139600 secs]
[GC 590301K->368910K(2944256K), 0.0942090 secs]
[GC 625102K->384734K(2944256K), 0.0925440 secs]
[GC 640926K->403906K(2944256K), 0.1060890 secs]
[GC 660098K->423411K(2944256K), 0.0962940 secs]
[GC 679603K->441859K(2944256K), 0.1073840 secs]
[GC 698051K->436306K(2944256K), 0.1088120 secs]
[GC 692498K->487680K(2944256K), 0.1050860 secs]
[GC 743872K->503810K(2944256K), 0.1048340 secs]
[GC 760002K->510699K(2944256K), 0.1126840 secs]
[GC 766891K->510892K(2944256K), 0.1150640 secs]
[GC 767084K->544441K(2944256K), 0.1015330 secs]
[GC 800633K->560660K(2944256K), 0.1023610 secs]
[GC 816852K->581275K(2944256K), 0.0998180 secs]
[GC 837467K->599264K(2944256K), 0.1054730 secs]
[GC 855456K->599622K(2944256K), 0.1095760 secs]
[GC 855814K->613040K(2944256K), 0.1051620 secs]
[GC 869232K->650327K(2944256K), 0.1026850 secs]
[GC 906519K->671630K(2944256K), 0.1062280 secs]
[GC 927822K->691692K(2944256K), 0.1058300 secs]
[GC 947884K->713231K(2944256K), 0.1114910 secs]
[GC 969423K->725046K(2944256K), 0.1030700 secs]
[GC 981238K->755331K(2944256K), 0.0971600 secs]
[GC 1011523K->763429K(2944256K), 0.1017380 secs]
 INFO  [pool-1-thread-1] {org.radargun.stressors.StressTestStressor} Started 4 stressor threads.
 INFO  [Stressor-1] {org.radargun.stressors.StressTestStressor} Number of ops executed so far: 1. Elapsed time: 0.000 secs. Remaining: 1 mins 0 secs. Total: 1 mins 0 secs
[GC 1019567K->762157K(2944256K), 0.1133560 secs]
[GC 1018349K->812107K(2944256K), 0.1044080 secs]
[GC 1068299K->801973K(2944256K), 0.1114060 secs]
[GC 1057458K->817394K(2944256K), 0.0805050 secs]
[GC 1073586K->842653K(2944256K), 0.0811320 secs]
[GC 1098642K->845806K(2944256K), 0.0765580 secs]
[GC 1101998K->875115K(2944256K), 0.0697680 secs]
[GC 1131307K->897500K(2944256K), 0.0819180 secs]
[GC 1153692K->896225K(2944256K), 0.0862590 secs]
[GC 1152403K->921479K(2944256K), 0.0783960 secs]
[GC 1177671K->914471K(2944256K), 0.0760670 secs]
[GC 1170663K->945229K(2944256K), 0.0824190 secs]
[GC 1201421K->986591K(2944256K), 0.1041360 secs]
[GC 1242783K->975652K(2944256K), 0.0946080 secs]
[GC 1231844K->993350K(2944256K), 0.0828760 secs]
[GC 1249542K->1046761K(2944256K), 0.0757300 secs]
 INFO  [Stressor-0] {org.radargun.stressors.StressTestStressor} Number of ops executed so far: 1750804. Elapsed time: 20.000 secs. Remaining: 40.000 secs. Total: 1 mins 0 secs
[GC 1302866K->1070408K(2944256K), 0.0884380 secs]
[GC 1325807K->1057494K(2944256K), 0.0885530 secs]
[GC 1313686K->1087817K(2944256K), 0.0881370 secs]
[GC 1343123K->1090063K(2944256K), 0.0904460 secs]
[GC 1346255K->1119212K(2944256K), 0.0832740 secs]
[GC 1375404K->1105215K(2944256K), 0.0784720 secs]
[GC 1361405K->1155460K(2944256K), 0.0695030 secs]
[GC 1411652K->1162274K(2944256K), 0.0846210 secs]
[GC 1418466K->1183309K(2944256K), 0.0913310 secs]
[GC 1439501K->1188601K(2944256K), 0.0835690 secs]
[GC 1444793K->1223673K(2944256K), 0.0845620 secs]
[GC 1479865K->1224311K(2944256K), 0.0788890 secs]
[GC 1480464K->1242778K(2944256K), 0.0783970 secs]
[GC 1498970K->1238795K(2944256K), 0.0743320 secs]
[GC 1494987K->1293259K(2944256K), 0.0791020 secs]
[GC 1549451K->1323737K(2944256K), 0.0959610 secs]
 INFO  [Stressor-1] {org.radargun.stressors.StressTestStressor} Number of ops executed so far: 3230000. Elapsed time: 42.154 secs. Remaining: 17.846 secs. Total: 1 mins 0 secs
[GC 1579879K->1317397K(2944256K), 0.0991760 secs]
[GC 1573589K->1345790K(2944256K), 0.0855940 secs]
[GC 1601982K->1365585K(2944256K), 0.0615370 secs]
[GC 1621777K->1352594K(2944256K), 0.0824010 secs]
[GC 1354238K(2944256K), 0.0243750 secs]
[GC 1608303K->1384981K(2944256K), 0.0726100 secs]
[GC 1557926K(2944256K), 0.0877480 secs]
[GC 926916K->712889K(2944256K), 0.0770110 secs]
[GC 953623K->689358K(2944256K), 0.1003910 secs]
[GC 945550K->720952K(2944256K), 0.0998770 secs]
[GC 977144K->723135K(2944256K), 0.0854330 secs]
[GC 979309K->742251K(2944256K), 0.0916040 secs]
[GC 998443K->785814K(2944256K), 0.0842340 secs]
[GC 1041974K->802852K(2944256K), 0.0879270 secs]
[GC 1059005K->816310K(2944256K), 0.0850780 secs]
[GC 1072502K->838829K(2944256K), 0.0893290 secs]
 INFO  [pool-1-thread-1] {org.radargun.stressors.StressTestStressor} Finished generating report. Test duration is: 2 mins 50 secs
 INFO  [pool-1-thread-1] {org.radargun.stages.StressTestStage} size info: Running : 5.2.6.Final, config:ispn52-repl-sync-rr.xml, cacheName:testCache, clusterSize:12, nodeIndex:2, cacheSize: 480000
[GC 1095021K->836919K(2944256K), 0.0840030 secs]
 INFO  [pool-1-thread-1] {org.radargun.Slave} Finished stage: StressTest {bulkSize=1, cacheSpecificKeyGenerator=false, commitTransactions=true, duration=1 mins 0 secs, entrySize=1000, exitBenchmarkOnSlaveFailure=false, fixedKeys=true, generateHistogramRange=false, keyGeneratorClass=org.radargun.stressors.StringKeyGenerator, keyGeneratorParam=null, loadAllKeys=false, numEntries=10000, numOfThreads=4, numRequests=10000000, numThreads=4, numberOfAttributes=10000, numberOfRequests=10000000, opsCountStatusLog=500000, poolKeys=true, preferAsyncOperations=false, removePercentage=0, replaceInvalidPercentage=40, runOnAllSlaves=false, sharedKeys=false, sizeOfAnAttribute=1000, slaves=null, transactionSize=10000, useAtomics=false, useHistogramStatistics=false, useSimpleStatistics=true, useSmartClassLoading=true, useTransactions=true, writePercentage=10, writeTxPercentage=5 }
 INFO  [main] {org.radargun.Slave} Ack successfully sent to the master
[GC 1093111K->853136K(2944256K), 0.0823570 secs]
[GC 1108781K->881451K(2944256K), 0.0932060 secs]
 INFO  [main] {org.radargun.Slave} Master shutdown!
 INFO  [Thread-0] {org.radargun.ShutDownHook} Slave process is being shutdown
