/usr/java/jdk1.7.0_21/bin/java -server -Xmx1024M -Xms1024M -Dresolve.dns=false -Djgroups.timer.num_threads=4 -verbose:gc -Xmx5000M -Xms3000M -server -XX:+UseConcMarkSweepGC -XX:+AggressiveOpts -verbose:gc -XX:ParallelGCThreads=4 -XX:NewRatio=5 -XX:SurvivorRatio=2 -Dhazelcast.operation.thread.count=4 -Djava.net.preferIPv4Stack=true -Dlog4j.file.prefix=deimos-esw-25725 -Dbind.address= -Djgroups.bind_addr= -classpath /home/smf/github/radargun/target/distribution/RadarGun-1.1.0-SNAPSHOT/lib/activation-1.1.jar:/home/smf/github/radargun/target/distribution/RadarGun-1.1.0-SNAPSHOT/lib/commons-beanutils-1.8.0.jar:/home/smf/github/radargun/target/distribution/RadarGun-1.1.0-SNAPSHOT/lib/commons-digester-2.0.jar:/home/smf/github/radargun/target/distribution/RadarGun-1.1.0-SNAPSHOT/lib/commons-logging-1.1.1.jar:/home/smf/github/radargun/target/distribution/RadarGun-1.1.0-SNAPSHOT/lib/commons-math-1.2.jar:/home/smf/github/radargun/target/distribution/RadarGun-1.1.0-SNAPSHOT/lib/jboss-transaction-api-1.0.1.GA.jar:/home/smf/github/radargun/target/distribution/RadarGun-1.1.0-SNAPSHOT/lib/jcommon-1.0.15.jar:/home/smf/github/radargun/target/distribution/RadarGun-1.1.0-SNAPSHOT/lib/jfreechart-1.0.12.jar:/home/smf/github/radargun/target/distribution/RadarGun-1.1.0-SNAPSHOT/lib/log4j-1.2.14.jar:/home/smf/github/radargun/target/distribution/RadarGun-1.1.0-SNAPSHOT/lib/mail-1.4.2.jar:/home/smf/github/radargun/target/distribution/RadarGun-1.1.0-SNAPSHOT/lib/radargun-framework-1.1.0-SNAPSHOT.jar:/home/smf/github/radargun/target/distribution/RadarGun-1.1.0-SNAPSHOT/conf org.radargun.Slave -master 127.0.0.1:2103
--------------------------------------------------------------------------------
PerNodeRollingFileAppender::Using file prefix:deimos-esw-25725
 INFO  [main] {org.radargun.Slave} Attempting to connect to master 127.0.0.1:2103
 INFO  [main] {org.radargun.Slave} Successfully established connection with master at: 127.0.0.1:2103
Loading JARS from /home/smf/github/radargun/target/distribution/RadarGun-1.1.0-SNAPSHOT/lib/radargun-framework-1.1.0-SNAPSHOT.jar
 INFO  [pool-1-thread-1] {org.radargun.config.AnnotatedHelper} Loading JARS from /home/smf/github/radargun/target/distribution/RadarGun-1.1.0-SNAPSHOT/lib/radargun-framework-1.1.0-SNAPSHOT.jar
 INFO  [pool-1-thread-1] {org.radargun.config.AnnotatedHelper} Loading JARS from /home/smf/github/radargun/target/distribution/RadarGun-1.1.0-SNAPSHOT/lib/radargun-framework-1.1.0-SNAPSHOT.jar
 INFO  [pool-1-thread-1] {org.radargun.Slave} Executing stage: DestroyWrapper {enforceMemoryThrashHold=true, exitBenchmarkOnSlaveFailure=false, heapDumpDir=null, memoryThreshold=95, runOnAllSlaves=true, slaves=null, useSmartClassLoading=true }
 INFO  [pool-1-thread-1] {org.radargun.stages.DestroyWrapperStage} Received destroy cache wrapper request from master...
 INFO  [pool-1-thread-1] {org.radargun.stages.DestroyWrapperStage} No cache wrapper deployed on this slave, nothing to do.
 INFO  [pool-1-thread-1] {org.radargun.stages.DestroyWrapperStage} Before executing clear, memory looks like this: Memory - free: 2,928,638 kb - max:4,906,688 kb- total:2,944,000 kb
[Full GC 15361K->3631K(2944000K), 0.0675820 secs]
 INFO  [pool-1-thread-1] {org.radargun.stages.DestroyWrapperStage} After executing cleanup, memory looks like this: Memory - free: 2,935,311 kb - max:4,906,688 kb- total:2,944,064 kb
 INFO  [pool-1-thread-1] {org.radargun.Slave} Finished stage: DestroyWrapper {enforceMemoryThrashHold=true, exitBenchmarkOnSlaveFailure=false, heapDumpDir=null, memoryThreshold=95, runOnAllSlaves=true, slaves=null, useSmartClassLoading=true }
 INFO  [main] {org.radargun.Slave} Ack successfully sent to the master
 INFO  [pool-1-thread-1] {org.radargun.Slave} Executing stage: StartCluster {config=ispn52-repl-sync-rc.xml, delayAfterFirstSlaveStarts=5.000 secs, delayBetweenStartingSlaves=0.500 secs, exitBenchmarkOnSlaveFailure=true, expectNumSlaves=null, mayFailOn=null, reachable=null, runOnAllSlaves=false, slaves=null, staggerSlaveStartup=true, useSmartClassLoading=true, validateCluster=true }
 INFO  [pool-1-thread-1] {org.radargun.stages.StartClusterStage} Startup staggering, number of slaves to start is 6 This is the slave with index 0, not sleeping
 INFO  [pool-1-thread-1] {org.radargun.stages.StartClusterStage} Ack master's StartCluster stage. Local address is: /127.0.0.1. This slave's index is: 0
 INFO  [pool-1-thread-1] {org.radargun.utils.ClassLoadHelper} Creating newInstance org.radargun.cachewrappers.FFWrapper with classloader java.net.URLClassLoader@1cc50164
 INFO  [pool-1-thread-1] {org.radargun.cachewrappers.FFWrapper} config=ispn52-repl-sync-rc.xml, isLocal=false, nodeIndex=0, confAttributes={name=ispn52-repl-sync-rc.xml, decorate=infinispan52}
 INFO  [pool-1-thread-1] {org.radargun.cachewrappers.FFWrapper} Found fenix framework config options in 'rg-fenix-framework-config-options.properties'.
 INFO  [pool-1-thread-1] {org.radargun.cachewrappers.FFWrapper} Setting extra config properties for Fenix Framework.
 INFO  [pool-1-thread-1] {org.radargun.cachewrappers.FFWrapper} Will initialize Fenix Framework with RadarGunDataGridConfig
 TRACE [pool-1-thread-1] {pt.ist.fenixframework.FenixFramework} Static initializer block for FenixFramework class [BEGIN]
 INFO  [pool-1-thread-1] {pt.ist.fenixframework.FenixFramework} Trying auto-initialization with configuration by convention
 INFO  [pool-1-thread-1] {pt.ist.fenixframework.FenixFramework} Resource 'fenix-framework.properties' not found
 DEBUG [pool-1-thread-1] {pt.ist.fenixframework.FenixFramework} Fenix Framework properties after reading default config file:{}
 DEBUG [pool-1-thread-1] {pt.ist.fenixframework.FenixFramework} CurrentBackEndName = jvstm-datagrid
 INFO  [pool-1-thread-1] {pt.ist.fenixframework.FenixFramework} Resource 'fenix-framework-jvstm-datagrid.properties' not found
 DEBUG [pool-1-thread-1] {pt.ist.fenixframework.FenixFramework} Fenix Framework properties after reading backend config file:{}
 DEBUG [pool-1-thread-1] {pt.ist.fenixframework.FenixFramework} Fenix Framework properties after enforcing system properties:{}
 INFO  [pool-1-thread-1] {pt.ist.fenixframework.FenixFramework} Skipping configuration by convention.
 TRACE [pool-1-thread-1] {pt.ist.fenixframework.FenixFramework} Static initializer block for FenixFramework class [END]
 INFO  [pool-1-thread-1] {pt.ist.fenixframework.FenixFramework} Initializing Fenix Framework with config.class=pt.ist.fenixframework.backend.jvstm.datagrid.radargun.RadarGunDataGridConfig
 INFO  [pool-1-thread-1] {pt.ist.fenixframework.backend.jvstm.cluster.JvstmClusterBackEnd} initializeGroupCommunication()
 INFO  [pool-1-thread-1] {com.hazelcast.config.ClasspathXmlConfig} Configuring Hazelcast from 'hazelcast-ff.xml'.
 INFO  [pool-1-thread-1] {com.hazelcast.instance.DefaultAddressPicker} Interfaces is disabled, trying to pick one address from TCP-IP config addresses: [127.0.0.1]
 INFO  [pool-1-thread-1] {com.hazelcast.instance.DefaultAddressPicker} Picked Address[127.0.0.1]:5701, using socket ServerSocket[addr=/0.0.0.0,localport=5701], bind any local is true
 INFO  [pool-1-thread-1] {com.hazelcast.system} [127.0.0.1]:5701 [FenixFrameworkGroup] Hazelcast Community Edition 3.0-RC1 (20130627) starting at Address[127.0.0.1]:5701
 INFO  [pool-1-thread-1] {com.hazelcast.system} [127.0.0.1]:5701 [FenixFrameworkGroup] Copyright (C) 2008-2013 Hazelcast.com
 INFO  [pool-1-thread-1] {com.hazelcast.core.LifecycleService} [127.0.0.1]:5701 [FenixFrameworkGroup] Address[127.0.0.1]:5701 is STARTING
 INFO  [pool-1-thread-1] {com.hazelcast.cluster.TcpIpJoiner} [127.0.0.1]:5701 [FenixFrameworkGroup] Connecting to possible member: Address[127.0.0.1]:5703
 INFO  [pool-1-thread-1] {com.hazelcast.cluster.TcpIpJoiner} [127.0.0.1]:5701 [FenixFrameworkGroup] Connecting to possible member: Address[127.0.0.1]:5702
 INFO  [hz._hzInstance_1_FenixFrameworkGroup.cached.thread-2] {com.hazelcast.nio.SocketConnector} [127.0.0.1]:5701 [FenixFrameworkGroup] Connecting to /127.0.0.1:5703, timeout: 0, bind-any: true
 INFO  [hz._hzInstance_1_FenixFrameworkGroup.cached.thread-3] {com.hazelcast.nio.SocketConnector} [127.0.0.1]:5701 [FenixFrameworkGroup] Connecting to /127.0.0.1:5702, timeout: 0, bind-any: true
 INFO  [hz._hzInstance_1_FenixFrameworkGroup.cached.thread-3] {com.hazelcast.nio.SocketConnector} [127.0.0.1]:5701 [FenixFrameworkGroup] Could not connect to: /127.0.0.1:5702. Reason: ConnectException[Connection refused]
 INFO  [hz._hzInstance_1_FenixFrameworkGroup.cached.thread-2] {com.hazelcast.nio.SocketConnector} [127.0.0.1]:5701 [FenixFrameworkGroup] Could not connect to: /127.0.0.1:5703. Reason: ConnectException[Connection refused]
 INFO  [pool-1-thread-1] {com.hazelcast.cluster.TcpIpJoiner} [127.0.0.1]:5701 [FenixFrameworkGroup] 


Members [1] {
	Member [127.0.0.1]:5701 this
}

 INFO  [pool-1-thread-1] {com.hazelcast.cluster.MulticastJoiner} [127.0.0.1]:5701 [FenixFrameworkGroup] 


Members [1] {
	Member [127.0.0.1]:5701 this
}

 INFO  [pool-1-thread-1] {com.hazelcast.core.LifecycleService} [127.0.0.1]:5701 [FenixFrameworkGroup] Address[127.0.0.1]:5701 is STARTED
 INFO  [pool-1-thread-1] {com.hazelcast.partition.PartitionService} [127.0.0.1]:5701 [FenixFrameworkGroup] Initializing cluster partition table first arrangement...
 INFO  [pool-1-thread-1] {pt.ist.fenixframework.backend.jvstm.cluster.ClusterUtils} Got (long) serverId: 0
 INFO  [pool-1-thread-1] {pt.ist.fenixframework.backend.jvstm.cluster.JvstmClusterBackEnd} This is the first node!
 INFO  [pool-1-thread-1] {pt.ist.fenixframework.backend.jvstm.JVSTMBackEnd} initializeRepository()
 INFO  [pool-1-thread-1] {pt.ist.fenixframework.backend.jvstm.datagrid.radargun.DataGridDecorator} config=ispn52-repl-sync-rc.xml, isLocal=false, nodeIndex=0, confAttributes={name=ispn52-repl-sync-rc.xml}
 INFO  [pool-1-thread-1] {org.radargun.cachewrappers.InfinispanXSWrapper} Cannot find any site for slave index 0
 INFO  [pool-1-thread-1] {org.infinispan.remoting.transport.jgroups.JGroupsTransport} ISPN000078: Starting JGroups Channel
 WARN  [pool-1-thread-1] {org.jgroups.protocols.UDP} [JGRP00014] the send buffer of socket DatagramSocket was set to 640KB, but the OS only allocated 229.38KB. This might lead to performance problems. Please set your max send buffer in the OS correctly (e.g. net.core.wmem_max on Linux)
 WARN  [pool-1-thread-1] {org.jgroups.protocols.UDP} [JGRP00014] the receive buffer of socket DatagramSocket was set to 20MB, but the OS only allocated 229.38KB. This might lead to performance problems. Please set your max receive buffer in the OS correctly (e.g. net.core.rmem_max on Linux)
 WARN  [pool-1-thread-1] {org.jgroups.protocols.UDP} [JGRP00014] the send buffer of socket MulticastSocket was set to 640KB, but the OS only allocated 229.38KB. This might lead to performance problems. Please set your max send buffer in the OS correctly (e.g. net.core.wmem_max on Linux)
 WARN  [pool-1-thread-1] {org.jgroups.protocols.UDP} [JGRP00014] the receive buffer of socket MulticastSocket was set to 25MB, but the OS only allocated 229.38KB. This might lead to performance problems. Please set your max receive buffer in the OS correctly (e.g. net.core.rmem_max on Linux)
 INFO  [pool-1-thread-1] {org.infinispan.remoting.transport.jgroups.JGroupsTransport} ISPN000094: Received new cluster view: [deimos-esw-12913|0] [deimos-esw-12913]
 INFO  [pool-1-thread-1] {org.infinispan.remoting.transport.jgroups.JGroupsTransport} ISPN000079: Cache local address is deimos-esw-12913, physical addresses are [127.0.0.1:52000]
 INFO  [pool-1-thread-1] {org.infinispan.factories.GlobalComponentRegistry} ISPN000128: Infinispan version: Infinispan 'Delirium' 5.2.6.Final
 INFO  [pool-1-thread-1] {org.infinispan.transaction.lookup.JBossStandaloneJTAManagerLookup} ISPN000107: Retrieving transaction manager Transaction: unknown
 INFO  [hz._hzInstance_1_FenixFrameworkGroup.cached.thread-2] {com.hazelcast.nio.SocketAcceptor} [127.0.0.1]:5701 [FenixFrameworkGroup] 5701 is accepting socket connection from /127.0.0.1:55808
 INFO  [hz._hzInstance_1_FenixFrameworkGroup.cached.thread-2] {com.hazelcast.nio.TcpIpConnectionManager} [127.0.0.1]:5701 [FenixFrameworkGroup] 5701 accepted socket connection from /127.0.0.1:55808
 INFO  [pool-1-thread-1] {org.infinispan.jmx.CacheJmxRegistration} ISPN000031: MBeans were successfully registered to the platform MBean server.
 INFO  [pool-1-thread-1] {org.radargun.cachewrappers.InfinispanXSWrapper} Using transaction manager: Transaction: unknown
 INFO  [pool-1-thread-1] {org.radargun.cachewrappers.InfinispanXSWrapper} No RELAY2 protocol in XS wrapper
 INFO  [pool-1-thread-1] {org.radargun.cachewrappers.InfinispanXSWrapper} JGroups version: JGroups 3.2.7.Final
 INFO  [pool-1-thread-1] {org.radargun.cachewrappers.InfinispanXSWrapper} Using config attributes: {name=ispn52-repl-sync-rc.xml}
 INFO  [pool-1-thread-1] {pt.ist.fenixframework.backend.jvstm.datagrid.DataGridRepository} Initialization marker not present. Data Grid is being initialized for the first time.
 INFO  [pool-1-thread-1] {pt.ist.fenixframework.backend.jvstm.JVSTMBackEnd} initializeDomainClassInfos
 INFO  [pool-1-thread-1] {pt.ist.fenixframework.backend.jvstm.pstm.DomainClassInfo} serverId: 0, serverOidBase: 0
 INFO  [pool-1-thread-1] {pt.ist.fenixframework.backend.jvstm.pstm.DomainClassInfo} Registering new domain class 'pt.ist.fenixframework.adt.bplustree.DomainLeafNode' with id '1'
 INFO  [pool-1-thread-1] {pt.ist.fenixframework.backend.jvstm.pstm.DomainClassInfo} Registering new domain class 'pt.ist.fenixframework.adt.bplustree.BPlusTreeArray' with id '2'
 INFO  [pool-1-thread-1] {pt.ist.fenixframework.backend.jvstm.pstm.DomainClassInfo} Registering new domain class 'pt.ist.fenixframework.adt.bplustree.DomainInnerNode' with id '3'
 INFO  [pool-1-thread-1] {pt.ist.fenixframework.backend.jvstm.pstm.DomainClassInfo} Registering new domain class 'pt.ist.fenixframework.adt.bplustree.LeafNode' with id '4'
 INFO  [pool-1-thread-1] {pt.ist.fenixframework.backend.jvstm.pstm.DomainClassInfo} Registering new domain class 'pt.ist.fenixframework.backend.jvstm.pstm.TransactionStatisticsEntry' with id '5'
 INFO  [pool-1-thread-1] {pt.ist.fenixframework.backend.jvstm.pstm.DomainClassInfo} Registering new domain class 'pt.ist.fenixframework.DomainRoot' with id '0'
 INFO  [pool-1-thread-1] {pt.ist.fenixframework.backend.jvstm.pstm.DomainClassInfo} Registering new domain class 'pt.ist.fenixframework.adt.linkedlist.ListNode' with id '6'
 INFO  [pool-1-thread-1] {pt.ist.fenixframework.backend.jvstm.pstm.DomainClassInfo} Registering new domain class 'pt.ist.fenixframework.adt.bplustree.BPlusTree' with id '7'
 INFO  [pool-1-thread-1] {pt.ist.fenixframework.backend.jvstm.pstm.DomainClassInfo} Registering new domain class 'pt.ist.fenixframework.adt.bplustree.InnerNode' with id '8'
 INFO  [pool-1-thread-1] {pt.ist.fenixframework.backend.jvstm.pstm.DomainClassInfo} Registering new domain class 'pt.ist.fenixframework.adt.linkedlist.LinkedList' with id '9'
 INFO  [pool-1-thread-1] {pt.ist.fenixframework.backend.jvstm.pstm.DomainClassInfo} Registering new domain class 'pt.ist.fenixframework.adt.bplustree.AbstractNodeArray' with id 'a'
 INFO  [pool-1-thread-1] {pt.ist.fenixframework.backend.jvstm.pstm.DomainClassInfo} Registering new domain class 'pt.ist.fenixframework.adt.bplustree.InnerNodeArray' with id 'b'
 INFO  [pool-1-thread-1] {pt.ist.fenixframework.backend.jvstm.pstm.DomainClassInfo} Registering new domain class 'pt.ist.fenixframework.adt.bplustree.LeafNodeArray' with id 'c'
 INFO  [pool-1-thread-1] {pt.ist.fenixframework.backend.jvstm.pstm.DomainClassInfo} Registering new domain class 'pt.ist.fenixframework.backend.jvstm.pstm.FenixFrameworkData' with id 'd'
 INFO  [pool-1-thread-1] {pt.ist.fenixframework.backend.jvstm.pstm.DomainClassInfo} Registering new domain class 'pt.ist.fenixframework.adt.bplustree.DomainBPlusTree' with id 'e'
 INFO  [pool-1-thread-1] {pt.ist.fenixframework.backend.jvstm.pstm.DomainClassInfo} Registering new domain class 'pt.ist.fenixframework.adt.bplustree.AbstractNode' with id 'f'
 INFO  [pool-1-thread-1] {pt.ist.fenixframework.backend.jvstm.JVSTMBackEnd} setupJVSTM
 INFO  [pool-1-thread-1] {pt.ist.fenixframework.backend.jvstm.JVSTMBackEnd} Setting the last committed TX number to 0
 INFO  [pool-1-thread-1] {pt.ist.fenixframework.backend.jvstm.JVSTMBackEnd} createDomainRootIfNeeded
 INFO  [pool-1-thread-1] {pt.ist.fenixframework.DomainRoot} Created DomainRoot instance
 INFO  [pool-1-thread-1] {pt.ist.fenixframework.backend.jvstm.JVSTMBackEnd} ensureFenixFrameworkDataExists
 INFO  [pool-1-thread-1] {pt.ist.fenixframework.backend.jvstm.cluster.ClusterUtils} Notify other nodes that startup completed
 INFO  [pool-1-thread-1] {pt.ist.fenixframework.hibernatesearch.HibernateSearchConfig} Resource 'fenix-framework-hibernate-search.properties' not found. Hibernate Search disabled
 INFO  [pool-1-thread-1] {pt.ist.fenixframework.FenixFramework} Initialization of Fenix Framework is now complete.
 INFO  [pool-1-thread-1] {org.radargun.cachewrappers.FFWrapper} FF STARTED=true
 INFO  [pool-1-thread-1] {org.radargun.stages.helpers.StartHelper} Number of members=1 is not the one expected: 6
 INFO  [hz._hzInstance_1_FenixFrameworkGroup.cached.thread-2] {com.hazelcast.nio.SocketAcceptor} [127.0.0.1]:5701 [FenixFrameworkGroup] 5701 is accepting socket connection from /127.0.0.1:35140
 INFO  [hz._hzInstance_1_FenixFrameworkGroup.cached.thread-2] {com.hazelcast.nio.TcpIpConnectionManager} [127.0.0.1]:5701 [FenixFrameworkGroup] 5701 accepted socket connection from /127.0.0.1:35140
 INFO  [pool-1-thread-1] {org.radargun.stages.helpers.StartHelper} Number of members=1 is not the one expected: 6
 INFO  [hz._hzInstance_1_FenixFrameworkGroup.cached.thread-2] {com.hazelcast.nio.SocketAcceptor} [127.0.0.1]:5701 [FenixFrameworkGroup] 5701 is accepting socket connection from /127.0.0.1:54086
 INFO  [hz._hzInstance_1_FenixFrameworkGroup.cached.thread-2] {com.hazelcast.nio.TcpIpConnectionManager} [127.0.0.1]:5701 [FenixFrameworkGroup] 5701 accepted socket connection from /127.0.0.1:54086
 INFO  [pool-1-thread-1] {org.radargun.stages.helpers.StartHelper} Number of members=1 is not the one expected: 6
 INFO  [hz._hzInstance_1_FenixFrameworkGroup.cached.thread-2] {com.hazelcast.nio.SocketAcceptor} [127.0.0.1]:5701 [FenixFrameworkGroup] 5701 is accepting socket connection from /127.0.0.1:60198
 INFO  [hz._hzInstance_1_FenixFrameworkGroup.cached.thread-2] {com.hazelcast.nio.TcpIpConnectionManager} [127.0.0.1]:5701 [FenixFrameworkGroup] 5701 accepted socket connection from /127.0.0.1:60198
 INFO  [pool-1-thread-1] {org.radargun.stages.helpers.StartHelper} Number of members=1 is not the one expected: 6
 INFO  [hz._hzInstance_1_FenixFrameworkGroup.cached.thread-2] {com.hazelcast.nio.SocketAcceptor} [127.0.0.1]:5701 [FenixFrameworkGroup] 5701 is accepting socket connection from /127.0.0.1:59693
 INFO  [hz._hzInstance_1_FenixFrameworkGroup.cached.thread-2] {com.hazelcast.nio.TcpIpConnectionManager} [127.0.0.1]:5701 [FenixFrameworkGroup] 5701 accepted socket connection from /127.0.0.1:59693
 INFO  [pool-1-thread-1] {org.radargun.stages.helpers.StartHelper} Number of members=1 is not the one expected: 6
 INFO  [pool-1-thread-1] {org.radargun.stages.helpers.StartHelper} Number of members=1 is not the one expected: 6
 INFO  [pool-1-thread-1] {org.radargun.stages.helpers.StartHelper} Number of members=1 is not the one expected: 6
[GC 259695K->20775K(2944064K), 0.0537960 secs]
 INFO  [pool-1-thread-1] {org.radargun.stages.helpers.StartHelper} Number of members=1 is not the one expected: 6
 INFO  [pool-1-thread-1] {org.radargun.stages.helpers.StartHelper} Number of members=1 is not the one expected: 6
 INFO  [pool-1-thread-1] {org.radargun.stages.helpers.StartHelper} Number of members=1 is not the one expected: 6
 INFO  [pool-1-thread-1] {org.radargun.stages.helpers.StartHelper} Number of members=1 is not the one expected: 6
 INFO  [hz._hzInstance_1_FenixFrameworkGroup.cached.thread-2] {com.hazelcast.cluster.ClusterService} [127.0.0.1]:5701 [FenixFrameworkGroup] 

Members [6] {
	Member [127.0.0.1]:5701 this
	Member [127.0.0.1]:5702
	Member [127.0.0.1]:5704
	Member [127.0.0.1]:5705
	Member [127.0.0.1]:5706
	Member [127.0.0.1]:5703
}

 INFO  [hz._hzInstance_1_FenixFrameworkGroup.migration] {com.hazelcast.partition.PartitionService} [127.0.0.1]:5701 [FenixFrameworkGroup] Re-partitioning cluster data... Migration queue size: 226
 INFO  [hz._hzInstance_1_FenixFrameworkGroup.migration] {com.hazelcast.partition.PartitionService} [127.0.0.1]:5701 [FenixFrameworkGroup] Re-partitioning cluster data... Migration queue size: 226
 INFO  [pool-1-thread-1] {org.radargun.stages.helpers.StartHelper} Number of members is the one expected: 6
 INFO  [pool-1-thread-1] {org.radargun.stages.StartClusterStage} Successfully started cache wrapper on slave 0: org.radargun.cachewrappers.FFWrapper@45e1feaf
 INFO  [pool-1-thread-1] {org.radargun.Slave} Finished stage: StartCluster {config=ispn52-repl-sync-rc.xml, delayAfterFirstSlaveStarts=5.000 secs, delayBetweenStartingSlaves=0.500 secs, exitBenchmarkOnSlaveFailure=true, expectNumSlaves=null, mayFailOn=null, reachable=null, runOnAllSlaves=false, slaves=null, staggerSlaveStartup=true, useSmartClassLoading=true, validateCluster=true }
 INFO  [main] {org.radargun.Slave} Ack successfully sent to the master
 INFO  [hz._hzInstance_1_FenixFrameworkGroup.migration] {com.hazelcast.partition.PartitionService} [127.0.0.1]:5701 [FenixFrameworkGroup] All migration tasks has been completed, queues are empty.
 INFO  [Incoming-1,deimos-esw-12913] {org.infinispan.remoting.transport.jgroups.JGroupsTransport} ISPN000094: Received new cluster view: [deimos-esw-12913|1] [deimos-esw-12913, deimos-esw-59268]
 INFO  [Incoming-3,deimos-esw-12913] {org.infinispan.remoting.transport.jgroups.JGroupsTransport} ISPN000094: Received new cluster view: [deimos-esw-12913|2] [deimos-esw-12913, deimos-esw-59268, deimos-esw-54646, deimos-esw-58931]
 INFO  [Incoming-4,deimos-esw-12913] {org.infinispan.remoting.transport.jgroups.JGroupsTransport} ISPN000094: Received new cluster view: [deimos-esw-12913|3] [deimos-esw-12913, deimos-esw-59268, deimos-esw-54646, deimos-esw-58931, deimos-esw-44270]
 INFO  [Incoming-4,deimos-esw-12913] {org.infinispan.remoting.transport.jgroups.JGroupsTransport} ISPN000094: Received new cluster view: [deimos-esw-12913|4] [deimos-esw-12913, deimos-esw-59268, deimos-esw-54646, deimos-esw-58931, deimos-esw-44270, deimos-esw-14908]
 INFO  [pool-1-thread-1] {org.radargun.Slave} Executing stage: ClusterValidation {exitBenchmarkOnSlaveFailure=false, partialReplication=false, replicationTimeSleep=2000, replicationTryCount=60, runOnAllSlaves=false, slaves=null, useSmartClassLoading=true }
 INFO  [pool-1-thread-1] {org.radargun.stages.ClusterValidationStage} Number of caches that replicated here is 0
 INFO  [pool-1-thread-1] {org.radargun.stages.ClusterValidationStage} Replication test failed, 1 tries so far. Sleeping for 2 seconds and trying again.
 INFO  [pool-1-thread-1] {org.radargun.stages.ClusterValidationStage} Number of caches that replicated here is 5
 INFO  [pool-1-thread-1] {org.radargun.stages.ClusterValidationStage} Replication test successfully passed. partialReplication? false, replicationCount = 5
 INFO  [pool-1-thread-1] {org.radargun.stages.ClusterValidationStage} Confirm phase successful.
 INFO  [pool-1-thread-1] {org.radargun.Slave} Finished stage: ClusterValidation {exitBenchmarkOnSlaveFailure=false, partialReplication=false, replicationTimeSleep=2000, replicationTryCount=60, runOnAllSlaves=false, slaves=[ 0, 1, 2, 3, 4, 5 ], useSmartClassLoading=true }
 INFO  [main] {org.radargun.Slave} Ack successfully sent to the master
 INFO  [pool-1-thread-1] {org.radargun.Slave} Executing stage: StressTestWarmup {bulkSize=1, cacheSpecificKeyGenerator=false, commitTransactions=true, duration=1 mins 0 secs, entrySize=1000, exitBenchmarkOnSlaveFailure=false, fixedKeys=true, generateHistogramRange=false, keyGeneratorClass=org.radargun.stressors.StringKeyGenerator, keyGeneratorParam=null, loadAllKeys=false, numEntries=100, numOfThreads=4, numRequests=10000, numThreads=4, numberOfAttributes=100, numberOfRequests=10000, opsCountStatusLog=100000, poolKeys=true, preferAsyncOperations=false, removePercentage=0, replaceInvalidPercentage=40, runOnAllSlaves=false, sharedKeys=false, sizeOfAnAttribute=1000, slaves=null, transactionSize=50, useAtomics=false, useHistogramStatistics=false, useSimpleStatistics=true, useSmartClassLoading=true, useTransactions=null, writePercentage=20, writeTxPercentage=20 }
 INFO  [pool-1-thread-1] {org.radargun.stages.StressTestWarmupStage} Starting StressTestWarmupStage: StressTestWarmup {bulkSize=1, cacheSpecificKeyGenerator=false, commitTransactions=true, duration=1 mins 0 secs, entrySize=1000, exitBenchmarkOnSlaveFailure=false, fixedKeys=true, generateHistogramRange=false, keyGeneratorClass=org.radargun.stressors.StringKeyGenerator, keyGeneratorParam=null, loadAllKeys=false, numEntries=100, numOfThreads=4, numRequests=10000, numThreads=4, numberOfAttributes=100, numberOfRequests=10000, opsCountStatusLog=100000, poolKeys=true, preferAsyncOperations=false, removePercentage=0, replaceInvalidPercentage=40, runOnAllSlaves=false, sharedKeys=false, sizeOfAnAttribute=1000, slaves=null, transactionSize=50, useAtomics=false, useHistogramStatistics=false, useSimpleStatistics=true, useSmartClassLoading=true, useTransactions=null, writePercentage=20, writeTxPercentage=20 }
 INFO  [pool-1-thread-1] {org.radargun.stressors.StressTestStressor} Using key generator org.radargun.stressors.StringKeyGenerator, param null
 INFO  [pool-1-thread-1] {org.radargun.stressors.StressTestStressor} Executing: StressTestStressor{opsCountStatusLog=100000, numRequests=10000, numEntries=100, entrySize=1000, writePercentage=20, numThreads=4, cacheWrapper=org.radargun.cachewrappers.FFWrapper@45e1feaf, nodeIndex=0, useTransactions=true, transactionSize=50, commitTransactions=true, durationMillis=60000}
 INFO  [pool-1-thread-1] {org.radargun.stressors.StressTestStressor} Cache wrapper info is: FFWrapper using infinispan52
[GC 276839K->14221K(2944064K), 0.0412400 secs]
[GC 270285K->18723K(2944064K), 0.0350070 secs]
 INFO  [pool-1-thread-1] {org.radargun.stressors.StressTestStressor} Started 4 stressor threads.
 INFO  [Stressor-2] {org.radargun.stressors.StressTestStressor} Number of ops executed so far: 1. Elapsed time: 0.000 secs. Remaining: 1 mins 0 secs. Total: 1 mins 0 secs
[GC 274787K->25242K(2944064K), 0.0408560 secs]
[GC 281306K->34625K(2944064K), 0.0404600 secs]
[GC 290689K->37385K(2944064K), 0.0455730 secs]
 INFO  [Stressor-3] {org.radargun.stressors.StressTestStressor} Number of ops executed so far: 18450. Elapsed time: 20.114 secs. Remaining: 39.886 secs. Total: 1 mins 0 secs
[GC 293449K->39042K(2944064K), 0.0473110 secs]
[GC 295106K->50094K(2944064K), 0.0495030 secs]
[GC 306158K->58883K(2944064K), 0.0495570 secs]
[GC 314947K->57885K(2944064K), 0.0483790 secs]
 INFO  [Stressor-3] {org.radargun.stressors.StressTestStressor} Number of ops executed so far: 43000. Elapsed time: 40.165 secs. Remaining: 19.835 secs. Total: 1 mins 0 secs
[GC 313949K->74840K(2944064K), 0.0548180 secs]
[GC 330904K->75739K(2944064K), 0.0523670 secs]
[GC 331803K->85205K(2944064K), 0.0552660 secs]
[GC 341269K->94442K(2944064K), 0.0607930 secs]
 INFO  [pool-1-thread-1] {org.radargun.stressors.StressTestStressor} Finished generating report. Test duration is: 1 mins 15 secs
 INFO  [pool-1-thread-1] {org.radargun.stages.StressTestWarmupStage} The warmup took: 75 seconds.
 INFO  [pool-1-thread-1] {org.radargun.Slave} Finished stage: StressTestWarmup {bulkSize=1, cacheSpecificKeyGenerator=false, commitTransactions=true, duration=1 mins 0 secs, entrySize=1000, exitBenchmarkOnSlaveFailure=false, fixedKeys=true, generateHistogramRange=false, keyGeneratorClass=org.radargun.stressors.StringKeyGenerator, keyGeneratorParam=null, loadAllKeys=false, numEntries=100, numOfThreads=4, numRequests=10000, numThreads=4, numberOfAttributes=100, numberOfRequests=10000, opsCountStatusLog=100000, poolKeys=true, preferAsyncOperations=false, removePercentage=0, replaceInvalidPercentage=40, runOnAllSlaves=false, sharedKeys=false, sizeOfAnAttribute=1000, slaves=null, transactionSize=50, useAtomics=false, useHistogramStatistics=false, useSimpleStatistics=true, useSmartClassLoading=true, useTransactions=null, writePercentage=20, writeTxPercentage=20 }
 INFO  [main] {org.radargun.Slave} Ack successfully sent to the master
[GC 350506K->115798K(2944064K), 0.0989930 secs]
[GC 371862K->99035K(2944064K), 0.0632490 secs]
[GC 355099K->117123K(2944064K), 0.0609900 secs]
[GC 373187K->113943K(2944064K), 0.0687500 secs]
[GC 369995K->143754K(2944064K), 0.0678130 secs]
[GC 399818K->136932K(2944064K), 0.0708270 secs]
[GC 392979K->158016K(2944064K), 0.0666100 secs]
[GC 414080K->157139K(2944064K), 0.0692900 secs]
[GC 413202K->200283K(2944064K), 0.0757780 secs]
 INFO  [pool-1-thread-1] {org.radargun.Slave} Executing stage: ClearClusterStage {ClearCluster {exitBenchmarkOnSlaveFailure=false, runOnAllSlaves=false, slaves=[ 0 ], useSmartClassLoading=true }
 INFO  [pool-1-thread-1] {org.radargun.stages.ClearClusterStage} Before executing clear, memory looks like this: Memory - free: 2,575,110 kb - max:4,906,688 kb- total:2,944,064 kb
 WARN  [pool-1-thread-1] {org.radargun.cachewrappers.FFWrapper} Fenix Framework never forgets...
[Full GC 368954K->164628K(2944064K), 0.8125960 secs]
 INFO  [pool-1-thread-1] {org.radargun.stages.ClearClusterStage} After executing cleanup, memory looks like this: Memory - free: 2,778,690 kb - max:4,906,688 kb- total:2,944,192 kb
 INFO  [pool-1-thread-1] {org.radargun.Slave} Finished stage: ClearClusterStage {ClearCluster {exitBenchmarkOnSlaveFailure=false, runOnAllSlaves=false, slaves=[ 0 ], useSmartClassLoading=true }
 INFO  [main] {org.radargun.Slave} Ack successfully sent to the master
 INFO  [pool-1-thread-1] {org.radargun.Slave} Executing stage: StressTest {bulkSize=1, cacheSpecificKeyGenerator=false, commitTransactions=true, duration=1 mins 0 secs, entrySize=1000, exitBenchmarkOnSlaveFailure=false, fixedKeys=true, generateHistogramRange=false, keyGeneratorClass=org.radargun.stressors.StringKeyGenerator, keyGeneratorParam=null, loadAllKeys=false, numEntries=1000, numOfThreads=4, numRequests=10000000, numThreads=4, numberOfAttributes=1000, numberOfRequests=10000000, opsCountStatusLog=500000, poolKeys=true, preferAsyncOperations=false, removePercentage=0, replaceInvalidPercentage=40, runOnAllSlaves=false, sharedKeys=false, sizeOfAnAttribute=1000, slaves=null, transactionSize=1000, useAtomics=false, useHistogramStatistics=false, useSimpleStatistics=true, useSmartClassLoading=true, useTransactions=true, writePercentage=10, writeTxPercentage=5 }
 INFO  [pool-1-thread-1] {org.radargun.stages.StressTestStage} Starting StressTestStage: StressTest {bulkSize=1, cacheSpecificKeyGenerator=false, commitTransactions=true, duration=1 mins 0 secs, entrySize=1000, exitBenchmarkOnSlaveFailure=false, fixedKeys=true, generateHistogramRange=false, keyGeneratorClass=org.radargun.stressors.StringKeyGenerator, keyGeneratorParam=null, loadAllKeys=false, numEntries=1000, numOfThreads=4, numRequests=10000000, numThreads=4, numberOfAttributes=1000, numberOfRequests=10000000, opsCountStatusLog=500000, poolKeys=true, preferAsyncOperations=false, removePercentage=0, replaceInvalidPercentage=40, runOnAllSlaves=false, sharedKeys=false, sizeOfAnAttribute=1000, slaves=null, transactionSize=1000, useAtomics=false, useHistogramStatistics=false, useSimpleStatistics=true, useSmartClassLoading=true, useTransactions=true, writePercentage=10, writeTxPercentage=5 }
 INFO  [pool-1-thread-1] {org.radargun.stressors.StressTestStressor} Using key generator org.radargun.stressors.StringKeyGenerator, param null
 INFO  [pool-1-thread-1] {org.radargun.stressors.StressTestStressor} Executing: StressTestStressor{opsCountStatusLog=500000, numRequests=10000000, numEntries=1000, entrySize=1000, writePercentage=10, numThreads=4, cacheWrapper=org.radargun.cachewrappers.FFWrapper@45e1feaf, nodeIndex=0, useTransactions=true, transactionSize=1000, commitTransactions=true, durationMillis=60000}
 INFO  [pool-1-thread-1] {org.radargun.stressors.StressTestStressor} Cache wrapper info is: FFWrapper using infinispan52
[GC 420756K->239177K(2944192K), 0.0369520 secs]
[GC 495305K->184052K(2944192K), 0.0335540 secs]
[GC 440180K->176420K(2944192K), 0.0402300 secs]
[GC 432548K->181346K(2944192K), 0.0471610 secs]
[GC 437458K->190229K(2944192K), 0.0402900 secs]
[GC 446357K->198076K(2944192K), 0.0410960 secs]
[GC 454204K->216045K(2944192K), 0.0471280 secs]
[GC 472173K->236874K(2944192K), 0.0705320 secs]
[GC 493002K->258021K(2944192K), 0.0521670 secs]
[GC 514137K->278432K(2944192K), 0.0589360 secs]
[GC 534560K->298422K(2944192K), 0.0873880 secs]
[GC 554550K->277209K(2944192K), 0.0669600 secs]
[GC 533337K->313402K(2944192K), 0.0719170 secs]
[GC 569530K->316295K(2944192K), 0.0719830 secs]
[GC 572423K->313142K(2944192K), 0.0723820 secs]
[GC 569270K->344173K(2944192K), 0.0765670 secs]
[GC 600301K->338283K(2944192K), 0.0739660 secs]
[GC 594353K->348770K(2944192K), 0.0702010 secs]
[GC 604898K->378604K(2944192K), 0.0782790 secs]
[GC 634732K->390383K(2944192K), 0.0712710 secs]
[GC 646511K->383159K(2944192K), 0.0728030 secs]
[GC 639287K->393717K(2944192K), 0.0673860 secs]
[GC 649790K->422689K(2944192K), 0.0704570 secs]
[GC 678817K->415731K(2944192K), 0.0671980 secs]
 INFO  [pool-1-thread-1] {org.radargun.stressors.StressTestStressor} Started 4 stressor threads.
 INFO  [Stressor-3] {org.radargun.stressors.StressTestStressor} Number of ops executed so far: 1. Elapsed time: 0.000 secs. Remaining: 1 mins 0 secs. Total: 1 mins 0 secs
[GC 671859K->443640K(2944192K), 0.0725920 secs]
[GC 699758K->455306K(2944192K), 0.0752220 secs]
[GC 711434K->462837K(2944192K), 0.0627670 secs]
[GC 718965K->485456K(2944192K), 0.0520700 secs]
[GC 741584K->488343K(2944192K), 0.0738090 secs]
[GC 744471K->491288K(2944192K), 0.0532470 secs]
[GC 747117K->476600K(2944192K), 0.0577930 secs]
[GC 732691K->487627K(2944192K), 0.0468240 secs]
[GC 743755K->490492K(2944192K), 0.0580980 secs]
[GC 746373K->512118K(2944192K), 0.0538100 secs]
[GC 768246K->513301K(2944192K), 0.0626890 secs]
[GC 769429K->504909K(2944192K), 0.0514030 secs]
[GC 761037K->519244K(2944192K), 0.0515410 secs]
[GC 775372K->525592K(2944192K), 0.0593280 secs]
 WARN  [hz._hzInstance_1_FenixFrameworkGroup.event] {com.hazelcast.spi.EventService} [127.0.0.1]:5701 [FenixFrameworkGroup] Caution: Off-load event processing to your own thread-pool, don't use event thread!
[GC 781680K->518447K(2944192K), 0.0539360 secs]
[GC 774575K->556845K(2944192K), 0.0644180 secs]
 INFO  [Stressor-0] {org.radargun.stressors.StressTestStressor} Number of ops executed so far: 3968903. Elapsed time: 20.000 secs. Remaining: 40.000 secs. Total: 1 mins 0 secs
[GC 812695K->553899K(2944192K), 0.0614770 secs]
[GC 810027K->541750K(2944192K), 0.0500510 secs]
[GC 797878K->570591K(2944192K), 0.0523150 secs]
[GC 826719K->562751K(2944192K), 0.0595660 secs]
[GC 818879K->587551K(2944192K), 0.0551350 secs]
[GC 843679K->584267K(2944192K), 0.0672400 secs]
[GC 840395K->570747K(2944192K), 0.0517420 secs]
[GC 826875K->583819K(2944192K), 0.0552770 secs]
[GC 839947K->626403K(2944192K), 0.0639450 secs]
[GC 882506K->606936K(2944192K), 0.0655150 secs]
[GC 863064K->597231K(2944192K), 0.0512370 secs]
[GC 853287K->624879K(2944192K), 0.0537770 secs]
[GC 881007K->618819K(2944192K), 0.0672740 secs]
[GC 874947K->626489K(2944192K), 0.0529590 secs]
[GC 882591K->630334K(2944192K), 0.0688940 secs]
[GC 886415K->639321K(2944192K), 0.0530960 secs]
 INFO  [Stressor-2] {org.radargun.stressors.StressTestStressor} Number of ops executed so far: 7239000. Elapsed time: 40.026 secs. Remaining: 19.974 secs. Total: 1 mins 0 secs
[GC 895222K->651939K(2944192K), 0.0683570 secs]
[GC 907981K->653147K(2944192K), 0.0597540 secs]
[GC 909275K->657047K(2944192K), 0.0600250 secs]
[GC 913175K->658619K(2944192K), 0.0473910 secs]
[GC 914747K->659528K(2944192K), 0.0552410 secs]
[GC 915606K->679174K(2944192K), 0.0514810 secs]
[GC 935302K->674216K(2944192K), 0.0651310 secs]
[GC 930344K->679826K(2944192K), 0.0534990 secs]
[GC 935954K->702552K(2944192K), 0.0629100 secs]
[GC 958680K->715265K(2944192K), 0.0622330 secs]
[GC 971393K->711647K(2944192K), 0.0551790 secs]
[GC 967666K->719379K(2944192K), 0.0616220 secs]
[GC 975507K->715335K(2944192K), 0.0513030 secs]
[GC 971463K->730349K(2944192K), 0.0615740 secs]
[GC 986474K->729443K(2944192K), 0.0465970 secs]
[GC 985344K->727281K(2944192K), 0.0549680 secs]
[GC 983319K->770024K(2944192K), 0.0525710 secs]
 INFO  [Stressor-3] {org.radargun.stressors.StressTestStressor} Number of ops executed so far: 12086000. Elapsed time: 1 mins 0 secs. Remaining: 0.000 secs. Total: 1 mins 0 secs
 INFO  [pool-1-thread-1] {org.radargun.stressors.StressTestStressor} Finished generating report. Test duration is: 2 mins 31 secs
 INFO  [pool-1-thread-1] {org.radargun.stages.StressTestStage} size info: FFWrapper using infinispan52, clusterSize:6, nodeIndex:0, cacheSize: -1
 INFO  [pool-1-thread-1] {org.radargun.Slave} Finished stage: StressTest {bulkSize=1, cacheSpecificKeyGenerator=false, commitTransactions=true, duration=1 mins 0 secs, entrySize=1000, exitBenchmarkOnSlaveFailure=false, fixedKeys=true, generateHistogramRange=false, keyGeneratorClass=org.radargun.stressors.StringKeyGenerator, keyGeneratorParam=null, loadAllKeys=false, numEntries=1000, numOfThreads=4, numRequests=10000000, numThreads=4, numberOfAttributes=1000, numberOfRequests=10000000, opsCountStatusLog=500000, poolKeys=true, preferAsyncOperations=false, removePercentage=0, replaceInvalidPercentage=40, runOnAllSlaves=false, sharedKeys=false, sizeOfAnAttribute=1000, slaves=null, transactionSize=1000, useAtomics=false, useHistogramStatistics=false, useSimpleStatistics=true, useSmartClassLoading=true, useTransactions=true, writePercentage=10, writeTxPercentage=5 }
 INFO  [main] {org.radargun.Slave} Ack successfully sent to the master
[GC 1026152K->759317K(2944192K), 0.0634610 secs]
[GC 1015445K->750610K(2944192K), 0.0440270 secs]
[GC 1006738K->728842K(2944192K), 0.0428350 secs]
[GC 984970K->734617K(2944192K), 0.0486800 secs]
[GC 990740K->758363K(2944192K), 0.0508080 secs]
[GC 1014313K->753735K(2944192K), 0.0601970 secs]
[GC 1009863K->787796K(2944192K), 0.0698010 secs]
[GC 1043924K->816346K(2944192K), 0.0777570 secs]
[GC 1072474K->791113K(2944192K), 0.0850540 secs]
[GC 1047241K->845463K(2944192K), 0.0799570 secs]
[GC 1101591K->814748K(2944192K), 0.0721370 secs]
[GC 1070876K->870893K(2944192K), 0.0719970 secs]
[GC 1127021K->840964K(2944192K), 0.0716180 secs]
[GC 1097092K->880878K(2944192K), 0.0760910 secs]
[GC 1136792K->904478K(2944192K), 0.0731520 secs]
[GC 1160606K->884048K(2944192K), 0.0751240 secs]
 WARN  [hz._hzInstance_1_FenixFrameworkGroup.event] {com.hazelcast.spi.EventService} [127.0.0.1]:5701 [FenixFrameworkGroup] Caution: Off-load event processing to your own thread-pool, don't use event thread!
[GC 1140176K->922726K(2944192K), 0.0777750 secs]
[GC 1178854K->945580K(2944192K), 0.0798320 secs]
[GC 1201576K->925996K(2944192K), 0.0789090 secs]
[GC 1182124K->963942K(2944192K), 0.0744590 secs]
[GC 1220070K->945839K(2944192K), 0.0759220 secs]
[GC 1201967K->975827K(2944192K), 0.0572420 secs]
[GC 1231955K->1002186K(2944192K), 0.0758460 secs]
[GC 1258314K->982784K(2944192K), 0.0890120 secs]
 WARN  [hz._hzInstance_1_FenixFrameworkGroup.event] {com.hazelcast.spi.EventService} [127.0.0.1]:5701 [FenixFrameworkGroup] Caution: Off-load event processing to your own thread-pool, don't use event thread!
[GC 1238737K->1019846K(2944192K), 0.0762540 secs]
[GC 1275974K->1044621K(2944192K), 0.0852630 secs]
[GC 1300749K->1057112K(2944192K), 0.0826270 secs]
[GC 1313240K->1073992K(2944192K), 0.0820990 secs]
[GC 1330092K->1090428K(2944192K), 0.0859620 secs]
[GC 1346556K->1090035K(2944192K), 0.0861400 secs]
[GC 1346163K->1107581K(2944192K), 0.0865880 secs]
[GC 1363709K->1124319K(2944192K), 0.0877270 secs]
[GC 1380447K->1140138K(2944192K), 0.0847740 secs]
[GC 1396266K->1156260K(2944192K), 0.0803120 secs]
 WARN  [hz._hzInstance_1_FenixFrameworkGroup.event] {com.hazelcast.spi.EventService} [127.0.0.1]:5701 [FenixFrameworkGroup] Caution: Off-load event processing to your own thread-pool, don't use event thread!
[GC 1412388K->1206468K(2944192K), 0.0826360 secs]
[GC 1462596K->1187442K(2944192K), 0.0845480 secs]
[GC 1443570K->1240154K(2944192K), 0.0804940 secs]
[GC 1496282K->1216790K(2944192K), 0.0823690 secs]
[GC 1472918K->1271544K(2944192K), 0.0760080 secs]
[GC 1527477K->1250310K(2944192K), 0.0781020 secs]
[GC 1506438K->1304325K(2944192K), 0.0788900 secs]
[GC 1560453K->1284246K(2944192K), 0.0835430 secs]
[GC 1540374K->1332027K(2944192K), 0.0856260 secs]
[GC 1588155K->1355909K(2944192K), 0.0827470 secs]
[GC 1611882K->1363836K(2944192K), 0.0909380 secs]
[GC 1619964K->1379162K(2944192K), 0.0785680 secs]
[GC 1635290K->1396170K(2944192K), 0.0832350 secs]
[GC 1396232K(2944192K), 0.0429240 secs]
[GC 1652154K->1429539K(2944192K), 0.0868540 secs]
[GC 1568191K(2944192K), 0.0529890 secs]
[GC 1635428K->1362568K(2944192K), 0.0850120 secs]
[GC 1618696K->1414856K(2944192K), 0.0804420 secs]
[GC 1670984K->1394705K(2944192K), 0.0869300 secs]
[GC 1650833K->1450241K(2944192K), 0.0862730 secs]
 INFO  [main] {org.radargun.Slave} Master shutdown!
 INFO  [Thread-0] {org.radargun.ShutDownHook} Slave process is being shutdown
 INFO  [hz.ShutdownThread] {com.hazelcast.nio.TcpIpConnection} [127.0.0.1]:5701 [FenixFrameworkGroup] Connection [Address[127.0.0.1]:5706] lost. Reason: Explicit close
 INFO  [hz.ShutdownThread] {com.hazelcast.nio.TcpIpConnection} [127.0.0.1]:5701 [FenixFrameworkGroup] Connection [Address[127.0.0.1]:5705] lost. Reason: Explicit close
 INFO  [hz.ShutdownThread] {com.hazelcast.nio.TcpIpConnection} [127.0.0.1]:5701 [FenixFrameworkGroup] Connection [Address[127.0.0.1]:5702] lost. Reason: Explicit close
 INFO  [hz.ShutdownThread] {com.hazelcast.nio.TcpIpConnection} [127.0.0.1]:5701 [FenixFrameworkGroup] Connection [Address[127.0.0.1]:5704] lost. Reason: Explicit close
 INFO  [hz.ShutdownThread] {com.hazelcast.nio.TcpIpConnection} [127.0.0.1]:5701 [FenixFrameworkGroup] Connection [Address[127.0.0.1]:5703] lost. Reason: Explicit close
 INFO  [hz.ShutdownThread] {com.hazelcast.initializer} [127.0.0.1]:5701 [FenixFrameworkGroup] Destroying node initializer.
 INFO  [hz.ShutdownThread] {com.hazelcast.instance.Node} [127.0.0.1]:5701 [FenixFrameworkGroup] Hazelcast Shutdown is completed in 49 ms.
