2013-09-30 15:50:16,111 [main] INFO  [org.radargun.Slave] Attempting to connect to master 127.0.0.1:2103
2013-09-30 15:50:16,117 [main] INFO  [org.radargun.Slave] Successfully established connection with master at: 127.0.0.1:2103
2013-09-30 15:50:22,468 [pool-1-thread-1] INFO  [org.radargun.config.AnnotatedHelper] Loading JARS from /home/smf/github/radargun/target/distribution/RadarGun-1.1.0-SNAPSHOT/lib/radargun-framework-1.1.0-SNAPSHOT.jar
2013-09-30 15:50:22,610 [pool-1-thread-1] INFO  [org.radargun.config.AnnotatedHelper] Loading JARS from /home/smf/github/radargun/target/distribution/RadarGun-1.1.0-SNAPSHOT/lib/radargun-framework-1.1.0-SNAPSHOT.jar
2013-09-30 15:50:22,962 [pool-1-thread-1] INFO  [org.radargun.Slave] Executing stage: DestroyWrapper {enforceMemoryThrashHold=true, exitBenchmarkOnSlaveFailure=false, heapDumpDir=null, memoryThreshold=95, runOnAllSlaves=true, slaves=null, useSmartClassLoading=true }
2013-09-30 15:50:22,963 [pool-1-thread-1] INFO  [org.radargun.stages.DestroyWrapperStage] Received destroy cache wrapper request from master...
2013-09-30 15:50:22,963 [pool-1-thread-1] INFO  [org.radargun.stages.DestroyWrapperStage] No cache wrapper deployed on this slave, nothing to do.
2013-09-30 15:50:22,964 [pool-1-thread-1] INFO  [org.radargun.stages.DestroyWrapperStage] Before executing clear, memory looks like this: Memory - free: 2,928,638 kb - max:4,906,688 kb- total:2,944,000 kb
2013-09-30 15:50:23,131 [pool-1-thread-1] INFO  [org.radargun.stages.DestroyWrapperStage] After executing cleanup, memory looks like this: Memory - free: 2,935,311 kb - max:4,906,688 kb- total:2,944,064 kb
2013-09-30 15:50:23,164 [pool-1-thread-1] INFO  [org.radargun.Slave] Finished stage: DestroyWrapper {enforceMemoryThrashHold=true, exitBenchmarkOnSlaveFailure=false, heapDumpDir=null, memoryThreshold=95, runOnAllSlaves=true, slaves=null, useSmartClassLoading=true }
2013-09-30 15:50:23,164 [main] INFO  [org.radargun.Slave] Ack successfully sent to the master
2013-09-30 15:50:23,257 [pool-1-thread-1] INFO  [org.radargun.Slave] Executing stage: StartCluster {config=ispn52-repl-sync-rc.xml, delayAfterFirstSlaveStarts=5.000 secs, delayBetweenStartingSlaves=0.500 secs, exitBenchmarkOnSlaveFailure=true, expectNumSlaves=null, mayFailOn=null, reachable=null, runOnAllSlaves=false, slaves=null, staggerSlaveStartup=true, useSmartClassLoading=true, validateCluster=true }
2013-09-30 15:50:23,257 [pool-1-thread-1] INFO  [org.radargun.stages.StartClusterStage]  Startup staggering, starting 12 slaves. This is the slave with index 5. Sleeping for 7500 millis.
2013-09-30 15:50:30,758 [pool-1-thread-1] INFO  [org.radargun.stages.StartClusterStage] Ack master's StartCluster stage. Local address is: /127.0.0.1. This slave's index is: 5
2013-09-30 15:50:30,783 [pool-1-thread-1] INFO  [org.radargun.utils.ClassLoadHelper] Creating newInstance org.radargun.cachewrappers.FFWrapperLF with classloader java.net.URLClassLoader@50246923
2013-09-30 15:50:30,839 [pool-1-thread-1] INFO  [org.radargun.cachewrappers.FFWrapperLF] config=ispn52-repl-sync-rc.xml, isLocal=false, nodeIndex=5, confAttributes={name=ispn52-repl-sync-rc.xml, decorate=infinispan52}
2013-09-30 15:50:30,891 [pool-1-thread-1] INFO  [org.radargun.cachewrappers.FFWrapperLF] Found fenix framework config options in 'rg-fenix-framework-config-options.properties'.
2013-09-30 15:50:30,891 [pool-1-thread-1] INFO  [org.radargun.cachewrappers.FFWrapperLF] Setting extra config properties for Fenix Framework.
2013-09-30 15:50:30,892 [pool-1-thread-1] INFO  [org.radargun.cachewrappers.FFWrapperLF] Will initialize Fenix Framework with RadarGunDataGridConfig
2013-09-30 15:50:30,894 [pool-1-thread-1] TRACE [pt.ist.fenixframework.FenixFramework] Static initializer block for FenixFramework class [BEGIN]
2013-09-30 15:50:30,894 [pool-1-thread-1] INFO  [pt.ist.fenixframework.FenixFramework] Trying auto-initialization with configuration by convention
2013-09-30 15:50:30,895 [pool-1-thread-1] INFO  [pt.ist.fenixframework.FenixFramework] Resource 'fenix-framework.properties' not found
2013-09-30 15:50:30,895 [pool-1-thread-1] DEBUG [pt.ist.fenixframework.FenixFramework] Fenix Framework properties after reading default config file:{}
2013-09-30 15:50:30,895 [pool-1-thread-1] DEBUG [pt.ist.fenixframework.FenixFramework] CurrentBackEndName = jvstm-lf
2013-09-30 15:50:30,896 [pool-1-thread-1] INFO  [pt.ist.fenixframework.FenixFramework] Resource 'fenix-framework-jvstm-lf.properties' not found
2013-09-30 15:50:30,896 [pool-1-thread-1] DEBUG [pt.ist.fenixframework.FenixFramework] Fenix Framework properties after reading backend config file:{}
2013-09-30 15:50:30,897 [pool-1-thread-1] DEBUG [pt.ist.fenixframework.FenixFramework] Fenix Framework properties after enforcing system properties:{}
2013-09-30 15:50:30,897 [pool-1-thread-1] INFO  [pt.ist.fenixframework.FenixFramework] Skipping configuration by convention.
2013-09-30 15:50:30,897 [pool-1-thread-1] TRACE [pt.ist.fenixframework.FenixFramework] Static initializer block for FenixFramework class [END]
2013-09-30 15:50:30,897 [pool-1-thread-1] INFO  [pt.ist.fenixframework.FenixFramework] Initializing Fenix Framework with config.class=pt.ist.fenixframework.backend.jvstm.datagrid.radargun.RadarGunDataGridConfig
2013-09-30 15:50:31,047 [pool-1-thread-1] INFO  [pt.ist.fenixframework.backend.jvstm.lf.JvstmLockFreeBackEnd] initializeTransactionFactory()
2013-09-30 15:50:31,083 [pool-1-thread-1] INFO  [pt.ist.fenixframework.backend.jvstm.lf.JvstmLockFreeBackEnd] initializeGroupCommunication()
2013-09-30 15:50:31,111 [pool-1-thread-1] INFO  [com.hazelcast.config.ClasspathXmlConfig] Configuring Hazelcast from 'hazelcast-ff.xml'.
2013-09-30 15:50:31,230 [main] INFO  [org.radargun.Slave] Master shutdown!
2013-09-30 15:50:31,234 [Thread-0] INFO  [org.radargun.ShutDownHook] Slave process is being shutdown
