2013-09-28 11:37:26,120 [main] INFO  [org.radargun.Slave] Attempting to connect to master 127.0.0.1:2103
2013-09-28 11:37:26,126 [main] INFO  [org.radargun.Slave] Successfully established connection with master at: 127.0.0.1:2103
2013-09-28 11:37:26,238 [pool-1-thread-1] INFO  [org.radargun.config.AnnotatedHelper] Loading JARS from /home/smf/github/radargun/target/distribution/RadarGun-1.1.0-SNAPSHOT/lib/radargun-framework-1.1.0-SNAPSHOT.jar
2013-09-28 11:37:26,378 [pool-1-thread-1] INFO  [org.radargun.config.AnnotatedHelper] Loading JARS from /home/smf/github/radargun/target/distribution/RadarGun-1.1.0-SNAPSHOT/lib/radargun-framework-1.1.0-SNAPSHOT.jar
2013-09-28 11:37:26,723 [pool-1-thread-1] INFO  [org.radargun.Slave] Executing stage: DestroyWrapper {enforceMemoryThrashHold=true, exitBenchmarkOnSlaveFailure=false, heapDumpDir=null, memoryThreshold=95, runOnAllSlaves=true, slaves=null, useSmartClassLoading=true }
2013-09-28 11:37:26,723 [pool-1-thread-1] INFO  [org.radargun.stages.DestroyWrapperStage] Received destroy cache wrapper request from master...
2013-09-28 11:37:26,723 [pool-1-thread-1] INFO  [org.radargun.stages.DestroyWrapperStage] No cache wrapper deployed on this slave, nothing to do.
2013-09-28 11:37:26,724 [pool-1-thread-1] INFO  [org.radargun.stages.DestroyWrapperStage] Before executing clear, memory looks like this: Memory - free: 2,928,638 kb - max:4,906,688 kb- total:2,944,000 kb
2013-09-28 11:37:26,909 [pool-1-thread-1] INFO  [org.radargun.stages.DestroyWrapperStage] After executing cleanup, memory looks like this: Memory - free: 2,935,311 kb - max:4,906,688 kb- total:2,944,064 kb
2013-09-28 11:37:26,929 [pool-1-thread-1] INFO  [org.radargun.Slave] Finished stage: DestroyWrapper {enforceMemoryThrashHold=true, exitBenchmarkOnSlaveFailure=false, heapDumpDir=null, memoryThreshold=95, runOnAllSlaves=true, slaves=null, useSmartClassLoading=true }
2013-09-28 11:37:26,930 [main] INFO  [org.radargun.Slave] Ack successfully sent to the master
2013-09-28 11:37:27,003 [pool-1-thread-1] INFO  [org.radargun.Slave] Executing stage: StartCluster {config=ispn52-repl-sync-rc.xml, delayAfterFirstSlaveStarts=5.000 secs, delayBetweenStartingSlaves=0.500 secs, exitBenchmarkOnSlaveFailure=true, expectNumSlaves=null, mayFailOn=null, reachable=null, runOnAllSlaves=false, slaves=null, staggerSlaveStartup=true, useSmartClassLoading=true, validateCluster=true }
2013-09-28 11:37:27,003 [pool-1-thread-1] INFO  [org.radargun.stages.StartClusterStage]  Startup staggering, starting 12 slaves. This is the slave with index 11. Sleeping for 10500 millis.
2013-09-28 11:37:37,504 [pool-1-thread-1] INFO  [org.radargun.stages.StartClusterStage] Ack master's StartCluster stage. Local address is: /127.0.0.1. This slave's index is: 11
2013-09-28 11:37:37,533 [pool-1-thread-1] INFO  [org.radargun.utils.ClassLoadHelper] Creating newInstance org.radargun.cachewrappers.InfinispanXSWrapper with classloader java.net.URLClassLoader@2527bdee
2013-09-28 11:37:37,683 [pool-1-thread-1] INFO  [org.radargun.cachewrappers.InfinispanXSWrapper] Cannot find any site for slave index 11
2013-09-28 11:37:38,512 [pool-1-thread-1] INFO  [org.infinispan.remoting.transport.jgroups.JGroupsTransport] ISPN000078: Starting JGroups Channel
2013-09-28 11:37:39,128 [pool-1-thread-1] WARN  [org.jgroups.protocols.UDP] [JGRP00014] the send buffer of socket DatagramSocket was set to 640KB, but the OS only allocated 229.38KB. This might lead to performance problems. Please set your max send buffer in the OS correctly (e.g. net.core.wmem_max on Linux)
2013-09-28 11:37:39,128 [pool-1-thread-1] WARN  [org.jgroups.protocols.UDP] [JGRP00014] the receive buffer of socket DatagramSocket was set to 20MB, but the OS only allocated 229.38KB. This might lead to performance problems. Please set your max receive buffer in the OS correctly (e.g. net.core.rmem_max on Linux)
2013-09-28 11:37:39,129 [pool-1-thread-1] WARN  [org.jgroups.protocols.UDP] [JGRP00014] the send buffer of socket MulticastSocket was set to 640KB, but the OS only allocated 229.38KB. This might lead to performance problems. Please set your max send buffer in the OS correctly (e.g. net.core.wmem_max on Linux)
2013-09-28 11:37:39,129 [pool-1-thread-1] WARN  [org.jgroups.protocols.UDP] [JGRP00014] the receive buffer of socket MulticastSocket was set to 25MB, but the OS only allocated 229.38KB. This might lead to performance problems. Please set your max receive buffer in the OS correctly (e.g. net.core.rmem_max on Linux)
2013-09-28 11:37:39,288 [pool-1-thread-1] INFO  [org.infinispan.remoting.transport.jgroups.JGroupsTransport] ISPN000094: Received new cluster view: [deimos-esw-40929|11] [deimos-esw-40929, deimos-esw-48914, deimos-esw-42785, deimos-esw-6237, deimos-esw-659, deimos-esw-11539, deimos-esw-15637, deimos-esw-52237, deimos-esw-38037, deimos-esw-6617, deimos-esw-62882, deimos-esw-28525]
2013-09-28 11:37:39,292 [pool-1-thread-1] INFO  [org.infinispan.remoting.transport.jgroups.JGroupsTransport] ISPN000079: Cache local address is deimos-esw-28525, physical addresses are [127.0.0.1:52011]
2013-09-28 11:37:39,301 [pool-1-thread-1] INFO  [org.infinispan.factories.GlobalComponentRegistry] ISPN000128: Infinispan version: Infinispan 'Delirium' 5.2.6.Final
2013-09-28 11:37:39,476 [pool-1-thread-1] INFO  [org.infinispan.transaction.lookup.JBossStandaloneJTAManagerLookup] ISPN000107: Retrieving transaction manager Transaction: unknown
2013-09-28 11:37:39,759 [pool-1-thread-1] INFO  [org.infinispan.jmx.CacheJmxRegistration] ISPN000031: MBeans were successfully registered to the platform MBean server.
2013-09-28 11:37:39,851 [pool-1-thread-1] INFO  [org.radargun.cachewrappers.InfinispanXSWrapper] Using transaction manager: Transaction: unknown
2013-09-28 11:37:39,852 [pool-1-thread-1] INFO  [org.radargun.cachewrappers.InfinispanXSWrapper] No RELAY2 protocol in XS wrapper
2013-09-28 11:37:39,863 [pool-1-thread-1] INFO  [org.radargun.cachewrappers.InfinispanXSWrapper] JGroups version: JGroups 3.2.7.Final
2013-09-28 11:37:39,863 [pool-1-thread-1] INFO  [org.radargun.cachewrappers.InfinispanXSWrapper] Using config attributes: {name=ispn52-repl-sync-rc.xml}
2013-09-28 11:37:39,872 [pool-1-thread-1] INFO  [org.radargun.stages.helpers.StartHelper] Number of members is the one expected: 12
2013-09-28 11:37:39,872 [pool-1-thread-1] INFO  [org.radargun.stages.StartClusterStage] Successfully started cache wrapper on slave 11: org.radargun.cachewrappers.InfinispanXSWrapper@4e7c484c
2013-09-28 11:37:39,876 [pool-1-thread-1] INFO  [org.radargun.Slave] Finished stage: StartCluster {config=ispn52-repl-sync-rc.xml, delayAfterFirstSlaveStarts=5.000 secs, delayBetweenStartingSlaves=0.500 secs, exitBenchmarkOnSlaveFailure=true, expectNumSlaves=null, mayFailOn=null, reachable=null, runOnAllSlaves=false, slaves=null, staggerSlaveStartup=true, useSmartClassLoading=true, validateCluster=true }
2013-09-28 11:37:39,877 [main] INFO  [org.radargun.Slave] Ack successfully sent to the master
2013-09-28 11:37:40,170 [pool-1-thread-1] INFO  [org.radargun.Slave] Executing stage: ClusterValidation {exitBenchmarkOnSlaveFailure=false, partialReplication=false, replicationTimeSleep=2000, replicationTryCount=60, runOnAllSlaves=false, slaves=null, useSmartClassLoading=true }
2013-09-28 11:37:40,533 [pool-1-thread-1] INFO  [org.radargun.stages.ClusterValidationStage] Number of caches that replicated here is 11
2013-09-28 11:37:40,534 [pool-1-thread-1] INFO  [org.radargun.stages.ClusterValidationStage] Replication test successfully passed. partialReplication? false, replicationCount = 11
2013-09-28 11:37:40,580 [pool-1-thread-1] INFO  [org.radargun.stages.ClusterValidationStage] Confirm phase successful.
2013-09-28 11:37:40,582 [pool-1-thread-1] INFO  [org.radargun.Slave] Finished stage: ClusterValidation {exitBenchmarkOnSlaveFailure=false, partialReplication=false, replicationTimeSleep=2000, replicationTryCount=60, runOnAllSlaves=false, slaves=[ 0, 1, 2, 3, 4, 5, 6, 7, 8, 9, 10, 11 ], useSmartClassLoading=true }
2013-09-28 11:37:40,583 [main] INFO  [org.radargun.Slave] Ack successfully sent to the master
2013-09-28 11:37:41,634 [pool-1-thread-1] INFO  [org.radargun.Slave] Executing stage: StressTestWarmup {bulkSize=1, cacheSpecificKeyGenerator=false, commitTransactions=true, duration=1 mins 0 secs, entrySize=1000, exitBenchmarkOnSlaveFailure=false, fixedKeys=true, generateHistogramRange=false, keyGeneratorClass=org.radargun.stressors.StringKeyGenerator, keyGeneratorParam=null, loadAllKeys=false, numEntries=100, numOfThreads=4, numRequests=10000, numThreads=4, numberOfAttributes=100, numberOfRequests=10000, opsCountStatusLog=100000, poolKeys=true, preferAsyncOperations=false, removePercentage=0, replaceInvalidPercentage=40, runOnAllSlaves=false, sharedKeys=false, sizeOfAnAttribute=1000, slaves=null, transactionSize=50, useAtomics=false, useHistogramStatistics=false, useSimpleStatistics=true, useSmartClassLoading=true, useTransactions=null, writePercentage=20, writeTxPercentage=20 }
2013-09-28 11:37:41,639 [pool-1-thread-1] INFO  [org.radargun.stages.StressTestWarmupStage] Starting StressTestWarmupStage: StressTestWarmup {bulkSize=1, cacheSpecificKeyGenerator=false, commitTransactions=true, duration=1 mins 0 secs, entrySize=1000, exitBenchmarkOnSlaveFailure=false, fixedKeys=true, generateHistogramRange=false, keyGeneratorClass=org.radargun.stressors.StringKeyGenerator, keyGeneratorParam=null, loadAllKeys=false, numEntries=100, numOfThreads=4, numRequests=10000, numThreads=4, numberOfAttributes=100, numberOfRequests=10000, opsCountStatusLog=100000, poolKeys=true, preferAsyncOperations=false, removePercentage=0, replaceInvalidPercentage=40, runOnAllSlaves=false, sharedKeys=false, sizeOfAnAttribute=1000, slaves=null, transactionSize=50, useAtomics=false, useHistogramStatistics=false, useSimpleStatistics=true, useSmartClassLoading=true, useTransactions=null, writePercentage=20, writeTxPercentage=20 }
2013-09-28 11:37:41,647 [pool-1-thread-1] INFO  [org.radargun.stressors.StressTestStressor] Using key generator org.radargun.stressors.StringKeyGenerator, param null
2013-09-28 11:37:41,647 [pool-1-thread-1] INFO  [org.radargun.stressors.StressTestStressor] Executing: StressTestStressor{opsCountStatusLog=100000, numRequests=10000, numEntries=100, entrySize=1000, writePercentage=20, numThreads=4, cacheWrapper=org.radargun.cachewrappers.InfinispanXSWrapper@4e7c484c, nodeIndex=11, useTransactions=true, transactionSize=50, commitTransactions=true, durationMillis=60000}
2013-09-28 11:37:41,649 [pool-1-thread-1] INFO  [org.radargun.stressors.StressTestStressor] Cache wrapper info is: Running : 5.2.6.Final, config:ispn52-repl-sync-rc.xml, cacheName:testCache
2013-09-28 11:37:46,325 [pool-1-thread-1] INFO  [org.radargun.stressors.StressTestStressor] Started 4 stressor threads.
2013-09-28 11:37:46,329 [Stressor-1] INFO  [org.radargun.stressors.StressTestStressor] Number of ops executed so far: 1. Elapsed time: 0.001 secs. Remaining: 59.999 secs. Total: 1 mins 0 secs
2013-09-28 11:38:06,333 [Stressor-2] INFO  [org.radargun.stressors.StressTestStressor] Number of ops executed so far: 204550. Elapsed time: 20.006 secs. Remaining: 39.994 secs. Total: 1 mins 0 secs
2013-09-28 11:38:26,372 [Stressor-2] INFO  [org.radargun.stressors.StressTestStressor] Number of ops executed so far: 489700. Elapsed time: 40.044 secs. Remaining: 19.956 secs. Total: 1 mins 0 secs
2013-09-28 11:38:46,352 [pool-1-thread-1] INFO  [org.radargun.stressors.StressTestStressor] Finished generating report. Test duration is: 1 mins 4 secs
2013-09-28 11:38:46,355 [pool-1-thread-1] INFO  [org.radargun.stages.StressTestWarmupStage] The warmup took: 64 seconds.
2013-09-28 11:38:46,365 [pool-1-thread-1] INFO  [org.radargun.Slave] Finished stage: StressTestWarmup {bulkSize=1, cacheSpecificKeyGenerator=false, commitTransactions=true, duration=1 mins 0 secs, entrySize=1000, exitBenchmarkOnSlaveFailure=false, fixedKeys=true, generateHistogramRange=false, keyGeneratorClass=org.radargun.stressors.StringKeyGenerator, keyGeneratorParam=null, loadAllKeys=false, numEntries=100, numOfThreads=4, numRequests=10000, numThreads=4, numberOfAttributes=100, numberOfRequests=10000, opsCountStatusLog=100000, poolKeys=true, preferAsyncOperations=false, removePercentage=0, replaceInvalidPercentage=40, runOnAllSlaves=false, sharedKeys=false, sizeOfAnAttribute=1000, slaves=null, transactionSize=50, useAtomics=false, useHistogramStatistics=false, useSimpleStatistics=true, useSmartClassLoading=true, useTransactions=null, writePercentage=20, writeTxPercentage=20 }
2013-09-28 11:38:46,366 [main] INFO  [org.radargun.Slave] Ack successfully sent to the master
2013-09-28 11:38:46,391 [pool-1-thread-1] INFO  [org.radargun.Slave] Executing stage: ClearClusterStage {ClearCluster {exitBenchmarkOnSlaveFailure=false, runOnAllSlaves=false, slaves=[ 0 ], useSmartClassLoading=true }
2013-09-28 11:38:46,392 [pool-1-thread-1] INFO  [org.radargun.stages.ClearClusterStage] Before executing clear, memory looks like this: Memory - free: 2,679,873 kb - max:4,906,688 kb- total:2,944,064 kb
2013-09-28 11:38:47,789 [pool-1-thread-1] INFO  [org.radargun.stages.ClearClusterStage] After executing cleanup, memory looks like this: Memory - free: 2,920,060 kb - max:4,906,688 kb- total:2,944,192 kb
2013-09-28 11:38:47,791 [pool-1-thread-1] INFO  [org.radargun.Slave] Finished stage: ClearClusterStage {ClearCluster {exitBenchmarkOnSlaveFailure=false, runOnAllSlaves=false, slaves=[ 0 ], useSmartClassLoading=true }
2013-09-28 11:38:47,792 [main] INFO  [org.radargun.Slave] Ack successfully sent to the master
2013-09-28 11:38:47,815 [pool-1-thread-1] INFO  [org.radargun.Slave] Executing stage: StressTest {bulkSize=1, cacheSpecificKeyGenerator=false, commitTransactions=true, duration=1 mins 0 secs, entrySize=1000, exitBenchmarkOnSlaveFailure=false, fixedKeys=true, generateHistogramRange=false, keyGeneratorClass=org.radargun.stressors.StringKeyGenerator, keyGeneratorParam=null, loadAllKeys=false, numEntries=1000, numOfThreads=4, numRequests=10000000, numThreads=4, numberOfAttributes=1000, numberOfRequests=10000000, opsCountStatusLog=500000, poolKeys=true, preferAsyncOperations=false, removePercentage=0, replaceInvalidPercentage=40, runOnAllSlaves=false, sharedKeys=false, sizeOfAnAttribute=1000, slaves=null, transactionSize=1000, useAtomics=false, useHistogramStatistics=false, useSimpleStatistics=true, useSmartClassLoading=true, useTransactions=true, writePercentage=10, writeTxPercentage=20 }
2013-09-28 11:38:47,819 [pool-1-thread-1] INFO  [org.radargun.stages.StressTestStage] Starting StressTestStage: StressTest {bulkSize=1, cacheSpecificKeyGenerator=false, commitTransactions=true, duration=1 mins 0 secs, entrySize=1000, exitBenchmarkOnSlaveFailure=false, fixedKeys=true, generateHistogramRange=false, keyGeneratorClass=org.radargun.stressors.StringKeyGenerator, keyGeneratorParam=null, loadAllKeys=false, numEntries=1000, numOfThreads=4, numRequests=10000000, numThreads=4, numberOfAttributes=1000, numberOfRequests=10000000, opsCountStatusLog=500000, poolKeys=true, preferAsyncOperations=false, removePercentage=0, replaceInvalidPercentage=40, runOnAllSlaves=false, sharedKeys=false, sizeOfAnAttribute=1000, slaves=null, transactionSize=1000, useAtomics=false, useHistogramStatistics=false, useSimpleStatistics=true, useSmartClassLoading=true, useTransactions=true, writePercentage=10, writeTxPercentage=20 }
2013-09-28 11:38:47,825 [pool-1-thread-1] INFO  [org.radargun.stressors.StressTestStressor] Using key generator org.radargun.stressors.StringKeyGenerator, param null
2013-09-28 11:38:47,825 [pool-1-thread-1] INFO  [org.radargun.stressors.StressTestStressor] Executing: StressTestStressor{opsCountStatusLog=500000, numRequests=10000000, numEntries=1000, entrySize=1000, writePercentage=10, numThreads=4, cacheWrapper=org.radargun.cachewrappers.InfinispanXSWrapper@4e7c484c, nodeIndex=11, useTransactions=true, transactionSize=1000, commitTransactions=true, durationMillis=60000}
2013-09-28 11:38:47,826 [pool-1-thread-1] INFO  [org.radargun.stressors.StressTestStressor] Cache wrapper info is: Running : 5.2.6.Final, config:ispn52-repl-sync-rc.xml, cacheName:testCache
2013-09-28 11:38:57,866 [pool-1-thread-1] INFO  [org.radargun.stressors.StressTestStressor] Started 4 stressor threads.
2013-09-28 11:38:57,868 [Stressor-2] INFO  [org.radargun.stressors.StressTestStressor] Number of ops executed so far: 1. Elapsed time: 0.000 secs. Remaining: 1 mins 0 secs. Total: 1 mins 0 secs
2013-09-28 11:39:18,585 [Stressor-2] INFO  [org.radargun.stressors.StressTestStressor] Number of ops executed so far: 257000. Elapsed time: 20.717 secs. Remaining: 39.283 secs. Total: 1 mins 0 secs
2013-09-28 11:39:38,776 [Stressor-3] INFO  [org.radargun.stressors.StressTestStressor] Number of ops executed so far: 592000. Elapsed time: 40.907 secs. Remaining: 19.093 secs. Total: 1 mins 0 secs
2013-09-28 11:40:01,361 [Stressor-2] INFO  [org.radargun.stressors.StressTestStressor] Number of ops executed so far: 1157000. Elapsed time: 1 mins 3 secs. Remaining: 0.000 secs. Total: 1 mins 0 secs
2013-09-28 11:40:01,366 [pool-1-thread-1] INFO  [org.radargun.stressors.StressTestStressor] Finished generating report. Test duration is: 1 mins 13 secs
2013-09-28 11:40:01,369 [pool-1-thread-1] INFO  [org.radargun.stages.StressTestStage] size info: Running : 5.2.6.Final, config:ispn52-repl-sync-rc.xml, cacheName:testCache, clusterSize:12, nodeIndex:11, cacheSize: 48000
2013-09-28 11:40:01,384 [pool-1-thread-1] INFO  [org.radargun.Slave] Finished stage: StressTest {bulkSize=1, cacheSpecificKeyGenerator=false, commitTransactions=true, duration=1 mins 0 secs, entrySize=1000, exitBenchmarkOnSlaveFailure=false, fixedKeys=true, generateHistogramRange=false, keyGeneratorClass=org.radargun.stressors.StringKeyGenerator, keyGeneratorParam=null, loadAllKeys=false, numEntries=1000, numOfThreads=4, numRequests=10000000, numThreads=4, numberOfAttributes=1000, numberOfRequests=10000000, opsCountStatusLog=500000, poolKeys=true, preferAsyncOperations=false, removePercentage=0, replaceInvalidPercentage=40, runOnAllSlaves=false, sharedKeys=false, sizeOfAnAttribute=1000, slaves=null, transactionSize=1000, useAtomics=false, useHistogramStatistics=false, useSimpleStatistics=true, useSmartClassLoading=true, useTransactions=true, writePercentage=10, writeTxPercentage=20 }
2013-09-28 11:40:01,384 [main] INFO  [org.radargun.Slave] Ack successfully sent to the master
2013-09-28 11:40:03,995 [main] INFO  [org.radargun.Slave] Master shutdown!
2013-09-28 11:40:03,998 [Thread-0] INFO  [org.radargun.ShutDownHook] Slave process is being shutdown
