2013-09-29 20:13:39,229 [main] INFO  [org.radargun.Slave] Attempting to connect to master 127.0.0.1:2103
2013-09-29 20:13:39,235 [main] INFO  [org.radargun.Slave] Successfully established connection with master at: 127.0.0.1:2103
2013-09-29 20:13:44,555 [pool-1-thread-1] INFO  [org.radargun.config.AnnotatedHelper] Loading JARS from /home/smf/github/radargun/target/distribution/RadarGun-1.1.0-SNAPSHOT/lib/radargun-framework-1.1.0-SNAPSHOT.jar
2013-09-29 20:13:44,695 [pool-1-thread-1] INFO  [org.radargun.config.AnnotatedHelper] Loading JARS from /home/smf/github/radargun/target/distribution/RadarGun-1.1.0-SNAPSHOT/lib/radargun-framework-1.1.0-SNAPSHOT.jar
2013-09-29 20:13:45,040 [pool-1-thread-1] INFO  [org.radargun.Slave] Executing stage: DestroyWrapper {enforceMemoryThrashHold=true, exitBenchmarkOnSlaveFailure=false, heapDumpDir=null, memoryThreshold=95, runOnAllSlaves=true, slaves=null, useSmartClassLoading=true }
2013-09-29 20:13:45,040 [pool-1-thread-1] INFO  [org.radargun.stages.DestroyWrapperStage] Received destroy cache wrapper request from master...
2013-09-29 20:13:45,040 [pool-1-thread-1] INFO  [org.radargun.stages.DestroyWrapperStage] No cache wrapper deployed on this slave, nothing to do.
2013-09-29 20:13:45,041 [pool-1-thread-1] INFO  [org.radargun.stages.DestroyWrapperStage] Before executing clear, memory looks like this: Memory - free: 2,928,638 kb - max:4,906,688 kb- total:2,944,000 kb
2013-09-29 20:13:45,167 [pool-1-thread-1] INFO  [org.radargun.stages.DestroyWrapperStage] After executing cleanup, memory looks like this: Memory - free: 2,935,311 kb - max:4,906,688 kb- total:2,944,064 kb
2013-09-29 20:13:45,202 [pool-1-thread-1] INFO  [org.radargun.Slave] Finished stage: DestroyWrapper {enforceMemoryThrashHold=true, exitBenchmarkOnSlaveFailure=false, heapDumpDir=null, memoryThreshold=95, runOnAllSlaves=true, slaves=null, useSmartClassLoading=true }
2013-09-29 20:13:45,203 [main] INFO  [org.radargun.Slave] Ack successfully sent to the master
2013-09-29 20:13:45,264 [pool-1-thread-1] INFO  [org.radargun.Slave] Executing stage: StartCluster {config=ispn52-repl-sync-rc.xml, delayAfterFirstSlaveStarts=5.000 secs, delayBetweenStartingSlaves=0.500 secs, exitBenchmarkOnSlaveFailure=true, expectNumSlaves=null, mayFailOn=null, reachable=null, runOnAllSlaves=false, slaves=null, staggerSlaveStartup=true, useSmartClassLoading=true, validateCluster=true }
2013-09-29 20:13:45,265 [pool-1-thread-1] INFO  [org.radargun.stages.StartClusterStage]  Startup staggering, starting 8 slaves. This is the slave with index 2. Sleeping for 6000 millis.
2013-09-29 20:13:51,266 [pool-1-thread-1] INFO  [org.radargun.stages.StartClusterStage] Ack master's StartCluster stage. Local address is: /127.0.0.1. This slave's index is: 2
2013-09-29 20:13:51,294 [pool-1-thread-1] INFO  [org.radargun.utils.ClassLoadHelper] Creating newInstance org.radargun.cachewrappers.InfinispanXSWrapper with classloader java.net.URLClassLoader@640fa784
2013-09-29 20:13:51,441 [pool-1-thread-1] INFO  [org.radargun.cachewrappers.InfinispanXSWrapper] Cannot find any site for slave index 2
2013-09-29 20:13:52,257 [pool-1-thread-1] INFO  [org.infinispan.remoting.transport.jgroups.JGroupsTransport] ISPN000078: Starting JGroups Channel
2013-09-29 20:13:52,878 [pool-1-thread-1] WARN  [org.jgroups.protocols.UDP] [JGRP00014] the send buffer of socket DatagramSocket was set to 640KB, but the OS only allocated 229.38KB. This might lead to performance problems. Please set your max send buffer in the OS correctly (e.g. net.core.wmem_max on Linux)
2013-09-29 20:13:52,878 [pool-1-thread-1] WARN  [org.jgroups.protocols.UDP] [JGRP00014] the receive buffer of socket DatagramSocket was set to 20MB, but the OS only allocated 229.38KB. This might lead to performance problems. Please set your max receive buffer in the OS correctly (e.g. net.core.rmem_max on Linux)
2013-09-29 20:13:52,878 [pool-1-thread-1] WARN  [org.jgroups.protocols.UDP] [JGRP00014] the send buffer of socket MulticastSocket was set to 640KB, but the OS only allocated 229.38KB. This might lead to performance problems. Please set your max send buffer in the OS correctly (e.g. net.core.wmem_max on Linux)
2013-09-29 20:13:52,879 [pool-1-thread-1] WARN  [org.jgroups.protocols.UDP] [JGRP00014] the receive buffer of socket MulticastSocket was set to 25MB, but the OS only allocated 229.38KB. This might lead to performance problems. Please set your max receive buffer in the OS correctly (e.g. net.core.rmem_max on Linux)
2013-09-29 20:13:53,042 [pool-1-thread-1] INFO  [org.infinispan.remoting.transport.jgroups.JGroupsTransport] ISPN000094: Received new cluster view: [deimos-esw-52815|2] [deimos-esw-52815, deimos-esw-28295, deimos-esw-34412]
2013-09-29 20:13:53,047 [pool-1-thread-1] INFO  [org.infinispan.remoting.transport.jgroups.JGroupsTransport] ISPN000079: Cache local address is deimos-esw-34412, physical addresses are [127.0.0.1:52002]
2013-09-29 20:13:53,056 [pool-1-thread-1] INFO  [org.infinispan.factories.GlobalComponentRegistry] ISPN000128: Infinispan version: Infinispan 'Delirium' 5.2.6.Final
2013-09-29 20:13:53,227 [pool-1-thread-1] INFO  [org.infinispan.transaction.lookup.JBossStandaloneJTAManagerLookup] ISPN000107: Retrieving transaction manager Transaction: unknown
2013-09-29 20:13:53,463 [Incoming-4,deimos-esw-34412] INFO  [org.infinispan.remoting.transport.jgroups.JGroupsTransport] ISPN000094: Received new cluster view: [deimos-esw-52815|3] [deimos-esw-52815, deimos-esw-28295, deimos-esw-34412, deimos-esw-45507]
2013-09-29 20:13:53,536 [pool-1-thread-1] INFO  [org.infinispan.jmx.CacheJmxRegistration] ISPN000031: MBeans were successfully registered to the platform MBean server.
2013-09-29 20:13:53,640 [pool-1-thread-1] INFO  [org.radargun.cachewrappers.InfinispanXSWrapper] Using transaction manager: Transaction: unknown
2013-09-29 20:13:53,641 [pool-1-thread-1] INFO  [org.radargun.cachewrappers.InfinispanXSWrapper] No RELAY2 protocol in XS wrapper
2013-09-29 20:13:53,648 [pool-1-thread-1] INFO  [org.radargun.cachewrappers.InfinispanXSWrapper] JGroups version: JGroups 3.2.7.Final
2013-09-29 20:13:53,649 [pool-1-thread-1] INFO  [org.radargun.cachewrappers.InfinispanXSWrapper] Using config attributes: {name=ispn52-repl-sync-rc.xml}
2013-09-29 20:13:53,657 [pool-1-thread-1] INFO  [org.radargun.stages.helpers.StartHelper] Number of members=4 is not the one expected: 8
2013-09-29 20:13:54,025 [Incoming-4,deimos-esw-34412] INFO  [org.infinispan.remoting.transport.jgroups.JGroupsTransport] ISPN000094: Received new cluster view: [deimos-esw-52815|4] [deimos-esw-52815, deimos-esw-28295, deimos-esw-34412, deimos-esw-45507, deimos-esw-50526]
2013-09-29 20:13:54,494 [Incoming-4,deimos-esw-34412] INFO  [org.infinispan.remoting.transport.jgroups.JGroupsTransport] ISPN000094: Received new cluster view: [deimos-esw-52815|5] [deimos-esw-52815, deimos-esw-28295, deimos-esw-34412, deimos-esw-45507, deimos-esw-50526, deimos-esw-12539]
2013-09-29 20:13:54,657 [pool-1-thread-1] INFO  [org.radargun.stages.helpers.StartHelper] Number of members=6 is not the one expected: 8
2013-09-29 20:13:54,993 [Incoming-4,deimos-esw-34412] INFO  [org.infinispan.remoting.transport.jgroups.JGroupsTransport] ISPN000094: Received new cluster view: [deimos-esw-52815|6] [deimos-esw-52815, deimos-esw-28295, deimos-esw-34412, deimos-esw-45507, deimos-esw-50526, deimos-esw-12539, deimos-esw-16635]
2013-09-29 20:13:55,478 [Incoming-4,deimos-esw-34412] INFO  [org.infinispan.remoting.transport.jgroups.JGroupsTransport] ISPN000094: Received new cluster view: [deimos-esw-52815|7] [deimos-esw-52815, deimos-esw-28295, deimos-esw-34412, deimos-esw-45507, deimos-esw-50526, deimos-esw-12539, deimos-esw-16635, deimos-esw-34360]
2013-09-29 20:13:55,658 [pool-1-thread-1] INFO  [org.radargun.stages.helpers.StartHelper] Number of members is the one expected: 8
2013-09-29 20:13:55,659 [pool-1-thread-1] INFO  [org.radargun.stages.StartClusterStage] Successfully started cache wrapper on slave 2: org.radargun.cachewrappers.InfinispanXSWrapper@554c0af6
2013-09-29 20:13:55,668 [pool-1-thread-1] INFO  [org.radargun.Slave] Finished stage: StartCluster {config=ispn52-repl-sync-rc.xml, delayAfterFirstSlaveStarts=5.000 secs, delayBetweenStartingSlaves=0.500 secs, exitBenchmarkOnSlaveFailure=true, expectNumSlaves=null, mayFailOn=null, reachable=null, runOnAllSlaves=false, slaves=null, staggerSlaveStartup=true, useSmartClassLoading=true, validateCluster=true }
2013-09-29 20:13:55,669 [main] INFO  [org.radargun.Slave] Ack successfully sent to the master
2013-09-29 20:13:56,420 [pool-1-thread-1] INFO  [org.radargun.Slave] Executing stage: ClusterValidation {exitBenchmarkOnSlaveFailure=false, partialReplication=false, replicationTimeSleep=2000, replicationTryCount=60, runOnAllSlaves=false, slaves=null, useSmartClassLoading=true }
2013-09-29 20:13:56,709 [pool-1-thread-1] INFO  [org.radargun.stages.ClusterValidationStage] Number of caches that replicated here is 7
2013-09-29 20:13:56,710 [pool-1-thread-1] INFO  [org.radargun.stages.ClusterValidationStage] Replication test successfully passed. partialReplication? false, replicationCount = 7
2013-09-29 20:13:57,768 [pool-1-thread-1] INFO  [org.radargun.stages.ClusterValidationStage] Confirm phase successful.
2013-09-29 20:13:57,773 [pool-1-thread-1] INFO  [org.radargun.Slave] Finished stage: ClusterValidation {exitBenchmarkOnSlaveFailure=false, partialReplication=false, replicationTimeSleep=2000, replicationTryCount=60, runOnAllSlaves=false, slaves=[ 0, 1, 2, 3, 4, 5, 6, 7 ], useSmartClassLoading=true }
2013-09-29 20:13:57,773 [main] INFO  [org.radargun.Slave] Ack successfully sent to the master
2013-09-29 20:13:57,794 [pool-1-thread-1] INFO  [org.radargun.Slave] Executing stage: StressTestWarmup {bulkSize=1, cacheSpecificKeyGenerator=false, commitTransactions=true, duration=1 mins 0 secs, entrySize=1000, exitBenchmarkOnSlaveFailure=false, fixedKeys=true, generateHistogramRange=false, keyGeneratorClass=org.radargun.stressors.StringKeyGenerator, keyGeneratorParam=null, loadAllKeys=false, numEntries=100, numOfThreads=4, numRequests=10000, numThreads=4, numberOfAttributes=100, numberOfRequests=10000, opsCountStatusLog=100000, poolKeys=true, preferAsyncOperations=false, removePercentage=0, replaceInvalidPercentage=40, runOnAllSlaves=false, sharedKeys=false, sizeOfAnAttribute=1000, slaves=null, transactionSize=50, useAtomics=false, useHistogramStatistics=false, useSimpleStatistics=true, useSmartClassLoading=true, useTransactions=null, writePercentage=20, writeTxPercentage=20 }
2013-09-29 20:13:57,799 [pool-1-thread-1] INFO  [org.radargun.stages.StressTestWarmupStage] Starting StressTestWarmupStage: StressTestWarmup {bulkSize=1, cacheSpecificKeyGenerator=false, commitTransactions=true, duration=1 mins 0 secs, entrySize=1000, exitBenchmarkOnSlaveFailure=false, fixedKeys=true, generateHistogramRange=false, keyGeneratorClass=org.radargun.stressors.StringKeyGenerator, keyGeneratorParam=null, loadAllKeys=false, numEntries=100, numOfThreads=4, numRequests=10000, numThreads=4, numberOfAttributes=100, numberOfRequests=10000, opsCountStatusLog=100000, poolKeys=true, preferAsyncOperations=false, removePercentage=0, replaceInvalidPercentage=40, runOnAllSlaves=false, sharedKeys=false, sizeOfAnAttribute=1000, slaves=null, transactionSize=50, useAtomics=false, useHistogramStatistics=false, useSimpleStatistics=true, useSmartClassLoading=true, useTransactions=null, writePercentage=20, writeTxPercentage=20 }
2013-09-29 20:13:57,807 [pool-1-thread-1] INFO  [org.radargun.stressors.StressTestStressor] Using key generator org.radargun.stressors.StringKeyGenerator, param null
2013-09-29 20:13:57,808 [pool-1-thread-1] INFO  [org.radargun.stressors.StressTestStressor] Executing: StressTestStressor{opsCountStatusLog=100000, numRequests=10000, numEntries=100, entrySize=1000, writePercentage=20, numThreads=4, cacheWrapper=org.radargun.cachewrappers.InfinispanXSWrapper@554c0af6, nodeIndex=2, useTransactions=true, transactionSize=50, commitTransactions=true, durationMillis=60000}
2013-09-29 20:13:57,809 [pool-1-thread-1] INFO  [org.radargun.stressors.StressTestStressor] Cache wrapper info is: Running : 5.2.6.Final, config:ispn52-repl-sync-rc.xml, cacheName:testCache
2013-09-29 20:14:00,462 [pool-1-thread-1] INFO  [org.radargun.stressors.StressTestStressor] Started 4 stressor threads.
2013-09-29 20:14:00,465 [Stressor-0] INFO  [org.radargun.stressors.StressTestStressor] Number of ops executed so far: 1. Elapsed time: 0.001 secs. Remaining: 59.999 secs. Total: 1 mins 0 secs
2013-09-29 20:14:20,469 [Stressor-0] INFO  [org.radargun.stressors.StressTestStressor] Number of ops executed so far: 385050. Elapsed time: 20.005 secs. Remaining: 39.995 secs. Total: 1 mins 0 secs
2013-09-29 20:14:40,467 [Stressor-2] INFO  [org.radargun.stressors.StressTestStressor] Number of ops executed so far: 828980. Elapsed time: 40.005 secs. Remaining: 19.995 secs. Total: 1 mins 0 secs
2013-09-29 20:15:00,466 [pool-1-thread-1] INFO  [org.radargun.stressors.StressTestStressor] Finished generating report. Test duration is: 1 mins 2 secs
2013-09-29 20:15:00,468 [pool-1-thread-1] INFO  [org.radargun.stages.StressTestWarmupStage] The warmup took: 62 seconds.
2013-09-29 20:15:00,479 [pool-1-thread-1] INFO  [org.radargun.Slave] Finished stage: StressTestWarmup {bulkSize=1, cacheSpecificKeyGenerator=false, commitTransactions=true, duration=1 mins 0 secs, entrySize=1000, exitBenchmarkOnSlaveFailure=false, fixedKeys=true, generateHistogramRange=false, keyGeneratorClass=org.radargun.stressors.StringKeyGenerator, keyGeneratorParam=null, loadAllKeys=false, numEntries=100, numOfThreads=4, numRequests=10000, numThreads=4, numberOfAttributes=100, numberOfRequests=10000, opsCountStatusLog=100000, poolKeys=true, preferAsyncOperations=false, removePercentage=0, replaceInvalidPercentage=40, runOnAllSlaves=false, sharedKeys=false, sizeOfAnAttribute=1000, slaves=null, transactionSize=50, useAtomics=false, useHistogramStatistics=false, useSimpleStatistics=true, useSmartClassLoading=true, useTransactions=null, writePercentage=20, writeTxPercentage=20 }
2013-09-29 20:15:00,479 [main] INFO  [org.radargun.Slave] Ack successfully sent to the master
2013-09-29 20:15:00,525 [pool-1-thread-1] INFO  [org.radargun.Slave] Executing stage: ClearClusterStage {ClearCluster {exitBenchmarkOnSlaveFailure=false, runOnAllSlaves=false, slaves=[ 0 ], useSmartClassLoading=true }
2013-09-29 20:15:00,527 [pool-1-thread-1] INFO  [org.radargun.stages.ClearClusterStage] Before executing clear, memory looks like this: Memory - free: 2,750,967 kb - max:4,906,688 kb- total:2,944,064 kb
2013-09-29 20:15:01,871 [pool-1-thread-1] INFO  [org.radargun.stages.ClearClusterStage] After executing cleanup, memory looks like this: Memory - free: 2,921,060 kb - max:4,906,688 kb- total:2,944,192 kb
2013-09-29 20:15:01,874 [pool-1-thread-1] INFO  [org.radargun.Slave] Finished stage: ClearClusterStage {ClearCluster {exitBenchmarkOnSlaveFailure=false, runOnAllSlaves=false, slaves=[ 0 ], useSmartClassLoading=true }
2013-09-29 20:15:01,875 [main] INFO  [org.radargun.Slave] Ack successfully sent to the master
2013-09-29 20:15:01,907 [pool-1-thread-1] INFO  [org.radargun.Slave] Executing stage: StressTest {bulkSize=1, cacheSpecificKeyGenerator=false, commitTransactions=true, duration=1 mins 0 secs, entrySize=1000, exitBenchmarkOnSlaveFailure=false, fixedKeys=true, generateHistogramRange=false, keyGeneratorClass=org.radargun.stressors.StringKeyGenerator, keyGeneratorParam=null, loadAllKeys=false, numEntries=10000, numOfThreads=4, numRequests=10000000, numThreads=4, numberOfAttributes=10000, numberOfRequests=10000000, opsCountStatusLog=500000, poolKeys=true, preferAsyncOperations=false, removePercentage=0, replaceInvalidPercentage=40, runOnAllSlaves=false, sharedKeys=false, sizeOfAnAttribute=1000, slaves=null, transactionSize=10000, useAtomics=false, useHistogramStatistics=false, useSimpleStatistics=true, useSmartClassLoading=true, useTransactions=true, writePercentage=10, writeTxPercentage=50 }
2013-09-29 20:15:01,911 [pool-1-thread-1] INFO  [org.radargun.stages.StressTestStage] Starting StressTestStage: StressTest {bulkSize=1, cacheSpecificKeyGenerator=false, commitTransactions=true, duration=1 mins 0 secs, entrySize=1000, exitBenchmarkOnSlaveFailure=false, fixedKeys=true, generateHistogramRange=false, keyGeneratorClass=org.radargun.stressors.StringKeyGenerator, keyGeneratorParam=null, loadAllKeys=false, numEntries=10000, numOfThreads=4, numRequests=10000000, numThreads=4, numberOfAttributes=10000, numberOfRequests=10000000, opsCountStatusLog=500000, poolKeys=true, preferAsyncOperations=false, removePercentage=0, replaceInvalidPercentage=40, runOnAllSlaves=false, sharedKeys=false, sizeOfAnAttribute=1000, slaves=null, transactionSize=10000, useAtomics=false, useHistogramStatistics=false, useSimpleStatistics=true, useSmartClassLoading=true, useTransactions=true, writePercentage=10, writeTxPercentage=50 }
2013-09-29 20:15:01,917 [pool-1-thread-1] INFO  [org.radargun.stressors.StressTestStressor] Using key generator org.radargun.stressors.StringKeyGenerator, param null
2013-09-29 20:15:01,917 [pool-1-thread-1] INFO  [org.radargun.stressors.StressTestStressor] Executing: StressTestStressor{opsCountStatusLog=500000, numRequests=10000000, numEntries=10000, entrySize=1000, writePercentage=10, numThreads=4, cacheWrapper=org.radargun.cachewrappers.InfinispanXSWrapper@554c0af6, nodeIndex=2, useTransactions=true, transactionSize=10000, commitTransactions=true, durationMillis=60000}
2013-09-29 20:15:01,919 [pool-1-thread-1] INFO  [org.radargun.stressors.StressTestStressor] Cache wrapper info is: Running : 5.2.6.Final, config:ispn52-repl-sync-rc.xml, cacheName:testCache
2013-09-29 20:15:54,512 [pool-1-thread-1] INFO  [org.radargun.stressors.StressTestStressor] Started 4 stressor threads.
2013-09-29 20:15:54,514 [Stressor-0] INFO  [org.radargun.stressors.StressTestStressor] Number of ops executed so far: 1. Elapsed time: 0.001 secs. Remaining: 59.999 secs. Total: 1 mins 0 secs
2013-09-29 20:16:14,596 [Stressor-2] INFO  [org.radargun.stressors.StressTestStressor] Number of ops executed so far: 360000. Elapsed time: 20.083 secs. Remaining: 39.917 secs. Total: 1 mins 0 secs
2013-09-29 20:16:35,042 [Stressor-1] INFO  [org.radargun.stressors.StressTestStressor] Number of ops executed so far: 650000. Elapsed time: 40.529 secs. Remaining: 19.471 secs. Total: 1 mins 0 secs
2013-09-29 20:16:54,599 [pool-1-thread-1] INFO  [org.radargun.stressors.StressTestStressor] Finished generating report. Test duration is: 1 mins 52 secs
2013-09-29 20:16:54,603 [pool-1-thread-1] INFO  [org.radargun.stages.StressTestStage] size info: Running : 5.2.6.Final, config:ispn52-repl-sync-rc.xml, cacheName:testCache, clusterSize:8, nodeIndex:2, cacheSize: 320000
2013-09-29 20:16:54,616 [pool-1-thread-1] INFO  [org.radargun.Slave] Finished stage: StressTest {bulkSize=1, cacheSpecificKeyGenerator=false, commitTransactions=true, duration=1 mins 0 secs, entrySize=1000, exitBenchmarkOnSlaveFailure=false, fixedKeys=true, generateHistogramRange=false, keyGeneratorClass=org.radargun.stressors.StringKeyGenerator, keyGeneratorParam=null, loadAllKeys=false, numEntries=10000, numOfThreads=4, numRequests=10000000, numThreads=4, numberOfAttributes=10000, numberOfRequests=10000000, opsCountStatusLog=500000, poolKeys=true, preferAsyncOperations=false, removePercentage=0, replaceInvalidPercentage=40, runOnAllSlaves=false, sharedKeys=false, sizeOfAnAttribute=1000, slaves=null, transactionSize=10000, useAtomics=false, useHistogramStatistics=false, useSimpleStatistics=true, useSmartClassLoading=true, useTransactions=true, writePercentage=10, writeTxPercentage=50 }
2013-09-29 20:16:54,617 [main] INFO  [org.radargun.Slave] Ack successfully sent to the master
2013-09-29 20:16:55,627 [main] INFO  [org.radargun.Slave] Master shutdown!
2013-09-29 20:16:55,630 [Thread-0] INFO  [org.radargun.ShutDownHook] Slave process is being shutdown
