/usr/java/jdk1.7.0_21/bin/java -server -Xmx1024M -Xms1024M -Dresolve.dns=false -Djgroups.timer.num_threads=4 -verbose:gc -Xmx5000M -Xms3000M -server -XX:+UseConcMarkSweepGC -XX:+AggressiveOpts -verbose:gc -XX:ParallelGCThreads=4 -XX:NewRatio=5 -XX:SurvivorRatio=2 -Dhazelcast.operation.thread.count=4 -Djava.net.preferIPv4Stack=true -Dlog4j.file.prefix=deimos-esw-27572 -Dbind.address= -Djgroups.bind_addr= -classpath /home/smf/github/radargun/target/distribution/RadarGun-1.1.0-SNAPSHOT/lib/activation-1.1.jar:/home/smf/github/radargun/target/distribution/RadarGun-1.1.0-SNAPSHOT/lib/commons-beanutils-1.8.0.jar:/home/smf/github/radargun/target/distribution/RadarGun-1.1.0-SNAPSHOT/lib/commons-digester-2.0.jar:/home/smf/github/radargun/target/distribution/RadarGun-1.1.0-SNAPSHOT/lib/commons-logging-1.1.1.jar:/home/smf/github/radargun/target/distribution/RadarGun-1.1.0-SNAPSHOT/lib/commons-math-1.2.jar:/home/smf/github/radargun/target/distribution/RadarGun-1.1.0-SNAPSHOT/lib/jboss-transaction-api-1.0.1.GA.jar:/home/smf/github/radargun/target/distribution/RadarGun-1.1.0-SNAPSHOT/lib/jcommon-1.0.15.jar:/home/smf/github/radargun/target/distribution/RadarGun-1.1.0-SNAPSHOT/lib/jfreechart-1.0.12.jar:/home/smf/github/radargun/target/distribution/RadarGun-1.1.0-SNAPSHOT/lib/log4j-1.2.14.jar:/home/smf/github/radargun/target/distribution/RadarGun-1.1.0-SNAPSHOT/lib/mail-1.4.2.jar:/home/smf/github/radargun/target/distribution/RadarGun-1.1.0-SNAPSHOT/lib/radargun-framework-1.1.0-SNAPSHOT.jar:/home/smf/github/radargun/target/distribution/RadarGun-1.1.0-SNAPSHOT/conf org.radargun.Slave -master 127.0.0.1:2103
--------------------------------------------------------------------------------
PerNodeRollingFileAppender::Using file prefix:deimos-esw-27572
 INFO  [main] {org.radargun.Slave} Attempting to connect to master 127.0.0.1:2103
 INFO  [main] {org.radargun.Slave} Successfully established connection with master at: 127.0.0.1:2103
Loading JARS from /home/smf/github/radargun/target/distribution/RadarGun-1.1.0-SNAPSHOT/lib/radargun-framework-1.1.0-SNAPSHOT.jar
 INFO  [pool-1-thread-1] {org.radargun.config.AnnotatedHelper} Loading JARS from /home/smf/github/radargun/target/distribution/RadarGun-1.1.0-SNAPSHOT/lib/radargun-framework-1.1.0-SNAPSHOT.jar
 INFO  [pool-1-thread-1] {org.radargun.config.AnnotatedHelper} Loading JARS from /home/smf/github/radargun/target/distribution/RadarGun-1.1.0-SNAPSHOT/lib/radargun-framework-1.1.0-SNAPSHOT.jar
 INFO  [pool-1-thread-1] {org.radargun.Slave} Executing stage: DestroyWrapper {enforceMemoryThrashHold=true, exitBenchmarkOnSlaveFailure=false, heapDumpDir=null, memoryThreshold=95, runOnAllSlaves=true, slaves=null, useSmartClassLoading=true }
 INFO  [pool-1-thread-1] {org.radargun.stages.DestroyWrapperStage} Received destroy cache wrapper request from master...
 INFO  [pool-1-thread-1] {org.radargun.stages.DestroyWrapperStage} No cache wrapper deployed on this slave, nothing to do.
 INFO  [pool-1-thread-1] {org.radargun.stages.DestroyWrapperStage} Before executing clear, memory looks like this: Memory - free: 2,928,638 kb - max:4,906,688 kb- total:2,944,000 kb
[Full GC 15361K->3631K(2944000K), 0.0685420 secs]
 INFO  [pool-1-thread-1] {org.radargun.stages.DestroyWrapperStage} After executing cleanup, memory looks like this: Memory - free: 2,935,311 kb - max:4,906,688 kb- total:2,944,064 kb
 INFO  [pool-1-thread-1] {org.radargun.Slave} Finished stage: DestroyWrapper {enforceMemoryThrashHold=true, exitBenchmarkOnSlaveFailure=false, heapDumpDir=null, memoryThreshold=95, runOnAllSlaves=true, slaves=null, useSmartClassLoading=true }
 INFO  [main] {org.radargun.Slave} Ack successfully sent to the master
 INFO  [pool-1-thread-1] {org.radargun.Slave} Executing stage: StartCluster {config=ispn52-repl-sync-rc.xml, delayAfterFirstSlaveStarts=5.000 secs, delayBetweenStartingSlaves=0.500 secs, exitBenchmarkOnSlaveFailure=true, expectNumSlaves=null, mayFailOn=null, reachable=null, runOnAllSlaves=false, slaves=null, staggerSlaveStartup=true, useSmartClassLoading=true, validateCluster=true }
 INFO  [pool-1-thread-1] {org.radargun.stages.StartClusterStage} Startup staggering, number of slaves to start is 6 This is the slave with index 0, not sleeping
 INFO  [pool-1-thread-1] {org.radargun.stages.StartClusterStage} Ack master's StartCluster stage. Local address is: /127.0.0.1. This slave's index is: 0
 INFO  [pool-1-thread-1] {org.radargun.utils.ClassLoadHelper} Creating newInstance org.radargun.cachewrappers.InfinispanXSWrapper with classloader java.net.URLClassLoader@56e43ef
 INFO  [pool-1-thread-1] {org.radargun.cachewrappers.InfinispanXSWrapper} Cannot find any site for slave index 0
 INFO  [pool-1-thread-1] {org.infinispan.remoting.transport.jgroups.JGroupsTransport} ISPN000078: Starting JGroups Channel
 WARN  [pool-1-thread-1] {org.jgroups.protocols.UDP} [JGRP00014] the send buffer of socket DatagramSocket was set to 640KB, but the OS only allocated 229.38KB. This might lead to performance problems. Please set your max send buffer in the OS correctly (e.g. net.core.wmem_max on Linux)
 WARN  [pool-1-thread-1] {org.jgroups.protocols.UDP} [JGRP00014] the receive buffer of socket DatagramSocket was set to 20MB, but the OS only allocated 229.38KB. This might lead to performance problems. Please set your max receive buffer in the OS correctly (e.g. net.core.rmem_max on Linux)
 WARN  [pool-1-thread-1] {org.jgroups.protocols.UDP} [JGRP00014] the send buffer of socket MulticastSocket was set to 640KB, but the OS only allocated 229.38KB. This might lead to performance problems. Please set your max send buffer in the OS correctly (e.g. net.core.wmem_max on Linux)
 WARN  [pool-1-thread-1] {org.jgroups.protocols.UDP} [JGRP00014] the receive buffer of socket MulticastSocket was set to 25MB, but the OS only allocated 229.38KB. This might lead to performance problems. Please set your max receive buffer in the OS correctly (e.g. net.core.rmem_max on Linux)
 INFO  [pool-1-thread-1] {org.infinispan.remoting.transport.jgroups.JGroupsTransport} ISPN000094: Received new cluster view: [deimos-esw-8408|0] [deimos-esw-8408]
 INFO  [pool-1-thread-1] {org.infinispan.remoting.transport.jgroups.JGroupsTransport} ISPN000079: Cache local address is deimos-esw-8408, physical addresses are [127.0.0.1:52000]
 INFO  [pool-1-thread-1] {org.infinispan.factories.GlobalComponentRegistry} ISPN000128: Infinispan version: Infinispan 'Delirium' 5.2.6.Final
 INFO  [pool-1-thread-1] {org.infinispan.transaction.lookup.JBossStandaloneJTAManagerLookup} ISPN000107: Retrieving transaction manager Transaction: unknown
 INFO  [pool-1-thread-1] {org.infinispan.jmx.CacheJmxRegistration} ISPN000031: MBeans were successfully registered to the platform MBean server.
 INFO  [pool-1-thread-1] {org.radargun.cachewrappers.InfinispanXSWrapper} Using transaction manager: Transaction: unknown
 INFO  [pool-1-thread-1] {org.radargun.cachewrappers.InfinispanXSWrapper} No RELAY2 protocol in XS wrapper
 INFO  [pool-1-thread-1] {org.radargun.cachewrappers.InfinispanXSWrapper} JGroups version: JGroups 3.2.7.Final
 INFO  [pool-1-thread-1] {org.radargun.cachewrappers.InfinispanXSWrapper} Using config attributes: {name=ispn52-repl-sync-rc.xml}
 INFO  [pool-1-thread-1] {org.radargun.stages.helpers.StartHelper} Number of members=1 is not the one expected: 6
 INFO  [pool-1-thread-1] {org.radargun.stages.helpers.StartHelper} Number of members=1 is not the one expected: 6
 INFO  [pool-1-thread-1] {org.radargun.stages.helpers.StartHelper} Number of members=1 is not the one expected: 6
 INFO  [Incoming-1,deimos-esw-8408] {org.infinispan.remoting.transport.jgroups.JGroupsTransport} ISPN000094: Received new cluster view: [deimos-esw-8408|1] [deimos-esw-8408, deimos-esw-20921]
 INFO  [Incoming-3,deimos-esw-8408] {org.infinispan.remoting.transport.jgroups.JGroupsTransport} ISPN000094: Received new cluster view: [deimos-esw-8408|2] [deimos-esw-8408, deimos-esw-20921, deimos-esw-19657]
 INFO  [pool-1-thread-1] {org.radargun.stages.helpers.StartHelper} Number of members=3 is not the one expected: 6
 INFO  [Incoming-4,deimos-esw-8408] {org.infinispan.remoting.transport.jgroups.JGroupsTransport} ISPN000094: Received new cluster view: [deimos-esw-8408|3] [deimos-esw-8408, deimos-esw-20921, deimos-esw-19657, deimos-esw-3021]
 INFO  [Incoming-4,deimos-esw-8408] {org.infinispan.remoting.transport.jgroups.JGroupsTransport} ISPN000094: Received new cluster view: [deimos-esw-8408|4] [deimos-esw-8408, deimos-esw-20921, deimos-esw-19657, deimos-esw-3021, deimos-esw-63278]
 INFO  [pool-1-thread-1] {org.radargun.stages.helpers.StartHelper} Number of members=5 is not the one expected: 6
 INFO  [Incoming-4,deimos-esw-8408] {org.infinispan.remoting.transport.jgroups.JGroupsTransport} ISPN000094: Received new cluster view: [deimos-esw-8408|5] [deimos-esw-8408, deimos-esw-20921, deimos-esw-19657, deimos-esw-3021, deimos-esw-63278, deimos-esw-33227]
 INFO  [pool-1-thread-1] {org.radargun.stages.helpers.StartHelper} Number of members is the one expected: 6
 INFO  [pool-1-thread-1] {org.radargun.stages.StartClusterStage} Successfully started cache wrapper on slave 0: org.radargun.cachewrappers.InfinispanXSWrapper@6b075908
 INFO  [pool-1-thread-1] {org.radargun.Slave} Finished stage: StartCluster {config=ispn52-repl-sync-rc.xml, delayAfterFirstSlaveStarts=5.000 secs, delayBetweenStartingSlaves=0.500 secs, exitBenchmarkOnSlaveFailure=true, expectNumSlaves=null, mayFailOn=null, reachable=null, runOnAllSlaves=false, slaves=null, staggerSlaveStartup=true, useSmartClassLoading=true, validateCluster=true }
 INFO  [main] {org.radargun.Slave} Ack successfully sent to the master
 INFO  [pool-1-thread-1] {org.radargun.Slave} Executing stage: ClusterValidation {exitBenchmarkOnSlaveFailure=false, partialReplication=false, replicationTimeSleep=2000, replicationTryCount=60, runOnAllSlaves=false, slaves=null, useSmartClassLoading=true }
 INFO  [pool-1-thread-1] {org.radargun.stages.ClusterValidationStage} Number of caches that replicated here is 5
 INFO  [pool-1-thread-1] {org.radargun.stages.ClusterValidationStage} Replication test successfully passed. partialReplication? false, replicationCount = 5
 INFO  [pool-1-thread-1] {org.radargun.stages.ClusterValidationStage} Confirm phase successful.
 INFO  [pool-1-thread-1] {org.radargun.Slave} Finished stage: ClusterValidation {exitBenchmarkOnSlaveFailure=false, partialReplication=false, replicationTimeSleep=2000, replicationTryCount=60, runOnAllSlaves=false, slaves=[ 0, 1, 2, 3, 4, 5 ], useSmartClassLoading=true }
 INFO  [main] {org.radargun.Slave} Ack successfully sent to the master
 INFO  [pool-1-thread-1] {org.radargun.Slave} Executing stage: StressTestWarmup {bulkSize=1, cacheSpecificKeyGenerator=false, commitTransactions=true, duration=1 mins 0 secs, entrySize=1000, exitBenchmarkOnSlaveFailure=false, fixedKeys=true, generateHistogramRange=false, keyGeneratorClass=org.radargun.stressors.StringKeyGenerator, keyGeneratorParam=null, loadAllKeys=false, numEntries=100, numOfThreads=4, numRequests=10000, numThreads=4, numberOfAttributes=100, numberOfRequests=10000, opsCountStatusLog=100000, poolKeys=true, preferAsyncOperations=false, removePercentage=0, replaceInvalidPercentage=40, runOnAllSlaves=false, sharedKeys=false, sizeOfAnAttribute=1000, slaves=null, transactionSize=50, useAtomics=false, useHistogramStatistics=false, useSimpleStatistics=true, useSmartClassLoading=true, useTransactions=null, writePercentage=20, writeTxPercentage=20 }
 INFO  [pool-1-thread-1] {org.radargun.stages.StressTestWarmupStage} Starting StressTestWarmupStage: StressTestWarmup {bulkSize=1, cacheSpecificKeyGenerator=false, commitTransactions=true, duration=1 mins 0 secs, entrySize=1000, exitBenchmarkOnSlaveFailure=false, fixedKeys=true, generateHistogramRange=false, keyGeneratorClass=org.radargun.stressors.StringKeyGenerator, keyGeneratorParam=null, loadAllKeys=false, numEntries=100, numOfThreads=4, numRequests=10000, numThreads=4, numberOfAttributes=100, numberOfRequests=10000, opsCountStatusLog=100000, poolKeys=true, preferAsyncOperations=false, removePercentage=0, replaceInvalidPercentage=40, runOnAllSlaves=false, sharedKeys=false, sizeOfAnAttribute=1000, slaves=null, transactionSize=50, useAtomics=false, useHistogramStatistics=false, useSimpleStatistics=true, useSmartClassLoading=true, useTransactions=null, writePercentage=20, writeTxPercentage=20 }
 INFO  [pool-1-thread-1] {org.radargun.stressors.StressTestStressor} Using key generator org.radargun.stressors.StringKeyGenerator, param null
 INFO  [pool-1-thread-1] {org.radargun.stressors.StressTestStressor} Executing: StressTestStressor{opsCountStatusLog=100000, numRequests=10000, numEntries=100, entrySize=1000, writePercentage=20, numThreads=4, cacheWrapper=org.radargun.cachewrappers.InfinispanXSWrapper@6b075908, nodeIndex=0, useTransactions=true, transactionSize=50, commitTransactions=true, durationMillis=60000}
 INFO  [pool-1-thread-1] {org.radargun.stressors.StressTestStressor} Cache wrapper info is: Running : 5.2.6.Final, config:ispn52-repl-sync-rc.xml, cacheName:testCache
[GC 259695K->16661K(2944064K), 0.0525220 secs]
 INFO  [pool-1-thread-1] {org.radargun.stressors.StressTestStressor} Started 4 stressor threads.
 INFO  [Stressor-2] {org.radargun.stressors.StressTestStressor} Number of ops executed so far: 1. Elapsed time: 0.001 secs. Remaining: 59.999 secs. Total: 1 mins 0 secs
[GC 272725K->17636K(2944064K), 0.0344500 secs]
[GC 273700K->24452K(2944064K), 0.0389150 secs]
[GC 280516K->27083K(2944064K), 0.0424170 secs]
[GC 283147K->26419K(2944064K), 0.0424740 secs]
[GC 282483K->29937K(2944064K), 0.0435680 secs]
[GC 286001K->32230K(2944064K), 0.0428240 secs]
[GC 288294K->30609K(2944064K), 0.0502490 secs]
[GC 286673K->32411K(2944064K), 0.0512700 secs]
[GC 288475K->28382K(2944064K), 0.0485480 secs]
[GC 284446K->31649K(2944064K), 0.0453310 secs]
[GC 287713K->33054K(2944064K), 0.0459300 secs]
[GC 289118K->35122K(2944064K), 0.0477150 secs]
[GC 291186K->36614K(2944064K), 0.0504470 secs]
[GC 292605K->37902K(2944064K), 0.0478900 secs]
[GC 293966K->35429K(2944064K), 0.0719590 secs]
[GC 291493K->28780K(2944064K), 0.0463000 secs]
[GC 284844K->31894K(2944064K), 0.0424440 secs]
[GC 287958K->36656K(2944064K), 0.0438490 secs]
 INFO  [Stressor-1] {org.radargun.stressors.StressTestStressor} Number of ops executed so far: 515443. Elapsed time: 20.001 secs. Remaining: 39.999 secs. Total: 1 mins 0 secs
[GC 292720K->37777K(2944064K), 0.0423900 secs]
[GC 293841K->34389K(2944064K), 0.0417720 secs]
[GC 290453K->35952K(2944064K), 0.0453990 secs]
[GC 292016K->38747K(2944064K), 0.0415780 secs]
[GC 294811K->39482K(2944064K), 0.0430790 secs]
[GC 295546K->43607K(2944064K), 0.0416210 secs]
[GC 299671K->36582K(2944064K), 0.0467450 secs]
[GC 292646K->41048K(2944064K), 0.0470420 secs]
[GC 297112K->42153K(2944064K), 0.0468960 secs]
[GC 298217K->45086K(2944064K), 0.0459550 secs]
[GC 301150K->42534K(2944064K), 0.0457830 secs]
[GC 298598K->39253K(2944064K), 0.0476970 secs]
[GC 295317K->45174K(2944064K), 0.0489970 secs]
[GC 301238K->47511K(2944064K), 0.0464650 secs]
[GC 303575K->48376K(2944064K), 0.0492030 secs]
[GC 304440K->45112K(2944064K), 0.0446600 secs]
[GC 301176K->47834K(2944064K), 0.0444740 secs]
[GC 303898K->46614K(2944064K), 0.0443490 secs]
[GC 302678K->49187K(2944064K), 0.0457950 secs]
[GC 305251K->44848K(2944064K), 0.0436940 secs]
 INFO  [Stressor-2] {org.radargun.stressors.StressTestStressor} Number of ops executed so far: 1112449. Elapsed time: 40.001 secs. Remaining: 19.999 secs. Total: 1 mins 0 secs
[GC 300912K->50135K(2944064K), 0.0448490 secs]
[GC 306199K->54812K(2944064K), 0.0485310 secs]
[GC 310876K->50673K(2944064K), 0.0452420 secs]
[GC 306737K->50063K(2944064K), 0.0480280 secs]
[GC 306127K->47527K(2944064K), 0.0439830 secs]
[GC 303591K->51496K(2944064K), 0.0455010 secs]
[GC 307560K->54300K(2944064K), 0.0446560 secs]
[GC 310364K->54038K(2944064K), 0.0462640 secs]
[GC 310102K->54324K(2944064K), 0.0454180 secs]
[GC 310388K->57979K(2944064K), 0.0448060 secs]
[GC 314043K->57275K(2944064K), 0.0456200 secs]
[GC 313339K->60733K(2944064K), 0.0453930 secs]
[GC 316797K->47462K(2944064K), 0.0458970 secs]
[GC 303526K->57145K(2944064K), 0.0469860 secs]
[GC 313209K->60550K(2944064K), 0.0461170 secs]
[GC 316614K->58593K(2944064K), 0.0475700 secs]
[GC 314657K->60422K(2944064K), 0.0462490 secs]
[GC 316486K->59526K(2944064K), 0.0476800 secs]
[GC 315590K->59056K(2944064K), 0.0450750 secs]
[GC 315120K->59343K(2944064K), 0.0449130 secs]
 INFO  [Stressor-0] {org.radargun.stressors.StressTestStressor} Number of ops executed so far: 1688785. Elapsed time: 1 mins 0 secs. Remaining: 0.000 secs. Total: 1 mins 0 secs
 INFO  [pool-1-thread-1] {org.radargun.stressors.StressTestStressor} Finished generating report. Test duration is: 1 mins 1 secs
 INFO  [pool-1-thread-1] {org.radargun.stages.StressTestWarmupStage} The warmup took: 61 seconds.
 INFO  [pool-1-thread-1] {org.radargun.Slave} Finished stage: StressTestWarmup {bulkSize=1, cacheSpecificKeyGenerator=false, commitTransactions=true, duration=1 mins 0 secs, entrySize=1000, exitBenchmarkOnSlaveFailure=false, fixedKeys=true, generateHistogramRange=false, keyGeneratorClass=org.radargun.stressors.StringKeyGenerator, keyGeneratorParam=null, loadAllKeys=false, numEntries=100, numOfThreads=4, numRequests=10000, numThreads=4, numberOfAttributes=100, numberOfRequests=10000, opsCountStatusLog=100000, poolKeys=true, preferAsyncOperations=false, removePercentage=0, replaceInvalidPercentage=40, runOnAllSlaves=false, sharedKeys=false, sizeOfAnAttribute=1000, slaves=null, transactionSize=50, useAtomics=false, useHistogramStatistics=false, useSimpleStatistics=true, useSmartClassLoading=true, useTransactions=null, writePercentage=20, writeTxPercentage=20 }
 INFO  [main] {org.radargun.Slave} Ack successfully sent to the master
 INFO  [pool-1-thread-1] {org.radargun.Slave} Executing stage: ClearClusterStage {ClearCluster {exitBenchmarkOnSlaveFailure=false, runOnAllSlaves=false, slaves=[ 0 ], useSmartClassLoading=true }
 INFO  [pool-1-thread-1] {org.radargun.stages.ClearClusterStage} Before executing clear, memory looks like this: Memory - free: 2,648,794 kb - max:4,906,688 kb- total:2,944,064 kb
[Full GC 295269K->22392K(2944064K), 0.3378120 secs]
 INFO  [pool-1-thread-1] {org.radargun.stages.ClearClusterStage} After executing cleanup, memory looks like this: Memory - free: 2,919,650 kb - max:4,906,688 kb- total:2,944,192 kb
 INFO  [pool-1-thread-1] {org.radargun.Slave} Finished stage: ClearClusterStage {ClearCluster {exitBenchmarkOnSlaveFailure=false, runOnAllSlaves=false, slaves=[ 0 ], useSmartClassLoading=true }
 INFO  [main] {org.radargun.Slave} Ack successfully sent to the master
 INFO  [pool-1-thread-1] {org.radargun.Slave} Executing stage: StressTest {bulkSize=1, cacheSpecificKeyGenerator=false, commitTransactions=true, duration=1 mins 0 secs, entrySize=1000, exitBenchmarkOnSlaveFailure=false, fixedKeys=true, generateHistogramRange=false, keyGeneratorClass=org.radargun.stressors.StringKeyGenerator, keyGeneratorParam=null, loadAllKeys=false, numEntries=10000, numOfThreads=4, numRequests=10000000, numThreads=4, numberOfAttributes=10000, numberOfRequests=10000000, opsCountStatusLog=500000, poolKeys=true, preferAsyncOperations=false, removePercentage=0, replaceInvalidPercentage=40, runOnAllSlaves=false, sharedKeys=false, sizeOfAnAttribute=1000, slaves=null, transactionSize=10000, useAtomics=false, useHistogramStatistics=false, useSimpleStatistics=true, useSmartClassLoading=true, useTransactions=true, writePercentage=10, writeTxPercentage=50 }
 INFO  [pool-1-thread-1] {org.radargun.stages.StressTestStage} Starting StressTestStage: StressTest {bulkSize=1, cacheSpecificKeyGenerator=false, commitTransactions=true, duration=1 mins 0 secs, entrySize=1000, exitBenchmarkOnSlaveFailure=false, fixedKeys=true, generateHistogramRange=false, keyGeneratorClass=org.radargun.stressors.StringKeyGenerator, keyGeneratorParam=null, loadAllKeys=false, numEntries=10000, numOfThreads=4, numRequests=10000000, numThreads=4, numberOfAttributes=10000, numberOfRequests=10000000, opsCountStatusLog=500000, poolKeys=true, preferAsyncOperations=false, removePercentage=0, replaceInvalidPercentage=40, runOnAllSlaves=false, sharedKeys=false, sizeOfAnAttribute=1000, slaves=null, transactionSize=10000, useAtomics=false, useHistogramStatistics=false, useSimpleStatistics=true, useSmartClassLoading=true, useTransactions=true, writePercentage=10, writeTxPercentage=50 }
 INFO  [pool-1-thread-1] {org.radargun.stressors.StressTestStressor} Using key generator org.radargun.stressors.StringKeyGenerator, param null
 INFO  [pool-1-thread-1] {org.radargun.stressors.StressTestStressor} Executing: StressTestStressor{opsCountStatusLog=500000, numRequests=10000000, numEntries=10000, entrySize=1000, writePercentage=10, numThreads=4, cacheWrapper=org.radargun.cachewrappers.InfinispanXSWrapper@6b075908, nodeIndex=0, useTransactions=true, transactionSize=10000, commitTransactions=true, durationMillis=60000}
 INFO  [pool-1-thread-1] {org.radargun.stressors.StressTestStressor} Cache wrapper info is: Running : 5.2.6.Final, config:ispn52-repl-sync-rc.xml, cacheName:testCache
[GC 278584K->59678K(2944192K), 0.0544700 secs]
[GC 315870K->77810K(2944192K), 0.0740960 secs]
[GC 334002K->126711K(2944192K), 0.0885800 secs]
[GC 382903K->138838K(2944192K), 0.1201870 secs]
[GC 395030K->162001K(2944192K), 0.0972030 secs]
[GC 418193K->183435K(2944192K), 0.1045680 secs]
[GC 439627K->202159K(2944192K), 0.0929460 secs]
[GC 458351K->215315K(2944192K), 0.0850340 secs]
[GC 471507K->242965K(2944192K), 0.1185220 secs]
[GC 499157K->243423K(2944192K), 0.0810320 secs]
[GC 499615K->299323K(2944192K), 0.1146190 secs]
[GC 555515K->278735K(2944192K), 0.0853050 secs]
[GC 534927K->326852K(2944192K), 0.0989530 secs]
[GC 583044K->317364K(2944192K), 0.1162310 secs]
[GC 573556K->352088K(2944192K), 0.0791080 secs]
[GC 608280K->374031K(2944192K), 0.1152760 secs]
[GC 630223K->391227K(2944192K), 0.0802410 secs]
 INFO  [pool-1-thread-1] {org.radargun.stressors.StressTestStressor} Started 4 stressor threads.
 INFO  [Stressor-2] {org.radargun.stressors.StressTestStressor} Number of ops executed so far: 1. Elapsed time: 0.000 secs. Remaining: 1 mins 0 secs. Total: 1 mins 0 secs
[GC 647419K->431419K(2944192K), 0.1312780 secs]
[GC 687581K->433923K(2944192K), 0.0918370 secs]
[GC 690115K->463787K(2944192K), 0.0993840 secs]
[GC 719952K->468082K(2944192K), 0.0679420 secs]
[GC 724274K->485737K(2944192K), 0.0638670 secs]
[GC 741907K->498665K(2944192K), 0.0696750 secs]
[GC 754857K->536893K(2944192K), 0.0691910 secs]
[GC 793085K->545212K(2944192K), 0.0660380 secs]
[GC 801356K->549382K(2944192K), 0.0722070 secs]
[GC 805196K->592765K(2944192K), 0.0694320 secs]
[GC 848807K->586224K(2944192K), 0.0758660 secs]
[GC 842416K->630772K(2944192K), 0.0606170 secs]
[GC 886964K->636654K(2944192K), 0.0748110 secs]
[GC 892846K->666520K(2944192K), 0.0618430 secs]
[GC 922712K->685330K(2944192K), 0.0799730 secs]
[GC 941522K->684136K(2944192K), 0.0643490 secs]
[GC 940328K->689461K(2944192K), 0.0615730 secs]
[GC 945196K->738166K(2944192K), 0.0655460 secs]
[GC 994358K->751578K(2944192K), 0.0820270 secs]
[GC 1007102K->737861K(2944192K), 0.0684980 secs]
[GC 994053K->793597K(2944192K), 0.0651720 secs]
[GC 1049734K->806682K(2944192K), 0.0657200 secs]
[GC 1062874K->827782K(2944192K), 0.0726010 secs]
 INFO  [Stressor-1] {org.radargun.stressors.StressTestStressor} Number of ops executed so far: 410000. Elapsed time: 21.271 secs. Remaining: 38.729 secs. Total: 1 mins 0 secs
[GC 1083363K->856141K(2944192K), 0.0737650 secs]
[GC 1112333K->871114K(2944192K), 0.0740070 secs]
[GC 1127306K->870001K(2944192K), 0.0799440 secs]
[GC 1126193K->913418K(2944192K), 0.0628300 secs]
[GC 1169610K->904540K(2944192K), 0.0845280 secs]
[GC 1160732K->953445K(2944192K), 0.0672770 secs]
[GC 1208775K->962174K(2944192K), 0.0823080 secs]
[GC 1218336K->963924K(2944192K), 0.0623210 secs]
[GC 1220116K->1000873K(2944192K), 0.0625110 secs]
[GC 1256207K->1021239K(2944192K), 0.0772210 secs]
[GC 1277431K->1039787K(2944192K), 0.0696370 secs]
[GC 1295979K->1056925K(2944192K), 0.0749010 secs]
[GC 1311606K->1081936K(2944192K), 0.0840250 secs]
[GC 1338128K->1057782K(2944192K), 0.0662920 secs]
[GC 1313939K->1109545K(2944192K), 0.0603500 secs]
[GC 1365737K->1099174K(2944192K), 0.0703330 secs]
[GC 1355366K->1146978K(2944192K), 0.0785500 secs]
[GC 1403170K->1164194K(2944192K), 0.0754780 secs]
[GC 1420386K->1155624K(2944192K), 0.0717680 secs]
[GC 1411815K->1195945K(2944192K), 0.0769460 secs]
[GC 1452137K->1225070K(2944192K), 0.0787100 secs]
[GC 1481262K->1221553K(2944192K), 0.0886750 secs]
 INFO  [Stressor-0] {org.radargun.stressors.StressTestStressor} Number of ops executed so far: 843091. Elapsed time: 41.271 secs. Remaining: 18.729 secs. Total: 1 mins 0 secs
[GC 1477745K->1249448K(2944192K), 0.0684390 secs]
[GC 1505640K->1287754K(2944192K), 0.0742790 secs]
[GC 1543946K->1267616K(2944192K), 0.0715270 secs]
[GC 1523794K->1321237K(2944192K), 0.0593020 secs]
[GC 1577415K->1343285K(2944192K), 0.0697360 secs]
[GC 1599398K->1346982K(2944192K), 0.0790290 secs]
[GC 1603169K->1363924K(2944192K), 0.0718730 secs]
[GC 1620116K->1393891K(2944192K), 0.0743890 secs]
[GC 1650083K->1405762K(2944192K), 0.0852160 secs]
[GC 1406277K(2944192K), 0.0261260 secs]
[GC 1661954K->1433301K(2944192K), 0.0800980 secs]
[GC 1603707K(2944192K), 0.0722260 secs]
[GC 1362356K->1111577K(2944192K), 0.0749660 secs]
[GC 647016K->413128K(2944192K), 0.0651290 secs]
[GC 669320K->441934K(2944192K), 0.0675250 secs]
[GC 698096K->444108K(2944192K), 0.0610710 secs]
[GC 699887K->487073K(2944192K), 0.0613460 secs]
[GC 743265K->500817K(2944192K), 0.0706120 secs]
[GC 757009K->514514K(2944192K), 0.0618760 secs]
[GC 770346K->532615K(2944192K), 0.0754430 secs]
[GC 788807K->545150K(2944192K), 0.0752660 secs]
[GC 801310K->546191K(2944192K), 0.0688650 secs]
[GC 802383K->594672K(2944192K), 0.0570850 secs]
 INFO  [pool-1-thread-1] {org.radargun.stressors.StressTestStressor} Finished generating report. Test duration is: 1 mins 38 secs
 INFO  [pool-1-thread-1] {org.radargun.stages.StressTestStage} size info: Running : 5.2.6.Final, config:ispn52-repl-sync-rc.xml, cacheName:testCache, clusterSize:6, nodeIndex:0, cacheSize: 240000
 INFO  [pool-1-thread-1] {org.radargun.Slave} Finished stage: StressTest {bulkSize=1, cacheSpecificKeyGenerator=false, commitTransactions=true, duration=1 mins 0 secs, entrySize=1000, exitBenchmarkOnSlaveFailure=false, fixedKeys=true, generateHistogramRange=false, keyGeneratorClass=org.radargun.stressors.StringKeyGenerator, keyGeneratorParam=null, loadAllKeys=false, numEntries=10000, numOfThreads=4, numRequests=10000000, numThreads=4, numberOfAttributes=10000, numberOfRequests=10000000, opsCountStatusLog=500000, poolKeys=true, preferAsyncOperations=false, removePercentage=0, replaceInvalidPercentage=40, runOnAllSlaves=false, sharedKeys=false, sizeOfAnAttribute=1000, slaves=null, transactionSize=10000, useAtomics=false, useHistogramStatistics=false, useSimpleStatistics=true, useSmartClassLoading=true, useTransactions=true, writePercentage=10, writeTxPercentage=50 }
 INFO  [main] {org.radargun.Slave} Ack successfully sent to the master
 INFO  [main] {org.radargun.Slave} Master shutdown!
 INFO  [Thread-0] {org.radargun.ShutDownHook} Slave process is being shutdown
