/usr/java/jdk1.7.0_21/bin/java -server -Xmx1024M -Xms1024M -Dresolve.dns=false -Djgroups.timer.num_threads=4 -verbose:gc -Xmx5000M -Xms3000M -server -XX:+UseConcMarkSweepGC -XX:+AggressiveOpts -verbose:gc -XX:ParallelGCThreads=4 -XX:NewRatio=5 -XX:SurvivorRatio=2 -Dhazelcast.operation.thread.count=4 -Djava.net.preferIPv4Stack=true -Dlog4j.file.prefix=deimos-esw-857 -Dbind.address= -Djgroups.bind_addr= -classpath /home/smf/github/radargun/target/distribution/RadarGun-1.1.0-SNAPSHOT/lib/activation-1.1.jar:/home/smf/github/radargun/target/distribution/RadarGun-1.1.0-SNAPSHOT/lib/commons-beanutils-1.8.0.jar:/home/smf/github/radargun/target/distribution/RadarGun-1.1.0-SNAPSHOT/lib/commons-digester-2.0.jar:/home/smf/github/radargun/target/distribution/RadarGun-1.1.0-SNAPSHOT/lib/commons-logging-1.1.1.jar:/home/smf/github/radargun/target/distribution/RadarGun-1.1.0-SNAPSHOT/lib/commons-math-1.2.jar:/home/smf/github/radargun/target/distribution/RadarGun-1.1.0-SNAPSHOT/lib/jboss-transaction-api-1.0.1.GA.jar:/home/smf/github/radargun/target/distribution/RadarGun-1.1.0-SNAPSHOT/lib/jcommon-1.0.15.jar:/home/smf/github/radargun/target/distribution/RadarGun-1.1.0-SNAPSHOT/lib/jfreechart-1.0.12.jar:/home/smf/github/radargun/target/distribution/RadarGun-1.1.0-SNAPSHOT/lib/log4j-1.2.14.jar:/home/smf/github/radargun/target/distribution/RadarGun-1.1.0-SNAPSHOT/lib/mail-1.4.2.jar:/home/smf/github/radargun/target/distribution/RadarGun-1.1.0-SNAPSHOT/lib/radargun-framework-1.1.0-SNAPSHOT.jar:/home/smf/github/radargun/target/distribution/RadarGun-1.1.0-SNAPSHOT/conf org.radargun.Slave -master 127.0.0.1:2103
--------------------------------------------------------------------------------
PerNodeRollingFileAppender::Using file prefix:deimos-esw-857
 INFO  [main] {org.radargun.Slave} Attempting to connect to master 127.0.0.1:2103
 INFO  [main] {org.radargun.Slave} Successfully established connection with master at: 127.0.0.1:2103
Loading JARS from /home/smf/github/radargun/target/distribution/RadarGun-1.1.0-SNAPSHOT/lib/radargun-framework-1.1.0-SNAPSHOT.jar
 INFO  [pool-1-thread-1] {org.radargun.config.AnnotatedHelper} Loading JARS from /home/smf/github/radargun/target/distribution/RadarGun-1.1.0-SNAPSHOT/lib/radargun-framework-1.1.0-SNAPSHOT.jar
 INFO  [pool-1-thread-1] {org.radargun.config.AnnotatedHelper} Loading JARS from /home/smf/github/radargun/target/distribution/RadarGun-1.1.0-SNAPSHOT/lib/radargun-framework-1.1.0-SNAPSHOT.jar
 INFO  [pool-1-thread-1] {org.radargun.Slave} Executing stage: DestroyWrapper {enforceMemoryThrashHold=true, exitBenchmarkOnSlaveFailure=false, heapDumpDir=null, memoryThreshold=95, runOnAllSlaves=true, slaves=null, useSmartClassLoading=true }
 INFO  [pool-1-thread-1] {org.radargun.stages.DestroyWrapperStage} Received destroy cache wrapper request from master...
 INFO  [pool-1-thread-1] {org.radargun.stages.DestroyWrapperStage} No cache wrapper deployed on this slave, nothing to do.
 INFO  [pool-1-thread-1] {org.radargun.stages.DestroyWrapperStage} Before executing clear, memory looks like this: Memory - free: 2,928,638 kb - max:4,906,688 kb- total:2,944,000 kb
[Full GC 15361K->3631K(2944000K), 0.1280750 secs]
 INFO  [pool-1-thread-1] {org.radargun.stages.DestroyWrapperStage} After executing cleanup, memory looks like this: Memory - free: 2,935,311 kb - max:4,906,688 kb- total:2,944,064 kb
 INFO  [pool-1-thread-1] {org.radargun.Slave} Finished stage: DestroyWrapper {enforceMemoryThrashHold=true, exitBenchmarkOnSlaveFailure=false, heapDumpDir=null, memoryThreshold=95, runOnAllSlaves=true, slaves=null, useSmartClassLoading=true }
 INFO  [main] {org.radargun.Slave} Ack successfully sent to the master
 INFO  [pool-1-thread-1] {org.radargun.Slave} Executing stage: StartCluster {config=ispn52-repl-sync-rc.xml, delayAfterFirstSlaveStarts=5.000 secs, delayBetweenStartingSlaves=0.500 secs, exitBenchmarkOnSlaveFailure=true, expectNumSlaves=null, mayFailOn=null, reachable=null, runOnAllSlaves=false, slaves=null, staggerSlaveStartup=true, useSmartClassLoading=true, validateCluster=true }
 INFO  [pool-1-thread-1] {org.radargun.stages.StartClusterStage}  Startup staggering, starting 12 slaves. This is the slave with index 11. Sleeping for 10500 millis.
 INFO  [pool-1-thread-1] {org.radargun.stages.StartClusterStage} Ack master's StartCluster stage. Local address is: /127.0.0.1. This slave's index is: 11
 INFO  [pool-1-thread-1] {org.radargun.utils.ClassLoadHelper} Creating newInstance org.radargun.cachewrappers.InfinispanXSWrapper with classloader java.net.URLClassLoader@3fbefe6e
 INFO  [pool-1-thread-1] {org.radargun.cachewrappers.InfinispanXSWrapper} Cannot find any site for slave index 11
 INFO  [pool-1-thread-1] {org.infinispan.remoting.transport.jgroups.JGroupsTransport} ISPN000078: Starting JGroups Channel
 WARN  [pool-1-thread-1] {org.jgroups.protocols.UDP} [JGRP00014] the send buffer of socket DatagramSocket was set to 640KB, but the OS only allocated 229.38KB. This might lead to performance problems. Please set your max send buffer in the OS correctly (e.g. net.core.wmem_max on Linux)
 WARN  [pool-1-thread-1] {org.jgroups.protocols.UDP} [JGRP00014] the receive buffer of socket DatagramSocket was set to 20MB, but the OS only allocated 229.38KB. This might lead to performance problems. Please set your max receive buffer in the OS correctly (e.g. net.core.rmem_max on Linux)
 WARN  [pool-1-thread-1] {org.jgroups.protocols.UDP} [JGRP00014] the send buffer of socket MulticastSocket was set to 640KB, but the OS only allocated 229.38KB. This might lead to performance problems. Please set your max send buffer in the OS correctly (e.g. net.core.wmem_max on Linux)
 WARN  [pool-1-thread-1] {org.jgroups.protocols.UDP} [JGRP00014] the receive buffer of socket MulticastSocket was set to 25MB, but the OS only allocated 229.38KB. This might lead to performance problems. Please set your max receive buffer in the OS correctly (e.g. net.core.rmem_max on Linux)
 INFO  [pool-1-thread-1] {org.infinispan.remoting.transport.jgroups.JGroupsTransport} ISPN000094: Received new cluster view: [deimos-esw-33735|11] [deimos-esw-33735, deimos-esw-25045, deimos-esw-3090, deimos-esw-48345, deimos-esw-19040, deimos-esw-31868, deimos-esw-35291, deimos-esw-46794, deimos-esw-1496, deimos-esw-28710, deimos-esw-61362, deimos-esw-1793]
 INFO  [pool-1-thread-1] {org.infinispan.remoting.transport.jgroups.JGroupsTransport} ISPN000079: Cache local address is deimos-esw-1793, physical addresses are [127.0.0.1:52011]
 INFO  [pool-1-thread-1] {org.infinispan.factories.GlobalComponentRegistry} ISPN000128: Infinispan version: Infinispan 'Delirium' 5.2.6.Final
 INFO  [pool-1-thread-1] {org.infinispan.transaction.lookup.JBossStandaloneJTAManagerLookup} ISPN000107: Retrieving transaction manager Transaction: unknown
 INFO  [pool-1-thread-1] {org.infinispan.jmx.CacheJmxRegistration} ISPN000031: MBeans were successfully registered to the platform MBean server.
 INFO  [pool-1-thread-1] {org.radargun.cachewrappers.InfinispanXSWrapper} Using transaction manager: Transaction: unknown
 INFO  [pool-1-thread-1] {org.radargun.cachewrappers.InfinispanXSWrapper} No RELAY2 protocol in XS wrapper
 INFO  [pool-1-thread-1] {org.radargun.cachewrappers.InfinispanXSWrapper} JGroups version: JGroups 3.2.7.Final
 INFO  [pool-1-thread-1] {org.radargun.cachewrappers.InfinispanXSWrapper} Using config attributes: {name=ispn52-repl-sync-rc.xml}
 INFO  [pool-1-thread-1] {org.radargun.stages.helpers.StartHelper} Number of members is the one expected: 12
 INFO  [pool-1-thread-1] {org.radargun.stages.StartClusterStage} Successfully started cache wrapper on slave 11: org.radargun.cachewrappers.InfinispanXSWrapper@5a4aba15
 INFO  [pool-1-thread-1] {org.radargun.Slave} Finished stage: StartCluster {config=ispn52-repl-sync-rc.xml, delayAfterFirstSlaveStarts=5.000 secs, delayBetweenStartingSlaves=0.500 secs, exitBenchmarkOnSlaveFailure=true, expectNumSlaves=null, mayFailOn=null, reachable=null, runOnAllSlaves=false, slaves=null, staggerSlaveStartup=true, useSmartClassLoading=true, validateCluster=true }
 INFO  [main] {org.radargun.Slave} Ack successfully sent to the master
 INFO  [pool-1-thread-1] {org.radargun.Slave} Executing stage: ClusterValidation {exitBenchmarkOnSlaveFailure=false, partialReplication=false, replicationTimeSleep=2000, replicationTryCount=60, runOnAllSlaves=false, slaves=null, useSmartClassLoading=true }
 INFO  [pool-1-thread-1] {org.radargun.stages.ClusterValidationStage} Number of caches that replicated here is 11
 INFO  [pool-1-thread-1] {org.radargun.stages.ClusterValidationStage} Replication test successfully passed. partialReplication? false, replicationCount = 11
 INFO  [pool-1-thread-1] {org.radargun.stages.ClusterValidationStage} Confirm phase successful.
 INFO  [pool-1-thread-1] {org.radargun.Slave} Finished stage: ClusterValidation {exitBenchmarkOnSlaveFailure=false, partialReplication=false, replicationTimeSleep=2000, replicationTryCount=60, runOnAllSlaves=false, slaves=[ 0, 1, 2, 3, 4, 5, 6, 7, 8, 9, 10, 11 ], useSmartClassLoading=true }
 INFO  [main] {org.radargun.Slave} Ack successfully sent to the master
 INFO  [pool-1-thread-1] {org.radargun.Slave} Executing stage: StressTestWarmup {bulkSize=1, cacheSpecificKeyGenerator=false, commitTransactions=true, duration=1 mins 0 secs, entrySize=1000, exitBenchmarkOnSlaveFailure=false, fixedKeys=true, generateHistogramRange=false, keyGeneratorClass=org.radargun.stressors.StringKeyGenerator, keyGeneratorParam=null, loadAllKeys=false, numEntries=100, numOfThreads=4, numRequests=10000, numThreads=4, numberOfAttributes=100, numberOfRequests=10000, opsCountStatusLog=100000, poolKeys=true, preferAsyncOperations=false, removePercentage=0, replaceInvalidPercentage=40, runOnAllSlaves=false, sharedKeys=false, sizeOfAnAttribute=1000, slaves=null, transactionSize=50, useAtomics=false, useHistogramStatistics=false, useSimpleStatistics=true, useSmartClassLoading=true, useTransactions=null, writePercentage=20, writeTxPercentage=20 }
 INFO  [pool-1-thread-1] {org.radargun.stages.StressTestWarmupStage} Starting StressTestWarmupStage: StressTestWarmup {bulkSize=1, cacheSpecificKeyGenerator=false, commitTransactions=true, duration=1 mins 0 secs, entrySize=1000, exitBenchmarkOnSlaveFailure=false, fixedKeys=true, generateHistogramRange=false, keyGeneratorClass=org.radargun.stressors.StringKeyGenerator, keyGeneratorParam=null, loadAllKeys=false, numEntries=100, numOfThreads=4, numRequests=10000, numThreads=4, numberOfAttributes=100, numberOfRequests=10000, opsCountStatusLog=100000, poolKeys=true, preferAsyncOperations=false, removePercentage=0, replaceInvalidPercentage=40, runOnAllSlaves=false, sharedKeys=false, sizeOfAnAttribute=1000, slaves=null, transactionSize=50, useAtomics=false, useHistogramStatistics=false, useSimpleStatistics=true, useSmartClassLoading=true, useTransactions=null, writePercentage=20, writeTxPercentage=20 }
 INFO  [pool-1-thread-1] {org.radargun.stressors.StressTestStressor} Using key generator org.radargun.stressors.StringKeyGenerator, param null
 INFO  [pool-1-thread-1] {org.radargun.stressors.StressTestStressor} Executing: StressTestStressor{opsCountStatusLog=100000, numRequests=10000, numEntries=100, entrySize=1000, writePercentage=20, numThreads=4, cacheWrapper=org.radargun.cachewrappers.InfinispanXSWrapper@5a4aba15, nodeIndex=11, useTransactions=true, transactionSize=50, commitTransactions=true, durationMillis=60000}
 INFO  [pool-1-thread-1] {org.radargun.stressors.StressTestStressor} Cache wrapper info is: Running : 5.2.6.Final, config:ispn52-repl-sync-rc.xml, cacheName:testCache
[GC 259695K->18893K(2944064K), 0.0462080 secs]
 INFO  [pool-1-thread-1] {org.radargun.stressors.StressTestStressor} Started 4 stressor threads.
 INFO  [Stressor-1] {org.radargun.stressors.StressTestStressor} Number of ops executed so far: 1. Elapsed time: 0.001 secs. Remaining: 59.999 secs. Total: 1 mins 0 secs
[GC 274957K->22280K(2944064K), 0.0445970 secs]
[GC 278344K->28137K(2944064K), 0.0356240 secs]
[GC 284201K->27994K(2944064K), 0.0401940 secs]
[GC 284058K->31659K(2944064K), 0.0391880 secs]
[GC 287723K->37078K(2944064K), 0.0400650 secs]
[GC 293142K->31198K(2944064K), 0.0447880 secs]
[GC 287262K->37522K(2944064K), 0.0430230 secs]
[GC 293586K->41153K(2944064K), 0.0402500 secs]
[GC 297217K->33330K(2944064K), 0.0413560 secs]
[GC 289394K->37735K(2944064K), 0.0440120 secs]
[GC 293799K->37783K(2944064K), 0.0488060 secs]
[GC 293847K->44843K(2944064K), 0.0451450 secs]
[GC 300907K->37487K(2944064K), 0.0451110 secs]
[GC 293551K->43574K(2944064K), 0.0439830 secs]
 INFO  [Stressor-3] {org.radargun.stressors.StressTestStressor} Number of ops executed so far: 197200. Elapsed time: 20.040 secs. Remaining: 39.960 secs. Total: 1 mins 0 secs
[GC 299638K->38789K(2944064K), 0.0812770 secs]
[GC 294853K->38639K(2944064K), 0.0469910 secs]
[GC 294703K->40588K(2944064K), 0.0376260 secs]
[GC 296652K->41993K(2944064K), 0.0381630 secs]
[GC 298057K->43382K(2944064K), 0.0404550 secs]
[GC 299446K->46226K(2944064K), 0.0389870 secs]
[GC 302290K->46558K(2944064K), 0.0401850 secs]
[GC 302622K->49303K(2944064K), 0.0417770 secs]
[GC 305367K->42697K(2944064K), 0.0462270 secs]
[GC 298759K->46624K(2944064K), 0.0461170 secs]
[GC 302688K->43800K(2944064K), 0.0406810 secs]
[GC 299864K->48532K(2944064K), 0.0427040 secs]
[GC 304596K->43558K(2944064K), 0.0425330 secs]
[GC 299622K->43476K(2944064K), 0.0485400 secs]
[GC 299540K->44485K(2944064K), 0.0441510 secs]
 INFO  [Stressor-3] {org.radargun.stressors.StressTestStressor} Number of ops executed so far: 484200. Elapsed time: 40.040 secs. Remaining: 19.960 secs. Total: 1 mins 0 secs
[GC 300549K->51052K(2944064K), 0.0451670 secs]
[GC 307116K->49591K(2944064K), 0.0421000 secs]
[GC 305655K->50244K(2944064K), 0.0408720 secs]
[GC 306308K->50550K(2944064K), 0.0401300 secs]
[GC 306614K->50901K(2944064K), 0.0406710 secs]
[GC 306965K->51970K(2944064K), 0.0407730 secs]
[GC 308034K->51851K(2944064K), 0.0411250 secs]
[GC 307915K->47164K(2944064K), 0.0417110 secs]
[GC 303228K->53322K(2944064K), 0.0418560 secs]
[GC 309386K->47702K(2944064K), 0.0415600 secs]
[GC 303665K->53260K(2944064K), 0.0429400 secs]
[GC 309324K->52905K(2944064K), 0.0401100 secs]
[GC 308969K->47638K(2944064K), 0.0418720 secs]
[GC 303702K->55545K(2944064K), 0.0447930 secs]
[GC 311609K->49351K(2944064K), 0.0408340 secs]
[GC 305415K->48956K(2944064K), 0.0437560 secs]
 INFO  [pool-1-thread-1] {org.radargun.stressors.StressTestStressor} Finished generating report. Test duration is: 1 mins 4 secs
 INFO  [pool-1-thread-1] {org.radargun.stages.StressTestWarmupStage} The warmup took: 64 seconds.
 INFO  [pool-1-thread-1] {org.radargun.Slave} Finished stage: StressTestWarmup {bulkSize=1, cacheSpecificKeyGenerator=false, commitTransactions=true, duration=1 mins 0 secs, entrySize=1000, exitBenchmarkOnSlaveFailure=false, fixedKeys=true, generateHistogramRange=false, keyGeneratorClass=org.radargun.stressors.StringKeyGenerator, keyGeneratorParam=null, loadAllKeys=false, numEntries=100, numOfThreads=4, numRequests=10000, numThreads=4, numberOfAttributes=100, numberOfRequests=10000, opsCountStatusLog=100000, poolKeys=true, preferAsyncOperations=false, removePercentage=0, replaceInvalidPercentage=40, runOnAllSlaves=false, sharedKeys=false, sizeOfAnAttribute=1000, slaves=null, transactionSize=50, useAtomics=false, useHistogramStatistics=false, useSimpleStatistics=true, useSmartClassLoading=true, useTransactions=null, writePercentage=20, writeTxPercentage=20 }
 INFO  [main] {org.radargun.Slave} Ack successfully sent to the master
 INFO  [pool-1-thread-1] {org.radargun.Slave} Executing stage: ClearClusterStage {ClearCluster {exitBenchmarkOnSlaveFailure=false, runOnAllSlaves=false, slaves=[ 0 ], useSmartClassLoading=true }
 INFO  [pool-1-thread-1] {org.radargun.stages.ClearClusterStage} Before executing clear, memory looks like this: Memory - free: 2,687,671 kb - max:4,906,688 kb- total:2,944,064 kb
[Full GC 257496K->22190K(2944064K), 0.3546650 secs]
 INFO  [pool-1-thread-1] {org.radargun.stages.ClearClusterStage} After executing cleanup, memory looks like this: Memory - free: 2,920,472 kb - max:4,906,688 kb- total:2,944,192 kb
 INFO  [pool-1-thread-1] {org.radargun.Slave} Finished stage: ClearClusterStage {ClearCluster {exitBenchmarkOnSlaveFailure=false, runOnAllSlaves=false, slaves=[ 0 ], useSmartClassLoading=true }
 INFO  [main] {org.radargun.Slave} Ack successfully sent to the master
 INFO  [pool-1-thread-1] {org.radargun.Slave} Executing stage: StressTest {bulkSize=1, cacheSpecificKeyGenerator=false, commitTransactions=true, duration=1 mins 0 secs, entrySize=1000, exitBenchmarkOnSlaveFailure=false, fixedKeys=true, generateHistogramRange=false, keyGeneratorClass=org.radargun.stressors.StringKeyGenerator, keyGeneratorParam=null, loadAllKeys=false, numEntries=10000, numOfThreads=4, numRequests=10000000, numThreads=4, numberOfAttributes=10000, numberOfRequests=10000000, opsCountStatusLog=500000, poolKeys=true, preferAsyncOperations=false, removePercentage=0, replaceInvalidPercentage=40, runOnAllSlaves=false, sharedKeys=false, sizeOfAnAttribute=1000, slaves=null, transactionSize=10000, useAtomics=false, useHistogramStatistics=false, useSimpleStatistics=true, useSmartClassLoading=true, useTransactions=true, writePercentage=10, writeTxPercentage=50 }
 INFO  [pool-1-thread-1] {org.radargun.stages.StressTestStage} Starting StressTestStage: StressTest {bulkSize=1, cacheSpecificKeyGenerator=false, commitTransactions=true, duration=1 mins 0 secs, entrySize=1000, exitBenchmarkOnSlaveFailure=false, fixedKeys=true, generateHistogramRange=false, keyGeneratorClass=org.radargun.stressors.StringKeyGenerator, keyGeneratorParam=null, loadAllKeys=false, numEntries=10000, numOfThreads=4, numRequests=10000000, numThreads=4, numberOfAttributes=10000, numberOfRequests=10000000, opsCountStatusLog=500000, poolKeys=true, preferAsyncOperations=false, removePercentage=0, replaceInvalidPercentage=40, runOnAllSlaves=false, sharedKeys=false, sizeOfAnAttribute=1000, slaves=null, transactionSize=10000, useAtomics=false, useHistogramStatistics=false, useSimpleStatistics=true, useSmartClassLoading=true, useTransactions=true, writePercentage=10, writeTxPercentage=50 }
 INFO  [pool-1-thread-1] {org.radargun.stressors.StressTestStressor} Using key generator org.radargun.stressors.StringKeyGenerator, param null
 INFO  [pool-1-thread-1] {org.radargun.stressors.StressTestStressor} Executing: StressTestStressor{opsCountStatusLog=500000, numRequests=10000000, numEntries=10000, entrySize=1000, writePercentage=10, numThreads=4, cacheWrapper=org.radargun.cachewrappers.InfinispanXSWrapper@5a4aba15, nodeIndex=11, useTransactions=true, transactionSize=10000, commitTransactions=true, durationMillis=60000}
 INFO  [pool-1-thread-1] {org.radargun.stressors.StressTestStressor} Cache wrapper info is: Running : 5.2.6.Final, config:ispn52-repl-sync-rc.xml, cacheName:testCache
[GC 278318K->61529K(2944192K), 0.0468790 secs]
[GC 317657K->85899K(2944192K), 0.0585480 secs]
[GC 342027K->99001K(2944192K), 0.0777500 secs]
[GC 355129K->153170K(2944192K), 0.1194830 secs]
[GC 409298K->183853K(2944192K), 0.0969360 secs]
[GC 439981K->192738K(2944192K), 0.1055050 secs]
[GC 448866K->220863K(2944192K), 0.1061190 secs]
[GC 476991K->255354K(2944192K), 0.1063970 secs]
[GC 511482K->239151K(2944192K), 0.0967390 secs]
[GC 495279K->271327K(2944192K), 0.0950810 secs]
[GC 527455K->287774K(2944192K), 0.1087270 secs]
[GC 543902K->321783K(2944192K), 0.0985710 secs]
[GC 577911K->339404K(2944192K), 0.1129220 secs]
[GC 595532K->384212K(2944192K), 0.1076850 secs]
[GC 640340K->374466K(2944192K), 0.1014250 secs]
[GC 630594K->405629K(2944192K), 0.1036870 secs]
[GC 661757K->429254K(2944192K), 0.0925680 secs]
[GC 685382K->453812K(2944192K), 0.0896160 secs]
[GC 709940K->460891K(2944192K), 0.1032490 secs]
[GC 717019K->497072K(2944192K), 0.1076120 secs]
[GC 753200K->531697K(2944192K), 0.1037570 secs]
[GC 787825K->540067K(2944192K), 0.0996120 secs]
[GC 796195K->564906K(2944192K), 0.1145450 secs]
[GC 821034K->581410K(2944192K), 0.1063080 secs]
[GC 837538K->615828K(2944192K), 0.0983940 secs]
[GC 871956K->640347K(2944192K), 0.0957530 secs]
[GC 896475K->653300K(2944192K), 0.1030720 secs]
[GC 909428K->671689K(2944192K), 0.1000930 secs]
[GC 927817K->710272K(2944192K), 0.0918650 secs]
[GC 966400K->697374K(2944192K), 0.0945410 secs]
[GC 953502K->730756K(2944192K), 0.1062060 secs]
[GC 986884K->739274K(2944192K), 0.0938140 secs]
 INFO  [pool-1-thread-1] {org.radargun.stressors.StressTestStressor} Started 4 stressor threads.
 INFO  [Stressor-3] {org.radargun.stressors.StressTestStressor} Number of ops executed so far: 1. Elapsed time: 0.000 secs. Remaining: 1 mins 0 secs. Total: 1 mins 0 secs
[GC 995402K->800833K(2944192K), 0.1069270 secs]
[GC 1056922K->819362K(2944192K), 0.1216210 secs]
[GC 1074617K->837083K(2944192K), 0.0904060 secs]
[GC 1093211K->861479K(2944192K), 0.0637490 secs]
[GC 1116164K->892947K(2944192K), 0.0942840 secs]
[GC 1149072K->908369K(2944192K), 0.0875630 secs]
[GC 1164254K->915724K(2944192K), 0.0872880 secs]
[GC 1171852K->951210K(2944192K), 0.0739860 secs]
[GC 1207338K->981521K(2944192K), 0.0798000 secs]
[GC 1237649K->1024133K(2944192K), 0.0782000 secs]
[GC 1280211K->1051037K(2944192K), 0.0800830 secs]
[GC 1307143K->1064752K(2944192K), 0.0885670 secs]
[GC 1320880K->1087508K(2944192K), 0.0808220 secs]
[GC 1343636K->1145455K(2944192K), 0.0838300 secs]
[GC 1401541K->1140487K(2944192K), 0.0790010 secs]
 INFO  [Stressor-3] {org.radargun.stressors.StressTestStressor} Number of ops executed so far: 140000. Elapsed time: 20.360 secs. Remaining: 39.640 secs. Total: 1 mins 0 secs
[GC 1396615K->1182737K(2944192K), 0.0845370 secs]
[GC 1438865K->1220992K(2944192K), 0.0780010 secs]
[GC 1477083K->1224267K(2944192K), 0.0772630 secs]
[GC 1480395K->1252614K(2944192K), 0.0865810 secs]
[GC 1508742K->1271670K(2944192K), 0.0816610 secs]
[GC 1527798K->1326196K(2944192K), 0.0807740 secs]
[GC 1581589K->1318227K(2944192K), 0.0763990 secs]
[GC 1574355K->1357949K(2944192K), 0.0799210 secs]
[GC 1613952K->1381222K(2944192K), 0.0821550 secs]
[GC 1382228K(2944192K), 0.0284880 secs]
[GC 1637350K->1429474K(2944192K), 0.0822230 secs]
[GC 1564796K(2944192K), 0.0507200 secs]
[GC 1113542K->876767K(2944192K), 0.0854480 secs]
[GC 963781K->690042K(2944192K), 0.0737300 secs]
[GC 945355K->748415K(2944192K), 0.0681390 secs]
[GC 1004323K->765175K(2944192K), 0.0915890 secs]
[GC 1021027K->812862K(2944192K), 0.0862310 secs]
[GC 1068866K->811353K(2944192K), 0.0830310 secs]
 INFO  [Stressor-1] {org.radargun.stressors.StressTestStressor} Number of ops executed so far: 250000. Elapsed time: 41.902 secs. Remaining: 18.098 secs. Total: 1 mins 0 secs
[GC 1067481K->863214K(2944192K), 0.0753690 secs]
[GC 1119342K->877137K(2944192K), 0.0822490 secs]
[GC 1133265K->922719K(2944192K), 0.0806560 secs]
[GC 1178808K->907560K(2944192K), 0.0816200 secs]
[GC 1163661K->941001K(2944192K), 0.0784810 secs]
[GC 1197129K->1000385K(2944192K), 0.0719940 secs]
[GC 1256505K->998252K(2944192K), 0.0789140 secs]
[GC 1254373K->1003892K(2944192K), 0.0733060 secs]
[GC 1260020K->1060517K(2944192K), 0.0668080 secs]
[GC 1316511K->1080222K(2944192K), 0.0813810 secs]
[GC 1336350K->1101034K(2944192K), 0.0712190 secs]
[GC 1357162K->1123809K(2944192K), 0.0717440 secs]
[GC 1379937K->1151595K(2944192K), 0.0710700 secs]
[GC 1407723K->1199663K(2944192K), 0.0709190 secs]
[GC 1455749K->1201168K(2944192K), 0.0761970 secs]
 INFO  [Stressor-1] {org.radargun.stressors.StressTestStressor} Number of ops executed so far: 350000. Elapsed time: 1 mins 2 secs. Remaining: 0.000 secs. Total: 1 mins 0 secs
[GC 1457296K->1239134K(2944192K), 0.0654190 secs]
 INFO  [pool-1-thread-1] {org.radargun.stressors.StressTestStressor} Finished generating report. Test duration is: 2 mins 33 secs
 INFO  [pool-1-thread-1] {org.radargun.stages.StressTestStage} size info: Running : 5.2.6.Final, config:ispn52-repl-sync-rc.xml, cacheName:testCache, clusterSize:12, nodeIndex:11, cacheSize: 480000
 INFO  [pool-1-thread-1] {org.radargun.Slave} Finished stage: StressTest {bulkSize=1, cacheSpecificKeyGenerator=false, commitTransactions=true, duration=1 mins 0 secs, entrySize=1000, exitBenchmarkOnSlaveFailure=false, fixedKeys=true, generateHistogramRange=false, keyGeneratorClass=org.radargun.stressors.StringKeyGenerator, keyGeneratorParam=null, loadAllKeys=false, numEntries=10000, numOfThreads=4, numRequests=10000000, numThreads=4, numberOfAttributes=10000, numberOfRequests=10000000, opsCountStatusLog=500000, poolKeys=true, preferAsyncOperations=false, removePercentage=0, replaceInvalidPercentage=40, runOnAllSlaves=false, sharedKeys=false, sizeOfAnAttribute=1000, slaves=null, transactionSize=10000, useAtomics=false, useHistogramStatistics=false, useSimpleStatistics=true, useSmartClassLoading=true, useTransactions=true, writePercentage=10, writeTxPercentage=50 }
 INFO  [main] {org.radargun.Slave} Ack successfully sent to the master
[GC 1495242K->1207887K(2944192K), 0.0735390 secs]
[GC 1464015K->1261799K(2944192K), 0.0669830 secs]
[GC 1517927K->1243319K(2944192K), 0.0659990 secs]
 INFO  [main] {org.radargun.Slave} Master shutdown!
 INFO  [Thread-0] {org.radargun.ShutDownHook} Slave process is being shutdown
