/usr/java/jdk1.7.0_21/bin/java -server -Xmx1024M -Xms1024M -Dresolve.dns=false -Djgroups.timer.num_threads=4 -verbose:gc -Xmx5000M -Xms3000M -server -XX:+UseConcMarkSweepGC -XX:+AggressiveOpts -verbose:gc -XX:ParallelGCThreads=4 -XX:NewRatio=5 -XX:SurvivorRatio=2 -Dhazelcast.operation.thread.count=4 -Djava.net.preferIPv4Stack=true -Dlog4j.file.prefix=deimos-esw-28363 -Dbind.address= -Djgroups.bind_addr= -classpath /home/smf/github/radargun/target/distribution/RadarGun-1.1.0-SNAPSHOT/lib/activation-1.1.jar:/home/smf/github/radargun/target/distribution/RadarGun-1.1.0-SNAPSHOT/lib/commons-beanutils-1.8.0.jar:/home/smf/github/radargun/target/distribution/RadarGun-1.1.0-SNAPSHOT/lib/commons-digester-2.0.jar:/home/smf/github/radargun/target/distribution/RadarGun-1.1.0-SNAPSHOT/lib/commons-logging-1.1.1.jar:/home/smf/github/radargun/target/distribution/RadarGun-1.1.0-SNAPSHOT/lib/commons-math-1.2.jar:/home/smf/github/radargun/target/distribution/RadarGun-1.1.0-SNAPSHOT/lib/jboss-transaction-api-1.0.1.GA.jar:/home/smf/github/radargun/target/distribution/RadarGun-1.1.0-SNAPSHOT/lib/jcommon-1.0.15.jar:/home/smf/github/radargun/target/distribution/RadarGun-1.1.0-SNAPSHOT/lib/jfreechart-1.0.12.jar:/home/smf/github/radargun/target/distribution/RadarGun-1.1.0-SNAPSHOT/lib/log4j-1.2.14.jar:/home/smf/github/radargun/target/distribution/RadarGun-1.1.0-SNAPSHOT/lib/mail-1.4.2.jar:/home/smf/github/radargun/target/distribution/RadarGun-1.1.0-SNAPSHOT/lib/radargun-framework-1.1.0-SNAPSHOT.jar:/home/smf/github/radargun/target/distribution/RadarGun-1.1.0-SNAPSHOT/conf org.radargun.Slave -master 127.0.0.1:2103
--------------------------------------------------------------------------------
PerNodeRollingFileAppender::Using file prefix:deimos-esw-28363
 INFO  [main] {org.radargun.Slave} Attempting to connect to master 127.0.0.1:2103
 INFO  [main] {org.radargun.Slave} Successfully established connection with master at: 127.0.0.1:2103
Loading JARS from /home/smf/github/radargun/target/distribution/RadarGun-1.1.0-SNAPSHOT/lib/radargun-framework-1.1.0-SNAPSHOT.jar
 INFO  [pool-1-thread-1] {org.radargun.config.AnnotatedHelper} Loading JARS from /home/smf/github/radargun/target/distribution/RadarGun-1.1.0-SNAPSHOT/lib/radargun-framework-1.1.0-SNAPSHOT.jar
 INFO  [pool-1-thread-1] {org.radargun.config.AnnotatedHelper} Loading JARS from /home/smf/github/radargun/target/distribution/RadarGun-1.1.0-SNAPSHOT/lib/radargun-framework-1.1.0-SNAPSHOT.jar
 INFO  [pool-1-thread-1] {org.radargun.Slave} Executing stage: DestroyWrapper {enforceMemoryThrashHold=true, exitBenchmarkOnSlaveFailure=false, heapDumpDir=null, memoryThreshold=95, runOnAllSlaves=true, slaves=null, useSmartClassLoading=true }
 INFO  [pool-1-thread-1] {org.radargun.stages.DestroyWrapperStage} Received destroy cache wrapper request from master...
 INFO  [pool-1-thread-1] {org.radargun.stages.DestroyWrapperStage} No cache wrapper deployed on this slave, nothing to do.
 INFO  [pool-1-thread-1] {org.radargun.stages.DestroyWrapperStage} Before executing clear, memory looks like this: Memory - free: 2,928,638 kb - max:4,906,688 kb- total:2,944,000 kb
[Full GC 15361K->3631K(2944000K), 0.0798040 secs]
 INFO  [pool-1-thread-1] {org.radargun.stages.DestroyWrapperStage} After executing cleanup, memory looks like this: Memory - free: 2,935,311 kb - max:4,906,688 kb- total:2,944,064 kb
 INFO  [pool-1-thread-1] {org.radargun.Slave} Finished stage: DestroyWrapper {enforceMemoryThrashHold=true, exitBenchmarkOnSlaveFailure=false, heapDumpDir=null, memoryThreshold=95, runOnAllSlaves=true, slaves=null, useSmartClassLoading=true }
 INFO  [main] {org.radargun.Slave} Ack successfully sent to the master
 INFO  [pool-1-thread-1] {org.radargun.Slave} Executing stage: StartCluster {config=ispn52-repl-sync-rc.xml, delayAfterFirstSlaveStarts=5.000 secs, delayBetweenStartingSlaves=0.500 secs, exitBenchmarkOnSlaveFailure=true, expectNumSlaves=null, mayFailOn=null, reachable=null, runOnAllSlaves=false, slaves=null, staggerSlaveStartup=true, useSmartClassLoading=true, validateCluster=true }
 INFO  [pool-1-thread-1] {org.radargun.stages.StartClusterStage}  Startup staggering, starting 10 slaves. This is the slave with index 5. Sleeping for 7500 millis.
 INFO  [pool-1-thread-1] {org.radargun.stages.StartClusterStage} Ack master's StartCluster stage. Local address is: /127.0.0.1. This slave's index is: 5
 INFO  [pool-1-thread-1] {org.radargun.utils.ClassLoadHelper} Creating newInstance org.radargun.cachewrappers.InfinispanXSWrapper with classloader java.net.URLClassLoader@6b4f7392
 INFO  [pool-1-thread-1] {org.radargun.cachewrappers.InfinispanXSWrapper} Cannot find any site for slave index 5
 INFO  [pool-1-thread-1] {org.infinispan.remoting.transport.jgroups.JGroupsTransport} ISPN000078: Starting JGroups Channel
 WARN  [pool-1-thread-1] {org.jgroups.protocols.UDP} [JGRP00014] the send buffer of socket DatagramSocket was set to 640KB, but the OS only allocated 229.38KB. This might lead to performance problems. Please set your max send buffer in the OS correctly (e.g. net.core.wmem_max on Linux)
 WARN  [pool-1-thread-1] {org.jgroups.protocols.UDP} [JGRP00014] the receive buffer of socket DatagramSocket was set to 20MB, but the OS only allocated 229.38KB. This might lead to performance problems. Please set your max receive buffer in the OS correctly (e.g. net.core.rmem_max on Linux)
 WARN  [pool-1-thread-1] {org.jgroups.protocols.UDP} [JGRP00014] the send buffer of socket MulticastSocket was set to 640KB, but the OS only allocated 229.38KB. This might lead to performance problems. Please set your max send buffer in the OS correctly (e.g. net.core.wmem_max on Linux)
 WARN  [pool-1-thread-1] {org.jgroups.protocols.UDP} [JGRP00014] the receive buffer of socket MulticastSocket was set to 25MB, but the OS only allocated 229.38KB. This might lead to performance problems. Please set your max receive buffer in the OS correctly (e.g. net.core.rmem_max on Linux)
 INFO  [pool-1-thread-1] {org.infinispan.remoting.transport.jgroups.JGroupsTransport} ISPN000094: Received new cluster view: [deimos-esw-61944|5] [deimos-esw-61944, deimos-esw-41435, deimos-esw-38416, deimos-esw-5024, deimos-esw-31103, deimos-esw-20804]
 INFO  [pool-1-thread-1] {org.infinispan.remoting.transport.jgroups.JGroupsTransport} ISPN000079: Cache local address is deimos-esw-20804, physical addresses are [127.0.0.1:52005]
 INFO  [pool-1-thread-1] {org.infinispan.factories.GlobalComponentRegistry} ISPN000128: Infinispan version: Infinispan 'Delirium' 5.2.6.Final
 INFO  [pool-1-thread-1] {org.infinispan.transaction.lookup.JBossStandaloneJTAManagerLookup} ISPN000107: Retrieving transaction manager Transaction: unknown
 INFO  [Incoming-4,deimos-esw-20804] {org.infinispan.remoting.transport.jgroups.JGroupsTransport} ISPN000094: Received new cluster view: [deimos-esw-61944|6] [deimos-esw-61944, deimos-esw-41435, deimos-esw-38416, deimos-esw-5024, deimos-esw-31103, deimos-esw-20804, deimos-esw-30929]
 INFO  [pool-1-thread-1] {org.infinispan.jmx.CacheJmxRegistration} ISPN000031: MBeans were successfully registered to the platform MBean server.
 INFO  [pool-1-thread-1] {org.radargun.cachewrappers.InfinispanXSWrapper} Using transaction manager: Transaction: unknown
 INFO  [pool-1-thread-1] {org.radargun.cachewrappers.InfinispanXSWrapper} No RELAY2 protocol in XS wrapper
 INFO  [pool-1-thread-1] {org.radargun.cachewrappers.InfinispanXSWrapper} JGroups version: JGroups 3.2.7.Final
 INFO  [pool-1-thread-1] {org.radargun.cachewrappers.InfinispanXSWrapper} Using config attributes: {name=ispn52-repl-sync-rc.xml}
 INFO  [pool-1-thread-1] {org.radargun.stages.helpers.StartHelper} Number of members=7 is not the one expected: 10
 INFO  [Incoming-4,deimos-esw-20804] {org.infinispan.remoting.transport.jgroups.JGroupsTransport} ISPN000094: Received new cluster view: [deimos-esw-61944|7] [deimos-esw-61944, deimos-esw-41435, deimos-esw-38416, deimos-esw-5024, deimos-esw-31103, deimos-esw-20804, deimos-esw-30929, deimos-esw-24427]
 INFO  [Incoming-4,deimos-esw-20804] {org.infinispan.remoting.transport.jgroups.JGroupsTransport} ISPN000094: Received new cluster view: [deimos-esw-61944|8] [deimos-esw-61944, deimos-esw-41435, deimos-esw-38416, deimos-esw-5024, deimos-esw-31103, deimos-esw-20804, deimos-esw-30929, deimos-esw-24427, deimos-esw-26554]
 INFO  [pool-1-thread-1] {org.radargun.stages.helpers.StartHelper} Number of members=9 is not the one expected: 10
 INFO  [Incoming-4,deimos-esw-20804] {org.infinispan.remoting.transport.jgroups.JGroupsTransport} ISPN000094: Received new cluster view: [deimos-esw-61944|9] [deimos-esw-61944, deimos-esw-41435, deimos-esw-38416, deimos-esw-5024, deimos-esw-31103, deimos-esw-20804, deimos-esw-30929, deimos-esw-24427, deimos-esw-26554, deimos-esw-8596]
 INFO  [pool-1-thread-1] {org.radargun.stages.helpers.StartHelper} Number of members is the one expected: 10
 INFO  [pool-1-thread-1] {org.radargun.stages.StartClusterStage} Successfully started cache wrapper on slave 5: org.radargun.cachewrappers.InfinispanXSWrapper@627a94a9
 INFO  [pool-1-thread-1] {org.radargun.Slave} Finished stage: StartCluster {config=ispn52-repl-sync-rc.xml, delayAfterFirstSlaveStarts=5.000 secs, delayBetweenStartingSlaves=0.500 secs, exitBenchmarkOnSlaveFailure=true, expectNumSlaves=null, mayFailOn=null, reachable=null, runOnAllSlaves=false, slaves=null, staggerSlaveStartup=true, useSmartClassLoading=true, validateCluster=true }
 INFO  [main] {org.radargun.Slave} Ack successfully sent to the master
 INFO  [pool-1-thread-1] {org.radargun.Slave} Executing stage: ClusterValidation {exitBenchmarkOnSlaveFailure=false, partialReplication=false, replicationTimeSleep=2000, replicationTryCount=60, runOnAllSlaves=false, slaves=null, useSmartClassLoading=true }
 INFO  [pool-1-thread-1] {org.radargun.stages.ClusterValidationStage} Number of caches that replicated here is 9
 INFO  [pool-1-thread-1] {org.radargun.stages.ClusterValidationStage} Replication test successfully passed. partialReplication? false, replicationCount = 9
 INFO  [pool-1-thread-1] {org.radargun.stages.ClusterValidationStage} Confirm phase successful.
 INFO  [pool-1-thread-1] {org.radargun.Slave} Finished stage: ClusterValidation {exitBenchmarkOnSlaveFailure=false, partialReplication=false, replicationTimeSleep=2000, replicationTryCount=60, runOnAllSlaves=false, slaves=[ 0, 1, 2, 3, 4, 5, 6, 7, 8, 9 ], useSmartClassLoading=true }
 INFO  [main] {org.radargun.Slave} Ack successfully sent to the master
 INFO  [pool-1-thread-1] {org.radargun.Slave} Executing stage: StressTestWarmup {bulkSize=1, cacheSpecificKeyGenerator=false, commitTransactions=true, duration=1 mins 0 secs, entrySize=1000, exitBenchmarkOnSlaveFailure=false, fixedKeys=true, generateHistogramRange=false, keyGeneratorClass=org.radargun.stressors.StringKeyGenerator, keyGeneratorParam=null, loadAllKeys=false, numEntries=100, numOfThreads=4, numRequests=10000, numThreads=4, numberOfAttributes=100, numberOfRequests=10000, opsCountStatusLog=100000, poolKeys=true, preferAsyncOperations=false, removePercentage=0, replaceInvalidPercentage=40, runOnAllSlaves=false, sharedKeys=false, sizeOfAnAttribute=1000, slaves=null, transactionSize=50, useAtomics=false, useHistogramStatistics=false, useSimpleStatistics=true, useSmartClassLoading=true, useTransactions=null, writePercentage=20, writeTxPercentage=20 }
 INFO  [pool-1-thread-1] {org.radargun.stages.StressTestWarmupStage} Starting StressTestWarmupStage: StressTestWarmup {bulkSize=1, cacheSpecificKeyGenerator=false, commitTransactions=true, duration=1 mins 0 secs, entrySize=1000, exitBenchmarkOnSlaveFailure=false, fixedKeys=true, generateHistogramRange=false, keyGeneratorClass=org.radargun.stressors.StringKeyGenerator, keyGeneratorParam=null, loadAllKeys=false, numEntries=100, numOfThreads=4, numRequests=10000, numThreads=4, numberOfAttributes=100, numberOfRequests=10000, opsCountStatusLog=100000, poolKeys=true, preferAsyncOperations=false, removePercentage=0, replaceInvalidPercentage=40, runOnAllSlaves=false, sharedKeys=false, sizeOfAnAttribute=1000, slaves=null, transactionSize=50, useAtomics=false, useHistogramStatistics=false, useSimpleStatistics=true, useSmartClassLoading=true, useTransactions=null, writePercentage=20, writeTxPercentage=20 }
 INFO  [pool-1-thread-1] {org.radargun.stressors.StressTestStressor} Using key generator org.radargun.stressors.StringKeyGenerator, param null
 INFO  [pool-1-thread-1] {org.radargun.stressors.StressTestStressor} Executing: StressTestStressor{opsCountStatusLog=100000, numRequests=10000, numEntries=100, entrySize=1000, writePercentage=20, numThreads=4, cacheWrapper=org.radargun.cachewrappers.InfinispanXSWrapper@627a94a9, nodeIndex=5, useTransactions=true, transactionSize=50, commitTransactions=true, durationMillis=60000}
 INFO  [pool-1-thread-1] {org.radargun.stressors.StressTestStressor} Cache wrapper info is: Running : 5.2.6.Final, config:ispn52-repl-sync-rc.xml, cacheName:testCache
[GC 259695K->17259K(2944064K), 0.0406850 secs]
 INFO  [pool-1-thread-1] {org.radargun.stressors.StressTestStressor} Started 4 stressor threads.
 INFO  [Stressor-2] {org.radargun.stressors.StressTestStressor} Number of ops executed so far: 1. Elapsed time: 0.001 secs. Remaining: 59.999 secs. Total: 1 mins 0 secs
[GC 273323K->21416K(2944064K), 0.0358400 secs]
[GC 277480K->25022K(2944064K), 0.0375850 secs]
[GC 281086K->29552K(2944064K), 0.0369170 secs]
[GC 285616K->29778K(2944064K), 0.0377320 secs]
[GC 285842K->36803K(2944064K), 0.0378040 secs]
[GC 292867K->33588K(2944064K), 0.0392360 secs]
[GC 289652K->34690K(2944064K), 0.0404290 secs]
[GC 290754K->34797K(2944064K), 0.0424720 secs]
[GC 290861K->35969K(2944064K), 0.0411070 secs]
[GC 292033K->43362K(2944064K), 0.0467980 secs]
[GC 299426K->32178K(2944064K), 0.0459520 secs]
[GC 288242K->37248K(2944064K), 0.0409080 secs]
[GC 293308K->39874K(2944064K), 0.0451410 secs]
[GC 295937K->39753K(2944064K), 0.0481670 secs]
[GC 295817K->41888K(2944064K), 0.0632380 secs]
[GC 297952K->34668K(2944064K), 0.0406990 secs]
 INFO  [Stressor-2] {org.radargun.stressors.StressTestStressor} Number of ops executed so far: 293463. Elapsed time: 20.001 secs. Remaining: 39.999 secs. Total: 1 mins 0 secs
[GC 290334K->39413K(2944064K), 0.0366040 secs]
[GC 295477K->41680K(2944064K), 0.0372900 secs]
[GC 297744K->43527K(2944064K), 0.0405420 secs]
[GC 299591K->44271K(2944064K), 0.0405510 secs]
[GC 300335K->45809K(2944064K), 0.0386330 secs]
[GC 301873K->46067K(2944064K), 0.0406570 secs]
[GC 302131K->45888K(2944064K), 0.0426800 secs]
[GC 301952K->51866K(2944064K), 0.0432420 secs]
[GC 307930K->43385K(2944064K), 0.0409000 secs]
[GC 299449K->49041K(2944064K), 0.0400990 secs]
[GC 305105K->48674K(2944064K), 0.0512970 secs]
[GC 304738K->43445K(2944064K), 0.0462540 secs]
[GC 299509K->44514K(2944064K), 0.0449370 secs]
[GC 300578K->44897K(2944064K), 0.0460040 secs]
[GC 300961K->46143K(2944064K), 0.0452510 secs]
[GC 302207K->47612K(2944064K), 0.0464590 secs]
[GC 303676K->48108K(2944064K), 0.0470510 secs]
[GC 304172K->48064K(2944064K), 0.0409900 secs]
[GC 304128K->48022K(2944064K), 0.0487980 secs]
[GC 304086K->48276K(2944064K), 0.0497110 secs]
 INFO  [Stressor-3] {org.radargun.stressors.StressTestStressor} Number of ops executed so far: 677250. Elapsed time: 40.010 secs. Remaining: 19.990 secs. Total: 1 mins 0 secs
[GC 304340K->54414K(2944064K), 0.0512160 secs]
[GC 310478K->57799K(2944064K), 0.0429670 secs]
[GC 313863K->58809K(2944064K), 0.0477020 secs]
[GC 314873K->57856K(2944064K), 0.0527890 secs]
[GC 313920K->53432K(2944064K), 0.0486860 secs]
[GC 309496K->58786K(2944064K), 0.0440050 secs]
[GC 314850K->57929K(2944064K), 0.0417900 secs]
[GC 313993K->57601K(2944064K), 0.0489190 secs]
[GC 313665K->57971K(2944064K), 0.0445040 secs]
[GC 314035K->59745K(2944064K), 0.0476680 secs]
[GC 315809K->59094K(2944064K), 0.0498260 secs]
[GC 315158K->54652K(2944064K), 0.0460400 secs]
[GC 310716K->64310K(2944064K), 0.0430320 secs]
[GC 320374K->56587K(2944064K), 0.0439660 secs]
[GC 312651K->55548K(2944064K), 0.0469890 secs]
[GC 311612K->62914K(2944064K), 0.0450590 secs]
[GC 318978K->60730K(2944064K), 0.0472170 secs]
[GC 316794K->58970K(2944064K), 0.0474390 secs]
 INFO  [Stressor-3] {org.radargun.stressors.StressTestStressor} Number of ops executed so far: 1061700. Elapsed time: 1 mins 0 secs. Remaining: 0.000 secs. Total: 1 mins 0 secs
 INFO  [pool-1-thread-1] {org.radargun.stressors.StressTestStressor} Finished generating report. Test duration is: 1 mins 3 secs
 INFO  [pool-1-thread-1] {org.radargun.stages.StressTestWarmupStage} The warmup took: 63 seconds.
 INFO  [pool-1-thread-1] {org.radargun.Slave} Finished stage: StressTestWarmup {bulkSize=1, cacheSpecificKeyGenerator=false, commitTransactions=true, duration=1 mins 0 secs, entrySize=1000, exitBenchmarkOnSlaveFailure=false, fixedKeys=true, generateHistogramRange=false, keyGeneratorClass=org.radargun.stressors.StringKeyGenerator, keyGeneratorParam=null, loadAllKeys=false, numEntries=100, numOfThreads=4, numRequests=10000, numThreads=4, numberOfAttributes=100, numberOfRequests=10000, opsCountStatusLog=100000, poolKeys=true, preferAsyncOperations=false, removePercentage=0, replaceInvalidPercentage=40, runOnAllSlaves=false, sharedKeys=false, sizeOfAnAttribute=1000, slaves=null, transactionSize=50, useAtomics=false, useHistogramStatistics=false, useSimpleStatistics=true, useSmartClassLoading=true, useTransactions=null, writePercentage=20, writeTxPercentage=20 }
 INFO  [main] {org.radargun.Slave} Ack successfully sent to the master
 INFO  [pool-1-thread-1] {org.radargun.Slave} Executing stage: ClearClusterStage {ClearCluster {exitBenchmarkOnSlaveFailure=false, runOnAllSlaves=false, slaves=[ 0 ], useSmartClassLoading=true }
 INFO  [pool-1-thread-1] {org.radargun.stages.ClearClusterStage} Before executing clear, memory looks like this: Memory - free: 2,660,987 kb - max:4,906,688 kb- total:2,944,064 kb
[Full GC 284048K->23182K(2944064K), 0.3656930 secs]
 INFO  [pool-1-thread-1] {org.radargun.stages.ClearClusterStage} After executing cleanup, memory looks like this: Memory - free: 2,918,792 kb - max:4,906,688 kb- total:2,944,192 kb
 INFO  [pool-1-thread-1] {org.radargun.Slave} Finished stage: ClearClusterStage {ClearCluster {exitBenchmarkOnSlaveFailure=false, runOnAllSlaves=false, slaves=[ 0 ], useSmartClassLoading=true }
 INFO  [main] {org.radargun.Slave} Ack successfully sent to the master
 INFO  [pool-1-thread-1] {org.radargun.Slave} Executing stage: StressTest {bulkSize=1, cacheSpecificKeyGenerator=false, commitTransactions=true, duration=1 mins 0 secs, entrySize=1000, exitBenchmarkOnSlaveFailure=false, fixedKeys=true, generateHistogramRange=false, keyGeneratorClass=org.radargun.stressors.StringKeyGenerator, keyGeneratorParam=null, loadAllKeys=false, numEntries=10000, numOfThreads=4, numRequests=10000000, numThreads=4, numberOfAttributes=10000, numberOfRequests=10000000, opsCountStatusLog=500000, poolKeys=true, preferAsyncOperations=false, removePercentage=0, replaceInvalidPercentage=40, runOnAllSlaves=false, sharedKeys=false, sizeOfAnAttribute=1000, slaves=null, transactionSize=10000, useAtomics=false, useHistogramStatistics=false, useSimpleStatistics=true, useSmartClassLoading=true, useTransactions=true, writePercentage=10, writeTxPercentage=50 }
 INFO  [pool-1-thread-1] {org.radargun.stages.StressTestStage} Starting StressTestStage: StressTest {bulkSize=1, cacheSpecificKeyGenerator=false, commitTransactions=true, duration=1 mins 0 secs, entrySize=1000, exitBenchmarkOnSlaveFailure=false, fixedKeys=true, generateHistogramRange=false, keyGeneratorClass=org.radargun.stressors.StringKeyGenerator, keyGeneratorParam=null, loadAllKeys=false, numEntries=10000, numOfThreads=4, numRequests=10000000, numThreads=4, numberOfAttributes=10000, numberOfRequests=10000000, opsCountStatusLog=500000, poolKeys=true, preferAsyncOperations=false, removePercentage=0, replaceInvalidPercentage=40, runOnAllSlaves=false, sharedKeys=false, sizeOfAnAttribute=1000, slaves=null, transactionSize=10000, useAtomics=false, useHistogramStatistics=false, useSimpleStatistics=true, useSmartClassLoading=true, useTransactions=true, writePercentage=10, writeTxPercentage=50 }
 INFO  [pool-1-thread-1] {org.radargun.stressors.StressTestStressor} Using key generator org.radargun.stressors.StringKeyGenerator, param null
 INFO  [pool-1-thread-1] {org.radargun.stressors.StressTestStressor} Executing: StressTestStressor{opsCountStatusLog=500000, numRequests=10000000, numEntries=10000, entrySize=1000, writePercentage=10, numThreads=4, cacheWrapper=org.radargun.cachewrappers.InfinispanXSWrapper@627a94a9, nodeIndex=5, useTransactions=true, transactionSize=10000, commitTransactions=true, durationMillis=60000}
 INFO  [pool-1-thread-1] {org.radargun.stressors.StressTestStressor} Cache wrapper info is: Running : 5.2.6.Final, config:ispn52-repl-sync-rc.xml, cacheName:testCache
[GC 279310K->60801K(2944192K), 0.0495840 secs]
[GC 316929K->81449K(2944192K), 0.0663330 secs]
[GC 337577K->130129K(2944192K), 0.0969880 secs]
[GC 386257K->140233K(2944192K), 0.1312050 secs]
[GC 396361K->156611K(2944192K), 0.1309520 secs]
[GC 412739K->183881K(2944192K), 0.1221460 secs]
[GC 440009K->196623K(2944192K), 0.0921670 secs]
[GC 452751K->217610K(2944192K), 0.0946860 secs]
[GC 473738K->240194K(2944192K), 0.1038070 secs]
[GC 496322K->278924K(2944192K), 0.0958600 secs]
[GC 535052K->296730K(2944192K), 0.1039480 secs]
[GC 552858K->320110K(2944192K), 0.1048870 secs]
[GC 576238K->324710K(2944192K), 0.1022870 secs]
[GC 580838K->340331K(2944192K), 0.0979460 secs]
[GC 596459K->366800K(2944192K), 0.1127540 secs]
[GC 622928K->392053K(2944192K), 0.1283320 secs]
[GC 648181K->409698K(2944192K), 0.1030200 secs]
[GC 665826K->462405K(2944192K), 0.1034580 secs]
[GC 718533K->452792K(2944192K), 0.1029440 secs]
[GC 708920K->510092K(2944192K), 0.0951610 secs]
[GC 766220K->486635K(2944192K), 0.1019020 secs]
[GC 742763K->535994K(2944192K), 0.1015720 secs]
[GC 792122K->550407K(2944192K), 0.0911130 secs]
[GC 806535K->568312K(2944192K), 0.0991840 secs]
[GC 824440K->608881K(2944192K), 0.1058510 secs]
[GC 865009K->598896K(2944192K), 0.1191790 secs]
[GC 855024K->626107K(2944192K), 0.1164930 secs]
[GC 881430K->652843K(2944192K), 0.1305990 secs]
[GC 908971K->699646K(2944192K), 0.1295310 secs]
 INFO  [pool-1-thread-1] {org.radargun.stressors.StressTestStressor} Started 4 stressor threads.
 INFO  [Stressor-3] {org.radargun.stressors.StressTestStressor} Number of ops executed so far: 1. Elapsed time: 0.000 secs. Remaining: 1 mins 0 secs. Total: 1 mins 0 secs
[GC 955774K->722380K(2944192K), 0.1239160 secs]
[GC 977646K->752463K(2944192K), 0.1100140 secs]
[GC 1008534K->743478K(2944192K), 0.0812970 secs]
[GC 999606K->769870K(2944192K), 0.0842710 secs]
[GC 1025998K->831698K(2944192K), 0.0877470 secs]
[GC 1087826K->807263K(2944192K), 0.0883080 secs]
[GC 1063340K->851920K(2944192K), 0.0875330 secs]
[GC 1108048K->857375K(2944192K), 0.0806520 secs]
[GC 1113503K->896639K(2944192K), 0.0865760 secs]
[GC 1152749K->918923K(2944192K), 0.0764430 secs]
[GC 1175051K->954021K(2944192K), 0.0731900 secs]
[GC 1210149K->964216K(2944192K), 0.0752590 secs]
[GC 1220344K->989442K(2944192K), 0.1068370 secs]
[GC 1245570K->1014889K(2944192K), 0.0868850 secs]
[GC 1270245K->1042166K(2944192K), 0.0835110 secs]
[GC 1298294K->1074276K(2944192K), 0.0853830 secs]
[GC 1329911K->1079393K(2944192K), 0.0976070 secs]
[GC 1335521K->1101545K(2944192K), 0.0959490 secs]
[GC 1357498K->1133830K(2944192K), 0.0988150 secs]
 INFO  [Stressor-2] {org.radargun.stressors.StressTestStressor} Number of ops executed so far: 330000. Elapsed time: 22.861 secs. Remaining: 37.139 secs. Total: 1 mins 0 secs
[GC 1389958K->1176956K(2944192K), 0.0699600 secs]
[GC 1433084K->1188802K(2944192K), 0.0951140 secs]
[GC 1444878K->1221397K(2944192K), 0.0790840 secs]
[GC 1477525K->1242783K(2944192K), 0.0733900 secs]
[GC 1498167K->1293776K(2944192K), 0.0729380 secs]
[GC 1549904K->1283186K(2944192K), 0.0778560 secs]
[GC 1539314K->1316574K(2944192K), 0.0758970 secs]
[GC 1572513K->1344551K(2944192K), 0.0774660 secs]
[GC 1600679K->1348927K(2944192K), 0.0734510 secs]
[GC 1605055K->1387818K(2944192K), 0.0725610 secs]
[GC 1387960K(2944192K), 0.0206600 secs]
[GC 1643917K->1415253K(2944192K), 0.0786370 secs]
[GC 1554830K(2944192K), 0.0435730 secs]
[GC 824507K->577254K(2944192K), 0.0770360 secs]
[GC 833334K->615799K(2944192K), 0.0748830 secs]
[GC 871761K->623840K(2944192K), 0.0751350 secs]
[GC 879968K->675912K(2944192K), 0.0722870 secs]
[GC 932040K->677382K(2944192K), 0.0712040 secs]
[GC 933510K->708533K(2944192K), 0.0643270 secs]
 INFO  [Stressor-0] {org.radargun.stressors.StressTestStressor} Number of ops executed so far: 380000. Elapsed time: 43.673 secs. Remaining: 16.327 secs. Total: 1 mins 0 secs
[GC 964661K->702534K(2944192K), 0.0830200 secs]
[GC 957851K->731506K(2944192K), 0.0747540 secs]
[GC 987634K->765177K(2944192K), 0.0775940 secs]
[GC 1021305K->781091K(2944192K), 0.0751210 secs]
[GC 1037219K->819931K(2944192K), 0.0659180 secs]
[GC 1076055K->820023K(2944192K), 0.0892440 secs]
[GC 1076151K->833849K(2944192K), 0.0727670 secs]
[GC 1089977K->865573K(2944192K), 0.0695460 secs]
[GC 1121701K->912190K(2944192K), 0.0706460 secs]
[GC 1168318K->920963K(2944192K), 0.0762000 secs]
[GC 1177091K->962751K(2944192K), 0.0702390 secs]
[GC 1218879K->968392K(2944192K), 0.0805740 secs]
[GC 1224520K->985961K(2944192K), 0.0748360 secs]
[GC 1242089K->1003085K(2944192K), 0.0705140 secs]
 INFO  [pool-1-thread-1] {org.radargun.stressors.StressTestStressor} Finished generating report. Test duration is: 2 mins 8 secs
 INFO  [pool-1-thread-1] {org.radargun.stages.StressTestStage} size info: Running : 5.2.6.Final, config:ispn52-repl-sync-rc.xml, cacheName:testCache, clusterSize:10, nodeIndex:5, cacheSize: 400000
 INFO  [pool-1-thread-1] {org.radargun.Slave} Finished stage: StressTest {bulkSize=1, cacheSpecificKeyGenerator=false, commitTransactions=true, duration=1 mins 0 secs, entrySize=1000, exitBenchmarkOnSlaveFailure=false, fixedKeys=true, generateHistogramRange=false, keyGeneratorClass=org.radargun.stressors.StringKeyGenerator, keyGeneratorParam=null, loadAllKeys=false, numEntries=10000, numOfThreads=4, numRequests=10000000, numThreads=4, numberOfAttributes=10000, numberOfRequests=10000000, opsCountStatusLog=500000, poolKeys=true, preferAsyncOperations=false, removePercentage=0, replaceInvalidPercentage=40, runOnAllSlaves=false, sharedKeys=false, sizeOfAnAttribute=1000, slaves=null, transactionSize=10000, useAtomics=false, useHistogramStatistics=false, useSimpleStatistics=true, useSmartClassLoading=true, useTransactions=true, writePercentage=10, writeTxPercentage=50 }
 INFO  [main] {org.radargun.Slave} Ack successfully sent to the master
[GC 1259181K->1009405K(2944192K), 0.0685370 secs]
 INFO  [main] {org.radargun.Slave} Master shutdown!
 INFO  [Thread-0] {org.radargun.ShutDownHook} Slave process is being shutdown
