/usr/java/jdk1.7.0_21/bin/java -server -Xmx1024M -Xms1024M -Dresolve.dns=false -Djgroups.timer.num_threads=4 -verbose:gc -Xmx5000M -Xms3000M -server -XX:+UseConcMarkSweepGC -XX:+AggressiveOpts -verbose:gc -XX:ParallelGCThreads=4 -XX:NewRatio=5 -XX:SurvivorRatio=2 -Dhazelcast.operation.thread.count=4 -Djava.net.preferIPv4Stack=true -Dlog4j.file.prefix=deimos-esw-2133 -Dbind.address= -Djgroups.bind_addr= -classpath /home/smf/github/radargun/target/distribution/RadarGun-1.1.0-SNAPSHOT/lib/activation-1.1.jar:/home/smf/github/radargun/target/distribution/RadarGun-1.1.0-SNAPSHOT/lib/commons-beanutils-1.8.0.jar:/home/smf/github/radargun/target/distribution/RadarGun-1.1.0-SNAPSHOT/lib/commons-digester-2.0.jar:/home/smf/github/radargun/target/distribution/RadarGun-1.1.0-SNAPSHOT/lib/commons-logging-1.1.1.jar:/home/smf/github/radargun/target/distribution/RadarGun-1.1.0-SNAPSHOT/lib/commons-math-1.2.jar:/home/smf/github/radargun/target/distribution/RadarGun-1.1.0-SNAPSHOT/lib/jboss-transaction-api-1.0.1.GA.jar:/home/smf/github/radargun/target/distribution/RadarGun-1.1.0-SNAPSHOT/lib/jcommon-1.0.15.jar:/home/smf/github/radargun/target/distribution/RadarGun-1.1.0-SNAPSHOT/lib/jfreechart-1.0.12.jar:/home/smf/github/radargun/target/distribution/RadarGun-1.1.0-SNAPSHOT/lib/log4j-1.2.14.jar:/home/smf/github/radargun/target/distribution/RadarGun-1.1.0-SNAPSHOT/lib/mail-1.4.2.jar:/home/smf/github/radargun/target/distribution/RadarGun-1.1.0-SNAPSHOT/lib/radargun-framework-1.1.0-SNAPSHOT.jar:/home/smf/github/radargun/target/distribution/RadarGun-1.1.0-SNAPSHOT/conf org.radargun.Slave -master 127.0.0.1:2103
--------------------------------------------------------------------------------
PerNodeRollingFileAppender::Using file prefix:deimos-esw-2133
 INFO  [main] {org.radargun.Slave} Attempting to connect to master 127.0.0.1:2103
 INFO  [main] {org.radargun.Slave} Successfully established connection with master at: 127.0.0.1:2103
Loading JARS from /home/smf/github/radargun/target/distribution/RadarGun-1.1.0-SNAPSHOT/lib/radargun-framework-1.1.0-SNAPSHOT.jar
 INFO  [pool-1-thread-1] {org.radargun.config.AnnotatedHelper} Loading JARS from /home/smf/github/radargun/target/distribution/RadarGun-1.1.0-SNAPSHOT/lib/radargun-framework-1.1.0-SNAPSHOT.jar
 INFO  [pool-1-thread-1] {org.radargun.config.AnnotatedHelper} Loading JARS from /home/smf/github/radargun/target/distribution/RadarGun-1.1.0-SNAPSHOT/lib/radargun-framework-1.1.0-SNAPSHOT.jar
 INFO  [pool-1-thread-1] {org.radargun.Slave} Executing stage: DestroyWrapper {enforceMemoryThrashHold=true, exitBenchmarkOnSlaveFailure=false, heapDumpDir=null, memoryThreshold=95, runOnAllSlaves=true, slaves=null, useSmartClassLoading=true }
 INFO  [pool-1-thread-1] {org.radargun.stages.DestroyWrapperStage} Received destroy cache wrapper request from master...
 INFO  [pool-1-thread-1] {org.radargun.stages.DestroyWrapperStage} No cache wrapper deployed on this slave, nothing to do.
 INFO  [pool-1-thread-1] {org.radargun.stages.DestroyWrapperStage} Before executing clear, memory looks like this: Memory - free: 2,928,638 kb - max:4,906,688 kb- total:2,944,000 kb
[Full GC 15361K->3631K(2944000K), 0.0779110 secs]
 INFO  [pool-1-thread-1] {org.radargun.stages.DestroyWrapperStage} After executing cleanup, memory looks like this: Memory - free: 2,935,311 kb - max:4,906,688 kb- total:2,944,064 kb
 INFO  [pool-1-thread-1] {org.radargun.Slave} Finished stage: DestroyWrapper {enforceMemoryThrashHold=true, exitBenchmarkOnSlaveFailure=false, heapDumpDir=null, memoryThreshold=95, runOnAllSlaves=true, slaves=null, useSmartClassLoading=true }
 INFO  [main] {org.radargun.Slave} Ack successfully sent to the master
 INFO  [pool-1-thread-1] {org.radargun.Slave} Executing stage: StartCluster {config=ispn52-repl-sync-rc.xml, delayAfterFirstSlaveStarts=5.000 secs, delayBetweenStartingSlaves=0.500 secs, exitBenchmarkOnSlaveFailure=true, expectNumSlaves=null, mayFailOn=null, reachable=null, runOnAllSlaves=false, slaves=null, staggerSlaveStartup=true, useSmartClassLoading=true, validateCluster=true }
 INFO  [pool-1-thread-1] {org.radargun.stages.StartClusterStage}  Startup staggering, starting 10 slaves. This is the slave with index 2. Sleeping for 6000 millis.
 INFO  [pool-1-thread-1] {org.radargun.stages.StartClusterStage} Ack master's StartCluster stage. Local address is: /127.0.0.1. This slave's index is: 2
 INFO  [pool-1-thread-1] {org.radargun.utils.ClassLoadHelper} Creating newInstance org.radargun.cachewrappers.InfinispanXSWrapper with classloader java.net.URLClassLoader@2527bdee
 INFO  [pool-1-thread-1] {org.radargun.cachewrappers.InfinispanXSWrapper} Cannot find any site for slave index 2
 INFO  [pool-1-thread-1] {org.infinispan.remoting.transport.jgroups.JGroupsTransport} ISPN000078: Starting JGroups Channel
 WARN  [pool-1-thread-1] {org.jgroups.protocols.UDP} [JGRP00014] the send buffer of socket DatagramSocket was set to 640KB, but the OS only allocated 229.38KB. This might lead to performance problems. Please set your max send buffer in the OS correctly (e.g. net.core.wmem_max on Linux)
 WARN  [pool-1-thread-1] {org.jgroups.protocols.UDP} [JGRP00014] the receive buffer of socket DatagramSocket was set to 20MB, but the OS only allocated 229.38KB. This might lead to performance problems. Please set your max receive buffer in the OS correctly (e.g. net.core.rmem_max on Linux)
 WARN  [pool-1-thread-1] {org.jgroups.protocols.UDP} [JGRP00014] the send buffer of socket MulticastSocket was set to 640KB, but the OS only allocated 229.38KB. This might lead to performance problems. Please set your max send buffer in the OS correctly (e.g. net.core.wmem_max on Linux)
 WARN  [pool-1-thread-1] {org.jgroups.protocols.UDP} [JGRP00014] the receive buffer of socket MulticastSocket was set to 25MB, but the OS only allocated 229.38KB. This might lead to performance problems. Please set your max receive buffer in the OS correctly (e.g. net.core.rmem_max on Linux)
 INFO  [pool-1-thread-1] {org.infinispan.remoting.transport.jgroups.JGroupsTransport} ISPN000094: Received new cluster view: [deimos-esw-21846|2] [deimos-esw-21846, deimos-esw-30709, deimos-esw-91]
 INFO  [pool-1-thread-1] {org.infinispan.remoting.transport.jgroups.JGroupsTransport} ISPN000079: Cache local address is deimos-esw-91, physical addresses are [127.0.0.1:52002]
 INFO  [pool-1-thread-1] {org.infinispan.factories.GlobalComponentRegistry} ISPN000128: Infinispan version: Infinispan 'Delirium' 5.2.6.Final
 INFO  [pool-1-thread-1] {org.infinispan.transaction.lookup.JBossStandaloneJTAManagerLookup} ISPN000107: Retrieving transaction manager Transaction: unknown
 INFO  [Incoming-4,deimos-esw-91] {org.infinispan.remoting.transport.jgroups.JGroupsTransport} ISPN000094: Received new cluster view: [deimos-esw-21846|3] [deimos-esw-21846, deimos-esw-30709, deimos-esw-91, deimos-esw-9943]
 INFO  [pool-1-thread-1] {org.infinispan.jmx.CacheJmxRegistration} ISPN000031: MBeans were successfully registered to the platform MBean server.
 INFO  [pool-1-thread-1] {org.radargun.cachewrappers.InfinispanXSWrapper} Using transaction manager: Transaction: unknown
 INFO  [pool-1-thread-1] {org.radargun.cachewrappers.InfinispanXSWrapper} No RELAY2 protocol in XS wrapper
 INFO  [pool-1-thread-1] {org.radargun.cachewrappers.InfinispanXSWrapper} JGroups version: JGroups 3.2.7.Final
 INFO  [pool-1-thread-1] {org.radargun.cachewrappers.InfinispanXSWrapper} Using config attributes: {name=ispn52-repl-sync-rc.xml}
 INFO  [pool-1-thread-1] {org.radargun.stages.helpers.StartHelper} Number of members=4 is not the one expected: 10
 INFO  [Incoming-4,deimos-esw-91] {org.infinispan.remoting.transport.jgroups.JGroupsTransport} ISPN000094: Received new cluster view: [deimos-esw-21846|4] [deimos-esw-21846, deimos-esw-30709, deimos-esw-91, deimos-esw-9943, deimos-esw-8764]
 INFO  [Incoming-4,deimos-esw-91] {org.infinispan.remoting.transport.jgroups.JGroupsTransport} ISPN000094: Received new cluster view: [deimos-esw-21846|5] [deimos-esw-21846, deimos-esw-30709, deimos-esw-91, deimos-esw-9943, deimos-esw-8764, deimos-esw-31520]
 INFO  [pool-1-thread-1] {org.radargun.stages.helpers.StartHelper} Number of members=6 is not the one expected: 10
 INFO  [Incoming-4,deimos-esw-91] {org.infinispan.remoting.transport.jgroups.JGroupsTransport} ISPN000094: Received new cluster view: [deimos-esw-21846|6] [deimos-esw-21846, deimos-esw-30709, deimos-esw-91, deimos-esw-9943, deimos-esw-8764, deimos-esw-31520, deimos-esw-35927]
 INFO  [Incoming-4,deimos-esw-91] {org.infinispan.remoting.transport.jgroups.JGroupsTransport} ISPN000094: Received new cluster view: [deimos-esw-21846|7] [deimos-esw-21846, deimos-esw-30709, deimos-esw-91, deimos-esw-9943, deimos-esw-8764, deimos-esw-31520, deimos-esw-35927, deimos-esw-38239]
 INFO  [pool-1-thread-1] {org.radargun.stages.helpers.StartHelper} Number of members=8 is not the one expected: 10
 INFO  [Incoming-4,deimos-esw-91] {org.infinispan.remoting.transport.jgroups.JGroupsTransport} ISPN000094: Received new cluster view: [deimos-esw-21846|8] [deimos-esw-21846, deimos-esw-30709, deimos-esw-91, deimos-esw-9943, deimos-esw-8764, deimos-esw-31520, deimos-esw-35927, deimos-esw-38239, deimos-esw-50972]
 INFO  [Incoming-4,deimos-esw-91] {org.infinispan.remoting.transport.jgroups.JGroupsTransport} ISPN000094: Received new cluster view: [deimos-esw-21846|9] [deimos-esw-21846, deimos-esw-30709, deimos-esw-91, deimos-esw-9943, deimos-esw-8764, deimos-esw-31520, deimos-esw-35927, deimos-esw-38239, deimos-esw-50972, deimos-esw-54620]
 INFO  [pool-1-thread-1] {org.radargun.stages.helpers.StartHelper} Number of members is the one expected: 10
 INFO  [pool-1-thread-1] {org.radargun.stages.StartClusterStage} Successfully started cache wrapper on slave 2: org.radargun.cachewrappers.InfinispanXSWrapper@3b2000a5
 INFO  [pool-1-thread-1] {org.radargun.Slave} Finished stage: StartCluster {config=ispn52-repl-sync-rc.xml, delayAfterFirstSlaveStarts=5.000 secs, delayBetweenStartingSlaves=0.500 secs, exitBenchmarkOnSlaveFailure=true, expectNumSlaves=null, mayFailOn=null, reachable=null, runOnAllSlaves=false, slaves=null, staggerSlaveStartup=true, useSmartClassLoading=true, validateCluster=true }
 INFO  [main] {org.radargun.Slave} Ack successfully sent to the master
 INFO  [pool-1-thread-1] {org.radargun.Slave} Executing stage: ClusterValidation {exitBenchmarkOnSlaveFailure=false, partialReplication=false, replicationTimeSleep=2000, replicationTryCount=60, runOnAllSlaves=false, slaves=null, useSmartClassLoading=true }
 INFO  [pool-1-thread-1] {org.radargun.stages.ClusterValidationStage} Number of caches that replicated here is 9
 INFO  [pool-1-thread-1] {org.radargun.stages.ClusterValidationStage} Replication test successfully passed. partialReplication? false, replicationCount = 9
 INFO  [pool-1-thread-1] {org.radargun.stages.ClusterValidationStage} Confirm phase successful.
 INFO  [pool-1-thread-1] {org.radargun.Slave} Finished stage: ClusterValidation {exitBenchmarkOnSlaveFailure=false, partialReplication=false, replicationTimeSleep=2000, replicationTryCount=60, runOnAllSlaves=false, slaves=[ 0, 1, 2, 3, 4, 5, 6, 7, 8, 9 ], useSmartClassLoading=true }
 INFO  [main] {org.radargun.Slave} Ack successfully sent to the master
 INFO  [pool-1-thread-1] {org.radargun.Slave} Executing stage: StressTestWarmup {bulkSize=1, cacheSpecificKeyGenerator=false, commitTransactions=true, duration=1 mins 0 secs, entrySize=1000, exitBenchmarkOnSlaveFailure=false, fixedKeys=true, generateHistogramRange=false, keyGeneratorClass=org.radargun.stressors.StringKeyGenerator, keyGeneratorParam=null, loadAllKeys=false, numEntries=100, numOfThreads=4, numRequests=10000, numThreads=4, numberOfAttributes=100, numberOfRequests=10000, opsCountStatusLog=100000, poolKeys=true, preferAsyncOperations=false, removePercentage=0, replaceInvalidPercentage=40, runOnAllSlaves=false, sharedKeys=false, sizeOfAnAttribute=1000, slaves=null, transactionSize=50, useAtomics=false, useHistogramStatistics=false, useSimpleStatistics=true, useSmartClassLoading=true, useTransactions=null, writePercentage=20, writeTxPercentage=20 }
 INFO  [pool-1-thread-1] {org.radargun.stages.StressTestWarmupStage} Starting StressTestWarmupStage: StressTestWarmup {bulkSize=1, cacheSpecificKeyGenerator=false, commitTransactions=true, duration=1 mins 0 secs, entrySize=1000, exitBenchmarkOnSlaveFailure=false, fixedKeys=true, generateHistogramRange=false, keyGeneratorClass=org.radargun.stressors.StringKeyGenerator, keyGeneratorParam=null, loadAllKeys=false, numEntries=100, numOfThreads=4, numRequests=10000, numThreads=4, numberOfAttributes=100, numberOfRequests=10000, opsCountStatusLog=100000, poolKeys=true, preferAsyncOperations=false, removePercentage=0, replaceInvalidPercentage=40, runOnAllSlaves=false, sharedKeys=false, sizeOfAnAttribute=1000, slaves=null, transactionSize=50, useAtomics=false, useHistogramStatistics=false, useSimpleStatistics=true, useSmartClassLoading=true, useTransactions=null, writePercentage=20, writeTxPercentage=20 }
 INFO  [pool-1-thread-1] {org.radargun.stressors.StressTestStressor} Using key generator org.radargun.stressors.StringKeyGenerator, param null
 INFO  [pool-1-thread-1] {org.radargun.stressors.StressTestStressor} Executing: StressTestStressor{opsCountStatusLog=100000, numRequests=10000, numEntries=100, entrySize=1000, writePercentage=20, numThreads=4, cacheWrapper=org.radargun.cachewrappers.InfinispanXSWrapper@3b2000a5, nodeIndex=2, useTransactions=true, transactionSize=50, commitTransactions=true, durationMillis=60000}
 INFO  [pool-1-thread-1] {org.radargun.stressors.StressTestStressor} Cache wrapper info is: Running : 5.2.6.Final, config:ispn52-repl-sync-rc.xml, cacheName:testCache
[GC 259695K->19122K(2944064K), 0.0489250 secs]
 INFO  [pool-1-thread-1] {org.radargun.stressors.StressTestStressor} Started 4 stressor threads.
 INFO  [Stressor-1] {org.radargun.stressors.StressTestStressor} Number of ops executed so far: 1. Elapsed time: 0.000 secs. Remaining: 1 mins 0 secs. Total: 1 mins 0 secs
[GC 275186K->23184K(2944064K), 0.0360280 secs]
[GC 279248K->29112K(2944064K), 0.0349670 secs]
[GC 285176K->32057K(2944064K), 0.0375650 secs]
[GC 288121K->33692K(2944064K), 0.0381850 secs]
[GC 289756K->35501K(2944064K), 0.0359160 secs]
[GC 291565K->32173K(2944064K), 0.0418000 secs]
[GC 288236K->32823K(2944064K), 0.0407740 secs]
[GC 288887K->39493K(2944064K), 0.0440530 secs]
[GC 295557K->35692K(2944064K), 0.0383050 secs]
[GC 291756K->41362K(2944064K), 0.0400530 secs]
[GC 297426K->38418K(2944064K), 0.0457400 secs]
[GC 294482K->37855K(2944064K), 0.0459360 secs]
[GC 293919K->43479K(2944064K), 0.0436210 secs]
[GC 299532K->41738K(2944064K), 0.0465590 secs]
[GC 297802K->49422K(2944064K), 0.0778400 secs]
[GC 305484K->38699K(2944064K), 0.0460790 secs]
 INFO  [Stressor-3] {org.radargun.stressors.StressTestStressor} Number of ops executed so far: 294150. Elapsed time: 20.024 secs. Remaining: 39.976 secs. Total: 1 mins 0 secs
[GC 294763K->42398K(2944064K), 0.0362600 secs]
[GC 298462K->35705K(2944064K), 0.0404290 secs]
[GC 291769K->42667K(2944064K), 0.0407230 secs]
[GC 298731K->44493K(2944064K), 0.0384920 secs]
[GC 300557K->38581K(2944064K), 0.0380480 secs]
[GC 294645K->37483K(2944064K), 0.0388340 secs]
[GC 293547K->43550K(2944064K), 0.0369300 secs]
[GC 299614K->45832K(2944064K), 0.0403570 secs]
[GC 301896K->39485K(2944064K), 0.0419730 secs]
[GC 295549K->45038K(2944064K), 0.0412660 secs]
[GC 301102K->52084K(2944064K), 0.0413120 secs]
[GC 308148K->49347K(2944064K), 0.0418670 secs]
[GC 305411K->55882K(2944064K), 0.0406300 secs]
[GC 311946K->52155K(2944064K), 0.0419300 secs]
[GC 308219K->53418K(2944064K), 0.0419350 secs]
[GC 309482K->59987K(2944064K), 0.0422830 secs]
[GC 316051K->49858K(2944064K), 0.0412270 secs]
[GC 305922K->49502K(2944064K), 0.0417510 secs]
[GC 305566K->56021K(2944064K), 0.0450540 secs]
 INFO  [Stressor-2] {org.radargun.stressors.StressTestStressor} Number of ops executed so far: 699521. Elapsed time: 40.024 secs. Remaining: 19.976 secs. Total: 1 mins 0 secs
[GC 312085K->53810K(2944064K), 0.0452140 secs]
[GC 309874K->50632K(2944064K), 0.0427860 secs]
[GC 306696K->51440K(2944064K), 0.0455070 secs]
[GC 307504K->57805K(2944064K), 0.0452880 secs]
[GC 313869K->60063K(2944064K), 0.0552900 secs]
[GC 316127K->54151K(2944064K), 0.0452610 secs]
[GC 310215K->53932K(2944064K), 0.0476710 secs]
[GC 309996K->54533K(2944064K), 0.0454470 secs]
[GC 310597K->54979K(2944064K), 0.0467250 secs]
[GC 311033K->61205K(2944064K), 0.0530410 secs]
[GC 317269K->55141K(2944064K), 0.0463130 secs]
[GC 311205K->61216K(2944064K), 0.0541930 secs]
[GC 317280K->60076K(2944064K), 0.0532640 secs]
[GC 316140K->61782K(2944064K), 0.0568460 secs]
[GC 317846K->62413K(2944064K), 0.0565610 secs]
[GC 318477K->62480K(2944064K), 0.0535730 secs]
[GC 318544K->62307K(2944064K), 0.0520020 secs]
[GC 318371K->61502K(2944064K), 0.0534250 secs]
[GC 317566K->63331K(2944064K), 0.0563150 secs]
 INFO  [Stressor-3] {org.radargun.stressors.StressTestStressor} Number of ops executed so far: 1049300. Elapsed time: 1 mins 0 secs. Remaining: 0.000 secs. Total: 1 mins 0 secs
 INFO  [pool-1-thread-1] {org.radargun.stressors.StressTestStressor} Finished generating report. Test duration is: 1 mins 3 secs
 INFO  [pool-1-thread-1] {org.radargun.stages.StressTestWarmupStage} The warmup took: 63 seconds.
 INFO  [pool-1-thread-1] {org.radargun.Slave} Finished stage: StressTestWarmup {bulkSize=1, cacheSpecificKeyGenerator=false, commitTransactions=true, duration=1 mins 0 secs, entrySize=1000, exitBenchmarkOnSlaveFailure=false, fixedKeys=true, generateHistogramRange=false, keyGeneratorClass=org.radargun.stressors.StringKeyGenerator, keyGeneratorParam=null, loadAllKeys=false, numEntries=100, numOfThreads=4, numRequests=10000, numThreads=4, numberOfAttributes=100, numberOfRequests=10000, opsCountStatusLog=100000, poolKeys=true, preferAsyncOperations=false, removePercentage=0, replaceInvalidPercentage=40, runOnAllSlaves=false, sharedKeys=false, sizeOfAnAttribute=1000, slaves=null, transactionSize=50, useAtomics=false, useHistogramStatistics=false, useSimpleStatistics=true, useSmartClassLoading=true, useTransactions=null, writePercentage=20, writeTxPercentage=20 }
 INFO  [main] {org.radargun.Slave} Ack successfully sent to the master
 INFO  [pool-1-thread-1] {org.radargun.Slave} Executing stage: ClearClusterStage {ClearCluster {exitBenchmarkOnSlaveFailure=false, runOnAllSlaves=false, slaves=[ 0 ], useSmartClassLoading=true }
 INFO  [pool-1-thread-1] {org.radargun.stages.ClearClusterStage} Before executing clear, memory looks like this: Memory - free: 2,856,095 kb - max:4,906,688 kb- total:2,944,064 kb
[Full GC 89002K->22766K(2944064K), 0.2831080 secs]
 INFO  [pool-1-thread-1] {org.radargun.stages.ClearClusterStage} After executing cleanup, memory looks like this: Memory - free: 2,919,103 kb - max:4,906,688 kb- total:2,944,192 kb
 INFO  [pool-1-thread-1] {org.radargun.Slave} Finished stage: ClearClusterStage {ClearCluster {exitBenchmarkOnSlaveFailure=false, runOnAllSlaves=false, slaves=[ 0 ], useSmartClassLoading=true }
 INFO  [main] {org.radargun.Slave} Ack successfully sent to the master
 INFO  [pool-1-thread-1] {org.radargun.Slave} Executing stage: StressTest {bulkSize=1, cacheSpecificKeyGenerator=false, commitTransactions=true, duration=1 mins 0 secs, entrySize=1000, exitBenchmarkOnSlaveFailure=false, fixedKeys=true, generateHistogramRange=false, keyGeneratorClass=org.radargun.stressors.StringKeyGenerator, keyGeneratorParam=null, loadAllKeys=false, numEntries=10000, numOfThreads=4, numRequests=10000000, numThreads=4, numberOfAttributes=10000, numberOfRequests=10000000, opsCountStatusLog=500000, poolKeys=true, preferAsyncOperations=false, removePercentage=0, replaceInvalidPercentage=40, runOnAllSlaves=false, sharedKeys=false, sizeOfAnAttribute=1000, slaves=null, transactionSize=10000, useAtomics=false, useHistogramStatistics=false, useSimpleStatistics=true, useSmartClassLoading=true, useTransactions=true, writePercentage=1, writeTxPercentage=5 }
 INFO  [pool-1-thread-1] {org.radargun.stages.StressTestStage} Starting StressTestStage: StressTest {bulkSize=1, cacheSpecificKeyGenerator=false, commitTransactions=true, duration=1 mins 0 secs, entrySize=1000, exitBenchmarkOnSlaveFailure=false, fixedKeys=true, generateHistogramRange=false, keyGeneratorClass=org.radargun.stressors.StringKeyGenerator, keyGeneratorParam=null, loadAllKeys=false, numEntries=10000, numOfThreads=4, numRequests=10000000, numThreads=4, numberOfAttributes=10000, numberOfRequests=10000000, opsCountStatusLog=500000, poolKeys=true, preferAsyncOperations=false, removePercentage=0, replaceInvalidPercentage=40, runOnAllSlaves=false, sharedKeys=false, sizeOfAnAttribute=1000, slaves=null, transactionSize=10000, useAtomics=false, useHistogramStatistics=false, useSimpleStatistics=true, useSmartClassLoading=true, useTransactions=true, writePercentage=1, writeTxPercentage=5 }
 INFO  [pool-1-thread-1] {org.radargun.stressors.StressTestStressor} Using key generator org.radargun.stressors.StringKeyGenerator, param null
 INFO  [pool-1-thread-1] {org.radargun.stressors.StressTestStressor} Executing: StressTestStressor{opsCountStatusLog=500000, numRequests=10000000, numEntries=10000, entrySize=1000, writePercentage=1, numThreads=4, cacheWrapper=org.radargun.cachewrappers.InfinispanXSWrapper@3b2000a5, nodeIndex=2, useTransactions=true, transactionSize=10000, commitTransactions=true, durationMillis=60000}
 INFO  [pool-1-thread-1] {org.radargun.stressors.StressTestStressor} Cache wrapper info is: Running : 5.2.6.Final, config:ispn52-repl-sync-rc.xml, cacheName:testCache
[GC 278894K->55541K(2944192K), 0.0454880 secs]
[GC 311669K->84392K(2944192K), 0.0608920 secs]
[GC 340520K->119533K(2944192K), 0.0673000 secs]
[GC 375661K->152239K(2944192K), 0.1110690 secs]
[GC 408367K->170008K(2944192K), 0.1014540 secs]
[GC 426136K->197230K(2944192K), 0.0980030 secs]
[GC 453358K->209892K(2944192K), 0.0966110 secs]
[GC 466020K->233679K(2944192K), 0.0963670 secs]
[GC 489807K->241319K(2944192K), 0.1062520 secs]
[GC 497447K->279700K(2944192K), 0.0942190 secs]
[GC 535828K->294848K(2944192K), 0.1045620 secs]
[GC 550976K->335916K(2944192K), 0.1026210 secs]
[GC 592044K->326080K(2944192K), 0.1178660 secs]
[GC 582208K->349702K(2944192K), 0.1078840 secs]
[GC 605830K->380993K(2944192K), 0.1102050 secs]
[GC 637121K->409601K(2944192K), 0.1129100 secs]
[GC 665729K->411800K(2944192K), 0.1056680 secs]
[GC 667928K->463884K(2944192K), 0.1117960 secs]
[GC 720012K->451633K(2944192K), 0.1040830 secs]
[GC 707761K->499452K(2944192K), 0.1056190 secs]
[GC 755580K->487709K(2944192K), 0.1031150 secs]
[GC 743837K->540626K(2944192K), 0.1080940 secs]
[GC 796754K->538952K(2944192K), 0.1101410 secs]
[GC 795080K->589096K(2944192K), 0.0924700 secs]
[GC 845224K->574998K(2944192K), 0.0985370 secs]
[GC 831126K->623700K(2944192K), 0.0999840 secs]
[GC 879828K->637598K(2944192K), 0.0950090 secs]
 INFO  [pool-1-thread-1] {org.radargun.stressors.StressTestStressor} Started 4 stressor threads.
 INFO  [Stressor-1] {org.radargun.stressors.StressTestStressor} Number of ops executed so far: 1. Elapsed time: 0.000 secs. Remaining: 1 mins 0 secs. Total: 1 mins 0 secs
[GC 893726K->640502K(2944192K), 0.1078360 secs]
[GC 896630K->663497K(2944192K), 0.0734850 secs]
[GC 919598K->639989K(2944192K), 0.0973470 secs]
[GC 896117K->672682K(2944192K), 0.0657620 secs]
[GC 928810K->646061K(2944192K), 0.0630770 secs]
[GC 902189K->687448K(2944192K), 0.0704830 secs]
[GC 943551K->676030K(2944192K), 0.0894900 secs]
[GC 932158K->692198K(2944192K), 0.0555480 secs]
[GC 948326K->669565K(2944192K), 0.0544460 secs]
[GC 925693K->699575K(2944192K), 0.0749790 secs]
[GC 955703K->697113K(2944192K), 0.0755190 secs]
[GC 953241K->726520K(2944192K), 0.0676350 secs]
 INFO  [Stressor-1] {org.radargun.stressors.StressTestStressor} Number of ops executed so far: 3733683. Elapsed time: 20.000 secs. Remaining: 40.000 secs. Total: 1 mins 0 secs
[GC 982648K->690651K(2944192K), 0.0599610 secs]
[GC 946779K->714520K(2944192K), 0.0676330 secs]
[GC 970648K->721520K(2944192K), 0.0596120 secs]
[GC 977648K->712324K(2944192K), 0.0606970 secs]
[GC 968412K->759096K(2944192K), 0.0595570 secs]
[GC 1015224K->729108K(2944192K), 0.0644730 secs]
[GC 985236K->766605K(2944192K), 0.0567520 secs]
[GC 1022733K->742163K(2944192K), 0.0647350 secs]
[GC 998291K->776065K(2944192K), 0.0656180 secs]
[GC 1032193K->741848K(2944192K), 0.0668210 secs]
[GC 997976K->759526K(2944192K), 0.0776240 secs]
 INFO  [Stressor-2] {org.radargun.stressors.StressTestStressor} Number of ops executed so far: 7658843. Elapsed time: 40.000 secs. Remaining: 20.000 secs. Total: 1 mins 0 secs
[GC 1015654K->789019K(2944192K), 0.0598770 secs]
[GC 1045147K->749383K(2944192K), 0.0603840 secs]
[GC 1005511K->782484K(2944192K), 0.0632620 secs]
[GC 1038612K->782019K(2944192K), 0.0685830 secs]
[GC 1038147K->780097K(2944192K), 0.0661200 secs]
[GC 1036225K->787914K(2944192K), 0.0554260 secs]
[GC 1044042K->780543K(2944192K), 0.0630730 secs]
[GC 1036671K->796098K(2944192K), 0.0591690 secs]
[GC 1052226K->788000K(2944192K), 0.0615320 secs]
[GC 1044128K->792106K(2944192K), 0.0623530 secs]
[GC 1048234K->797260K(2944192K), 0.0676070 secs]
[GC 1053388K->802273K(2944192K), 0.0711540 secs]
[GC 1058401K->840045K(2944192K), 0.0610890 secs]
[GC 1096173K->817230K(2944192K), 0.0649950 secs]
 INFO  [Stressor-3] {org.radargun.stressors.StressTestStressor} Number of ops executed so far: 10815442. Elapsed time: 1 mins 0 secs. Remaining: 0.000 secs. Total: 1 mins 0 secs
 INFO  [pool-1-thread-1] {org.radargun.stressors.StressTestStressor} Finished generating report. Test duration is: 2 mins 4 secs
 INFO  [pool-1-thread-1] {org.radargun.stages.StressTestStage} size info: Running : 5.2.6.Final, config:ispn52-repl-sync-rc.xml, cacheName:testCache, clusterSize:10, nodeIndex:2, cacheSize: 400000
 INFO  [pool-1-thread-1] {org.radargun.Slave} Finished stage: StressTest {bulkSize=1, cacheSpecificKeyGenerator=false, commitTransactions=true, duration=1 mins 0 secs, entrySize=1000, exitBenchmarkOnSlaveFailure=false, fixedKeys=true, generateHistogramRange=false, keyGeneratorClass=org.radargun.stressors.StringKeyGenerator, keyGeneratorParam=null, loadAllKeys=false, numEntries=10000, numOfThreads=4, numRequests=10000000, numThreads=4, numberOfAttributes=10000, numberOfRequests=10000000, opsCountStatusLog=500000, poolKeys=true, preferAsyncOperations=false, removePercentage=0, replaceInvalidPercentage=40, runOnAllSlaves=false, sharedKeys=false, sizeOfAnAttribute=1000, slaves=null, transactionSize=10000, useAtomics=false, useHistogramStatistics=false, useSimpleStatistics=true, useSmartClassLoading=true, useTransactions=true, writePercentage=1, writeTxPercentage=5 }
 INFO  [main] {org.radargun.Slave} Ack successfully sent to the master
 INFO  [main] {org.radargun.Slave} Master shutdown!
 INFO  [Thread-0] {org.radargun.ShutDownHook} Slave process is being shutdown
