/usr/java/jdk1.7.0_21/bin/java -server -Xmx1024M -Xms1024M -Dresolve.dns=false -Djgroups.timer.num_threads=4 -verbose:gc -Xmx5000M -Xms3000M -server -XX:+UseConcMarkSweepGC -XX:+AggressiveOpts -verbose:gc -XX:ParallelGCThreads=4 -XX:NewRatio=5 -XX:SurvivorRatio=2 -Dhazelcast.operation.thread.count=4 -Djava.net.preferIPv4Stack=true -Dlog4j.file.prefix=deimos-esw-4313 -Dbind.address= -Djgroups.bind_addr= -classpath /home/smf/github/radargun/target/distribution/RadarGun-1.1.0-SNAPSHOT/lib/activation-1.1.jar:/home/smf/github/radargun/target/distribution/RadarGun-1.1.0-SNAPSHOT/lib/commons-beanutils-1.8.0.jar:/home/smf/github/radargun/target/distribution/RadarGun-1.1.0-SNAPSHOT/lib/commons-digester-2.0.jar:/home/smf/github/radargun/target/distribution/RadarGun-1.1.0-SNAPSHOT/lib/commons-logging-1.1.1.jar:/home/smf/github/radargun/target/distribution/RadarGun-1.1.0-SNAPSHOT/lib/commons-math-1.2.jar:/home/smf/github/radargun/target/distribution/RadarGun-1.1.0-SNAPSHOT/lib/jboss-transaction-api-1.0.1.GA.jar:/home/smf/github/radargun/target/distribution/RadarGun-1.1.0-SNAPSHOT/lib/jcommon-1.0.15.jar:/home/smf/github/radargun/target/distribution/RadarGun-1.1.0-SNAPSHOT/lib/jfreechart-1.0.12.jar:/home/smf/github/radargun/target/distribution/RadarGun-1.1.0-SNAPSHOT/lib/log4j-1.2.14.jar:/home/smf/github/radargun/target/distribution/RadarGun-1.1.0-SNAPSHOT/lib/mail-1.4.2.jar:/home/smf/github/radargun/target/distribution/RadarGun-1.1.0-SNAPSHOT/lib/radargun-framework-1.1.0-SNAPSHOT.jar:/home/smf/github/radargun/target/distribution/RadarGun-1.1.0-SNAPSHOT/conf org.radargun.Slave -master 127.0.0.1:2103
--------------------------------------------------------------------------------
PerNodeRollingFileAppender::Using file prefix:deimos-esw-4313
 INFO  [main] {org.radargun.Slave} Attempting to connect to master 127.0.0.1:2103
 INFO  [main] {org.radargun.Slave} Successfully established connection with master at: 127.0.0.1:2103
Loading JARS from /home/smf/github/radargun/target/distribution/RadarGun-1.1.0-SNAPSHOT/lib/radargun-framework-1.1.0-SNAPSHOT.jar
 INFO  [pool-1-thread-1] {org.radargun.config.AnnotatedHelper} Loading JARS from /home/smf/github/radargun/target/distribution/RadarGun-1.1.0-SNAPSHOT/lib/radargun-framework-1.1.0-SNAPSHOT.jar
 INFO  [pool-1-thread-1] {org.radargun.config.AnnotatedHelper} Loading JARS from /home/smf/github/radargun/target/distribution/RadarGun-1.1.0-SNAPSHOT/lib/radargun-framework-1.1.0-SNAPSHOT.jar
 INFO  [pool-1-thread-1] {org.radargun.Slave} Executing stage: DestroyWrapper {enforceMemoryThrashHold=true, exitBenchmarkOnSlaveFailure=false, heapDumpDir=null, memoryThreshold=95, runOnAllSlaves=true, slaves=null, useSmartClassLoading=true }
 INFO  [pool-1-thread-1] {org.radargun.stages.DestroyWrapperStage} Received destroy cache wrapper request from master...
 INFO  [pool-1-thread-1] {org.radargun.stages.DestroyWrapperStage} No cache wrapper deployed on this slave, nothing to do.
 INFO  [pool-1-thread-1] {org.radargun.stages.DestroyWrapperStage} Before executing clear, memory looks like this: Memory - free: 2,928,638 kb - max:4,906,688 kb- total:2,944,000 kb
[Full GC 15361K->3631K(2944000K), 0.0703160 secs]
 INFO  [pool-1-thread-1] {org.radargun.stages.DestroyWrapperStage} After executing cleanup, memory looks like this: Memory - free: 2,935,311 kb - max:4,906,688 kb- total:2,944,064 kb
 INFO  [pool-1-thread-1] {org.radargun.Slave} Finished stage: DestroyWrapper {enforceMemoryThrashHold=true, exitBenchmarkOnSlaveFailure=false, heapDumpDir=null, memoryThreshold=95, runOnAllSlaves=true, slaves=null, useSmartClassLoading=true }
 INFO  [main] {org.radargun.Slave} Ack successfully sent to the master
 INFO  [pool-1-thread-1] {org.radargun.Slave} Executing stage: StartCluster {config=ispn52-repl-sync-rc.xml, delayAfterFirstSlaveStarts=5.000 secs, delayBetweenStartingSlaves=0.500 secs, exitBenchmarkOnSlaveFailure=true, expectNumSlaves=null, mayFailOn=null, reachable=null, runOnAllSlaves=false, slaves=null, staggerSlaveStartup=true, useSmartClassLoading=true, validateCluster=true }
 INFO  [pool-1-thread-1] {org.radargun.stages.StartClusterStage}  Startup staggering, starting 12 slaves. This is the slave with index 7. Sleeping for 8500 millis.
 INFO  [pool-1-thread-1] {org.radargun.stages.StartClusterStage} Ack master's StartCluster stage. Local address is: /127.0.0.1. This slave's index is: 7
 INFO  [pool-1-thread-1] {org.radargun.utils.ClassLoadHelper} Creating newInstance org.radargun.cachewrappers.InfinispanXSWrapper with classloader java.net.URLClassLoader@672a1f0
 INFO  [pool-1-thread-1] {org.radargun.cachewrappers.InfinispanXSWrapper} Cannot find any site for slave index 7
 INFO  [pool-1-thread-1] {org.infinispan.remoting.transport.jgroups.JGroupsTransport} ISPN000078: Starting JGroups Channel
 WARN  [pool-1-thread-1] {org.jgroups.protocols.UDP} [JGRP00014] the send buffer of socket DatagramSocket was set to 640KB, but the OS only allocated 229.38KB. This might lead to performance problems. Please set your max send buffer in the OS correctly (e.g. net.core.wmem_max on Linux)
 WARN  [pool-1-thread-1] {org.jgroups.protocols.UDP} [JGRP00014] the receive buffer of socket DatagramSocket was set to 20MB, but the OS only allocated 229.38KB. This might lead to performance problems. Please set your max receive buffer in the OS correctly (e.g. net.core.rmem_max on Linux)
 WARN  [pool-1-thread-1] {org.jgroups.protocols.UDP} [JGRP00014] the send buffer of socket MulticastSocket was set to 640KB, but the OS only allocated 229.38KB. This might lead to performance problems. Please set your max send buffer in the OS correctly (e.g. net.core.wmem_max on Linux)
 WARN  [pool-1-thread-1] {org.jgroups.protocols.UDP} [JGRP00014] the receive buffer of socket MulticastSocket was set to 25MB, but the OS only allocated 229.38KB. This might lead to performance problems. Please set your max receive buffer in the OS correctly (e.g. net.core.rmem_max on Linux)
 INFO  [pool-1-thread-1] {org.infinispan.remoting.transport.jgroups.JGroupsTransport} ISPN000094: Received new cluster view: [deimos-esw-19854|7] [deimos-esw-19854, deimos-esw-13792, deimos-esw-59026, deimos-esw-64109, deimos-esw-8991, deimos-esw-27875, deimos-esw-56283, deimos-esw-53893]
 INFO  [pool-1-thread-1] {org.infinispan.remoting.transport.jgroups.JGroupsTransport} ISPN000079: Cache local address is deimos-esw-53893, physical addresses are [127.0.0.1:52007]
 INFO  [pool-1-thread-1] {org.infinispan.factories.GlobalComponentRegistry} ISPN000128: Infinispan version: Infinispan 'Delirium' 5.2.6.Final
 INFO  [pool-1-thread-1] {org.infinispan.transaction.lookup.JBossStandaloneJTAManagerLookup} ISPN000107: Retrieving transaction manager Transaction: unknown
 INFO  [Incoming-4,deimos-esw-53893] {org.infinispan.remoting.transport.jgroups.JGroupsTransport} ISPN000094: Received new cluster view: [deimos-esw-19854|8] [deimos-esw-19854, deimos-esw-13792, deimos-esw-59026, deimos-esw-64109, deimos-esw-8991, deimos-esw-27875, deimos-esw-56283, deimos-esw-53893, deimos-esw-30185]
 INFO  [pool-1-thread-1] {org.infinispan.jmx.CacheJmxRegistration} ISPN000031: MBeans were successfully registered to the platform MBean server.
 INFO  [pool-1-thread-1] {org.radargun.cachewrappers.InfinispanXSWrapper} Using transaction manager: Transaction: unknown
 INFO  [pool-1-thread-1] {org.radargun.cachewrappers.InfinispanXSWrapper} No RELAY2 protocol in XS wrapper
 INFO  [pool-1-thread-1] {org.radargun.cachewrappers.InfinispanXSWrapper} JGroups version: JGroups 3.2.7.Final
 INFO  [pool-1-thread-1] {org.radargun.cachewrappers.InfinispanXSWrapper} Using config attributes: {name=ispn52-repl-sync-rc.xml}
 INFO  [pool-1-thread-1] {org.radargun.stages.helpers.StartHelper} Number of members=9 is not the one expected: 12
 INFO  [Incoming-4,deimos-esw-53893] {org.infinispan.remoting.transport.jgroups.JGroupsTransport} ISPN000094: Received new cluster view: [deimos-esw-19854|9] [deimos-esw-19854, deimos-esw-13792, deimos-esw-59026, deimos-esw-64109, deimos-esw-8991, deimos-esw-27875, deimos-esw-56283, deimos-esw-53893, deimos-esw-30185, deimos-esw-48487]
 INFO  [Incoming-4,deimos-esw-53893] {org.infinispan.remoting.transport.jgroups.JGroupsTransport} ISPN000094: Received new cluster view: [deimos-esw-19854|10] [deimos-esw-19854, deimos-esw-13792, deimos-esw-59026, deimos-esw-64109, deimos-esw-8991, deimos-esw-27875, deimos-esw-56283, deimos-esw-53893, deimos-esw-30185, deimos-esw-48487, deimos-esw-60459]
 INFO  [pool-1-thread-1] {org.radargun.stages.helpers.StartHelper} Number of members=11 is not the one expected: 12
 INFO  [Incoming-4,deimos-esw-53893] {org.infinispan.remoting.transport.jgroups.JGroupsTransport} ISPN000094: Received new cluster view: [deimos-esw-19854|11] [deimos-esw-19854, deimos-esw-13792, deimos-esw-59026, deimos-esw-64109, deimos-esw-8991, deimos-esw-27875, deimos-esw-56283, deimos-esw-53893, deimos-esw-30185, deimos-esw-48487, deimos-esw-60459, deimos-esw-47994]
 INFO  [pool-1-thread-1] {org.radargun.stages.helpers.StartHelper} Number of members is the one expected: 12
 INFO  [pool-1-thread-1] {org.radargun.stages.StartClusterStage} Successfully started cache wrapper on slave 7: org.radargun.cachewrappers.InfinispanXSWrapper@3c5d0d01
 INFO  [pool-1-thread-1] {org.radargun.Slave} Finished stage: StartCluster {config=ispn52-repl-sync-rc.xml, delayAfterFirstSlaveStarts=5.000 secs, delayBetweenStartingSlaves=0.500 secs, exitBenchmarkOnSlaveFailure=true, expectNumSlaves=null, mayFailOn=null, reachable=null, runOnAllSlaves=false, slaves=null, staggerSlaveStartup=true, useSmartClassLoading=true, validateCluster=true }
 INFO  [main] {org.radargun.Slave} Ack successfully sent to the master
 INFO  [pool-1-thread-1] {org.radargun.Slave} Executing stage: ClusterValidation {exitBenchmarkOnSlaveFailure=false, partialReplication=false, replicationTimeSleep=2000, replicationTryCount=60, runOnAllSlaves=false, slaves=null, useSmartClassLoading=true }
 INFO  [pool-1-thread-1] {org.radargun.stages.ClusterValidationStage} Number of caches that replicated here is 11
 INFO  [pool-1-thread-1] {org.radargun.stages.ClusterValidationStage} Replication test successfully passed. partialReplication? false, replicationCount = 11
 INFO  [pool-1-thread-1] {org.radargun.stages.ClusterValidationStage} Confirm phase successful.
 INFO  [pool-1-thread-1] {org.radargun.Slave} Finished stage: ClusterValidation {exitBenchmarkOnSlaveFailure=false, partialReplication=false, replicationTimeSleep=2000, replicationTryCount=60, runOnAllSlaves=false, slaves=[ 0, 1, 2, 3, 4, 5, 6, 7, 8, 9, 10, 11 ], useSmartClassLoading=true }
 INFO  [main] {org.radargun.Slave} Ack successfully sent to the master
 INFO  [pool-1-thread-1] {org.radargun.Slave} Executing stage: StressTestWarmup {bulkSize=1, cacheSpecificKeyGenerator=false, commitTransactions=true, duration=1 mins 0 secs, entrySize=1000, exitBenchmarkOnSlaveFailure=false, fixedKeys=true, generateHistogramRange=false, keyGeneratorClass=org.radargun.stressors.StringKeyGenerator, keyGeneratorParam=null, loadAllKeys=false, numEntries=100, numOfThreads=4, numRequests=10000, numThreads=4, numberOfAttributes=100, numberOfRequests=10000, opsCountStatusLog=100000, poolKeys=true, preferAsyncOperations=false, removePercentage=0, replaceInvalidPercentage=40, runOnAllSlaves=false, sharedKeys=false, sizeOfAnAttribute=1000, slaves=null, transactionSize=50, useAtomics=false, useHistogramStatistics=false, useSimpleStatistics=true, useSmartClassLoading=true, useTransactions=null, writePercentage=20, writeTxPercentage=20 }
 INFO  [pool-1-thread-1] {org.radargun.stages.StressTestWarmupStage} Starting StressTestWarmupStage: StressTestWarmup {bulkSize=1, cacheSpecificKeyGenerator=false, commitTransactions=true, duration=1 mins 0 secs, entrySize=1000, exitBenchmarkOnSlaveFailure=false, fixedKeys=true, generateHistogramRange=false, keyGeneratorClass=org.radargun.stressors.StringKeyGenerator, keyGeneratorParam=null, loadAllKeys=false, numEntries=100, numOfThreads=4, numRequests=10000, numThreads=4, numberOfAttributes=100, numberOfRequests=10000, opsCountStatusLog=100000, poolKeys=true, preferAsyncOperations=false, removePercentage=0, replaceInvalidPercentage=40, runOnAllSlaves=false, sharedKeys=false, sizeOfAnAttribute=1000, slaves=null, transactionSize=50, useAtomics=false, useHistogramStatistics=false, useSimpleStatistics=true, useSmartClassLoading=true, useTransactions=null, writePercentage=20, writeTxPercentage=20 }
 INFO  [pool-1-thread-1] {org.radargun.stressors.StressTestStressor} Using key generator org.radargun.stressors.StringKeyGenerator, param null
 INFO  [pool-1-thread-1] {org.radargun.stressors.StressTestStressor} Executing: StressTestStressor{opsCountStatusLog=100000, numRequests=10000, numEntries=100, entrySize=1000, writePercentage=20, numThreads=4, cacheWrapper=org.radargun.cachewrappers.InfinispanXSWrapper@3c5d0d01, nodeIndex=7, useTransactions=true, transactionSize=50, commitTransactions=true, durationMillis=60000}
 INFO  [pool-1-thread-1] {org.radargun.stressors.StressTestStressor} Cache wrapper info is: Running : 5.2.6.Final, config:ispn52-repl-sync-rc.xml, cacheName:testCache
[GC 259695K->18644K(2944064K), 0.0495300 secs]
 INFO  [pool-1-thread-1] {org.radargun.stressors.StressTestStressor} Started 4 stressor threads.
 INFO  [Stressor-1] {org.radargun.stressors.StressTestStressor} Number of ops executed so far: 1. Elapsed time: 0.000 secs. Remaining: 1 mins 0 secs. Total: 1 mins 0 secs
[GC 274708K->21495K(2944064K), 0.0402440 secs]
[GC 277559K->29704K(2944064K), 0.0347360 secs]
[GC 285768K->32992K(2944064K), 0.0367880 secs]
[GC 289056K->32291K(2944064K), 0.0425790 secs]
[GC 288355K->33816K(2944064K), 0.0413490 secs]
[GC 289873K->39317K(2944064K), 0.0407590 secs]
[GC 295381K->32737K(2944064K), 0.0396720 secs]
[GC 288801K->39302K(2944064K), 0.0451960 secs]
[GC 295366K->42428K(2944064K), 0.0398910 secs]
[GC 298492K->33397K(2944064K), 0.0399500 secs]
[GC 289461K->44251K(2944064K), 0.0435730 secs]
[GC 300315K->40866K(2944064K), 0.0499900 secs]
[GC 296930K->41858K(2944064K), 0.0472680 secs]
[GC 297922K->43809K(2944064K), 0.0439220 secs]
 INFO  [Stressor-1] {org.radargun.stressors.StressTestStressor} Number of ops executed so far: 257300. Elapsed time: 20.054 secs. Remaining: 39.946 secs. Total: 1 mins 0 secs
[GC 299873K->48207K(2944064K), 0.0746990 secs]
[GC 304271K->40478K(2944064K), 0.0463700 secs]
[GC 296542K->60235K(2944064K), 0.0412720 secs]
[GC 316299K->48417K(2944064K), 0.0375980 secs]
[GC 304481K->42448K(2944064K), 0.0385030 secs]
[GC 298512K->48375K(2944064K), 0.0398360 secs]
[GC 304439K->55428K(2944064K), 0.0406550 secs]
[GC 311485K->47781K(2944064K), 0.0389230 secs]
[GC 303845K->52951K(2944064K), 0.0525910 secs]
[GC 309015K->49032K(2944064K), 0.0524070 secs]
[GC 305096K->49459K(2944064K), 0.0542440 secs]
[GC 305523K->49894K(2944064K), 0.0533110 secs]
[GC 305958K->55049K(2944064K), 0.0564790 secs]
[GC 311113K->47011K(2944064K), 0.0583340 secs]
[GC 303075K->50528K(2944064K), 0.0548800 secs]
[GC 306592K->52160K(2944064K), 0.0547570 secs]
[GC 308224K->45537K(2944064K), 0.0514060 secs]
 INFO  [Stressor-3] {org.radargun.stressors.StressTestStressor} Number of ops executed so far: 506467. Elapsed time: 40.102 secs. Remaining: 19.898 secs. Total: 1 mins 0 secs
[GC 301601K->57094K(2944064K), 0.0520630 secs]
[GC 313158K->60627K(2944064K), 0.0518270 secs]
[GC 316691K->48201K(2944064K), 0.0602450 secs]
[GC 304265K->54164K(2944064K), 0.0534980 secs]
[GC 310228K->63709K(2944064K), 0.0569130 secs]
[GC 319773K->45229K(2944064K), 0.0552530 secs]
[GC 301293K->50544K(2944064K), 0.0570640 secs]
[GC 306608K->52297K(2944064K), 0.0486070 secs]
[GC 308361K->59676K(2944064K), 0.0565320 secs]
[GC 315740K->48601K(2944064K), 0.0506580 secs]
[GC 304665K->55600K(2944064K), 0.0495370 secs]
[GC 311664K->57406K(2944064K), 0.0549150 secs]
[GC 313470K->55463K(2944064K), 0.0569930 secs]
[GC 311527K->49887K(2944064K), 0.0518060 secs]
[GC 305951K->63305K(2944064K), 0.0483920 secs]
 INFO  [pool-1-thread-1] {org.radargun.stressors.StressTestStressor} Finished generating report. Test duration is: 1 mins 4 secs
 INFO  [pool-1-thread-1] {org.radargun.stages.StressTestWarmupStage} The warmup took: 64 seconds.
 INFO  [pool-1-thread-1] {org.radargun.Slave} Finished stage: StressTestWarmup {bulkSize=1, cacheSpecificKeyGenerator=false, commitTransactions=true, duration=1 mins 0 secs, entrySize=1000, exitBenchmarkOnSlaveFailure=false, fixedKeys=true, generateHistogramRange=false, keyGeneratorClass=org.radargun.stressors.StringKeyGenerator, keyGeneratorParam=null, loadAllKeys=false, numEntries=100, numOfThreads=4, numRequests=10000, numThreads=4, numberOfAttributes=100, numberOfRequests=10000, opsCountStatusLog=100000, poolKeys=true, preferAsyncOperations=false, removePercentage=0, replaceInvalidPercentage=40, runOnAllSlaves=false, sharedKeys=false, sizeOfAnAttribute=1000, slaves=null, transactionSize=50, useAtomics=false, useHistogramStatistics=false, useSimpleStatistics=true, useSmartClassLoading=true, useTransactions=null, writePercentage=20, writeTxPercentage=20 }
 INFO  [main] {org.radargun.Slave} Ack successfully sent to the master
 INFO  [pool-1-thread-1] {org.radargun.Slave} Executing stage: ClearClusterStage {ClearCluster {exitBenchmarkOnSlaveFailure=false, runOnAllSlaves=false, slaves=[ 0 ], useSmartClassLoading=true }
 INFO  [pool-1-thread-1] {org.radargun.stages.ClearClusterStage} Before executing clear, memory looks like this: Memory - free: 2,812,143 kb - max:4,906,688 kb- total:2,944,064 kb
[Full GC 133039K->22993K(2944064K), 0.2988010 secs]
 INFO  [pool-1-thread-1] {org.radargun.stages.ClearClusterStage} After executing cleanup, memory looks like this: Memory - free: 2,918,876 kb - max:4,906,688 kb- total:2,944,192 kb
 INFO  [pool-1-thread-1] {org.radargun.Slave} Finished stage: ClearClusterStage {ClearCluster {exitBenchmarkOnSlaveFailure=false, runOnAllSlaves=false, slaves=[ 0 ], useSmartClassLoading=true }
 INFO  [main] {org.radargun.Slave} Ack successfully sent to the master
 INFO  [pool-1-thread-1] {org.radargun.Slave} Executing stage: StressTest {bulkSize=1, cacheSpecificKeyGenerator=false, commitTransactions=true, duration=1 mins 0 secs, entrySize=1000, exitBenchmarkOnSlaveFailure=false, fixedKeys=true, generateHistogramRange=false, keyGeneratorClass=org.radargun.stressors.StringKeyGenerator, keyGeneratorParam=null, loadAllKeys=false, numEntries=10000, numOfThreads=4, numRequests=10000000, numThreads=4, numberOfAttributes=10000, numberOfRequests=10000000, opsCountStatusLog=500000, poolKeys=true, preferAsyncOperations=false, removePercentage=0, replaceInvalidPercentage=40, runOnAllSlaves=false, sharedKeys=false, sizeOfAnAttribute=1000, slaves=null, transactionSize=10000, useAtomics=false, useHistogramStatistics=false, useSimpleStatistics=true, useSmartClassLoading=true, useTransactions=true, writePercentage=1, writeTxPercentage=5 }
 INFO  [pool-1-thread-1] {org.radargun.stages.StressTestStage} Starting StressTestStage: StressTest {bulkSize=1, cacheSpecificKeyGenerator=false, commitTransactions=true, duration=1 mins 0 secs, entrySize=1000, exitBenchmarkOnSlaveFailure=false, fixedKeys=true, generateHistogramRange=false, keyGeneratorClass=org.radargun.stressors.StringKeyGenerator, keyGeneratorParam=null, loadAllKeys=false, numEntries=10000, numOfThreads=4, numRequests=10000000, numThreads=4, numberOfAttributes=10000, numberOfRequests=10000000, opsCountStatusLog=500000, poolKeys=true, preferAsyncOperations=false, removePercentage=0, replaceInvalidPercentage=40, runOnAllSlaves=false, sharedKeys=false, sizeOfAnAttribute=1000, slaves=null, transactionSize=10000, useAtomics=false, useHistogramStatistics=false, useSimpleStatistics=true, useSmartClassLoading=true, useTransactions=true, writePercentage=1, writeTxPercentage=5 }
 INFO  [pool-1-thread-1] {org.radargun.stressors.StressTestStressor} Using key generator org.radargun.stressors.StringKeyGenerator, param null
 INFO  [pool-1-thread-1] {org.radargun.stressors.StressTestStressor} Executing: StressTestStressor{opsCountStatusLog=500000, numRequests=10000000, numEntries=10000, entrySize=1000, writePercentage=1, numThreads=4, cacheWrapper=org.radargun.cachewrappers.InfinispanXSWrapper@3c5d0d01, nodeIndex=7, useTransactions=true, transactionSize=10000, commitTransactions=true, durationMillis=60000}
 INFO  [pool-1-thread-1] {org.radargun.stressors.StressTestStressor} Cache wrapper info is: Running : 5.2.6.Final, config:ispn52-repl-sync-rc.xml, cacheName:testCache
[GC 279121K->61940K(2944192K), 0.0485330 secs]
[GC 318068K->81820K(2944192K), 0.0673890 secs]
[GC 337948K->120566K(2944192K), 0.0743610 secs]
[GC 376694K->152560K(2944192K), 0.1081140 secs]
[GC 408688K->187128K(2944192K), 0.1076940 secs]
[GC 443256K->214813K(2944192K), 0.1111200 secs]
[GC 470941K->205210K(2944192K), 0.1142390 secs]
[GC 461338K->225736K(2944192K), 0.1044790 secs]
[GC 481864K->271258K(2944192K), 0.1014010 secs]
[GC 527386K->281525K(2944192K), 0.1047870 secs]
[GC 537653K->271511K(2944192K), 0.0997910 secs]
[GC 527639K->321298K(2944192K), 0.0994100 secs]
[GC 577426K->339677K(2944192K), 0.1042990 secs]
[GC 595805K->383623K(2944192K), 0.1063510 secs]
[GC 639751K->372588K(2944192K), 0.1137740 secs]
[GC 628716K->432362K(2944192K), 0.1084900 secs]
[GC 688490K->408520K(2944192K), 0.1049030 secs]
[GC 664648K->473993K(2944192K), 0.1120940 secs]
[GC 730121K->459563K(2944192K), 0.1151270 secs]
[GC 715691K->500007K(2944192K), 0.0959690 secs]
[GC 756135K->528936K(2944192K), 0.1000820 secs]
[GC 785064K->540887K(2944192K), 0.1004220 secs]
[GC 797015K->563632K(2944192K), 0.1067590 secs]
[GC 819760K->580729K(2944192K), 0.0987450 secs]
[GC 836857K->625329K(2944192K), 0.1025820 secs]
[GC 881457K->606074K(2944192K), 0.1040920 secs]
[GC 862202K->657504K(2944192K), 0.1103020 secs]
[GC 913632K->667713K(2944192K), 0.1052690 secs]
[GC 923841K->708528K(2944192K), 0.1096950 secs]
[GC 964656K->697745K(2944192K), 0.1028990 secs]
[GC 953873K->747268K(2944192K), 0.1154280 secs]
[GC 1003396K->737016K(2944192K), 0.0993950 secs]
 INFO  [pool-1-thread-1] {org.radargun.stressors.StressTestStressor} Started 4 stressor threads.
 INFO  [Stressor-0] {org.radargun.stressors.StressTestStressor} Number of ops executed so far: 1. Elapsed time: 0.000 secs. Remaining: 1 mins 0 secs. Total: 1 mins 0 secs
[GC 993144K->780723K(2944192K), 0.0941990 secs]
[GC 1036851K->749858K(2944192K), 0.0762510 secs]
[GC 1005986K->800586K(2944192K), 0.1019860 secs]
[GC 1056714K->781352K(2944192K), 0.0835700 secs]
[GC 1037480K->808793K(2944192K), 0.0625270 secs]
[GC 1064921K->791831K(2944192K), 0.0646840 secs]
[GC 1047959K->825388K(2944192K), 0.0646050 secs]
[GC 1081516K->821828K(2944192K), 0.0690880 secs]
[GC 1077956K->849689K(2944192K), 0.0728060 secs]
[GC 1105817K->817050K(2944192K), 0.0627220 secs]
 INFO  [Stressor-2] {org.radargun.stressors.StressTestStressor} Number of ops executed so far: 3000000. Elapsed time: 20.037 secs. Remaining: 39.963 secs. Total: 1 mins 0 secs
[GC 1073178K->825793K(2944192K), 0.0679430 secs]
[GC 1081921K->850820K(2944192K), 0.0574630 secs]
[GC 1106948K->855348K(2944192K), 0.0538240 secs]
[GC 1111476K->868576K(2944192K), 0.0648900 secs]
[GC 1124704K->879147K(2944192K), 0.0663300 secs]
[GC 1135275K->853093K(2944192K), 0.0668870 secs]
[GC 1109221K->894854K(2944192K), 0.0661870 secs]
[GC 1150982K->857921K(2944192K), 0.0683120 secs]
[GC 1114049K->905043K(2944192K), 0.0662520 secs]
[GC 1161171K->863073K(2944192K), 0.0554450 secs]
[GC 1119201K->914071K(2944192K), 0.0663670 secs]
[GC 1170165K->880921K(2944192K), 0.0644500 secs]
[GC 1137049K->925657K(2944192K), 0.0606110 secs]
 INFO  [Stressor-0] {org.radargun.stressors.StressTestStressor} Number of ops executed so far: 7119165. Elapsed time: 40.037 secs. Remaining: 19.963 secs. Total: 1 mins 0 secs
[GC 1181785K->890590K(2944192K), 0.0618820 secs]
[GC 1146718K->920869K(2944192K), 0.0733200 secs]
[GC 1176893K->942997K(2944192K), 0.0602610 secs]
[GC 1199125K->906082K(2944192K), 0.0653540 secs]
[GC 1162210K->955826K(2944192K), 0.0580530 secs]
[GC 1211954K->918971K(2944192K), 0.0579960 secs]
[GC 1175099K->965011K(2944192K), 0.0591790 secs]
[GC 1221139K->936160K(2944192K), 0.0632230 secs]
[GC 1192288K->963547K(2944192K), 0.0573350 secs]
[GC 1219675K->961210K(2944192K), 0.0680820 secs]
[GC 1217338K->983148K(2944192K), 0.0591200 secs]
[GC 1239276K->956016K(2944192K), 0.0668520 secs]
[GC 1212144K->997589K(2944192K), 0.0652990 secs]
 INFO  [pool-1-thread-1] {org.radargun.stressors.StressTestStressor} Finished generating report. Test duration is: 2 mins 30 secs
 INFO  [pool-1-thread-1] {org.radargun.stages.StressTestStage} size info: Running : 5.2.6.Final, config:ispn52-repl-sync-rc.xml, cacheName:testCache, clusterSize:12, nodeIndex:7, cacheSize: 480000
 INFO  [pool-1-thread-1] {org.radargun.Slave} Finished stage: StressTest {bulkSize=1, cacheSpecificKeyGenerator=false, commitTransactions=true, duration=1 mins 0 secs, entrySize=1000, exitBenchmarkOnSlaveFailure=false, fixedKeys=true, generateHistogramRange=false, keyGeneratorClass=org.radargun.stressors.StringKeyGenerator, keyGeneratorParam=null, loadAllKeys=false, numEntries=10000, numOfThreads=4, numRequests=10000000, numThreads=4, numberOfAttributes=10000, numberOfRequests=10000000, opsCountStatusLog=500000, poolKeys=true, preferAsyncOperations=false, removePercentage=0, replaceInvalidPercentage=40, runOnAllSlaves=false, sharedKeys=false, sizeOfAnAttribute=1000, slaves=null, transactionSize=10000, useAtomics=false, useHistogramStatistics=false, useSimpleStatistics=true, useSmartClassLoading=true, useTransactions=true, writePercentage=1, writeTxPercentage=5 }
 INFO  [main] {org.radargun.Slave} Ack successfully sent to the master
 INFO  [main] {org.radargun.Slave} Master shutdown!
 INFO  [Thread-0] {org.radargun.ShutDownHook} Slave process is being shutdown
