/usr/java/jdk1.7.0_21/bin/java -server -Xmx1024M -Xms1024M -Dresolve.dns=false -Djgroups.timer.num_threads=4 -verbose:gc -Xmx5000M -Xms3000M -server -XX:+UseConcMarkSweepGC -XX:+AggressiveOpts -verbose:gc -XX:ParallelGCThreads=4 -XX:NewRatio=5 -XX:SurvivorRatio=2 -Dhazelcast.operation.thread.count=4 -Djava.net.preferIPv4Stack=true -Dlog4j.file.prefix=deimos-esw-13625 -Dbind.address= -Djgroups.bind_addr= -classpath /home/smf/github/radargun/target/distribution/RadarGun-1.1.0-SNAPSHOT/lib/activation-1.1.jar:/home/smf/github/radargun/target/distribution/RadarGun-1.1.0-SNAPSHOT/lib/commons-beanutils-1.8.0.jar:/home/smf/github/radargun/target/distribution/RadarGun-1.1.0-SNAPSHOT/lib/commons-digester-2.0.jar:/home/smf/github/radargun/target/distribution/RadarGun-1.1.0-SNAPSHOT/lib/commons-logging-1.1.1.jar:/home/smf/github/radargun/target/distribution/RadarGun-1.1.0-SNAPSHOT/lib/commons-math-1.2.jar:/home/smf/github/radargun/target/distribution/RadarGun-1.1.0-SNAPSHOT/lib/jboss-transaction-api-1.0.1.GA.jar:/home/smf/github/radargun/target/distribution/RadarGun-1.1.0-SNAPSHOT/lib/jcommon-1.0.15.jar:/home/smf/github/radargun/target/distribution/RadarGun-1.1.0-SNAPSHOT/lib/jfreechart-1.0.12.jar:/home/smf/github/radargun/target/distribution/RadarGun-1.1.0-SNAPSHOT/lib/log4j-1.2.14.jar:/home/smf/github/radargun/target/distribution/RadarGun-1.1.0-SNAPSHOT/lib/mail-1.4.2.jar:/home/smf/github/radargun/target/distribution/RadarGun-1.1.0-SNAPSHOT/lib/radargun-framework-1.1.0-SNAPSHOT.jar:/home/smf/github/radargun/target/distribution/RadarGun-1.1.0-SNAPSHOT/conf org.radargun.Slave -master 127.0.0.1:2103
--------------------------------------------------------------------------------
PerNodeRollingFileAppender::Using file prefix:deimos-esw-13625
 INFO  [main] {org.radargun.Slave} Attempting to connect to master 127.0.0.1:2103
 INFO  [main] {org.radargun.Slave} Successfully established connection with master at: 127.0.0.1:2103
Loading JARS from /home/smf/github/radargun/target/distribution/RadarGun-1.1.0-SNAPSHOT/lib/radargun-framework-1.1.0-SNAPSHOT.jar
 INFO  [pool-1-thread-1] {org.radargun.config.AnnotatedHelper} Loading JARS from /home/smf/github/radargun/target/distribution/RadarGun-1.1.0-SNAPSHOT/lib/radargun-framework-1.1.0-SNAPSHOT.jar
 INFO  [pool-1-thread-1] {org.radargun.config.AnnotatedHelper} Loading JARS from /home/smf/github/radargun/target/distribution/RadarGun-1.1.0-SNAPSHOT/lib/radargun-framework-1.1.0-SNAPSHOT.jar
 INFO  [pool-1-thread-1] {org.radargun.Slave} Executing stage: DestroyWrapper {enforceMemoryThrashHold=true, exitBenchmarkOnSlaveFailure=false, heapDumpDir=null, memoryThreshold=95, runOnAllSlaves=true, slaves=null, useSmartClassLoading=true }
 INFO  [pool-1-thread-1] {org.radargun.stages.DestroyWrapperStage} Received destroy cache wrapper request from master...
 INFO  [pool-1-thread-1] {org.radargun.stages.DestroyWrapperStage} No cache wrapper deployed on this slave, nothing to do.
 INFO  [pool-1-thread-1] {org.radargun.stages.DestroyWrapperStage} Before executing clear, memory looks like this: Memory - free: 2,928,638 kb - max:4,906,688 kb- total:2,944,000 kb
[Full GC 15361K->3631K(2944000K), 0.1191710 secs]
 INFO  [pool-1-thread-1] {org.radargun.stages.DestroyWrapperStage} After executing cleanup, memory looks like this: Memory - free: 2,935,311 kb - max:4,906,688 kb- total:2,944,064 kb
 INFO  [pool-1-thread-1] {org.radargun.Slave} Finished stage: DestroyWrapper {enforceMemoryThrashHold=true, exitBenchmarkOnSlaveFailure=false, heapDumpDir=null, memoryThreshold=95, runOnAllSlaves=true, slaves=null, useSmartClassLoading=true }
 INFO  [main] {org.radargun.Slave} Ack successfully sent to the master
 INFO  [pool-1-thread-1] {org.radargun.Slave} Executing stage: StartCluster {config=ispn52-repl-sync-rc.xml, delayAfterFirstSlaveStarts=5.000 secs, delayBetweenStartingSlaves=0.500 secs, exitBenchmarkOnSlaveFailure=true, expectNumSlaves=null, mayFailOn=null, reachable=null, runOnAllSlaves=false, slaves=null, staggerSlaveStartup=true, useSmartClassLoading=true, validateCluster=true }
 INFO  [pool-1-thread-1] {org.radargun.stages.StartClusterStage} Startup staggering, number of slaves to start is 12 This is the slave with index 0, not sleeping
 INFO  [pool-1-thread-1] {org.radargun.stages.StartClusterStage} Ack master's StartCluster stage. Local address is: /127.0.0.1. This slave's index is: 0
 INFO  [pool-1-thread-1] {org.radargun.utils.ClassLoadHelper} Creating newInstance org.radargun.cachewrappers.InfinispanXSWrapper with classloader java.net.URLClassLoader@a2e02b2
 INFO  [pool-1-thread-1] {org.radargun.cachewrappers.InfinispanXSWrapper} Cannot find any site for slave index 0
 INFO  [pool-1-thread-1] {org.infinispan.remoting.transport.jgroups.JGroupsTransport} ISPN000078: Starting JGroups Channel
 WARN  [pool-1-thread-1] {org.jgroups.protocols.UDP} [JGRP00014] the send buffer of socket DatagramSocket was set to 640KB, but the OS only allocated 229.38KB. This might lead to performance problems. Please set your max send buffer in the OS correctly (e.g. net.core.wmem_max on Linux)
 WARN  [pool-1-thread-1] {org.jgroups.protocols.UDP} [JGRP00014] the receive buffer of socket DatagramSocket was set to 20MB, but the OS only allocated 229.38KB. This might lead to performance problems. Please set your max receive buffer in the OS correctly (e.g. net.core.rmem_max on Linux)
 WARN  [pool-1-thread-1] {org.jgroups.protocols.UDP} [JGRP00014] the send buffer of socket MulticastSocket was set to 640KB, but the OS only allocated 229.38KB. This might lead to performance problems. Please set your max send buffer in the OS correctly (e.g. net.core.wmem_max on Linux)
 WARN  [pool-1-thread-1] {org.jgroups.protocols.UDP} [JGRP00014] the receive buffer of socket MulticastSocket was set to 25MB, but the OS only allocated 229.38KB. This might lead to performance problems. Please set your max receive buffer in the OS correctly (e.g. net.core.rmem_max on Linux)
 INFO  [pool-1-thread-1] {org.infinispan.remoting.transport.jgroups.JGroupsTransport} ISPN000094: Received new cluster view: [deimos-esw-26220|0] [deimos-esw-26220]
 INFO  [pool-1-thread-1] {org.infinispan.remoting.transport.jgroups.JGroupsTransport} ISPN000079: Cache local address is deimos-esw-26220, physical addresses are [127.0.0.1:52000]
 INFO  [pool-1-thread-1] {org.infinispan.factories.GlobalComponentRegistry} ISPN000128: Infinispan version: Infinispan 'Delirium' 5.2.6.Final
 INFO  [pool-1-thread-1] {org.infinispan.transaction.lookup.JBossStandaloneJTAManagerLookup} ISPN000107: Retrieving transaction manager Transaction: unknown
 INFO  [pool-1-thread-1] {org.infinispan.jmx.CacheJmxRegistration} ISPN000031: MBeans were successfully registered to the platform MBean server.
 INFO  [pool-1-thread-1] {org.radargun.cachewrappers.InfinispanXSWrapper} Using transaction manager: Transaction: unknown
 INFO  [pool-1-thread-1] {org.radargun.cachewrappers.InfinispanXSWrapper} No RELAY2 protocol in XS wrapper
 INFO  [pool-1-thread-1] {org.radargun.cachewrappers.InfinispanXSWrapper} JGroups version: JGroups 3.2.7.Final
 INFO  [pool-1-thread-1] {org.radargun.cachewrappers.InfinispanXSWrapper} Using config attributes: {name=ispn52-repl-sync-rc.xml}
 INFO  [pool-1-thread-1] {org.radargun.stages.helpers.StartHelper} Number of members=1 is not the one expected: 12
 INFO  [pool-1-thread-1] {org.radargun.stages.helpers.StartHelper} Number of members=1 is not the one expected: 12
 INFO  [pool-1-thread-1] {org.radargun.stages.helpers.StartHelper} Number of members=1 is not the one expected: 12
 INFO  [Incoming-1,deimos-esw-26220] {org.infinispan.remoting.transport.jgroups.JGroupsTransport} ISPN000094: Received new cluster view: [deimos-esw-26220|1] [deimos-esw-26220, deimos-esw-21711]
 INFO  [Incoming-3,deimos-esw-26220] {org.infinispan.remoting.transport.jgroups.JGroupsTransport} ISPN000094: Received new cluster view: [deimos-esw-26220|2] [deimos-esw-26220, deimos-esw-21711, deimos-esw-33721]
 INFO  [pool-1-thread-1] {org.radargun.stages.helpers.StartHelper} Number of members=3 is not the one expected: 12
 INFO  [Incoming-4,deimos-esw-26220] {org.infinispan.remoting.transport.jgroups.JGroupsTransport} ISPN000094: Received new cluster view: [deimos-esw-26220|3] [deimos-esw-26220, deimos-esw-21711, deimos-esw-33721, deimos-esw-63132]
 INFO  [Incoming-4,deimos-esw-26220] {org.infinispan.remoting.transport.jgroups.JGroupsTransport} ISPN000094: Received new cluster view: [deimos-esw-26220|4] [deimos-esw-26220, deimos-esw-21711, deimos-esw-33721, deimos-esw-63132, deimos-esw-13834]
 INFO  [pool-1-thread-1] {org.radargun.stages.helpers.StartHelper} Number of members=5 is not the one expected: 12
 INFO  [Incoming-4,deimos-esw-26220] {org.infinispan.remoting.transport.jgroups.JGroupsTransport} ISPN000094: Received new cluster view: [deimos-esw-26220|5] [deimos-esw-26220, deimos-esw-21711, deimos-esw-33721, deimos-esw-63132, deimos-esw-13834, deimos-esw-37719]
 INFO  [Incoming-4,deimos-esw-26220] {org.infinispan.remoting.transport.jgroups.JGroupsTransport} ISPN000094: Received new cluster view: [deimos-esw-26220|6] [deimos-esw-26220, deimos-esw-21711, deimos-esw-33721, deimos-esw-63132, deimos-esw-13834, deimos-esw-37719, deimos-esw-31055]
 INFO  [pool-1-thread-1] {org.radargun.stages.helpers.StartHelper} Number of members=7 is not the one expected: 12
 INFO  [Incoming-4,deimos-esw-26220] {org.infinispan.remoting.transport.jgroups.JGroupsTransport} ISPN000094: Received new cluster view: [deimos-esw-26220|7] [deimos-esw-26220, deimos-esw-21711, deimos-esw-33721, deimos-esw-63132, deimos-esw-13834, deimos-esw-37719, deimos-esw-31055, deimos-esw-28127]
 INFO  [Incoming-4,deimos-esw-26220] {org.infinispan.remoting.transport.jgroups.JGroupsTransport} ISPN000094: Received new cluster view: [deimos-esw-26220|8] [deimos-esw-26220, deimos-esw-21711, deimos-esw-33721, deimos-esw-63132, deimos-esw-13834, deimos-esw-37719, deimos-esw-31055, deimos-esw-28127, deimos-esw-59031]
 INFO  [pool-1-thread-1] {org.radargun.stages.helpers.StartHelper} Number of members=9 is not the one expected: 12
 INFO  [Incoming-4,deimos-esw-26220] {org.infinispan.remoting.transport.jgroups.JGroupsTransport} ISPN000094: Received new cluster view: [deimos-esw-26220|9] [deimos-esw-26220, deimos-esw-21711, deimos-esw-33721, deimos-esw-63132, deimos-esw-13834, deimos-esw-37719, deimos-esw-31055, deimos-esw-28127, deimos-esw-59031, deimos-esw-34536]
 INFO  [Incoming-4,deimos-esw-26220] {org.infinispan.remoting.transport.jgroups.JGroupsTransport} ISPN000094: Received new cluster view: [deimos-esw-26220|10] [deimos-esw-26220, deimos-esw-21711, deimos-esw-33721, deimos-esw-63132, deimos-esw-13834, deimos-esw-37719, deimos-esw-31055, deimos-esw-28127, deimos-esw-59031, deimos-esw-34536, deimos-esw-48774]
[GC 259695K->16363K(2944064K), 0.0475440 secs]
 INFO  [pool-1-thread-1] {org.radargun.stages.helpers.StartHelper} Number of members=11 is not the one expected: 12
 INFO  [Incoming-4,deimos-esw-26220] {org.infinispan.remoting.transport.jgroups.JGroupsTransport} ISPN000094: Received new cluster view: [deimos-esw-26220|11] [deimos-esw-26220, deimos-esw-21711, deimos-esw-33721, deimos-esw-63132, deimos-esw-13834, deimos-esw-37719, deimos-esw-31055, deimos-esw-28127, deimos-esw-59031, deimos-esw-34536, deimos-esw-48774, deimos-esw-21676]
 INFO  [pool-1-thread-1] {org.radargun.stages.helpers.StartHelper} Number of members is the one expected: 12
 INFO  [pool-1-thread-1] {org.radargun.stages.StartClusterStage} Successfully started cache wrapper on slave 0: org.radargun.cachewrappers.InfinispanXSWrapper@287f988
 INFO  [pool-1-thread-1] {org.radargun.Slave} Finished stage: StartCluster {config=ispn52-repl-sync-rc.xml, delayAfterFirstSlaveStarts=5.000 secs, delayBetweenStartingSlaves=0.500 secs, exitBenchmarkOnSlaveFailure=true, expectNumSlaves=null, mayFailOn=null, reachable=null, runOnAllSlaves=false, slaves=null, staggerSlaveStartup=true, useSmartClassLoading=true, validateCluster=true }
 INFO  [main] {org.radargun.Slave} Ack successfully sent to the master
 INFO  [pool-1-thread-1] {org.radargun.Slave} Executing stage: ClusterValidation {exitBenchmarkOnSlaveFailure=false, partialReplication=false, replicationTimeSleep=2000, replicationTryCount=60, runOnAllSlaves=false, slaves=null, useSmartClassLoading=true }
 INFO  [pool-1-thread-1] {org.radargun.stages.ClusterValidationStage} Number of caches that replicated here is 10
 INFO  [pool-1-thread-1] {org.radargun.stages.ClusterValidationStage} Replication test failed, 1 tries so far. Sleeping for 2 seconds and trying again.
 INFO  [pool-1-thread-1] {org.radargun.stages.ClusterValidationStage} Number of caches that replicated here is 11
 INFO  [pool-1-thread-1] {org.radargun.stages.ClusterValidationStage} Replication test successfully passed. partialReplication? false, replicationCount = 11
 INFO  [pool-1-thread-1] {org.radargun.stages.ClusterValidationStage} Confirm phase successful.
 INFO  [pool-1-thread-1] {org.radargun.Slave} Finished stage: ClusterValidation {exitBenchmarkOnSlaveFailure=false, partialReplication=false, replicationTimeSleep=2000, replicationTryCount=60, runOnAllSlaves=false, slaves=[ 0, 1, 2, 3, 4, 5, 6, 7, 8, 9, 10, 11 ], useSmartClassLoading=true }
 INFO  [main] {org.radargun.Slave} Ack successfully sent to the master
 INFO  [pool-1-thread-1] {org.radargun.Slave} Executing stage: StressTestWarmup {bulkSize=1, cacheSpecificKeyGenerator=false, commitTransactions=true, duration=1 mins 0 secs, entrySize=1000, exitBenchmarkOnSlaveFailure=false, fixedKeys=true, generateHistogramRange=false, keyGeneratorClass=org.radargun.stressors.StringKeyGenerator, keyGeneratorParam=null, loadAllKeys=false, numEntries=100, numOfThreads=4, numRequests=10000, numThreads=4, numberOfAttributes=100, numberOfRequests=10000, opsCountStatusLog=100000, poolKeys=true, preferAsyncOperations=false, removePercentage=0, replaceInvalidPercentage=40, runOnAllSlaves=false, sharedKeys=false, sizeOfAnAttribute=1000, slaves=null, transactionSize=50, useAtomics=false, useHistogramStatistics=false, useSimpleStatistics=true, useSmartClassLoading=true, useTransactions=null, writePercentage=20, writeTxPercentage=20 }
 INFO  [pool-1-thread-1] {org.radargun.stages.StressTestWarmupStage} Starting StressTestWarmupStage: StressTestWarmup {bulkSize=1, cacheSpecificKeyGenerator=false, commitTransactions=true, duration=1 mins 0 secs, entrySize=1000, exitBenchmarkOnSlaveFailure=false, fixedKeys=true, generateHistogramRange=false, keyGeneratorClass=org.radargun.stressors.StringKeyGenerator, keyGeneratorParam=null, loadAllKeys=false, numEntries=100, numOfThreads=4, numRequests=10000, numThreads=4, numberOfAttributes=100, numberOfRequests=10000, opsCountStatusLog=100000, poolKeys=true, preferAsyncOperations=false, removePercentage=0, replaceInvalidPercentage=40, runOnAllSlaves=false, sharedKeys=false, sizeOfAnAttribute=1000, slaves=null, transactionSize=50, useAtomics=false, useHistogramStatistics=false, useSimpleStatistics=true, useSmartClassLoading=true, useTransactions=null, writePercentage=20, writeTxPercentage=20 }
 INFO  [pool-1-thread-1] {org.radargun.stressors.StressTestStressor} Using key generator org.radargun.stressors.StringKeyGenerator, param null
 INFO  [pool-1-thread-1] {org.radargun.stressors.StressTestStressor} Executing: StressTestStressor{opsCountStatusLog=100000, numRequests=10000, numEntries=100, entrySize=1000, writePercentage=20, numThreads=4, cacheWrapper=org.radargun.cachewrappers.InfinispanXSWrapper@287f988, nodeIndex=0, useTransactions=true, transactionSize=50, commitTransactions=true, durationMillis=60000}
 INFO  [pool-1-thread-1] {org.radargun.stressors.StressTestStressor} Cache wrapper info is: Running : 5.2.6.Final, config:ispn52-repl-sync-rc.xml, cacheName:testCache
 INFO  [pool-1-thread-1] {org.radargun.stressors.StressTestStressor} Started 4 stressor threads.
 INFO  [Stressor-2] {org.radargun.stressors.StressTestStressor} Number of ops executed so far: 1. Elapsed time: 0.001 secs. Remaining: 59.999 secs. Total: 1 mins 0 secs
[GC 272427K->21312K(2944064K), 0.0438270 secs]
[GC 277369K->26515K(2944064K), 0.0398530 secs]
[GC 282579K->27951K(2944064K), 0.0414550 secs]
[GC 284015K->36502K(2944064K), 0.0386710 secs]
[GC 292566K->34380K(2944064K), 0.0398770 secs]
[GC 290444K->39942K(2944064K), 0.0424860 secs]
[GC 296006K->29754K(2944064K), 0.0457410 secs]
[GC 285818K->40510K(2944064K), 0.0428350 secs]
[GC 296574K->33857K(2944064K), 0.0469940 secs]
[GC 289921K->35109K(2944064K), 0.0431340 secs]
[GC 291173K->37775K(2944064K), 0.0446160 secs]
[GC 293839K->40602K(2944064K), 0.0424380 secs]
[GC 296666K->40946K(2944064K), 0.0411790 secs]
[GC 297010K->35971K(2944064K), 0.0445840 secs]
[GC 292035K->53145K(2944064K), 0.0682520 secs]
 INFO  [Stressor-0] {org.radargun.stressors.StressTestStressor} Number of ops executed so far: 249850. Elapsed time: 20.001 secs. Remaining: 39.999 secs. Total: 1 mins 0 secs
[GC 309209K->40053K(2944064K), 0.0528920 secs]
[GC 296108K->43265K(2944064K), 0.0383510 secs]
[GC 299329K->43218K(2944064K), 0.0371500 secs]
[GC 299282K->46161K(2944064K), 0.0400250 secs]
[GC 302225K->49437K(2944064K), 0.0379140 secs]
[GC 305501K->47735K(2944064K), 0.0397580 secs]
[GC 303799K->48086K(2944064K), 0.0384400 secs]
[GC 304150K->53710K(2944064K), 0.0421890 secs]
[GC 309774K->55841K(2944064K), 0.0459920 secs]
[GC 311905K->44707K(2944064K), 0.0391330 secs]
[GC 300771K->49921K(2944064K), 0.0427780 secs]
[GC 305985K->43749K(2944064K), 0.0414670 secs]
[GC 299813K->55668K(2944064K), 0.0503720 secs]
[GC 311732K->46174K(2944064K), 0.0409580 secs]
[GC 302238K->39750K(2944064K), 0.0393370 secs]
[GC 295814K->56752K(2944064K), 0.0424840 secs]
 INFO  [Stressor-1] {org.radargun.stressors.StressTestStressor} Number of ops executed so far: 513600. Elapsed time: 40.092 secs. Remaining: 19.908 secs. Total: 1 mins 0 secs
[GC 312816K->49157K(2944064K), 0.0462360 secs]
[GC 305076K->52763K(2944064K), 0.0448580 secs]
[GC 308827K->58832K(2944064K), 0.0415650 secs]
[GC 314896K->51638K(2944064K), 0.0445380 secs]
[GC 307702K->61148K(2944064K), 0.0450460 secs]
[GC 317212K->57370K(2944064K), 0.0439560 secs]
[GC 313434K->49829K(2944064K), 0.0434500 secs]
[GC 305893K->55361K(2944064K), 0.0444130 secs]
[GC 311425K->56074K(2944064K), 0.0485400 secs]
[GC 312138K->56981K(2944064K), 0.0435390 secs]
[GC 313045K->56270K(2944064K), 0.0427930 secs]
[GC 312334K->54703K(2944064K), 0.0429540 secs]
[GC 310767K->68119K(2944064K), 0.0459010 secs]
[GC 324183K->51900K(2944064K), 0.0461750 secs]
[GC 307964K->53770K(2944064K), 0.0434590 secs]
[GC 309834K->60088K(2944064K), 0.0459580 secs]
 INFO  [pool-1-thread-1] {org.radargun.stressors.StressTestStressor} Finished generating report. Test duration is: 1 mins 4 secs
 INFO  [pool-1-thread-1] {org.radargun.stages.StressTestWarmupStage} The warmup took: 64 seconds.
 INFO  [pool-1-thread-1] {org.radargun.Slave} Finished stage: StressTestWarmup {bulkSize=1, cacheSpecificKeyGenerator=false, commitTransactions=true, duration=1 mins 0 secs, entrySize=1000, exitBenchmarkOnSlaveFailure=false, fixedKeys=true, generateHistogramRange=false, keyGeneratorClass=org.radargun.stressors.StringKeyGenerator, keyGeneratorParam=null, loadAllKeys=false, numEntries=100, numOfThreads=4, numRequests=10000, numThreads=4, numberOfAttributes=100, numberOfRequests=10000, opsCountStatusLog=100000, poolKeys=true, preferAsyncOperations=false, removePercentage=0, replaceInvalidPercentage=40, runOnAllSlaves=false, sharedKeys=false, sizeOfAnAttribute=1000, slaves=null, transactionSize=50, useAtomics=false, useHistogramStatistics=false, useSimpleStatistics=true, useSmartClassLoading=true, useTransactions=null, writePercentage=20, writeTxPercentage=20 }
 INFO  [main] {org.radargun.Slave} Ack successfully sent to the master
 INFO  [pool-1-thread-1] {org.radargun.Slave} Executing stage: ClearClusterStage {ClearCluster {exitBenchmarkOnSlaveFailure=false, runOnAllSlaves=false, slaves=[ 0 ], useSmartClassLoading=true }
 INFO  [pool-1-thread-1] {org.radargun.stages.ClearClusterStage} Before executing clear, memory looks like this: Memory - free: 2,752,326 kb - max:4,906,688 kb- total:2,944,064 kb
[Full GC 194049K->23507K(2944064K), 0.2975910 secs]
 INFO  [pool-1-thread-1] {org.radargun.stages.ClearClusterStage} After executing cleanup, memory looks like this: Memory - free: 2,919,155 kb - max:4,906,688 kb- total:2,944,256 kb
 INFO  [pool-1-thread-1] {org.radargun.Slave} Finished stage: ClearClusterStage {ClearCluster {exitBenchmarkOnSlaveFailure=false, runOnAllSlaves=false, slaves=[ 0 ], useSmartClassLoading=true }
 INFO  [main] {org.radargun.Slave} Ack successfully sent to the master
 INFO  [pool-1-thread-1] {org.radargun.Slave} Executing stage: StressTest {bulkSize=1, cacheSpecificKeyGenerator=false, commitTransactions=true, duration=1 mins 0 secs, entrySize=1000, exitBenchmarkOnSlaveFailure=false, fixedKeys=true, generateHistogramRange=false, keyGeneratorClass=org.radargun.stressors.StringKeyGenerator, keyGeneratorParam=null, loadAllKeys=false, numEntries=1000, numOfThreads=4, numRequests=10000000, numThreads=4, numberOfAttributes=1000, numberOfRequests=10000000, opsCountStatusLog=500000, poolKeys=true, preferAsyncOperations=false, removePercentage=0, replaceInvalidPercentage=40, runOnAllSlaves=false, sharedKeys=false, sizeOfAnAttribute=1000, slaves=null, transactionSize=1000, useAtomics=false, useHistogramStatistics=false, useSimpleStatistics=true, useSmartClassLoading=true, useTransactions=true, writePercentage=10, writeTxPercentage=1 }
 INFO  [pool-1-thread-1] {org.radargun.stages.StressTestStage} Starting StressTestStage: StressTest {bulkSize=1, cacheSpecificKeyGenerator=false, commitTransactions=true, duration=1 mins 0 secs, entrySize=1000, exitBenchmarkOnSlaveFailure=false, fixedKeys=true, generateHistogramRange=false, keyGeneratorClass=org.radargun.stressors.StringKeyGenerator, keyGeneratorParam=null, loadAllKeys=false, numEntries=1000, numOfThreads=4, numRequests=10000000, numThreads=4, numberOfAttributes=1000, numberOfRequests=10000000, opsCountStatusLog=500000, poolKeys=true, preferAsyncOperations=false, removePercentage=0, replaceInvalidPercentage=40, runOnAllSlaves=false, sharedKeys=false, sizeOfAnAttribute=1000, slaves=null, transactionSize=1000, useAtomics=false, useHistogramStatistics=false, useSimpleStatistics=true, useSmartClassLoading=true, useTransactions=true, writePercentage=10, writeTxPercentage=1 }
 INFO  [pool-1-thread-1] {org.radargun.stressors.StressTestStressor} Using key generator org.radargun.stressors.StringKeyGenerator, param null
 INFO  [pool-1-thread-1] {org.radargun.stressors.StressTestStressor} Executing: StressTestStressor{opsCountStatusLog=500000, numRequests=10000000, numEntries=1000, entrySize=1000, writePercentage=10, numThreads=4, cacheWrapper=org.radargun.cachewrappers.InfinispanXSWrapper@287f988, nodeIndex=0, useTransactions=true, transactionSize=1000, commitTransactions=true, durationMillis=60000}
 INFO  [pool-1-thread-1] {org.radargun.stressors.StressTestStressor} Cache wrapper info is: Running : 5.2.6.Final, config:ispn52-repl-sync-rc.xml, cacheName:testCache
[GC 279699K->61824K(2944256K), 0.0485080 secs]
[GC 318016K->87867K(2944256K), 0.0628660 secs]
[GC 344059K->108550K(2944256K), 0.0741490 secs]
 INFO  [pool-1-thread-1] {org.radargun.stressors.StressTestStressor} Started 4 stressor threads.
 INFO  [Stressor-0] {org.radargun.stressors.StressTestStressor} Number of ops executed so far: 1. Elapsed time: 0.000 secs. Remaining: 1 mins 0 secs. Total: 1 mins 0 secs
[GC 364728K->137542K(2944256K), 0.1104380 secs]
[GC 393691K->116907K(2944256K), 0.0559910 secs]
[GC 373099K->131986K(2944256K), 0.0611990 secs]
[GC 388178K->113686K(2944256K), 0.0526950 secs]
[GC 369878K->128793K(2944256K), 0.0545880 secs]
[GC 384941K->116169K(2944256K), 0.0569700 secs]
[GC 372361K->129568K(2944256K), 0.0552740 secs]
[GC 385760K->115635K(2944256K), 0.0556420 secs]
 INFO  [Stressor-2] {org.radargun.stressors.StressTestStressor} Number of ops executed so far: 1519902. Elapsed time: 20.000 secs. Remaining: 40.000 secs. Total: 1 mins 0 secs
[GC 371827K->132819K(2944256K), 0.0538800 secs]
[GC 389011K->133262K(2944256K), 0.0512040 secs]
[GC 389454K->135123K(2944256K), 0.0586740 secs]
[GC 391267K->145240K(2944256K), 0.0631480 secs]
[GC 401419K->123413K(2944256K), 0.0505340 secs]
[GC 379605K->137939K(2944256K), 0.0550280 secs]
[GC 394131K->135851K(2944256K), 0.0597200 secs]
[GC 391998K->122509K(2944256K), 0.0435830 secs]
[GC 378701K->121161K(2944256K), 0.0377940 secs]
[GC 377353K->134981K(2944256K), 0.0433250 secs]
[GC 391154K->146269K(2944256K), 0.0426140 secs]
[GC 402461K->122006K(2944256K), 0.0419650 secs]
[GC 378198K->153746K(2944256K), 0.0408930 secs]
[GC 409873K->121087K(2944256K), 0.0389370 secs]
 INFO  [Stressor-1] {org.radargun.stressors.StressTestStressor} Number of ops executed so far: 4851000. Elapsed time: 41.872 secs. Remaining: 18.128 secs. Total: 1 mins 0 secs
[GC 377279K->152051K(2944256K), 0.0433890 secs]
[GC 408243K->121219K(2944256K), 0.0398750 secs]
[GC 377411K->143577K(2944256K), 0.0450670 secs]
[GC 399769K->138590K(2944256K), 0.0443210 secs]
[GC 394753K->139189K(2944256K), 0.0408930 secs]
[GC 395381K->127730K(2944256K), 0.0378940 secs]
[GC 383912K->139090K(2944256K), 0.0388520 secs]
[GC 395282K->126375K(2944256K), 0.0422290 secs]
[GC 382567K->138430K(2944256K), 0.0419390 secs]
[GC 394622K->139497K(2944256K), 0.0384480 secs]
[GC 395689K->141082K(2944256K), 0.0494130 secs]
[GC 397274K->142249K(2944256K), 0.0436050 secs]
[GC 398441K->142836K(2944256K), 0.0408730 secs]
[GC 399028K->141981K(2944256K), 0.0386690 secs]
 INFO  [pool-1-thread-1] {org.radargun.stressors.StressTestStressor} Finished generating report. Test duration is: 1 mins 7 secs
 INFO  [pool-1-thread-1] {org.radargun.stages.StressTestStage} size info: Running : 5.2.6.Final, config:ispn52-repl-sync-rc.xml, cacheName:testCache, clusterSize:12, nodeIndex:0, cacheSize: 48000
 INFO  [pool-1-thread-1] {org.radargun.Slave} Finished stage: StressTest {bulkSize=1, cacheSpecificKeyGenerator=false, commitTransactions=true, duration=1 mins 0 secs, entrySize=1000, exitBenchmarkOnSlaveFailure=false, fixedKeys=true, generateHistogramRange=false, keyGeneratorClass=org.radargun.stressors.StringKeyGenerator, keyGeneratorParam=null, loadAllKeys=false, numEntries=1000, numOfThreads=4, numRequests=10000000, numThreads=4, numberOfAttributes=1000, numberOfRequests=10000000, opsCountStatusLog=500000, poolKeys=true, preferAsyncOperations=false, removePercentage=0, replaceInvalidPercentage=40, runOnAllSlaves=false, sharedKeys=false, sizeOfAnAttribute=1000, slaves=null, transactionSize=1000, useAtomics=false, useHistogramStatistics=false, useSimpleStatistics=true, useSmartClassLoading=true, useTransactions=true, writePercentage=10, writeTxPercentage=1 }
 INFO  [main] {org.radargun.Slave} Ack successfully sent to the master
 INFO  [main] {org.radargun.Slave} Master shutdown!
 INFO  [Thread-0] {org.radargun.ShutDownHook} Slave process is being shutdown
