/usr/java/jdk1.7.0_21/bin/java -server -Xmx1024M -Xms1024M -Dresolve.dns=false -Djgroups.timer.num_threads=4 -verbose:gc -Xmx5000M -Xms3000M -server -XX:+UseConcMarkSweepGC -XX:+AggressiveOpts -verbose:gc -XX:ParallelGCThreads=4 -XX:NewRatio=5 -XX:SurvivorRatio=2 -Dhazelcast.operation.thread.count=4 -Djava.net.preferIPv4Stack=true -Dlog4j.file.prefix=deimos-esw-24873 -Dbind.address= -Djgroups.bind_addr= -classpath /home/smf/github/radargun/target/distribution/RadarGun-1.1.0-SNAPSHOT/lib/activation-1.1.jar:/home/smf/github/radargun/target/distribution/RadarGun-1.1.0-SNAPSHOT/lib/commons-beanutils-1.8.0.jar:/home/smf/github/radargun/target/distribution/RadarGun-1.1.0-SNAPSHOT/lib/commons-digester-2.0.jar:/home/smf/github/radargun/target/distribution/RadarGun-1.1.0-SNAPSHOT/lib/commons-logging-1.1.1.jar:/home/smf/github/radargun/target/distribution/RadarGun-1.1.0-SNAPSHOT/lib/commons-math-1.2.jar:/home/smf/github/radargun/target/distribution/RadarGun-1.1.0-SNAPSHOT/lib/jboss-transaction-api-1.0.1.GA.jar:/home/smf/github/radargun/target/distribution/RadarGun-1.1.0-SNAPSHOT/lib/jcommon-1.0.15.jar:/home/smf/github/radargun/target/distribution/RadarGun-1.1.0-SNAPSHOT/lib/jfreechart-1.0.12.jar:/home/smf/github/radargun/target/distribution/RadarGun-1.1.0-SNAPSHOT/lib/log4j-1.2.14.jar:/home/smf/github/radargun/target/distribution/RadarGun-1.1.0-SNAPSHOT/lib/mail-1.4.2.jar:/home/smf/github/radargun/target/distribution/RadarGun-1.1.0-SNAPSHOT/lib/radargun-framework-1.1.0-SNAPSHOT.jar:/home/smf/github/radargun/target/distribution/RadarGun-1.1.0-SNAPSHOT/conf org.radargun.Slave -master 127.0.0.1:2103
--------------------------------------------------------------------------------
PerNodeRollingFileAppender::Using file prefix:deimos-esw-24873
 INFO  [main] {org.radargun.Slave} Attempting to connect to master 127.0.0.1:2103
 INFO  [main] {org.radargun.Slave} Successfully established connection with master at: 127.0.0.1:2103
Loading JARS from /home/smf/github/radargun/target/distribution/RadarGun-1.1.0-SNAPSHOT/lib/radargun-framework-1.1.0-SNAPSHOT.jar
 INFO  [pool-1-thread-1] {org.radargun.config.AnnotatedHelper} Loading JARS from /home/smf/github/radargun/target/distribution/RadarGun-1.1.0-SNAPSHOT/lib/radargun-framework-1.1.0-SNAPSHOT.jar
 INFO  [pool-1-thread-1] {org.radargun.config.AnnotatedHelper} Loading JARS from /home/smf/github/radargun/target/distribution/RadarGun-1.1.0-SNAPSHOT/lib/radargun-framework-1.1.0-SNAPSHOT.jar
 INFO  [pool-1-thread-1] {org.radargun.Slave} Executing stage: DestroyWrapper {enforceMemoryThrashHold=true, exitBenchmarkOnSlaveFailure=false, heapDumpDir=null, memoryThreshold=95, runOnAllSlaves=true, slaves=null, useSmartClassLoading=true }
 INFO  [pool-1-thread-1] {org.radargun.stages.DestroyWrapperStage} Received destroy cache wrapper request from master...
 INFO  [pool-1-thread-1] {org.radargun.stages.DestroyWrapperStage} No cache wrapper deployed on this slave, nothing to do.
 INFO  [pool-1-thread-1] {org.radargun.stages.DestroyWrapperStage} Before executing clear, memory looks like this: Memory - free: 2,928,638 kb - max:4,906,688 kb- total:2,944,000 kb
[Full GC 15361K->3631K(2944000K), 0.1197600 secs]
 INFO  [pool-1-thread-1] {org.radargun.stages.DestroyWrapperStage} After executing cleanup, memory looks like this: Memory - free: 2,935,311 kb - max:4,906,688 kb- total:2,944,064 kb
 INFO  [pool-1-thread-1] {org.radargun.Slave} Finished stage: DestroyWrapper {enforceMemoryThrashHold=true, exitBenchmarkOnSlaveFailure=false, heapDumpDir=null, memoryThreshold=95, runOnAllSlaves=true, slaves=null, useSmartClassLoading=true }
 INFO  [main] {org.radargun.Slave} Ack successfully sent to the master
 INFO  [pool-1-thread-1] {org.radargun.Slave} Executing stage: StartCluster {config=ispn52-repl-sync-rc.xml, delayAfterFirstSlaveStarts=5.000 secs, delayBetweenStartingSlaves=0.500 secs, exitBenchmarkOnSlaveFailure=true, expectNumSlaves=null, mayFailOn=null, reachable=null, runOnAllSlaves=false, slaves=null, staggerSlaveStartup=true, useSmartClassLoading=true, validateCluster=true }
 INFO  [pool-1-thread-1] {org.radargun.stages.StartClusterStage}  Startup staggering, starting 12 slaves. This is the slave with index 4. Sleeping for 7000 millis.
 INFO  [pool-1-thread-1] {org.radargun.stages.StartClusterStage} Ack master's StartCluster stage. Local address is: /127.0.0.1. This slave's index is: 4
 INFO  [pool-1-thread-1] {org.radargun.utils.ClassLoadHelper} Creating newInstance org.radargun.cachewrappers.InfinispanXSWrapper with classloader java.net.URLClassLoader@3a2a6e6c
 INFO  [pool-1-thread-1] {org.radargun.cachewrappers.InfinispanXSWrapper} Cannot find any site for slave index 4
 INFO  [pool-1-thread-1] {org.infinispan.remoting.transport.jgroups.JGroupsTransport} ISPN000078: Starting JGroups Channel
 WARN  [pool-1-thread-1] {org.jgroups.protocols.UDP} [JGRP00014] the send buffer of socket DatagramSocket was set to 640KB, but the OS only allocated 229.38KB. This might lead to performance problems. Please set your max send buffer in the OS correctly (e.g. net.core.wmem_max on Linux)
 WARN  [pool-1-thread-1] {org.jgroups.protocols.UDP} [JGRP00014] the receive buffer of socket DatagramSocket was set to 20MB, but the OS only allocated 229.38KB. This might lead to performance problems. Please set your max receive buffer in the OS correctly (e.g. net.core.rmem_max on Linux)
 WARN  [pool-1-thread-1] {org.jgroups.protocols.UDP} [JGRP00014] the send buffer of socket MulticastSocket was set to 640KB, but the OS only allocated 229.38KB. This might lead to performance problems. Please set your max send buffer in the OS correctly (e.g. net.core.wmem_max on Linux)
 WARN  [pool-1-thread-1] {org.jgroups.protocols.UDP} [JGRP00014] the receive buffer of socket MulticastSocket was set to 25MB, but the OS only allocated 229.38KB. This might lead to performance problems. Please set your max receive buffer in the OS correctly (e.g. net.core.rmem_max on Linux)
 INFO  [pool-1-thread-1] {org.infinispan.remoting.transport.jgroups.JGroupsTransport} ISPN000094: Received new cluster view: [deimos-esw-6836|4] [deimos-esw-6836, deimos-esw-50478, deimos-esw-47130, deimos-esw-39593, deimos-esw-45133]
 INFO  [pool-1-thread-1] {org.infinispan.remoting.transport.jgroups.JGroupsTransport} ISPN000079: Cache local address is deimos-esw-45133, physical addresses are [127.0.0.1:52004]
 INFO  [pool-1-thread-1] {org.infinispan.factories.GlobalComponentRegistry} ISPN000128: Infinispan version: Infinispan 'Delirium' 5.2.6.Final
 INFO  [pool-1-thread-1] {org.infinispan.transaction.lookup.JBossStandaloneJTAManagerLookup} ISPN000107: Retrieving transaction manager Transaction: unknown
 INFO  [Incoming-4,deimos-esw-45133] {org.infinispan.remoting.transport.jgroups.JGroupsTransport} ISPN000094: Received new cluster view: [deimos-esw-6836|5] [deimos-esw-6836, deimos-esw-50478, deimos-esw-47130, deimos-esw-39593, deimos-esw-45133, deimos-esw-21042]
 INFO  [pool-1-thread-1] {org.infinispan.jmx.CacheJmxRegistration} ISPN000031: MBeans were successfully registered to the platform MBean server.
 INFO  [pool-1-thread-1] {org.radargun.cachewrappers.InfinispanXSWrapper} Using transaction manager: Transaction: unknown
 INFO  [pool-1-thread-1] {org.radargun.cachewrappers.InfinispanXSWrapper} No RELAY2 protocol in XS wrapper
 INFO  [pool-1-thread-1] {org.radargun.cachewrappers.InfinispanXSWrapper} JGroups version: JGroups 3.2.7.Final
 INFO  [pool-1-thread-1] {org.radargun.cachewrappers.InfinispanXSWrapper} Using config attributes: {name=ispn52-repl-sync-rc.xml}
 INFO  [pool-1-thread-1] {org.radargun.stages.helpers.StartHelper} Number of members=6 is not the one expected: 12
 INFO  [Incoming-4,deimos-esw-45133] {org.infinispan.remoting.transport.jgroups.JGroupsTransport} ISPN000094: Received new cluster view: [deimos-esw-6836|6] [deimos-esw-6836, deimos-esw-50478, deimos-esw-47130, deimos-esw-39593, deimos-esw-45133, deimos-esw-21042, deimos-esw-4684]
 INFO  [Incoming-4,deimos-esw-45133] {org.infinispan.remoting.transport.jgroups.JGroupsTransport} ISPN000094: Received new cluster view: [deimos-esw-6836|7] [deimos-esw-6836, deimos-esw-50478, deimos-esw-47130, deimos-esw-39593, deimos-esw-45133, deimos-esw-21042, deimos-esw-4684, deimos-esw-5733]
 INFO  [pool-1-thread-1] {org.radargun.stages.helpers.StartHelper} Number of members=8 is not the one expected: 12
 INFO  [Incoming-4,deimos-esw-45133] {org.infinispan.remoting.transport.jgroups.JGroupsTransport} ISPN000094: Received new cluster view: [deimos-esw-6836|8] [deimos-esw-6836, deimos-esw-50478, deimos-esw-47130, deimos-esw-39593, deimos-esw-45133, deimos-esw-21042, deimos-esw-4684, deimos-esw-5733, deimos-esw-47477]
 INFO  [Incoming-4,deimos-esw-45133] {org.infinispan.remoting.transport.jgroups.JGroupsTransport} ISPN000094: Received new cluster view: [deimos-esw-6836|9] [deimos-esw-6836, deimos-esw-50478, deimos-esw-47130, deimos-esw-39593, deimos-esw-45133, deimos-esw-21042, deimos-esw-4684, deimos-esw-5733, deimos-esw-47477, deimos-esw-4756]
 INFO  [pool-1-thread-1] {org.radargun.stages.helpers.StartHelper} Number of members=10 is not the one expected: 12
 INFO  [Incoming-4,deimos-esw-45133] {org.infinispan.remoting.transport.jgroups.JGroupsTransport} ISPN000094: Received new cluster view: [deimos-esw-6836|10] [deimos-esw-6836, deimos-esw-50478, deimos-esw-47130, deimos-esw-39593, deimos-esw-45133, deimos-esw-21042, deimos-esw-4684, deimos-esw-5733, deimos-esw-47477, deimos-esw-4756, deimos-esw-45783]
 INFO  [Incoming-4,deimos-esw-45133] {org.infinispan.remoting.transport.jgroups.JGroupsTransport} ISPN000094: Received new cluster view: [deimos-esw-6836|11] [deimos-esw-6836, deimos-esw-50478, deimos-esw-47130, deimos-esw-39593, deimos-esw-45133, deimos-esw-21042, deimos-esw-4684, deimos-esw-5733, deimos-esw-47477, deimos-esw-4756, deimos-esw-45783, deimos-esw-14276]
 INFO  [pool-1-thread-1] {org.radargun.stages.helpers.StartHelper} Number of members is the one expected: 12
 INFO  [pool-1-thread-1] {org.radargun.stages.StartClusterStage} Successfully started cache wrapper on slave 4: org.radargun.cachewrappers.InfinispanXSWrapper@206e9689
 INFO  [pool-1-thread-1] {org.radargun.Slave} Finished stage: StartCluster {config=ispn52-repl-sync-rc.xml, delayAfterFirstSlaveStarts=5.000 secs, delayBetweenStartingSlaves=0.500 secs, exitBenchmarkOnSlaveFailure=true, expectNumSlaves=null, mayFailOn=null, reachable=null, runOnAllSlaves=false, slaves=null, staggerSlaveStartup=true, useSmartClassLoading=true, validateCluster=true }
 INFO  [main] {org.radargun.Slave} Ack successfully sent to the master
 INFO  [pool-1-thread-1] {org.radargun.Slave} Executing stage: ClusterValidation {exitBenchmarkOnSlaveFailure=false, partialReplication=false, replicationTimeSleep=2000, replicationTryCount=60, runOnAllSlaves=false, slaves=null, useSmartClassLoading=true }
 INFO  [pool-1-thread-1] {org.radargun.stages.ClusterValidationStage} Number of caches that replicated here is 10
 INFO  [pool-1-thread-1] {org.radargun.stages.ClusterValidationStage} Replication test failed, 1 tries so far. Sleeping for 2 seconds and trying again.
 INFO  [pool-1-thread-1] {org.radargun.stages.ClusterValidationStage} Number of caches that replicated here is 11
 INFO  [pool-1-thread-1] {org.radargun.stages.ClusterValidationStage} Replication test successfully passed. partialReplication? false, replicationCount = 11
 INFO  [pool-1-thread-1] {org.radargun.stages.ClusterValidationStage} Confirm phase successful.
 INFO  [pool-1-thread-1] {org.radargun.Slave} Finished stage: ClusterValidation {exitBenchmarkOnSlaveFailure=false, partialReplication=false, replicationTimeSleep=2000, replicationTryCount=60, runOnAllSlaves=false, slaves=[ 0, 1, 2, 3, 4, 5, 6, 7, 8, 9, 10, 11 ], useSmartClassLoading=true }
 INFO  [main] {org.radargun.Slave} Ack successfully sent to the master
 INFO  [pool-1-thread-1] {org.radargun.Slave} Executing stage: StressTestWarmup {bulkSize=1, cacheSpecificKeyGenerator=false, commitTransactions=true, duration=1 mins 0 secs, entrySize=1000, exitBenchmarkOnSlaveFailure=false, fixedKeys=true, generateHistogramRange=false, keyGeneratorClass=org.radargun.stressors.StringKeyGenerator, keyGeneratorParam=null, loadAllKeys=false, numEntries=100, numOfThreads=4, numRequests=10000, numThreads=4, numberOfAttributes=100, numberOfRequests=10000, opsCountStatusLog=100000, poolKeys=true, preferAsyncOperations=false, removePercentage=0, replaceInvalidPercentage=40, runOnAllSlaves=false, sharedKeys=false, sizeOfAnAttribute=1000, slaves=null, transactionSize=50, useAtomics=false, useHistogramStatistics=false, useSimpleStatistics=true, useSmartClassLoading=true, useTransactions=null, writePercentage=20, writeTxPercentage=20 }
 INFO  [pool-1-thread-1] {org.radargun.stages.StressTestWarmupStage} Starting StressTestWarmupStage: StressTestWarmup {bulkSize=1, cacheSpecificKeyGenerator=false, commitTransactions=true, duration=1 mins 0 secs, entrySize=1000, exitBenchmarkOnSlaveFailure=false, fixedKeys=true, generateHistogramRange=false, keyGeneratorClass=org.radargun.stressors.StringKeyGenerator, keyGeneratorParam=null, loadAllKeys=false, numEntries=100, numOfThreads=4, numRequests=10000, numThreads=4, numberOfAttributes=100, numberOfRequests=10000, opsCountStatusLog=100000, poolKeys=true, preferAsyncOperations=false, removePercentage=0, replaceInvalidPercentage=40, runOnAllSlaves=false, sharedKeys=false, sizeOfAnAttribute=1000, slaves=null, transactionSize=50, useAtomics=false, useHistogramStatistics=false, useSimpleStatistics=true, useSmartClassLoading=true, useTransactions=null, writePercentage=20, writeTxPercentage=20 }
 INFO  [pool-1-thread-1] {org.radargun.stressors.StressTestStressor} Using key generator org.radargun.stressors.StringKeyGenerator, param null
 INFO  [pool-1-thread-1] {org.radargun.stressors.StressTestStressor} Executing: StressTestStressor{opsCountStatusLog=100000, numRequests=10000, numEntries=100, entrySize=1000, writePercentage=20, numThreads=4, cacheWrapper=org.radargun.cachewrappers.InfinispanXSWrapper@206e9689, nodeIndex=4, useTransactions=true, transactionSize=50, commitTransactions=true, durationMillis=60000}
 INFO  [pool-1-thread-1] {org.radargun.stressors.StressTestStressor} Cache wrapper info is: Running : 5.2.6.Final, config:ispn52-repl-sync-rc.xml, cacheName:testCache
[GC 259695K->19222K(2944064K), 0.0591960 secs]
 INFO  [pool-1-thread-1] {org.radargun.stressors.StressTestStressor} Started 4 stressor threads.
 INFO  [Stressor-2] {org.radargun.stressors.StressTestStressor} Number of ops executed so far: 1. Elapsed time: 0.001 secs. Remaining: 59.999 secs. Total: 1 mins 0 secs
[GC 275286K->21526K(2944064K), 0.0391190 secs]
[GC 277590K->26692K(2944064K), 0.0375770 secs]
[GC 282756K->28498K(2944064K), 0.0367900 secs]
[GC 284562K->34102K(2944064K), 0.0397890 secs]
[GC 290166K->36321K(2944064K), 0.0402120 secs]
[GC 292385K->44464K(2944064K), 0.0430870 secs]
[GC 300528K->39574K(2944064K), 0.0458480 secs]
[GC 295638K->42963K(2944064K), 0.0450700 secs]
[GC 299027K->38689K(2944064K), 0.0416370 secs]
[GC 294753K->38444K(2944064K), 0.0432140 secs]
[GC 294508K->45686K(2944064K), 0.0434220 secs]
[GC 301750K->40873K(2944064K), 0.0437170 secs]
[GC 296937K->43029K(2944064K), 0.0447140 secs]
[GC 299093K->40965K(2944064K), 0.0429600 secs]
 INFO  [Stressor-3] {org.radargun.stressors.StressTestStressor} Number of ops executed so far: 252750. Elapsed time: 20.003 secs. Remaining: 39.997 secs. Total: 1 mins 0 secs
[GC 297029K->47839K(2944064K), 0.0752820 secs]
[GC 303903K->36370K(2944064K), 0.0485370 secs]
[GC 292434K->43299K(2944064K), 0.0431650 secs]
[GC 299363K->45528K(2944064K), 0.0395410 secs]
[GC 301592K->43860K(2944064K), 0.0377300 secs]
[GC 299924K->43940K(2944064K), 0.0446710 secs]
[GC 300004K->48884K(2944064K), 0.0438530 secs]
[GC 304948K->41165K(2944064K), 0.0401220 secs]
[GC 297229K->41364K(2944064K), 0.0508130 secs]
[GC 297428K->47254K(2944064K), 0.0518450 secs]
[GC 303318K->48327K(2944064K), 0.0505860 secs]
[GC 304391K->47357K(2944064K), 0.0528860 secs]
[GC 303421K->54988K(2944064K), 0.0502280 secs]
[GC 311052K->44638K(2944064K), 0.0493430 secs]
[GC 300702K->47674K(2944064K), 0.0516290 secs]
[GC 303738K->49879K(2944064K), 0.0494400 secs]
 INFO  [Stressor-1] {org.radargun.stressors.StressTestStressor} Number of ops executed so far: 445830. Elapsed time: 40.003 secs. Remaining: 19.997 secs. Total: 1 mins 0 secs
[GC 305943K->44067K(2944064K), 0.0472710 secs]
[GC 300131K->50576K(2944064K), 0.0570010 secs]
[GC 306640K->56686K(2944064K), 0.0612790 secs]
[GC 312750K->53253K(2944064K), 0.0503890 secs]
[GC 309306K->54187K(2944064K), 0.0492680 secs]
[GC 310251K->53358K(2944064K), 0.0563260 secs]
[GC 309422K->53798K(2944064K), 0.0530940 secs]
[GC 309862K->58709K(2944064K), 0.0500310 secs]
[GC 314773K->54922K(2944064K), 0.0496330 secs]
[GC 310986K->54387K(2944064K), 0.0491070 secs]
[GC 310451K->54048K(2944064K), 0.0499050 secs]
[GC 310112K->59138K(2944064K), 0.0470200 secs]
[GC 315202K->51994K(2944064K), 0.0546000 secs]
[GC 308058K->57107K(2944064K), 0.0506020 secs]
[GC 313171K->54239K(2944064K), 0.0543700 secs]
[GC 310303K->58859K(2944064K), 0.0520760 secs]
 INFO  [Stressor-1] {org.radargun.stressors.StressTestStressor} Number of ops executed so far: 703700. Elapsed time: 1 mins 0 secs. Remaining: 0.000 secs. Total: 1 mins 0 secs
 INFO  [pool-1-thread-1] {org.radargun.stressors.StressTestStressor} Finished generating report. Test duration is: 1 mins 4 secs
 INFO  [pool-1-thread-1] {org.radargun.stages.StressTestWarmupStage} The warmup took: 64 seconds.
 INFO  [pool-1-thread-1] {org.radargun.Slave} Finished stage: StressTestWarmup {bulkSize=1, cacheSpecificKeyGenerator=false, commitTransactions=true, duration=1 mins 0 secs, entrySize=1000, exitBenchmarkOnSlaveFailure=false, fixedKeys=true, generateHistogramRange=false, keyGeneratorClass=org.radargun.stressors.StringKeyGenerator, keyGeneratorParam=null, loadAllKeys=false, numEntries=100, numOfThreads=4, numRequests=10000, numThreads=4, numberOfAttributes=100, numberOfRequests=10000, opsCountStatusLog=100000, poolKeys=true, preferAsyncOperations=false, removePercentage=0, replaceInvalidPercentage=40, runOnAllSlaves=false, sharedKeys=false, sizeOfAnAttribute=1000, slaves=null, transactionSize=50, useAtomics=false, useHistogramStatistics=false, useSimpleStatistics=true, useSmartClassLoading=true, useTransactions=null, writePercentage=20, writeTxPercentage=20 }
 INFO  [main] {org.radargun.Slave} Ack successfully sent to the master
 INFO  [pool-1-thread-1] {org.radargun.Slave} Executing stage: ClearClusterStage {ClearCluster {exitBenchmarkOnSlaveFailure=false, runOnAllSlaves=false, slaves=[ 0 ], useSmartClassLoading=true }
 INFO  [pool-1-thread-1] {org.radargun.stages.ClearClusterStage} Before executing clear, memory looks like this: Memory - free: 2,794,211 kb - max:4,906,688 kb- total:2,944,064 kb
[Full GC 150857K->21286K(2944064K), 0.2781300 secs]
 INFO  [pool-1-thread-1] {org.radargun.stages.ClearClusterStage} After executing cleanup, memory looks like this: Memory - free: 2,920,582 kb - max:4,906,688 kb- total:2,944,192 kb
 INFO  [pool-1-thread-1] {org.radargun.Slave} Finished stage: ClearClusterStage {ClearCluster {exitBenchmarkOnSlaveFailure=false, runOnAllSlaves=false, slaves=[ 0 ], useSmartClassLoading=true }
 INFO  [main] {org.radargun.Slave} Ack successfully sent to the master
 INFO  [pool-1-thread-1] {org.radargun.Slave} Executing stage: StressTest {bulkSize=1, cacheSpecificKeyGenerator=false, commitTransactions=true, duration=1 mins 0 secs, entrySize=1000, exitBenchmarkOnSlaveFailure=false, fixedKeys=true, generateHistogramRange=false, keyGeneratorClass=org.radargun.stressors.StringKeyGenerator, keyGeneratorParam=null, loadAllKeys=false, numEntries=10000, numOfThreads=4, numRequests=10000000, numThreads=4, numberOfAttributes=10000, numberOfRequests=10000000, opsCountStatusLog=500000, poolKeys=true, preferAsyncOperations=false, removePercentage=0, replaceInvalidPercentage=40, runOnAllSlaves=false, sharedKeys=false, sizeOfAnAttribute=1000, slaves=null, transactionSize=10000, useAtomics=false, useHistogramStatistics=false, useSimpleStatistics=true, useSmartClassLoading=true, useTransactions=true, writePercentage=10, writeTxPercentage=20 }
 INFO  [pool-1-thread-1] {org.radargun.stages.StressTestStage} Starting StressTestStage: StressTest {bulkSize=1, cacheSpecificKeyGenerator=false, commitTransactions=true, duration=1 mins 0 secs, entrySize=1000, exitBenchmarkOnSlaveFailure=false, fixedKeys=true, generateHistogramRange=false, keyGeneratorClass=org.radargun.stressors.StringKeyGenerator, keyGeneratorParam=null, loadAllKeys=false, numEntries=10000, numOfThreads=4, numRequests=10000000, numThreads=4, numberOfAttributes=10000, numberOfRequests=10000000, opsCountStatusLog=500000, poolKeys=true, preferAsyncOperations=false, removePercentage=0, replaceInvalidPercentage=40, runOnAllSlaves=false, sharedKeys=false, sizeOfAnAttribute=1000, slaves=null, transactionSize=10000, useAtomics=false, useHistogramStatistics=false, useSimpleStatistics=true, useSmartClassLoading=true, useTransactions=true, writePercentage=10, writeTxPercentage=20 }
 INFO  [pool-1-thread-1] {org.radargun.stressors.StressTestStressor} Using key generator org.radargun.stressors.StringKeyGenerator, param null
 INFO  [pool-1-thread-1] {org.radargun.stressors.StressTestStressor} Executing: StressTestStressor{opsCountStatusLog=500000, numRequests=10000000, numEntries=10000, entrySize=1000, writePercentage=10, numThreads=4, cacheWrapper=org.radargun.cachewrappers.InfinispanXSWrapper@206e9689, nodeIndex=4, useTransactions=true, transactionSize=10000, commitTransactions=true, durationMillis=60000}
 INFO  [pool-1-thread-1] {org.radargun.stressors.StressTestStressor} Cache wrapper info is: Running : 5.2.6.Final, config:ispn52-repl-sync-rc.xml, cacheName:testCache
[GC 277414K->54864K(2944192K), 0.0556470 secs]
[GC 310992K->74629K(2944192K), 0.0764170 secs]
[GC 330757K->104641K(2944192K), 0.0874060 secs]
[GC 360769K->135214K(2944192K), 0.1123350 secs]
[GC 391342K->180475K(2944192K), 0.0930580 secs]
[GC 436603K->189260K(2944192K), 0.0978320 secs]
[GC 445388K->213864K(2944192K), 0.1020650 secs]
[GC 469992K->231908K(2944192K), 0.1113580 secs]
[GC 488036K->251170K(2944192K), 0.1038110 secs]
[GC 507298K->278353K(2944192K), 0.1064330 secs]
[GC 534481K->288519K(2944192K), 0.1004850 secs]
[GC 544647K->318481K(2944192K), 0.0904530 secs]
[GC 574609K->338345K(2944192K), 0.0897990 secs]
[GC 594473K->362894K(2944192K), 0.1047340 secs]
[GC 619022K->373453K(2944192K), 0.1201800 secs]
[GC 629580K->409344K(2944192K), 0.0992710 secs]
[GC 665472K->428294K(2944192K), 0.0998030 secs]
[GC 684422K->454455K(2944192K), 0.0952980 secs]
[GC 710583K->460738K(2944192K), 0.0948930 secs]
[GC 716866K->476304K(2944192K), 0.0893030 secs]
[GC 732432K->493147K(2944192K), 0.0914470 secs]
[GC 749275K->517680K(2944192K), 0.0971490 secs]
[GC 773808K->558534K(2944192K), 0.1031600 secs]
[GC 814662K->561649K(2944192K), 0.1007820 secs]
[GC 817777K->595721K(2944192K), 0.1034530 secs]
[GC 851849K->638496K(2944192K), 0.1034300 secs]
[GC 894624K->632238K(2944192K), 0.1090020 secs]
[GC 888366K->665344K(2944192K), 0.1005230 secs]
[GC 921472K->704044K(2944192K), 0.1143470 secs]
[GC 960172K->712016K(2944192K), 0.1160700 secs]
[GC 968144K->702828K(2944192K), 0.1136310 secs]
[GC 958956K->738539K(2944192K), 0.1022430 secs]
 INFO  [pool-1-thread-1] {org.radargun.stressors.StressTestStressor} Started 4 stressor threads.
 INFO  [Stressor-1] {org.radargun.stressors.StressTestStressor} Number of ops executed so far: 1. Elapsed time: 0.000 secs. Remaining: 1 mins 0 secs. Total: 1 mins 0 secs
[GC 994667K->798288K(2944192K), 0.1053050 secs]
[GC 1054221K->816643K(2944192K), 0.1311140 secs]
[GC 1071333K->822115K(2944192K), 0.0799830 secs]
[GC 1078243K->867701K(2944192K), 0.0788740 secs]
[GC 1123829K->888588K(2944192K), 0.0792710 secs]
[GC 1144716K->894044K(2944192K), 0.0768190 secs]
[GC 1150160K->930717K(2944192K), 0.0756960 secs]
[GC 1186796K->948018K(2944192K), 0.0775510 secs]
[GC 1203319K->962685K(2944192K), 0.0803520 secs]
[GC 1218777K->1003436K(2944192K), 0.0682790 secs]
[GC 1259564K->1002527K(2944192K), 0.0845450 secs]
[GC 1258655K->1056808K(2944192K), 0.0847240 secs]
[GC 1312912K->1081499K(2944192K), 0.0832840 secs]
[GC 1337627K->1106989K(2944192K), 0.0851400 secs]
 INFO  [Stressor-2] {org.radargun.stressors.StressTestStressor} Number of ops executed so far: 390000. Elapsed time: 20.476 secs. Remaining: 39.524 secs. Total: 1 mins 0 secs
[GC 1363075K->1132064K(2944192K), 0.0790250 secs]
[GC 1388146K->1146423K(2944192K), 0.0870690 secs]
[GC 1402551K->1182264K(2944192K), 0.0766650 secs]
[GC 1437525K->1172245K(2944192K), 0.0805690 secs]
[GC 1428348K->1224835K(2944192K), 0.0680170 secs]
[GC 1480963K->1250743K(2944192K), 0.0916050 secs]
[GC 1506113K->1261021K(2944192K), 0.0818450 secs]
[GC 1517149K->1275746K(2944192K), 0.0714030 secs]
[GC 1531874K->1309206K(2944192K), 0.0665640 secs]
[GC 1565317K->1323799K(2944192K), 0.0858450 secs]
[GC 1579927K->1322207K(2944192K), 0.0835240 secs]
[GC 1578335K->1359313K(2944192K), 0.0747340 secs]
[GC 1615441K->1405488K(2944192K), 0.0741860 secs]
[GC 1405971K(2944192K), 0.0229110 secs]
[GC 1661616K->1435522K(2944192K), 0.0818770 secs]
[GC 1570657K(2944192K), 0.0582540 secs]
[GC 952133K->680577K(2944192K), 0.0786860 secs]
[GC 929454K->718873K(2944192K), 0.0804120 secs]
 INFO  [Stressor-3] {org.radargun.stressors.StressTestStressor} Number of ops executed so far: 710000. Elapsed time: 40.653 secs. Remaining: 19.347 secs. Total: 1 mins 0 secs
[GC 974967K->717059K(2944192K), 0.0812100 secs]
[GC 973187K->759590K(2944192K), 0.0711370 secs]
[GC 1015197K->800261K(2944192K), 0.0696870 secs]
[GC 1056389K->809147K(2944192K), 0.0767400 secs]
[GC 1065246K->817111K(2944192K), 0.0757890 secs]
[GC 1073195K->843639K(2944192K), 0.0799500 secs]
[GC 1098796K->874302K(2944192K), 0.0796840 secs]
[GC 1129519K->903502K(2944192K), 0.0735230 secs]
[GC 1159630K->906822K(2944192K), 0.0797350 secs]
[GC 1162950K->936539K(2944192K), 0.0793550 secs]
[GC 1192667K->977138K(2944192K), 0.0704320 secs]
[GC 1233232K->1007699K(2944192K), 0.0879070 secs]
[GC 1263815K->1011372K(2944192K), 0.0763090 secs]
[GC 1267500K->1011693K(2944192K), 0.0772690 secs]
[GC 1267821K->1072070K(2944192K), 0.0677580 secs]
[GC 1328198K->1082496K(2944192K), 0.0742510 secs]
[GC 1337948K->1105625K(2944192K), 0.0650760 secs]
[GC 1361587K->1152025K(2944192K), 0.0770330 secs]
 INFO  [Stressor-3] {org.radargun.stressors.StressTestStressor} Number of ops executed so far: 1360000. Elapsed time: 1 mins 1 secs. Remaining: 0.000 secs. Total: 1 mins 0 secs
[GC 1408153K->1139292K(2944192K), 0.0722800 secs]
 INFO  [pool-1-thread-1] {org.radargun.stressors.StressTestStressor} Finished generating report. Test duration is: 2 mins 31 secs
 INFO  [pool-1-thread-1] {org.radargun.stages.StressTestStage} size info: Running : 5.2.6.Final, config:ispn52-repl-sync-rc.xml, cacheName:testCache, clusterSize:12, nodeIndex:4, cacheSize: 480000
 INFO  [pool-1-thread-1] {org.radargun.Slave} Finished stage: StressTest {bulkSize=1, cacheSpecificKeyGenerator=false, commitTransactions=true, duration=1 mins 0 secs, entrySize=1000, exitBenchmarkOnSlaveFailure=false, fixedKeys=true, generateHistogramRange=false, keyGeneratorClass=org.radargun.stressors.StringKeyGenerator, keyGeneratorParam=null, loadAllKeys=false, numEntries=10000, numOfThreads=4, numRequests=10000000, numThreads=4, numberOfAttributes=10000, numberOfRequests=10000000, opsCountStatusLog=500000, poolKeys=true, preferAsyncOperations=false, removePercentage=0, replaceInvalidPercentage=40, runOnAllSlaves=false, sharedKeys=false, sizeOfAnAttribute=1000, slaves=null, transactionSize=10000, useAtomics=false, useHistogramStatistics=false, useSimpleStatistics=true, useSmartClassLoading=true, useTransactions=true, writePercentage=10, writeTxPercentage=20 }
 INFO  [main] {org.radargun.Slave} Ack successfully sent to the master
[GC 1395420K->1159591K(2944192K), 0.0640380 secs]
 INFO  [main] {org.radargun.Slave} Master shutdown!
 INFO  [Thread-0] {org.radargun.ShutDownHook} Slave process is being shutdown
