/usr/java/jdk1.7.0_21/bin/java -server -Xmx1024M -Xms1024M -Dresolve.dns=false -Djgroups.timer.num_threads=4 -verbose:gc -Xmx5000M -Xms3000M -server -XX:+UseConcMarkSweepGC -XX:+AggressiveOpts -verbose:gc -XX:ParallelGCThreads=4 -XX:NewRatio=5 -XX:SurvivorRatio=2 -Dhazelcast.operation.thread.count=4 -Djava.net.preferIPv4Stack=true -Dlog4j.file.prefix=deimos-esw-24190 -Dbind.address= -Djgroups.bind_addr= -classpath /home/smf/github/radargun/target/distribution/RadarGun-1.1.0-SNAPSHOT/lib/activation-1.1.jar:/home/smf/github/radargun/target/distribution/RadarGun-1.1.0-SNAPSHOT/lib/commons-beanutils-1.8.0.jar:/home/smf/github/radargun/target/distribution/RadarGun-1.1.0-SNAPSHOT/lib/commons-digester-2.0.jar:/home/smf/github/radargun/target/distribution/RadarGun-1.1.0-SNAPSHOT/lib/commons-logging-1.1.1.jar:/home/smf/github/radargun/target/distribution/RadarGun-1.1.0-SNAPSHOT/lib/commons-math-1.2.jar:/home/smf/github/radargun/target/distribution/RadarGun-1.1.0-SNAPSHOT/lib/jboss-transaction-api-1.0.1.GA.jar:/home/smf/github/radargun/target/distribution/RadarGun-1.1.0-SNAPSHOT/lib/jcommon-1.0.15.jar:/home/smf/github/radargun/target/distribution/RadarGun-1.1.0-SNAPSHOT/lib/jfreechart-1.0.12.jar:/home/smf/github/radargun/target/distribution/RadarGun-1.1.0-SNAPSHOT/lib/log4j-1.2.14.jar:/home/smf/github/radargun/target/distribution/RadarGun-1.1.0-SNAPSHOT/lib/mail-1.4.2.jar:/home/smf/github/radargun/target/distribution/RadarGun-1.1.0-SNAPSHOT/lib/radargun-framework-1.1.0-SNAPSHOT.jar:/home/smf/github/radargun/target/distribution/RadarGun-1.1.0-SNAPSHOT/conf org.radargun.Slave -master 127.0.0.1:2103
--------------------------------------------------------------------------------
PerNodeRollingFileAppender::Using file prefix:deimos-esw-24190
 INFO  [main] {org.radargun.Slave} Attempting to connect to master 127.0.0.1:2103
 INFO  [main] {org.radargun.Slave} Successfully established connection with master at: 127.0.0.1:2103
Loading JARS from /home/smf/github/radargun/target/distribution/RadarGun-1.1.0-SNAPSHOT/lib/radargun-framework-1.1.0-SNAPSHOT.jar
 INFO  [pool-1-thread-1] {org.radargun.config.AnnotatedHelper} Loading JARS from /home/smf/github/radargun/target/distribution/RadarGun-1.1.0-SNAPSHOT/lib/radargun-framework-1.1.0-SNAPSHOT.jar
 INFO  [pool-1-thread-1] {org.radargun.config.AnnotatedHelper} Loading JARS from /home/smf/github/radargun/target/distribution/RadarGun-1.1.0-SNAPSHOT/lib/radargun-framework-1.1.0-SNAPSHOT.jar
 INFO  [pool-1-thread-1] {org.radargun.Slave} Executing stage: DestroyWrapper {enforceMemoryThrashHold=true, exitBenchmarkOnSlaveFailure=false, heapDumpDir=null, memoryThreshold=95, runOnAllSlaves=true, slaves=null, useSmartClassLoading=true }
 INFO  [pool-1-thread-1] {org.radargun.stages.DestroyWrapperStage} Received destroy cache wrapper request from master...
 INFO  [pool-1-thread-1] {org.radargun.stages.DestroyWrapperStage} No cache wrapper deployed on this slave, nothing to do.
 INFO  [pool-1-thread-1] {org.radargun.stages.DestroyWrapperStage} Before executing clear, memory looks like this: Memory - free: 2,928,638 kb - max:4,906,688 kb- total:2,944,000 kb
[Full GC 15361K->3631K(2944000K), 0.1200590 secs]
 INFO  [pool-1-thread-1] {org.radargun.stages.DestroyWrapperStage} After executing cleanup, memory looks like this: Memory - free: 2,935,311 kb - max:4,906,688 kb- total:2,944,064 kb
 INFO  [pool-1-thread-1] {org.radargun.Slave} Finished stage: DestroyWrapper {enforceMemoryThrashHold=true, exitBenchmarkOnSlaveFailure=false, heapDumpDir=null, memoryThreshold=95, runOnAllSlaves=true, slaves=null, useSmartClassLoading=true }
 INFO  [main] {org.radargun.Slave} Ack successfully sent to the master
 INFO  [pool-1-thread-1] {org.radargun.Slave} Executing stage: StartCluster {config=ispn52-repl-sync-rc.xml, delayAfterFirstSlaveStarts=5.000 secs, delayBetweenStartingSlaves=0.500 secs, exitBenchmarkOnSlaveFailure=true, expectNumSlaves=null, mayFailOn=null, reachable=null, runOnAllSlaves=false, slaves=null, staggerSlaveStartup=true, useSmartClassLoading=true, validateCluster=true }
 INFO  [pool-1-thread-1] {org.radargun.stages.StartClusterStage}  Startup staggering, starting 12 slaves. This is the slave with index 6. Sleeping for 8000 millis.
 INFO  [pool-1-thread-1] {org.radargun.stages.StartClusterStage} Ack master's StartCluster stage. Local address is: /127.0.0.1. This slave's index is: 6
 INFO  [pool-1-thread-1] {org.radargun.utils.ClassLoadHelper} Creating newInstance org.radargun.cachewrappers.InfinispanXSWrapper with classloader java.net.URLClassLoader@49de5afd
 INFO  [pool-1-thread-1] {org.radargun.cachewrappers.InfinispanXSWrapper} Cannot find any site for slave index 6
 INFO  [pool-1-thread-1] {org.infinispan.remoting.transport.jgroups.JGroupsTransport} ISPN000078: Starting JGroups Channel
 WARN  [pool-1-thread-1] {org.jgroups.protocols.UDP} [JGRP00014] the send buffer of socket DatagramSocket was set to 640KB, but the OS only allocated 229.38KB. This might lead to performance problems. Please set your max send buffer in the OS correctly (e.g. net.core.wmem_max on Linux)
 WARN  [pool-1-thread-1] {org.jgroups.protocols.UDP} [JGRP00014] the receive buffer of socket DatagramSocket was set to 20MB, but the OS only allocated 229.38KB. This might lead to performance problems. Please set your max receive buffer in the OS correctly (e.g. net.core.rmem_max on Linux)
 WARN  [pool-1-thread-1] {org.jgroups.protocols.UDP} [JGRP00014] the send buffer of socket MulticastSocket was set to 640KB, but the OS only allocated 229.38KB. This might lead to performance problems. Please set your max send buffer in the OS correctly (e.g. net.core.wmem_max on Linux)
 WARN  [pool-1-thread-1] {org.jgroups.protocols.UDP} [JGRP00014] the receive buffer of socket MulticastSocket was set to 25MB, but the OS only allocated 229.38KB. This might lead to performance problems. Please set your max receive buffer in the OS correctly (e.g. net.core.rmem_max on Linux)
 INFO  [pool-1-thread-1] {org.infinispan.remoting.transport.jgroups.JGroupsTransport} ISPN000094: Received new cluster view: [deimos-esw-6836|6] [deimos-esw-6836, deimos-esw-50478, deimos-esw-47130, deimos-esw-39593, deimos-esw-45133, deimos-esw-21042, deimos-esw-4684]
 INFO  [pool-1-thread-1] {org.infinispan.remoting.transport.jgroups.JGroupsTransport} ISPN000079: Cache local address is deimos-esw-4684, physical addresses are [127.0.0.1:52006]
 INFO  [pool-1-thread-1] {org.infinispan.factories.GlobalComponentRegistry} ISPN000128: Infinispan version: Infinispan 'Delirium' 5.2.6.Final
 INFO  [pool-1-thread-1] {org.infinispan.transaction.lookup.JBossStandaloneJTAManagerLookup} ISPN000107: Retrieving transaction manager Transaction: unknown
 INFO  [Incoming-4,deimos-esw-4684] {org.infinispan.remoting.transport.jgroups.JGroupsTransport} ISPN000094: Received new cluster view: [deimos-esw-6836|7] [deimos-esw-6836, deimos-esw-50478, deimos-esw-47130, deimos-esw-39593, deimos-esw-45133, deimos-esw-21042, deimos-esw-4684, deimos-esw-5733]
 INFO  [pool-1-thread-1] {org.infinispan.jmx.CacheJmxRegistration} ISPN000031: MBeans were successfully registered to the platform MBean server.
 INFO  [pool-1-thread-1] {org.radargun.cachewrappers.InfinispanXSWrapper} Using transaction manager: Transaction: unknown
 INFO  [pool-1-thread-1] {org.radargun.cachewrappers.InfinispanXSWrapper} No RELAY2 protocol in XS wrapper
 INFO  [pool-1-thread-1] {org.radargun.cachewrappers.InfinispanXSWrapper} JGroups version: JGroups 3.2.7.Final
 INFO  [pool-1-thread-1] {org.radargun.cachewrappers.InfinispanXSWrapper} Using config attributes: {name=ispn52-repl-sync-rc.xml}
 INFO  [pool-1-thread-1] {org.radargun.stages.helpers.StartHelper} Number of members=8 is not the one expected: 12
 INFO  [Incoming-4,deimos-esw-4684] {org.infinispan.remoting.transport.jgroups.JGroupsTransport} ISPN000094: Received new cluster view: [deimos-esw-6836|8] [deimos-esw-6836, deimos-esw-50478, deimos-esw-47130, deimos-esw-39593, deimos-esw-45133, deimos-esw-21042, deimos-esw-4684, deimos-esw-5733, deimos-esw-47477]
 INFO  [Incoming-4,deimos-esw-4684] {org.infinispan.remoting.transport.jgroups.JGroupsTransport} ISPN000094: Received new cluster view: [deimos-esw-6836|9] [deimos-esw-6836, deimos-esw-50478, deimos-esw-47130, deimos-esw-39593, deimos-esw-45133, deimos-esw-21042, deimos-esw-4684, deimos-esw-5733, deimos-esw-47477, deimos-esw-4756]
 INFO  [pool-1-thread-1] {org.radargun.stages.helpers.StartHelper} Number of members=10 is not the one expected: 12
 INFO  [Incoming-4,deimos-esw-4684] {org.infinispan.remoting.transport.jgroups.JGroupsTransport} ISPN000094: Received new cluster view: [deimos-esw-6836|10] [deimos-esw-6836, deimos-esw-50478, deimos-esw-47130, deimos-esw-39593, deimos-esw-45133, deimos-esw-21042, deimos-esw-4684, deimos-esw-5733, deimos-esw-47477, deimos-esw-4756, deimos-esw-45783]
 INFO  [Incoming-4,deimos-esw-4684] {org.infinispan.remoting.transport.jgroups.JGroupsTransport} ISPN000094: Received new cluster view: [deimos-esw-6836|11] [deimos-esw-6836, deimos-esw-50478, deimos-esw-47130, deimos-esw-39593, deimos-esw-45133, deimos-esw-21042, deimos-esw-4684, deimos-esw-5733, deimos-esw-47477, deimos-esw-4756, deimos-esw-45783, deimos-esw-14276]
 INFO  [pool-1-thread-1] {org.radargun.stages.helpers.StartHelper} Number of members is the one expected: 12
 INFO  [pool-1-thread-1] {org.radargun.stages.StartClusterStage} Successfully started cache wrapper on slave 6: org.radargun.cachewrappers.InfinispanXSWrapper@553d0a33
 INFO  [pool-1-thread-1] {org.radargun.Slave} Finished stage: StartCluster {config=ispn52-repl-sync-rc.xml, delayAfterFirstSlaveStarts=5.000 secs, delayBetweenStartingSlaves=0.500 secs, exitBenchmarkOnSlaveFailure=true, expectNumSlaves=null, mayFailOn=null, reachable=null, runOnAllSlaves=false, slaves=null, staggerSlaveStartup=true, useSmartClassLoading=true, validateCluster=true }
 INFO  [main] {org.radargun.Slave} Ack successfully sent to the master
 INFO  [pool-1-thread-1] {org.radargun.Slave} Executing stage: ClusterValidation {exitBenchmarkOnSlaveFailure=false, partialReplication=false, replicationTimeSleep=2000, replicationTryCount=60, runOnAllSlaves=false, slaves=null, useSmartClassLoading=true }
 INFO  [pool-1-thread-1] {org.radargun.stages.ClusterValidationStage} Number of caches that replicated here is 10
 INFO  [pool-1-thread-1] {org.radargun.stages.ClusterValidationStage} Replication test failed, 1 tries so far. Sleeping for 2 seconds and trying again.
 INFO  [pool-1-thread-1] {org.radargun.stages.ClusterValidationStage} Number of caches that replicated here is 11
 INFO  [pool-1-thread-1] {org.radargun.stages.ClusterValidationStage} Replication test successfully passed. partialReplication? false, replicationCount = 11
 INFO  [pool-1-thread-1] {org.radargun.stages.ClusterValidationStage} Confirm phase successful.
 INFO  [pool-1-thread-1] {org.radargun.Slave} Finished stage: ClusterValidation {exitBenchmarkOnSlaveFailure=false, partialReplication=false, replicationTimeSleep=2000, replicationTryCount=60, runOnAllSlaves=false, slaves=[ 0, 1, 2, 3, 4, 5, 6, 7, 8, 9, 10, 11 ], useSmartClassLoading=true }
 INFO  [main] {org.radargun.Slave} Ack successfully sent to the master
 INFO  [pool-1-thread-1] {org.radargun.Slave} Executing stage: StressTestWarmup {bulkSize=1, cacheSpecificKeyGenerator=false, commitTransactions=true, duration=1 mins 0 secs, entrySize=1000, exitBenchmarkOnSlaveFailure=false, fixedKeys=true, generateHistogramRange=false, keyGeneratorClass=org.radargun.stressors.StringKeyGenerator, keyGeneratorParam=null, loadAllKeys=false, numEntries=100, numOfThreads=4, numRequests=10000, numThreads=4, numberOfAttributes=100, numberOfRequests=10000, opsCountStatusLog=100000, poolKeys=true, preferAsyncOperations=false, removePercentage=0, replaceInvalidPercentage=40, runOnAllSlaves=false, sharedKeys=false, sizeOfAnAttribute=1000, slaves=null, transactionSize=50, useAtomics=false, useHistogramStatistics=false, useSimpleStatistics=true, useSmartClassLoading=true, useTransactions=null, writePercentage=20, writeTxPercentage=20 }
 INFO  [pool-1-thread-1] {org.radargun.stages.StressTestWarmupStage} Starting StressTestWarmupStage: StressTestWarmup {bulkSize=1, cacheSpecificKeyGenerator=false, commitTransactions=true, duration=1 mins 0 secs, entrySize=1000, exitBenchmarkOnSlaveFailure=false, fixedKeys=true, generateHistogramRange=false, keyGeneratorClass=org.radargun.stressors.StringKeyGenerator, keyGeneratorParam=null, loadAllKeys=false, numEntries=100, numOfThreads=4, numRequests=10000, numThreads=4, numberOfAttributes=100, numberOfRequests=10000, opsCountStatusLog=100000, poolKeys=true, preferAsyncOperations=false, removePercentage=0, replaceInvalidPercentage=40, runOnAllSlaves=false, sharedKeys=false, sizeOfAnAttribute=1000, slaves=null, transactionSize=50, useAtomics=false, useHistogramStatistics=false, useSimpleStatistics=true, useSmartClassLoading=true, useTransactions=null, writePercentage=20, writeTxPercentage=20 }
 INFO  [pool-1-thread-1] {org.radargun.stressors.StressTestStressor} Using key generator org.radargun.stressors.StringKeyGenerator, param null
 INFO  [pool-1-thread-1] {org.radargun.stressors.StressTestStressor} Executing: StressTestStressor{opsCountStatusLog=100000, numRequests=10000, numEntries=100, entrySize=1000, writePercentage=20, numThreads=4, cacheWrapper=org.radargun.cachewrappers.InfinispanXSWrapper@553d0a33, nodeIndex=6, useTransactions=true, transactionSize=50, commitTransactions=true, durationMillis=60000}
 INFO  [pool-1-thread-1] {org.radargun.stressors.StressTestStressor} Cache wrapper info is: Running : 5.2.6.Final, config:ispn52-repl-sync-rc.xml, cacheName:testCache
[GC 259695K->18755K(2944064K), 0.0457670 secs]
 INFO  [pool-1-thread-1] {org.radargun.stressors.StressTestStressor} Started 4 stressor threads.
 INFO  [Stressor-3] {org.radargun.stressors.StressTestStressor} Number of ops executed so far: 1. Elapsed time: 0.001 secs. Remaining: 59.999 secs. Total: 1 mins 0 secs
[GC 274819K->20398K(2944064K), 0.0431340 secs]
[GC 276462K->25679K(2944064K), 0.0367340 secs]
[GC 281743K->32328K(2944064K), 0.0422580 secs]
[GC 288392K->32437K(2944064K), 0.0388370 secs]
[GC 288501K->34832K(2944064K), 0.0392680 secs]
[GC 290896K->39384K(2944064K), 0.0466430 secs]
[GC 295448K->40984K(2944064K), 0.0531350 secs]
[GC 297048K->34056K(2944064K), 0.0484600 secs]
[GC 290120K->34817K(2944064K), 0.0405080 secs]
[GC 290881K->40967K(2944064K), 0.0460790 secs]
[GC 297024K->39466K(2944064K), 0.0405910 secs]
[GC 295530K->44417K(2944064K), 0.0469550 secs]
[GC 300481K->35225K(2944064K), 0.0413110 secs]
[GC 291289K->40917K(2944064K), 0.0448380 secs]
 INFO  [Stressor-3] {org.radargun.stressors.StressTestStressor} Number of ops executed so far: 208744. Elapsed time: 20.001 secs. Remaining: 39.999 secs. Total: 1 mins 0 secs
[GC 296981K->49372K(2944064K), 0.0710370 secs]
[GC 305436K->39766K(2944064K), 0.0467310 secs]
[GC 295830K->47114K(2944064K), 0.0397220 secs]
[GC 303178K->41792K(2944064K), 0.0400610 secs]
[GC 297856K->39534K(2944064K), 0.0410170 secs]
[GC 295598K->39159K(2944064K), 0.0429580 secs]
[GC 295223K->45554K(2944064K), 0.0387200 secs]
[GC 301618K->41290K(2944064K), 0.0427320 secs]
[GC 297354K->41301K(2944064K), 0.0537510 secs]
[GC 297365K->48961K(2944064K), 0.0543090 secs]
[GC 305025K->42155K(2944064K), 0.0500320 secs]
[GC 298219K->44044K(2944064K), 0.0521890 secs]
[GC 300108K->42836K(2944064K), 0.0507810 secs]
[GC 298900K->44194K(2944064K), 0.0532200 secs]
[GC 300258K->43640K(2944064K), 0.0557520 secs]
[GC 299704K->44031K(2944064K), 0.0564770 secs]
 INFO  [Stressor-3] {org.radargun.stressors.StressTestStressor} Number of ops executed so far: 445650. Elapsed time: 40.005 secs. Remaining: 19.995 secs. Total: 1 mins 0 secs
[GC 300093K->51319K(2944064K), 0.0559560 secs]
[GC 307383K->44079K(2944064K), 0.0539460 secs]
[GC 300143K->56270K(2944064K), 0.0550010 secs]
[GC 312334K->53351K(2944064K), 0.0591070 secs]
[GC 309415K->49051K(2944064K), 0.0541850 secs]
[GC 305115K->56009K(2944064K), 0.0544360 secs]
[GC 312073K->54292K(2944064K), 0.0512660 secs]
[GC 310356K->55148K(2944064K), 0.0536020 secs]
[GC 311212K->54887K(2944064K), 0.0547340 secs]
[GC 310951K->48352K(2944064K), 0.0509130 secs]
[GC 304416K->54196K(2944064K), 0.0519190 secs]
[GC 310260K->54094K(2944064K), 0.0537730 secs]
[GC 310158K->51272K(2944064K), 0.0533120 secs]
[GC 307336K->50176K(2944064K), 0.0547700 secs]
[GC 306240K->49169K(2944064K), 0.0499860 secs]
[GC 305233K->54631K(2944064K), 0.0475320 secs]
 INFO  [Stressor-3] {org.radargun.stressors.StressTestStressor} Number of ops executed so far: 686200. Elapsed time: 1 mins 0 secs. Remaining: 0.000 secs. Total: 1 mins 0 secs
 INFO  [pool-1-thread-1] {org.radargun.stressors.StressTestStressor} Finished generating report. Test duration is: 1 mins 4 secs
 INFO  [pool-1-thread-1] {org.radargun.stages.StressTestWarmupStage} The warmup took: 64 seconds.
 INFO  [pool-1-thread-1] {org.radargun.Slave} Finished stage: StressTestWarmup {bulkSize=1, cacheSpecificKeyGenerator=false, commitTransactions=true, duration=1 mins 0 secs, entrySize=1000, exitBenchmarkOnSlaveFailure=false, fixedKeys=true, generateHistogramRange=false, keyGeneratorClass=org.radargun.stressors.StringKeyGenerator, keyGeneratorParam=null, loadAllKeys=false, numEntries=100, numOfThreads=4, numRequests=10000, numThreads=4, numberOfAttributes=100, numberOfRequests=10000, opsCountStatusLog=100000, poolKeys=true, preferAsyncOperations=false, removePercentage=0, replaceInvalidPercentage=40, runOnAllSlaves=false, sharedKeys=false, sizeOfAnAttribute=1000, slaves=null, transactionSize=50, useAtomics=false, useHistogramStatistics=false, useSimpleStatistics=true, useSmartClassLoading=true, useTransactions=null, writePercentage=20, writeTxPercentage=20 }
 INFO  [main] {org.radargun.Slave} Ack successfully sent to the master
 INFO  [pool-1-thread-1] {org.radargun.Slave} Executing stage: ClearClusterStage {ClearCluster {exitBenchmarkOnSlaveFailure=false, runOnAllSlaves=false, slaves=[ 0 ], useSmartClassLoading=true }
 INFO  [pool-1-thread-1] {org.radargun.stages.ClearClusterStage} Before executing clear, memory looks like this: Memory - free: 2,754,123 kb - max:4,906,688 kb- total:2,944,064 kb
[Full GC 191089K->21639K(2944064K), 0.3205520 secs]
 INFO  [pool-1-thread-1] {org.radargun.stages.ClearClusterStage} After executing cleanup, memory looks like this: Memory - free: 2,920,163 kb - max:4,906,688 kb- total:2,944,256 kb
 INFO  [pool-1-thread-1] {org.radargun.Slave} Finished stage: ClearClusterStage {ClearCluster {exitBenchmarkOnSlaveFailure=false, runOnAllSlaves=false, slaves=[ 0 ], useSmartClassLoading=true }
 INFO  [main] {org.radargun.Slave} Ack successfully sent to the master
 INFO  [pool-1-thread-1] {org.radargun.Slave} Executing stage: StressTest {bulkSize=1, cacheSpecificKeyGenerator=false, commitTransactions=true, duration=1 mins 0 secs, entrySize=1000, exitBenchmarkOnSlaveFailure=false, fixedKeys=true, generateHistogramRange=false, keyGeneratorClass=org.radargun.stressors.StringKeyGenerator, keyGeneratorParam=null, loadAllKeys=false, numEntries=10000, numOfThreads=4, numRequests=10000000, numThreads=4, numberOfAttributes=10000, numberOfRequests=10000000, opsCountStatusLog=500000, poolKeys=true, preferAsyncOperations=false, removePercentage=0, replaceInvalidPercentage=40, runOnAllSlaves=false, sharedKeys=false, sizeOfAnAttribute=1000, slaves=null, transactionSize=10000, useAtomics=false, useHistogramStatistics=false, useSimpleStatistics=true, useSmartClassLoading=true, useTransactions=true, writePercentage=10, writeTxPercentage=20 }
 INFO  [pool-1-thread-1] {org.radargun.stages.StressTestStage} Starting StressTestStage: StressTest {bulkSize=1, cacheSpecificKeyGenerator=false, commitTransactions=true, duration=1 mins 0 secs, entrySize=1000, exitBenchmarkOnSlaveFailure=false, fixedKeys=true, generateHistogramRange=false, keyGeneratorClass=org.radargun.stressors.StringKeyGenerator, keyGeneratorParam=null, loadAllKeys=false, numEntries=10000, numOfThreads=4, numRequests=10000000, numThreads=4, numberOfAttributes=10000, numberOfRequests=10000000, opsCountStatusLog=500000, poolKeys=true, preferAsyncOperations=false, removePercentage=0, replaceInvalidPercentage=40, runOnAllSlaves=false, sharedKeys=false, sizeOfAnAttribute=1000, slaves=null, transactionSize=10000, useAtomics=false, useHistogramStatistics=false, useSimpleStatistics=true, useSmartClassLoading=true, useTransactions=true, writePercentage=10, writeTxPercentage=20 }
 INFO  [pool-1-thread-1] {org.radargun.stressors.StressTestStressor} Using key generator org.radargun.stressors.StringKeyGenerator, param null
 INFO  [pool-1-thread-1] {org.radargun.stressors.StressTestStressor} Executing: StressTestStressor{opsCountStatusLog=500000, numRequests=10000000, numEntries=10000, entrySize=1000, writePercentage=10, numThreads=4, cacheWrapper=org.radargun.cachewrappers.InfinispanXSWrapper@553d0a33, nodeIndex=6, useTransactions=true, transactionSize=10000, commitTransactions=true, durationMillis=60000}
 INFO  [pool-1-thread-1] {org.radargun.stressors.StressTestStressor} Cache wrapper info is: Running : 5.2.6.Final, config:ispn52-repl-sync-rc.xml, cacheName:testCache
[GC 277831K->65645K(2944256K), 0.0578450 secs]
[GC 321837K->86543K(2944256K), 0.0714440 secs]
[GC 342735K->106476K(2944256K), 0.0799810 secs]
[GC 362668K->153268K(2944256K), 0.1098510 secs]
[GC 409460K->183311K(2944256K), 0.1057050 secs]
[GC 439503K->192082K(2944256K), 0.1826900 secs]
[GC 448274K->198905K(2944256K), 0.1127270 secs]
[GC 455097K->233293K(2944256K), 0.0985190 secs]
[GC 489485K->253527K(2944256K), 0.1042880 secs]
[GC 509719K->280056K(2944256K), 0.1059660 secs]
[GC 536248K->288758K(2944256K), 0.1035950 secs]
[GC 544950K->318715K(2944256K), 0.0937430 secs]
[GC 574907K->356763K(2944256K), 0.0941380 secs]
[GC 612955K->381643K(2944256K), 0.1070560 secs]
[GC 637835K->393863K(2944256K), 0.1075670 secs]
[GC 650055K->410332K(2944256K), 0.1083030 secs]
[GC 666524K->430230K(2944256K), 0.1148420 secs]
[GC 686422K->456098K(2944256K), 0.1127320 secs]
[GC 712290K->462108K(2944256K), 0.1111560 secs]
[GC 718300K->494507K(2944256K), 0.0929500 secs]
[GC 750699K->527894K(2944256K), 0.1035960 secs]
[GC 784086K->555736K(2944256K), 0.1080540 secs]
[GC 811928K->543964K(2944256K), 0.1013440 secs]
[GC 800156K->583309K(2944256K), 0.0946250 secs]
[GC 839501K->610683K(2944256K), 0.1017760 secs]
[GC 866875K->637752K(2944256K), 0.1070340 secs]
[GC 893944K->631554K(2944256K), 0.1090440 secs]
[GC 887746K->667157K(2944256K), 0.1122330 secs]
[GC 923349K->689133K(2944256K), 0.1061920 secs]
[GC 945325K->713259K(2944256K), 0.1128930 secs]
[GC 969451K->704716K(2944256K), 0.1148810 secs]
[GC 960908K->773048K(2944256K), 0.0971440 secs]
 INFO  [pool-1-thread-1] {org.radargun.stressors.StressTestStressor} Started 4 stressor threads.
 INFO  [Stressor-3] {org.radargun.stressors.StressTestStressor} Number of ops executed so far: 1. Elapsed time: 0.000 secs. Remaining: 1 mins 0 secs. Total: 1 mins 0 secs
[GC 1028378K->778528K(2944256K), 0.1078590 secs]
[GC 1034720K->793459K(2944256K), 0.1195410 secs]
[GC 1049630K->818664K(2944256K), 0.0840620 secs]
[GC 1074856K->862339K(2944256K), 0.0719680 secs]
[GC 1118512K->864694K(2944256K), 0.0977510 secs]
[GC 1120125K->926275K(2944256K), 0.0845990 secs]
[GC 1182414K->940451K(2944256K), 0.0768740 secs]
[GC 1196643K->934926K(2944256K), 0.0736110 secs]
[GC 1191118K->987629K(2944256K), 0.0812770 secs]
[GC 1243821K->973398K(2944256K), 0.0800800 secs]
[GC 1229590K->1040784K(2944256K), 0.0802650 secs]
[GC 1296924K->1028672K(2944256K), 0.0846950 secs]
[GC 1284864K->1097269K(2944256K), 0.0819180 secs]
[GC 1352700K->1088024K(2944256K), 0.0839780 secs]
 INFO  [Stressor-1] {org.radargun.stressors.StressTestStressor} Number of ops executed so far: 300000. Elapsed time: 20.375 secs. Remaining: 39.625 secs. Total: 1 mins 0 secs
[GC 1344216K->1128114K(2944256K), 0.0760620 secs]
[GC 1384275K->1154207K(2944256K), 0.0823560 secs]
[GC 1410399K->1166148K(2944256K), 0.0800890 secs]
[GC 1422285K->1186522K(2944256K), 0.0780160 secs]
[GC 1442713K->1227752K(2944256K), 0.0679790 secs]
[GC 1483930K->1228467K(2944256K), 0.0858020 secs]
[GC 1484643K->1259822K(2944256K), 0.0753750 secs]
[GC 1516014K->1313038K(2944256K), 0.0783320 secs]
[GC 1569202K->1312081K(2944256K), 0.0861740 secs]
[GC 1568273K->1356301K(2944256K), 0.0777700 secs]
[GC 1612493K->1370463K(2944256K), 0.0718670 secs]
[GC 1626655K->1399104K(2944256K), 0.0805800 secs]
[GC 1399628K(2944256K), 0.0196420 secs]
[GC 1654943K->1453027K(2944256K), 0.0732500 secs]
[GC 1583818K(2944256K), 0.0685230 secs]
[GC 1168905K->897676K(2944256K), 0.0736920 secs]
[GC 942474K->727870K(2944256K), 0.0779750 secs]
 INFO  [Stressor-0] {org.radargun.stressors.StressTestStressor} Number of ops executed so far: 610000. Elapsed time: 41.341 secs. Remaining: 18.659 secs. Total: 1 mins 0 secs
[GC 982110K->748259K(2944256K), 0.0686590 secs]
[GC 1004451K->752842K(2944256K), 0.0897860 secs]
[GC 1009034K->782882K(2944256K), 0.0730190 secs]
[GC 1039074K->845701K(2944256K), 0.0839260 secs]
[GC 1101893K->839907K(2944256K), 0.0748670 secs]
[GC 1096099K->843677K(2944256K), 0.0735390 secs]
[GC 1099522K->897752K(2944256K), 0.0681150 secs]
[GC 1153944K->918374K(2944256K), 0.0922720 secs]
[GC 1174528K->913109K(2944256K), 0.0745910 secs]
[GC 1169301K->972796K(2944256K), 0.0802620 secs]
[GC 1228988K->980297K(2944256K), 0.0789650 secs]
[GC 1235772K->1019409K(2944256K), 0.0788370 secs]
[GC 1275560K->1050177K(2944256K), 0.0772560 secs]
[GC 1306369K->1031139K(2944256K), 0.0667360 secs]
[GC 1287286K->1089664K(2944256K), 0.0632740 secs]
[GC 1345856K->1093090K(2944256K), 0.0840290 secs]
 INFO  [Stressor-0] {org.radargun.stressors.StressTestStressor} Number of ops executed so far: 970000. Elapsed time: 1 mins 1 secs. Remaining: 0.000 secs. Total: 1 mins 0 secs
 INFO  [pool-1-thread-1] {org.radargun.stressors.StressTestStressor} Finished generating report. Test duration is: 2 mins 30 secs
 INFO  [pool-1-thread-1] {org.radargun.stages.StressTestStage} size info: Running : 5.2.6.Final, config:ispn52-repl-sync-rc.xml, cacheName:testCache, clusterSize:12, nodeIndex:6, cacheSize: 480000
 INFO  [pool-1-thread-1] {org.radargun.Slave} Finished stage: StressTest {bulkSize=1, cacheSpecificKeyGenerator=false, commitTransactions=true, duration=1 mins 0 secs, entrySize=1000, exitBenchmarkOnSlaveFailure=false, fixedKeys=true, generateHistogramRange=false, keyGeneratorClass=org.radargun.stressors.StringKeyGenerator, keyGeneratorParam=null, loadAllKeys=false, numEntries=10000, numOfThreads=4, numRequests=10000000, numThreads=4, numberOfAttributes=10000, numberOfRequests=10000000, opsCountStatusLog=500000, poolKeys=true, preferAsyncOperations=false, removePercentage=0, replaceInvalidPercentage=40, runOnAllSlaves=false, sharedKeys=false, sizeOfAnAttribute=1000, slaves=null, transactionSize=10000, useAtomics=false, useHistogramStatistics=false, useSimpleStatistics=true, useSmartClassLoading=true, useTransactions=true, writePercentage=10, writeTxPercentage=20 }
 INFO  [main] {org.radargun.Slave} Ack successfully sent to the master
[GC 1349165K->1108259K(2944256K), 0.0662000 secs]
[GC 1364397K->1156801K(2944256K), 0.0667470 secs]
 INFO  [main] {org.radargun.Slave} Master shutdown!
 INFO  [Thread-0] {org.radargun.ShutDownHook} Slave process is being shutdown
