/usr/java/jdk1.7.0_21/bin/java -server -Xmx1024M -Xms1024M -Dresolve.dns=false -Djgroups.timer.num_threads=4 -verbose:gc -Xmx5000M -Xms3000M -server -XX:+UseConcMarkSweepGC -XX:+AggressiveOpts -verbose:gc -XX:ParallelGCThreads=4 -XX:NewRatio=5 -XX:SurvivorRatio=2 -Dhazelcast.operation.thread.count=4 -Djava.net.preferIPv4Stack=true -Dlog4j.file.prefix=deimos-esw-13726 -Dbind.address= -Djgroups.bind_addr= -classpath /home/smf/github/radargun/target/distribution/RadarGun-1.1.0-SNAPSHOT/lib/activation-1.1.jar:/home/smf/github/radargun/target/distribution/RadarGun-1.1.0-SNAPSHOT/lib/commons-beanutils-1.8.0.jar:/home/smf/github/radargun/target/distribution/RadarGun-1.1.0-SNAPSHOT/lib/commons-digester-2.0.jar:/home/smf/github/radargun/target/distribution/RadarGun-1.1.0-SNAPSHOT/lib/commons-logging-1.1.1.jar:/home/smf/github/radargun/target/distribution/RadarGun-1.1.0-SNAPSHOT/lib/commons-math-1.2.jar:/home/smf/github/radargun/target/distribution/RadarGun-1.1.0-SNAPSHOT/lib/jboss-transaction-api-1.0.1.GA.jar:/home/smf/github/radargun/target/distribution/RadarGun-1.1.0-SNAPSHOT/lib/jcommon-1.0.15.jar:/home/smf/github/radargun/target/distribution/RadarGun-1.1.0-SNAPSHOT/lib/jfreechart-1.0.12.jar:/home/smf/github/radargun/target/distribution/RadarGun-1.1.0-SNAPSHOT/lib/log4j-1.2.14.jar:/home/smf/github/radargun/target/distribution/RadarGun-1.1.0-SNAPSHOT/lib/mail-1.4.2.jar:/home/smf/github/radargun/target/distribution/RadarGun-1.1.0-SNAPSHOT/lib/radargun-framework-1.1.0-SNAPSHOT.jar:/home/smf/github/radargun/target/distribution/RadarGun-1.1.0-SNAPSHOT/conf org.radargun.Slave -master 127.0.0.1:2103
--------------------------------------------------------------------------------
PerNodeRollingFileAppender::Using file prefix:deimos-esw-13726
 INFO  [main] {org.radargun.Slave} Attempting to connect to master 127.0.0.1:2103
 INFO  [main] {org.radargun.Slave} Successfully established connection with master at: 127.0.0.1:2103
Loading JARS from /home/smf/github/radargun/target/distribution/RadarGun-1.1.0-SNAPSHOT/lib/radargun-framework-1.1.0-SNAPSHOT.jar
 INFO  [pool-1-thread-1] {org.radargun.config.AnnotatedHelper} Loading JARS from /home/smf/github/radargun/target/distribution/RadarGun-1.1.0-SNAPSHOT/lib/radargun-framework-1.1.0-SNAPSHOT.jar
 INFO  [pool-1-thread-1] {org.radargun.config.AnnotatedHelper} Loading JARS from /home/smf/github/radargun/target/distribution/RadarGun-1.1.0-SNAPSHOT/lib/radargun-framework-1.1.0-SNAPSHOT.jar
 INFO  [pool-1-thread-1] {org.radargun.Slave} Executing stage: DestroyWrapper {enforceMemoryThrashHold=true, exitBenchmarkOnSlaveFailure=false, heapDumpDir=null, memoryThreshold=95, runOnAllSlaves=true, slaves=null, useSmartClassLoading=true }
 INFO  [pool-1-thread-1] {org.radargun.stages.DestroyWrapperStage} Received destroy cache wrapper request from master...
 INFO  [pool-1-thread-1] {org.radargun.stages.DestroyWrapperStage} No cache wrapper deployed on this slave, nothing to do.
 INFO  [pool-1-thread-1] {org.radargun.stages.DestroyWrapperStage} Before executing clear, memory looks like this: Memory - free: 2,928,638 kb - max:4,906,688 kb- total:2,944,000 kb
[Full GC 15361K->3631K(2944000K), 0.0656060 secs]
 INFO  [pool-1-thread-1] {org.radargun.stages.DestroyWrapperStage} After executing cleanup, memory looks like this: Memory - free: 2,935,311 kb - max:4,906,688 kb- total:2,944,064 kb
 INFO  [pool-1-thread-1] {org.radargun.Slave} Finished stage: DestroyWrapper {enforceMemoryThrashHold=true, exitBenchmarkOnSlaveFailure=false, heapDumpDir=null, memoryThreshold=95, runOnAllSlaves=true, slaves=null, useSmartClassLoading=true }
 INFO  [main] {org.radargun.Slave} Ack successfully sent to the master
 INFO  [pool-1-thread-1] {org.radargun.Slave} Executing stage: StartCluster {config=ispn52-repl-sync-rc.xml, delayAfterFirstSlaveStarts=5.000 secs, delayBetweenStartingSlaves=0.500 secs, exitBenchmarkOnSlaveFailure=true, expectNumSlaves=null, mayFailOn=null, reachable=null, runOnAllSlaves=false, slaves=null, staggerSlaveStartup=true, useSmartClassLoading=true, validateCluster=true }
 INFO  [pool-1-thread-1] {org.radargun.stages.StartClusterStage}  Startup staggering, starting 8 slaves. This is the slave with index 6. Sleeping for 8000 millis.
 INFO  [pool-1-thread-1] {org.radargun.stages.StartClusterStage} Ack master's StartCluster stage. Local address is: /127.0.0.1. This slave's index is: 6
 INFO  [pool-1-thread-1] {org.radargun.utils.ClassLoadHelper} Creating newInstance org.radargun.cachewrappers.InfinispanXSWrapper with classloader java.net.URLClassLoader@a2e02b2
 INFO  [pool-1-thread-1] {org.radargun.cachewrappers.InfinispanXSWrapper} Cannot find any site for slave index 6
 INFO  [pool-1-thread-1] {org.infinispan.remoting.transport.jgroups.JGroupsTransport} ISPN000078: Starting JGroups Channel
 WARN  [pool-1-thread-1] {org.jgroups.protocols.UDP} [JGRP00014] the send buffer of socket DatagramSocket was set to 640KB, but the OS only allocated 229.38KB. This might lead to performance problems. Please set your max send buffer in the OS correctly (e.g. net.core.wmem_max on Linux)
 WARN  [pool-1-thread-1] {org.jgroups.protocols.UDP} [JGRP00014] the receive buffer of socket DatagramSocket was set to 20MB, but the OS only allocated 229.38KB. This might lead to performance problems. Please set your max receive buffer in the OS correctly (e.g. net.core.rmem_max on Linux)
 WARN  [pool-1-thread-1] {org.jgroups.protocols.UDP} [JGRP00014] the send buffer of socket MulticastSocket was set to 640KB, but the OS only allocated 229.38KB. This might lead to performance problems. Please set your max send buffer in the OS correctly (e.g. net.core.wmem_max on Linux)
 WARN  [pool-1-thread-1] {org.jgroups.protocols.UDP} [JGRP00014] the receive buffer of socket MulticastSocket was set to 25MB, but the OS only allocated 229.38KB. This might lead to performance problems. Please set your max receive buffer in the OS correctly (e.g. net.core.rmem_max on Linux)
 INFO  [pool-1-thread-1] {org.infinispan.remoting.transport.jgroups.JGroupsTransport} ISPN000094: Received new cluster view: [deimos-esw-49041|6] [deimos-esw-49041, deimos-esw-43571, deimos-esw-21247, deimos-esw-61107, deimos-esw-40169, deimos-esw-40094, deimos-esw-27392]
 INFO  [pool-1-thread-1] {org.infinispan.remoting.transport.jgroups.JGroupsTransport} ISPN000079: Cache local address is deimos-esw-27392, physical addresses are [127.0.0.1:52006]
 INFO  [pool-1-thread-1] {org.infinispan.factories.GlobalComponentRegistry} ISPN000128: Infinispan version: Infinispan 'Delirium' 5.2.6.Final
 INFO  [pool-1-thread-1] {org.infinispan.transaction.lookup.JBossStandaloneJTAManagerLookup} ISPN000107: Retrieving transaction manager Transaction: unknown
 INFO  [Incoming-4,deimos-esw-27392] {org.infinispan.remoting.transport.jgroups.JGroupsTransport} ISPN000094: Received new cluster view: [deimos-esw-49041|7] [deimos-esw-49041, deimos-esw-43571, deimos-esw-21247, deimos-esw-61107, deimos-esw-40169, deimos-esw-40094, deimos-esw-27392, deimos-esw-61211]
 INFO  [pool-1-thread-1] {org.infinispan.jmx.CacheJmxRegistration} ISPN000031: MBeans were successfully registered to the platform MBean server.
 INFO  [pool-1-thread-1] {org.radargun.cachewrappers.InfinispanXSWrapper} Using transaction manager: Transaction: unknown
 INFO  [pool-1-thread-1] {org.radargun.cachewrappers.InfinispanXSWrapper} No RELAY2 protocol in XS wrapper
 INFO  [pool-1-thread-1] {org.radargun.cachewrappers.InfinispanXSWrapper} JGroups version: JGroups 3.2.7.Final
 INFO  [pool-1-thread-1] {org.radargun.cachewrappers.InfinispanXSWrapper} Using config attributes: {name=ispn52-repl-sync-rc.xml}
 INFO  [pool-1-thread-1] {org.radargun.stages.helpers.StartHelper} Number of members is the one expected: 8
 INFO  [pool-1-thread-1] {org.radargun.stages.StartClusterStage} Successfully started cache wrapper on slave 6: org.radargun.cachewrappers.InfinispanXSWrapper@2f122921
 INFO  [pool-1-thread-1] {org.radargun.Slave} Finished stage: StartCluster {config=ispn52-repl-sync-rc.xml, delayAfterFirstSlaveStarts=5.000 secs, delayBetweenStartingSlaves=0.500 secs, exitBenchmarkOnSlaveFailure=true, expectNumSlaves=null, mayFailOn=null, reachable=null, runOnAllSlaves=false, slaves=null, staggerSlaveStartup=true, useSmartClassLoading=true, validateCluster=true }
 INFO  [main] {org.radargun.Slave} Ack successfully sent to the master
 INFO  [pool-1-thread-1] {org.radargun.Slave} Executing stage: ClusterValidation {exitBenchmarkOnSlaveFailure=false, partialReplication=false, replicationTimeSleep=2000, replicationTryCount=60, runOnAllSlaves=false, slaves=null, useSmartClassLoading=true }
 INFO  [pool-1-thread-1] {org.radargun.stages.ClusterValidationStage} Number of caches that replicated here is 7
 INFO  [pool-1-thread-1] {org.radargun.stages.ClusterValidationStage} Replication test successfully passed. partialReplication? false, replicationCount = 7
 INFO  [pool-1-thread-1] {org.radargun.stages.ClusterValidationStage} Confirm phase successful.
 INFO  [pool-1-thread-1] {org.radargun.Slave} Finished stage: ClusterValidation {exitBenchmarkOnSlaveFailure=false, partialReplication=false, replicationTimeSleep=2000, replicationTryCount=60, runOnAllSlaves=false, slaves=[ 0, 1, 2, 3, 4, 5, 6, 7 ], useSmartClassLoading=true }
 INFO  [main] {org.radargun.Slave} Ack successfully sent to the master
 INFO  [pool-1-thread-1] {org.radargun.Slave} Executing stage: StressTestWarmup {bulkSize=1, cacheSpecificKeyGenerator=false, commitTransactions=true, duration=1 mins 0 secs, entrySize=1000, exitBenchmarkOnSlaveFailure=false, fixedKeys=true, generateHistogramRange=false, keyGeneratorClass=org.radargun.stressors.StringKeyGenerator, keyGeneratorParam=null, loadAllKeys=false, numEntries=100, numOfThreads=4, numRequests=10000, numThreads=4, numberOfAttributes=100, numberOfRequests=10000, opsCountStatusLog=100000, poolKeys=true, preferAsyncOperations=false, removePercentage=0, replaceInvalidPercentage=40, runOnAllSlaves=false, sharedKeys=false, sizeOfAnAttribute=1000, slaves=null, transactionSize=50, useAtomics=false, useHistogramStatistics=false, useSimpleStatistics=true, useSmartClassLoading=true, useTransactions=null, writePercentage=20, writeTxPercentage=20 }
 INFO  [pool-1-thread-1] {org.radargun.stages.StressTestWarmupStage} Starting StressTestWarmupStage: StressTestWarmup {bulkSize=1, cacheSpecificKeyGenerator=false, commitTransactions=true, duration=1 mins 0 secs, entrySize=1000, exitBenchmarkOnSlaveFailure=false, fixedKeys=true, generateHistogramRange=false, keyGeneratorClass=org.radargun.stressors.StringKeyGenerator, keyGeneratorParam=null, loadAllKeys=false, numEntries=100, numOfThreads=4, numRequests=10000, numThreads=4, numberOfAttributes=100, numberOfRequests=10000, opsCountStatusLog=100000, poolKeys=true, preferAsyncOperations=false, removePercentage=0, replaceInvalidPercentage=40, runOnAllSlaves=false, sharedKeys=false, sizeOfAnAttribute=1000, slaves=null, transactionSize=50, useAtomics=false, useHistogramStatistics=false, useSimpleStatistics=true, useSmartClassLoading=true, useTransactions=null, writePercentage=20, writeTxPercentage=20 }
 INFO  [pool-1-thread-1] {org.radargun.stressors.StressTestStressor} Using key generator org.radargun.stressors.StringKeyGenerator, param null
 INFO  [pool-1-thread-1] {org.radargun.stressors.StressTestStressor} Executing: StressTestStressor{opsCountStatusLog=100000, numRequests=10000, numEntries=100, entrySize=1000, writePercentage=20, numThreads=4, cacheWrapper=org.radargun.cachewrappers.InfinispanXSWrapper@2f122921, nodeIndex=6, useTransactions=true, transactionSize=50, commitTransactions=true, durationMillis=60000}
 INFO  [pool-1-thread-1] {org.radargun.stressors.StressTestStressor} Cache wrapper info is: Running : 5.2.6.Final, config:ispn52-repl-sync-rc.xml, cacheName:testCache
[GC 259695K->18373K(2944064K), 0.0405820 secs]
 INFO  [pool-1-thread-1] {org.radargun.stressors.StressTestStressor} Started 4 stressor threads.
 INFO  [Stressor-1] {org.radargun.stressors.StressTestStressor} Number of ops executed so far: 1. Elapsed time: 0.001 secs. Remaining: 59.999 secs. Total: 1 mins 0 secs
[GC 274437K->20402K(2944064K), 0.0374200 secs]
[GC 276466K->27902K(2944064K), 0.0375660 secs]
[GC 283966K->29102K(2944064K), 0.0391280 secs]
[GC 285166K->33317K(2944064K), 0.0413460 secs]
[GC 289381K->27380K(2944064K), 0.0411680 secs]
[GC 283444K->29681K(2944064K), 0.0378370 secs]
[GC 285745K->35625K(2944064K), 0.0455970 secs]
[GC 291689K->38233K(2944064K), 0.0434000 secs]
[GC 294297K->34555K(2944064K), 0.0428830 secs]
[GC 290619K->33526K(2944064K), 0.0416780 secs]
[GC 289590K->38771K(2944064K), 0.0479860 secs]
[GC 294835K->41753K(2944064K), 0.0461390 secs]
[GC 297810K->37687K(2944064K), 0.0492310 secs]
[GC 293751K->38457K(2944064K), 0.0434330 secs]
[GC 294521K->42932K(2944064K), 0.0682380 secs]
[GC 298996K->37856K(2944064K), 0.0390140 secs]
[GC 293920K->34678K(2944064K), 0.0402120 secs]
 INFO  [Stressor-2] {org.radargun.stressors.StressTestStressor} Number of ops executed so far: 389500. Elapsed time: 20.006 secs. Remaining: 39.994 secs. Total: 1 mins 0 secs
[GC 290742K->37145K(2944064K), 0.0366860 secs]
[GC 293209K->39403K(2944064K), 0.0373990 secs]
[GC 295467K->38824K(2944064K), 0.0351840 secs]
[GC 294888K->39993K(2944064K), 0.0405470 secs]
[GC 296048K->42962K(2944064K), 0.0398000 secs]
[GC 299026K->44359K(2944064K), 0.0408090 secs]
[GC 300423K->38590K(2944064K), 0.0445520 secs]
[GC 294654K->45569K(2944064K), 0.0458250 secs]
[GC 301633K->42264K(2944064K), 0.0470500 secs]
[GC 298328K->48624K(2944064K), 0.0516480 secs]
[GC 304671K->38577K(2944064K), 0.0496020 secs]
[GC 294641K->42278K(2944064K), 0.0462610 secs]
[GC 298342K->43171K(2944064K), 0.0481090 secs]
[GC 299235K->49284K(2944064K), 0.0491810 secs]
[GC 305348K->46427K(2944064K), 0.0499940 secs]
[GC 302491K->47180K(2944064K), 0.0492720 secs]
[GC 303244K->45823K(2944064K), 0.0479850 secs]
[GC 301887K->47539K(2944064K), 0.0506600 secs]
 INFO  [Stressor-0] {org.radargun.stressors.StressTestStressor} Number of ops executed so far: 828150. Elapsed time: 40.010 secs. Remaining: 19.990 secs. Total: 1 mins 0 secs
[GC 303603K->42343K(2944064K), 0.0455560 secs]
[GC 298407K->51883K(2944064K), 0.0494450 secs]
[GC 307947K->49372K(2944064K), 0.0453780 secs]
[GC 305436K->53146K(2944064K), 0.0471680 secs]
[GC 309210K->45573K(2944064K), 0.0485950 secs]
[GC 301637K->44953K(2944064K), 0.0458250 secs]
[GC 301017K->46312K(2944064K), 0.0525810 secs]
[GC 302376K->47280K(2944064K), 0.0502950 secs]
[GC 303344K->48184K(2944064K), 0.0504050 secs]
[GC 304248K->49345K(2944064K), 0.0479540 secs]
[GC 305409K->50465K(2944064K), 0.0466020 secs]
[GC 306529K->44324K(2944064K), 0.0483900 secs]
[GC 300388K->43011K(2944064K), 0.0449550 secs]
[GC 299075K->51499K(2944064K), 0.0461070 secs]
[GC 307563K->49073K(2944064K), 0.0438120 secs]
[GC 305137K->50175K(2944064K), 0.0475240 secs]
[GC 306239K->50950K(2944064K), 0.0462820 secs]
[GC 307014K->47433K(2944064K), 0.0438210 secs]
[GC 303497K->46954K(2944064K), 0.0415870 secs]
 INFO  [pool-1-thread-1] {org.radargun.stressors.StressTestStressor} Finished generating report. Test duration is: 1 mins 2 secs
 INFO  [pool-1-thread-1] {org.radargun.stages.StressTestWarmupStage} The warmup took: 62 seconds.
 INFO  [pool-1-thread-1] {org.radargun.Slave} Finished stage: StressTestWarmup {bulkSize=1, cacheSpecificKeyGenerator=false, commitTransactions=true, duration=1 mins 0 secs, entrySize=1000, exitBenchmarkOnSlaveFailure=false, fixedKeys=true, generateHistogramRange=false, keyGeneratorClass=org.radargun.stressors.StringKeyGenerator, keyGeneratorParam=null, loadAllKeys=false, numEntries=100, numOfThreads=4, numRequests=10000, numThreads=4, numberOfAttributes=100, numberOfRequests=10000, opsCountStatusLog=100000, poolKeys=true, preferAsyncOperations=false, removePercentage=0, replaceInvalidPercentage=40, runOnAllSlaves=false, sharedKeys=false, sizeOfAnAttribute=1000, slaves=null, transactionSize=50, useAtomics=false, useHistogramStatistics=false, useSimpleStatistics=true, useSmartClassLoading=true, useTransactions=null, writePercentage=20, writeTxPercentage=20 }
 INFO  [main] {org.radargun.Slave} Ack successfully sent to the master
 INFO  [pool-1-thread-1] {org.radargun.Slave} Executing stage: ClearClusterStage {ClearCluster {exitBenchmarkOnSlaveFailure=false, runOnAllSlaves=false, slaves=[ 0 ], useSmartClassLoading=true }
 INFO  [pool-1-thread-1] {org.radargun.stages.ClearClusterStage} Before executing clear, memory looks like this: Memory - free: 2,829,846 kb - max:4,906,688 kb- total:2,944,064 kb
[Full GC 115165K->21342K(2944064K), 0.2144010 secs]
 INFO  [pool-1-thread-1] {org.radargun.stages.ClearClusterStage} After executing cleanup, memory looks like this: Memory - free: 2,920,526 kb - max:4,906,688 kb- total:2,944,192 kb
 INFO  [pool-1-thread-1] {org.radargun.Slave} Finished stage: ClearClusterStage {ClearCluster {exitBenchmarkOnSlaveFailure=false, runOnAllSlaves=false, slaves=[ 0 ], useSmartClassLoading=true }
 INFO  [main] {org.radargun.Slave} Ack successfully sent to the master
 INFO  [pool-1-thread-1] {org.radargun.Slave} Executing stage: StressTest {bulkSize=1, cacheSpecificKeyGenerator=false, commitTransactions=true, duration=1 mins 0 secs, entrySize=1000, exitBenchmarkOnSlaveFailure=false, fixedKeys=true, generateHistogramRange=false, keyGeneratorClass=org.radargun.stressors.StringKeyGenerator, keyGeneratorParam=null, loadAllKeys=false, numEntries=10000, numOfThreads=4, numRequests=10000000, numThreads=4, numberOfAttributes=10000, numberOfRequests=10000000, opsCountStatusLog=500000, poolKeys=true, preferAsyncOperations=false, removePercentage=0, replaceInvalidPercentage=40, runOnAllSlaves=false, sharedKeys=false, sizeOfAnAttribute=1000, slaves=null, transactionSize=10000, useAtomics=false, useHistogramStatistics=false, useSimpleStatistics=true, useSmartClassLoading=true, useTransactions=true, writePercentage=10, writeTxPercentage=20 }
 INFO  [pool-1-thread-1] {org.radargun.stages.StressTestStage} Starting StressTestStage: StressTest {bulkSize=1, cacheSpecificKeyGenerator=false, commitTransactions=true, duration=1 mins 0 secs, entrySize=1000, exitBenchmarkOnSlaveFailure=false, fixedKeys=true, generateHistogramRange=false, keyGeneratorClass=org.radargun.stressors.StringKeyGenerator, keyGeneratorParam=null, loadAllKeys=false, numEntries=10000, numOfThreads=4, numRequests=10000000, numThreads=4, numberOfAttributes=10000, numberOfRequests=10000000, opsCountStatusLog=500000, poolKeys=true, preferAsyncOperations=false, removePercentage=0, replaceInvalidPercentage=40, runOnAllSlaves=false, sharedKeys=false, sizeOfAnAttribute=1000, slaves=null, transactionSize=10000, useAtomics=false, useHistogramStatistics=false, useSimpleStatistics=true, useSmartClassLoading=true, useTransactions=true, writePercentage=10, writeTxPercentage=20 }
 INFO  [pool-1-thread-1] {org.radargun.stressors.StressTestStressor} Using key generator org.radargun.stressors.StringKeyGenerator, param null
 INFO  [pool-1-thread-1] {org.radargun.stressors.StressTestStressor} Executing: StressTestStressor{opsCountStatusLog=500000, numRequests=10000000, numEntries=10000, entrySize=1000, writePercentage=10, numThreads=4, cacheWrapper=org.radargun.cachewrappers.InfinispanXSWrapper@2f122921, nodeIndex=6, useTransactions=true, transactionSize=10000, commitTransactions=true, durationMillis=60000}
 INFO  [pool-1-thread-1] {org.radargun.stressors.StressTestStressor} Cache wrapper info is: Running : 5.2.6.Final, config:ispn52-repl-sync-rc.xml, cacheName:testCache
[GC 277534K->60699K(2944192K), 0.0467750 secs]
[GC 316891K->77001K(2944192K), 0.0570650 secs]
[GC 333193K->117167K(2944192K), 0.0658270 secs]
[GC 373359K->149206K(2944192K), 0.1131800 secs]
[GC 405398K->161366K(2944192K), 0.0875110 secs]
[GC 417558K->181063K(2944192K), 0.0911790 secs]
[GC 437255K->199853K(2944192K), 0.0880900 secs]
[GC 456045K->240506K(2944192K), 0.0976310 secs]
[GC 496698K->230106K(2944192K), 0.0904620 secs]
[GC 486298K->253627K(2944192K), 0.0913580 secs]
[GC 509819K->283948K(2944192K), 0.0899530 secs]
[GC 540140K->287311K(2944192K), 0.1007690 secs]
[GC 543503K->324613K(2944192K), 0.0968170 secs]
[GC 580805K->365379K(2944192K), 0.1038070 secs]
[GC 621571K->351966K(2944192K), 0.0895010 secs]
[GC 608158K->406287K(2944192K), 0.0903370 secs]
[GC 662479K->398632K(2944192K), 0.1020260 secs]
[GC 654824K->447444K(2944192K), 0.0913410 secs]
[GC 703636K->428526K(2944192K), 0.0936370 secs]
[GC 684718K->474272K(2944192K), 0.0901810 secs]
[GC 730464K->484973K(2944192K), 0.0908600 secs]
[GC 741165K->492275K(2944192K), 0.0949920 secs]
 INFO  [pool-1-thread-1] {org.radargun.stressors.StressTestStressor} Started 4 stressor threads.
 INFO  [Stressor-2] {org.radargun.stressors.StressTestStressor} Number of ops executed so far: 1. Elapsed time: 0.000 secs. Remaining: 1 mins 0 secs. Total: 1 mins 0 secs
[GC 748452K->546042K(2944192K), 0.1016650 secs]
[GC 802234K->536305K(2944192K), 0.0906860 secs]
[GC 792497K->593987K(2944192K), 0.0873330 secs]
[GC 849462K->576249K(2944192K), 0.0729890 secs]
[GC 832441K->623728K(2944192K), 0.0688430 secs]
[GC 879920K->622995K(2944192K), 0.0743220 secs]
[GC 879187K->626967K(2944192K), 0.0827820 secs]
[GC 883159K->674618K(2944192K), 0.0669000 secs]
[GC 930802K->690414K(2944192K), 0.0755100 secs]
[GC 946606K->709458K(2944192K), 0.0709800 secs]
[GC 964742K->710164K(2944192K), 0.0755920 secs]
[GC 966356K->754324K(2944192K), 0.0754420 secs]
[GC 1010516K->766757K(2944192K), 0.0805050 secs]
[GC 1022949K->776042K(2944192K), 0.0706580 secs]
[GC 1032234K->779321K(2944192K), 0.0695040 secs]
[GC 1035513K->824809K(2944192K), 0.0656210 secs]
[GC 1081001K->861695K(2944192K), 0.0735250 secs]
[GC 1117887K->854959K(2944192K), 0.0785250 secs]
[GC 1111151K->883840K(2944192K), 0.0702290 secs]
 INFO  [Stressor-2] {org.radargun.stressors.StressTestStressor} Number of ops executed so far: 860000. Elapsed time: 20.579 secs. Remaining: 39.421 secs. Total: 1 mins 0 secs
[GC 1139285K->923838K(2944192K), 0.0727380 secs]
[GC 1179494K->944424K(2944192K), 0.0843960 secs]
[GC 1200577K->945641K(2944192K), 0.0746570 secs]
[GC 1201833K->962027K(2944192K), 0.0717340 secs]
[GC 1218219K->998950K(2944192K), 0.0720430 secs]
[GC 1255142K->1009400K(2944192K), 0.0841330 secs]
[GC 1265297K->1019649K(2944192K), 0.0753640 secs]
[GC 1275841K->1026895K(2944192K), 0.0749290 secs]
[GC 1283087K->1074194K(2944192K), 0.0614680 secs]
[GC 1330380K->1106762K(2944192K), 0.0718800 secs]
[GC 1362954K->1122739K(2944192K), 0.0834200 secs]
[GC 1378931K->1114152K(2944192K), 0.0847740 secs]
[GC 1370344K->1161672K(2944192K), 0.0665280 secs]
[GC 1417864K->1181852K(2944192K), 0.0785900 secs]
[GC 1438041K->1199657K(2944192K), 0.0783340 secs]
[GC 1455849K->1180189K(2944192K), 0.0590150 secs]
[GC 1436381K->1240283K(2944192K), 0.0752510 secs]
[GC 1496475K->1241191K(2944192K), 0.0733050 secs]
[GC 1497383K->1262142K(2944192K), 0.0620130 secs]
[GC 1518330K->1293918K(2944192K), 0.0690360 secs]
[GC 1550110K->1282492K(2944192K), 0.0723600 secs]
 INFO  [Stressor-0] {org.radargun.stressors.StressTestStressor} Number of ops executed so far: 1850000. Elapsed time: 41.998 secs. Remaining: 18.002 secs. Total: 1 mins 0 secs
[GC 1538684K->1308266K(2944192K), 0.0787930 secs]
[GC 1564458K->1342698K(2944192K), 0.0639810 secs]
[GC 1598890K->1357088K(2944192K), 0.0780190 secs]
[GC 1613280K->1357707K(2944192K), 0.0817460 secs]
[GC 1613487K->1414581K(2944192K), 0.0735200 secs]
[GC 1415611K(2944192K), 0.0176080 secs]
[GC 1669817K->1406816K(2944192K), 0.0767880 secs]
[GC 1536583K(2944192K), 0.0423400 secs]
[GC 712022K->509561K(2944192K), 0.0721480 secs]
[GC 763789K->498766K(2944192K), 0.0725560 secs]
[GC 754934K->523024K(2944192K), 0.0606730 secs]
[GC 779197K->552411K(2944192K), 0.0823480 secs]
[GC 808560K->571165K(2944192K), 0.0676820 secs]
[GC 827357K->584384K(2944192K), 0.0655530 secs]
[GC 840576K->602668K(2944192K), 0.0652520 secs]
[GC 858860K->632828K(2944192K), 0.0774870 secs]
[GC 888249K->648181K(2944192K), 0.0657140 secs]
[GC 903981K->687525K(2944192K), 0.0623860 secs]
[GC 943717K->709021K(2944192K), 0.0842720 secs]
[GC 964448K->734971K(2944192K), 0.0698250 secs]
[GC 991163K->739038K(2944192K), 0.0668840 secs]
 INFO  [Stressor-2] {org.radargun.stressors.StressTestStressor} Number of ops executed so far: 2110000. Elapsed time: 1 mins 2 secs. Remaining: 0.000 secs. Total: 1 mins 0 secs
 INFO  [pool-1-thread-1] {org.radargun.stressors.StressTestStressor} Finished generating report. Test duration is: 1 mins 54 secs
 INFO  [pool-1-thread-1] {org.radargun.stages.StressTestStage} size info: Running : 5.2.6.Final, config:ispn52-repl-sync-rc.xml, cacheName:testCache, clusterSize:8, nodeIndex:6, cacheSize: 320000
 INFO  [pool-1-thread-1] {org.radargun.Slave} Finished stage: StressTest {bulkSize=1, cacheSpecificKeyGenerator=false, commitTransactions=true, duration=1 mins 0 secs, entrySize=1000, exitBenchmarkOnSlaveFailure=false, fixedKeys=true, generateHistogramRange=false, keyGeneratorClass=org.radargun.stressors.StringKeyGenerator, keyGeneratorParam=null, loadAllKeys=false, numEntries=10000, numOfThreads=4, numRequests=10000000, numThreads=4, numberOfAttributes=10000, numberOfRequests=10000000, opsCountStatusLog=500000, poolKeys=true, preferAsyncOperations=false, removePercentage=0, replaceInvalidPercentage=40, runOnAllSlaves=false, sharedKeys=false, sizeOfAnAttribute=1000, slaves=null, transactionSize=10000, useAtomics=false, useHistogramStatistics=false, useSimpleStatistics=true, useSmartClassLoading=true, useTransactions=true, writePercentage=10, writeTxPercentage=20 }
 INFO  [main] {org.radargun.Slave} Ack successfully sent to the master
 INFO  [main] {org.radargun.Slave} Master shutdown!
 INFO  [Thread-0] {org.radargun.ShutDownHook} Slave process is being shutdown
