2013-09-29 00:29:32,169 [main] INFO  [org.radargun.Slave] Attempting to connect to master 127.0.0.1:2103
2013-09-29 00:29:32,174 [main] INFO  [org.radargun.Slave] Successfully established connection with master at: 127.0.0.1:2103
2013-09-29 00:29:38,525 [pool-1-thread-1] INFO  [org.radargun.config.AnnotatedHelper] Loading JARS from /home/smf/github/radargun/target/distribution/RadarGun-1.1.0-SNAPSHOT/lib/radargun-framework-1.1.0-SNAPSHOT.jar
2013-09-29 00:29:38,664 [pool-1-thread-1] INFO  [org.radargun.config.AnnotatedHelper] Loading JARS from /home/smf/github/radargun/target/distribution/RadarGun-1.1.0-SNAPSHOT/lib/radargun-framework-1.1.0-SNAPSHOT.jar
2013-09-29 00:29:39,006 [pool-1-thread-1] INFO  [org.radargun.Slave] Executing stage: DestroyWrapper {enforceMemoryThrashHold=true, exitBenchmarkOnSlaveFailure=false, heapDumpDir=null, memoryThreshold=95, runOnAllSlaves=true, slaves=null, useSmartClassLoading=true }
2013-09-29 00:29:39,007 [pool-1-thread-1] INFO  [org.radargun.stages.DestroyWrapperStage] Received destroy cache wrapper request from master...
2013-09-29 00:29:39,007 [pool-1-thread-1] INFO  [org.radargun.stages.DestroyWrapperStage] No cache wrapper deployed on this slave, nothing to do.
2013-09-29 00:29:39,007 [pool-1-thread-1] INFO  [org.radargun.stages.DestroyWrapperStage] Before executing clear, memory looks like this: Memory - free: 2,928,638 kb - max:4,906,688 kb- total:2,944,000 kb
2013-09-29 00:29:39,147 [pool-1-thread-1] INFO  [org.radargun.stages.DestroyWrapperStage] After executing cleanup, memory looks like this: Memory - free: 2,935,311 kb - max:4,906,688 kb- total:2,944,064 kb
2013-09-29 00:29:39,174 [pool-1-thread-1] INFO  [org.radargun.Slave] Finished stage: DestroyWrapper {enforceMemoryThrashHold=true, exitBenchmarkOnSlaveFailure=false, heapDumpDir=null, memoryThreshold=95, runOnAllSlaves=true, slaves=null, useSmartClassLoading=true }
2013-09-29 00:29:39,175 [main] INFO  [org.radargun.Slave] Ack successfully sent to the master
2013-09-29 00:29:39,261 [pool-1-thread-1] INFO  [org.radargun.Slave] Executing stage: StartCluster {config=ispn52-repl-sync-rc.xml, delayAfterFirstSlaveStarts=5.000 secs, delayBetweenStartingSlaves=0.500 secs, exitBenchmarkOnSlaveFailure=true, expectNumSlaves=null, mayFailOn=null, reachable=null, runOnAllSlaves=false, slaves=null, staggerSlaveStartup=true, useSmartClassLoading=true, validateCluster=true }
2013-09-29 00:29:39,262 [pool-1-thread-1] INFO  [org.radargun.stages.StartClusterStage]  Startup staggering, starting 10 slaves. This is the slave with index 3. Sleeping for 6500 millis.
2013-09-29 00:29:45,762 [pool-1-thread-1] INFO  [org.radargun.stages.StartClusterStage] Ack master's StartCluster stage. Local address is: /127.0.0.1. This slave's index is: 3
2013-09-29 00:29:45,792 [pool-1-thread-1] INFO  [org.radargun.utils.ClassLoadHelper] Creating newInstance org.radargun.cachewrappers.InfinispanXSWrapper with classloader java.net.URLClassLoader@627fbcda
2013-09-29 00:29:45,950 [pool-1-thread-1] INFO  [org.radargun.cachewrappers.InfinispanXSWrapper] Cannot find any site for slave index 3
2013-09-29 00:29:46,774 [pool-1-thread-1] INFO  [org.infinispan.remoting.transport.jgroups.JGroupsTransport] ISPN000078: Starting JGroups Channel
2013-09-29 00:29:47,393 [pool-1-thread-1] WARN  [org.jgroups.protocols.UDP] [JGRP00014] the send buffer of socket DatagramSocket was set to 640KB, but the OS only allocated 229.38KB. This might lead to performance problems. Please set your max send buffer in the OS correctly (e.g. net.core.wmem_max on Linux)
2013-09-29 00:29:47,394 [pool-1-thread-1] WARN  [org.jgroups.protocols.UDP] [JGRP00014] the receive buffer of socket DatagramSocket was set to 20MB, but the OS only allocated 229.38KB. This might lead to performance problems. Please set your max receive buffer in the OS correctly (e.g. net.core.rmem_max on Linux)
2013-09-29 00:29:47,394 [pool-1-thread-1] WARN  [org.jgroups.protocols.UDP] [JGRP00014] the send buffer of socket MulticastSocket was set to 640KB, but the OS only allocated 229.38KB. This might lead to performance problems. Please set your max send buffer in the OS correctly (e.g. net.core.wmem_max on Linux)
2013-09-29 00:29:47,394 [pool-1-thread-1] WARN  [org.jgroups.protocols.UDP] [JGRP00014] the receive buffer of socket MulticastSocket was set to 25MB, but the OS only allocated 229.38KB. This might lead to performance problems. Please set your max receive buffer in the OS correctly (e.g. net.core.rmem_max on Linux)
2013-09-29 00:29:47,543 [pool-1-thread-1] INFO  [org.infinispan.remoting.transport.jgroups.JGroupsTransport] ISPN000094: Received new cluster view: [deimos-esw-19624|3] [deimos-esw-19624, deimos-esw-34884, deimos-esw-16973, deimos-esw-13877]
2013-09-29 00:29:47,546 [pool-1-thread-1] INFO  [org.infinispan.remoting.transport.jgroups.JGroupsTransport] ISPN000079: Cache local address is deimos-esw-13877, physical addresses are [127.0.0.1:52003]
2013-09-29 00:29:47,555 [pool-1-thread-1] INFO  [org.infinispan.factories.GlobalComponentRegistry] ISPN000128: Infinispan version: Infinispan 'Delirium' 5.2.6.Final
2013-09-29 00:29:47,730 [pool-1-thread-1] INFO  [org.infinispan.transaction.lookup.JBossStandaloneJTAManagerLookup] ISPN000107: Retrieving transaction manager Transaction: unknown
2013-09-29 00:29:47,964 [Incoming-4,deimos-esw-13877] INFO  [org.infinispan.remoting.transport.jgroups.JGroupsTransport] ISPN000094: Received new cluster view: [deimos-esw-19624|4] [deimos-esw-19624, deimos-esw-34884, deimos-esw-16973, deimos-esw-13877, deimos-esw-23244]
2013-09-29 00:29:48,033 [pool-1-thread-1] INFO  [org.infinispan.jmx.CacheJmxRegistration] ISPN000031: MBeans were successfully registered to the platform MBean server.
2013-09-29 00:29:48,127 [pool-1-thread-1] INFO  [org.radargun.cachewrappers.InfinispanXSWrapper] Using transaction manager: Transaction: unknown
2013-09-29 00:29:48,128 [pool-1-thread-1] INFO  [org.radargun.cachewrappers.InfinispanXSWrapper] No RELAY2 protocol in XS wrapper
2013-09-29 00:29:48,137 [pool-1-thread-1] INFO  [org.radargun.cachewrappers.InfinispanXSWrapper] JGroups version: JGroups 3.2.7.Final
2013-09-29 00:29:48,138 [pool-1-thread-1] INFO  [org.radargun.cachewrappers.InfinispanXSWrapper] Using config attributes: {name=ispn52-repl-sync-rc.xml}
2013-09-29 00:29:48,145 [pool-1-thread-1] INFO  [org.radargun.stages.helpers.StartHelper] Number of members=5 is not the one expected: 10
2013-09-29 00:29:48,464 [Incoming-4,deimos-esw-13877] INFO  [org.infinispan.remoting.transport.jgroups.JGroupsTransport] ISPN000094: Received new cluster view: [deimos-esw-19624|5] [deimos-esw-19624, deimos-esw-34884, deimos-esw-16973, deimos-esw-13877, deimos-esw-23244, deimos-esw-23695]
2013-09-29 00:29:48,965 [Incoming-4,deimos-esw-13877] INFO  [org.infinispan.remoting.transport.jgroups.JGroupsTransport] ISPN000094: Received new cluster view: [deimos-esw-19624|6] [deimos-esw-19624, deimos-esw-34884, deimos-esw-16973, deimos-esw-13877, deimos-esw-23244, deimos-esw-23695, deimos-esw-22654]
2013-09-29 00:29:49,146 [pool-1-thread-1] INFO  [org.radargun.stages.helpers.StartHelper] Number of members=7 is not the one expected: 10
2013-09-29 00:29:49,449 [Incoming-4,deimos-esw-13877] INFO  [org.infinispan.remoting.transport.jgroups.JGroupsTransport] ISPN000094: Received new cluster view: [deimos-esw-19624|7] [deimos-esw-19624, deimos-esw-34884, deimos-esw-16973, deimos-esw-13877, deimos-esw-23244, deimos-esw-23695, deimos-esw-22654, deimos-esw-39484]
2013-09-29 00:29:49,966 [Incoming-4,deimos-esw-13877] INFO  [org.infinispan.remoting.transport.jgroups.JGroupsTransport] ISPN000094: Received new cluster view: [deimos-esw-19624|8] [deimos-esw-19624, deimos-esw-34884, deimos-esw-16973, deimos-esw-13877, deimos-esw-23244, deimos-esw-23695, deimos-esw-22654, deimos-esw-39484, deimos-esw-11478]
2013-09-29 00:29:50,147 [pool-1-thread-1] INFO  [org.radargun.stages.helpers.StartHelper] Number of members=9 is not the one expected: 10
2013-09-29 00:29:50,474 [Incoming-4,deimos-esw-13877] INFO  [org.infinispan.remoting.transport.jgroups.JGroupsTransport] ISPN000094: Received new cluster view: [deimos-esw-19624|9] [deimos-esw-19624, deimos-esw-34884, deimos-esw-16973, deimos-esw-13877, deimos-esw-23244, deimos-esw-23695, deimos-esw-22654, deimos-esw-39484, deimos-esw-11478, deimos-esw-42230]
2013-09-29 00:29:51,148 [pool-1-thread-1] INFO  [org.radargun.stages.helpers.StartHelper] Number of members is the one expected: 10
2013-09-29 00:29:51,148 [pool-1-thread-1] INFO  [org.radargun.stages.StartClusterStage] Successfully started cache wrapper on slave 3: org.radargun.cachewrappers.InfinispanXSWrapper@250ef83c
2013-09-29 00:29:51,158 [pool-1-thread-1] INFO  [org.radargun.Slave] Finished stage: StartCluster {config=ispn52-repl-sync-rc.xml, delayAfterFirstSlaveStarts=5.000 secs, delayBetweenStartingSlaves=0.500 secs, exitBenchmarkOnSlaveFailure=true, expectNumSlaves=null, mayFailOn=null, reachable=null, runOnAllSlaves=false, slaves=null, staggerSlaveStartup=true, useSmartClassLoading=true, validateCluster=true }
2013-09-29 00:29:51,158 [main] INFO  [org.radargun.Slave] Ack successfully sent to the master
2013-09-29 00:29:51,430 [pool-1-thread-1] INFO  [org.radargun.Slave] Executing stage: ClusterValidation {exitBenchmarkOnSlaveFailure=false, partialReplication=false, replicationTimeSleep=2000, replicationTryCount=60, runOnAllSlaves=false, slaves=null, useSmartClassLoading=true }
2013-09-29 00:29:51,704 [pool-1-thread-1] INFO  [org.radargun.stages.ClusterValidationStage] Number of caches that replicated here is 9
2013-09-29 00:29:51,704 [pool-1-thread-1] INFO  [org.radargun.stages.ClusterValidationStage] Replication test successfully passed. partialReplication? false, replicationCount = 9
2013-09-29 00:29:51,739 [pool-1-thread-1] INFO  [org.radargun.stages.ClusterValidationStage] Confirm phase successful.
2013-09-29 00:29:51,744 [pool-1-thread-1] INFO  [org.radargun.Slave] Finished stage: ClusterValidation {exitBenchmarkOnSlaveFailure=false, partialReplication=false, replicationTimeSleep=2000, replicationTryCount=60, runOnAllSlaves=false, slaves=[ 0, 1, 2, 3, 4, 5, 6, 7, 8, 9 ], useSmartClassLoading=true }
2013-09-29 00:29:51,745 [main] INFO  [org.radargun.Slave] Ack successfully sent to the master
2013-09-29 00:29:52,800 [pool-1-thread-1] INFO  [org.radargun.Slave] Executing stage: StressTestWarmup {bulkSize=1, cacheSpecificKeyGenerator=false, commitTransactions=true, duration=0.060 secs, entrySize=1000, exitBenchmarkOnSlaveFailure=false, fixedKeys=true, generateHistogramRange=false, keyGeneratorClass=org.radargun.stressors.StringKeyGenerator, keyGeneratorParam=null, loadAllKeys=false, numEntries=100, numOfThreads=4, numRequests=10000, numThreads=4, numberOfAttributes=100, numberOfRequests=10000, opsCountStatusLog=100000, poolKeys=true, preferAsyncOperations=false, removePercentage=0, replaceInvalidPercentage=40, runOnAllSlaves=false, sharedKeys=false, sizeOfAnAttribute=1000, slaves=null, transactionSize=50, useAtomics=false, useHistogramStatistics=false, useSimpleStatistics=true, useSmartClassLoading=true, useTransactions=null, writePercentage=20, writeTxPercentage=20 }
2013-09-29 00:29:52,806 [pool-1-thread-1] INFO  [org.radargun.stages.StressTestWarmupStage] Starting StressTestWarmupStage: StressTestWarmup {bulkSize=1, cacheSpecificKeyGenerator=false, commitTransactions=true, duration=0.060 secs, entrySize=1000, exitBenchmarkOnSlaveFailure=false, fixedKeys=true, generateHistogramRange=false, keyGeneratorClass=org.radargun.stressors.StringKeyGenerator, keyGeneratorParam=null, loadAllKeys=false, numEntries=100, numOfThreads=4, numRequests=10000, numThreads=4, numberOfAttributes=100, numberOfRequests=10000, opsCountStatusLog=100000, poolKeys=true, preferAsyncOperations=false, removePercentage=0, replaceInvalidPercentage=40, runOnAllSlaves=false, sharedKeys=false, sizeOfAnAttribute=1000, slaves=null, transactionSize=50, useAtomics=false, useHistogramStatistics=false, useSimpleStatistics=true, useSmartClassLoading=true, useTransactions=null, writePercentage=20, writeTxPercentage=20 }
2013-09-29 00:29:52,814 [pool-1-thread-1] INFO  [org.radargun.stressors.StressTestStressor] Using key generator org.radargun.stressors.StringKeyGenerator, param null
2013-09-29 00:29:52,814 [pool-1-thread-1] INFO  [org.radargun.stressors.StressTestStressor] Executing: StressTestStressor{opsCountStatusLog=100000, numRequests=10000, numEntries=100, entrySize=1000, writePercentage=20, numThreads=4, cacheWrapper=org.radargun.cachewrappers.InfinispanXSWrapper@250ef83c, nodeIndex=3, useTransactions=true, transactionSize=50, commitTransactions=true, durationMillis=60}
2013-09-29 00:29:52,816 [pool-1-thread-1] INFO  [org.radargun.stressors.StressTestStressor] Cache wrapper info is: Running : 5.2.6.Final, config:ispn52-repl-sync-rc.xml, cacheName:testCache
2013-09-29 00:29:56,341 [pool-1-thread-1] INFO  [org.radargun.stressors.StressTestStressor] Started 4 stressor threads.
2013-09-29 00:29:56,346 [Stressor-3] INFO  [org.radargun.stressors.StressTestStressor] Number of ops executed so far: 1. Elapsed time: 0.001 secs. Remaining: 0.059 secs. Total: 0.060 secs
2013-09-29 00:29:56,406 [pool-1-thread-1] INFO  [org.radargun.stressors.StressTestStressor] Finished generating report. Test duration is: 3.591 secs
2013-09-29 00:29:56,407 [pool-1-thread-1] INFO  [org.radargun.stages.StressTestWarmupStage] The warmup took: 3 seconds.
2013-09-29 00:29:56,414 [pool-1-thread-1] INFO  [org.radargun.Slave] Finished stage: StressTestWarmup {bulkSize=1, cacheSpecificKeyGenerator=false, commitTransactions=true, duration=0.060 secs, entrySize=1000, exitBenchmarkOnSlaveFailure=false, fixedKeys=true, generateHistogramRange=false, keyGeneratorClass=org.radargun.stressors.StringKeyGenerator, keyGeneratorParam=null, loadAllKeys=false, numEntries=100, numOfThreads=4, numRequests=10000, numThreads=4, numberOfAttributes=100, numberOfRequests=10000, opsCountStatusLog=100000, poolKeys=true, preferAsyncOperations=false, removePercentage=0, replaceInvalidPercentage=40, runOnAllSlaves=false, sharedKeys=false, sizeOfAnAttribute=1000, slaves=null, transactionSize=50, useAtomics=false, useHistogramStatistics=false, useSimpleStatistics=true, useSmartClassLoading=true, useTransactions=null, writePercentage=20, writeTxPercentage=20 }
2013-09-29 00:29:56,415 [main] INFO  [org.radargun.Slave] Ack successfully sent to the master
2013-09-29 00:29:56,476 [pool-1-thread-1] INFO  [org.radargun.Slave] Executing stage: ClearClusterStage {ClearCluster {exitBenchmarkOnSlaveFailure=false, runOnAllSlaves=false, slaves=[ 0 ], useSmartClassLoading=true }
2013-09-29 00:29:56,478 [pool-1-thread-1] INFO  [org.radargun.stages.ClearClusterStage] Before executing clear, memory looks like this: Memory - free: 2,808,690 kb - max:4,906,688 kb- total:2,944,064 kb
2013-09-29 00:29:57,766 [pool-1-thread-1] INFO  [org.radargun.stages.ClearClusterStage] After executing cleanup, memory looks like this: Memory - free: 2,929,630 kb - max:4,906,688 kb- total:2,944,256 kb
2013-09-29 00:29:57,769 [pool-1-thread-1] INFO  [org.radargun.Slave] Finished stage: ClearClusterStage {ClearCluster {exitBenchmarkOnSlaveFailure=false, runOnAllSlaves=false, slaves=[ 0 ], useSmartClassLoading=true }
2013-09-29 00:29:57,770 [main] INFO  [org.radargun.Slave] Ack successfully sent to the master
2013-09-29 00:29:57,797 [pool-1-thread-1] INFO  [org.radargun.Slave] Executing stage: StressTest {bulkSize=1, cacheSpecificKeyGenerator=false, commitTransactions=true, duration=0.060 secs, entrySize=1000, exitBenchmarkOnSlaveFailure=false, fixedKeys=true, generateHistogramRange=false, keyGeneratorClass=org.radargun.stressors.StringKeyGenerator, keyGeneratorParam=null, loadAllKeys=false, numEntries=1000, numOfThreads=4, numRequests=10000000, numThreads=4, numberOfAttributes=1000, numberOfRequests=10000000, opsCountStatusLog=500000, poolKeys=true, preferAsyncOperations=false, removePercentage=0, replaceInvalidPercentage=40, runOnAllSlaves=false, sharedKeys=false, sizeOfAnAttribute=1000, slaves=null, transactionSize=1000, useAtomics=false, useHistogramStatistics=false, useSimpleStatistics=true, useSmartClassLoading=true, useTransactions=true, writePercentage=0, writeTxPercentage=0 }
2013-09-29 00:29:57,801 [pool-1-thread-1] INFO  [org.radargun.stages.StressTestStage] Starting StressTestStage: StressTest {bulkSize=1, cacheSpecificKeyGenerator=false, commitTransactions=true, duration=0.060 secs, entrySize=1000, exitBenchmarkOnSlaveFailure=false, fixedKeys=true, generateHistogramRange=false, keyGeneratorClass=org.radargun.stressors.StringKeyGenerator, keyGeneratorParam=null, loadAllKeys=false, numEntries=1000, numOfThreads=4, numRequests=10000000, numThreads=4, numberOfAttributes=1000, numberOfRequests=10000000, opsCountStatusLog=500000, poolKeys=true, preferAsyncOperations=false, removePercentage=0, replaceInvalidPercentage=40, runOnAllSlaves=false, sharedKeys=false, sizeOfAnAttribute=1000, slaves=null, transactionSize=1000, useAtomics=false, useHistogramStatistics=false, useSimpleStatistics=true, useSmartClassLoading=true, useTransactions=true, writePercentage=0, writeTxPercentage=0 }
2013-09-29 00:29:57,807 [pool-1-thread-1] INFO  [org.radargun.stressors.StressTestStressor] Using key generator org.radargun.stressors.StringKeyGenerator, param null
2013-09-29 00:29:57,807 [pool-1-thread-1] INFO  [org.radargun.stressors.StressTestStressor] Executing: StressTestStressor{opsCountStatusLog=500000, numRequests=10000000, numEntries=1000, entrySize=1000, writePercentage=0, numThreads=4, cacheWrapper=org.radargun.cachewrappers.InfinispanXSWrapper@250ef83c, nodeIndex=3, useTransactions=true, transactionSize=1000, commitTransactions=true, durationMillis=60}
2013-09-29 00:29:57,809 [pool-1-thread-1] INFO  [org.radargun.stressors.StressTestStressor] Cache wrapper info is: Running : 5.2.6.Final, config:ispn52-repl-sync-rc.xml, cacheName:testCache
2013-09-29 00:30:06,650 [pool-1-thread-1] INFO  [org.radargun.stressors.StressTestStressor] Started 4 stressor threads.
2013-09-29 00:30:06,652 [Stressor-0] INFO  [org.radargun.stressors.StressTestStressor] Number of ops executed so far: 1. Elapsed time: 0.001 secs. Remaining: 0.059 secs. Total: 0.060 secs
2013-09-29 00:30:06,712 [pool-1-thread-1] INFO  [org.radargun.stressors.StressTestStressor] Finished generating report. Test duration is: 8.904 secs
2013-09-29 00:30:06,714 [pool-1-thread-1] INFO  [org.radargun.stages.StressTestStage] size info: Running : 5.2.6.Final, config:ispn52-repl-sync-rc.xml, cacheName:testCache, clusterSize:10, nodeIndex:3, cacheSize: 40000
2013-09-29 00:30:06,727 [pool-1-thread-1] INFO  [org.radargun.Slave] Finished stage: StressTest {bulkSize=1, cacheSpecificKeyGenerator=false, commitTransactions=true, duration=0.060 secs, entrySize=1000, exitBenchmarkOnSlaveFailure=false, fixedKeys=true, generateHistogramRange=false, keyGeneratorClass=org.radargun.stressors.StringKeyGenerator, keyGeneratorParam=null, loadAllKeys=false, numEntries=1000, numOfThreads=4, numRequests=10000000, numThreads=4, numberOfAttributes=1000, numberOfRequests=10000000, opsCountStatusLog=500000, poolKeys=true, preferAsyncOperations=false, removePercentage=0, replaceInvalidPercentage=40, runOnAllSlaves=false, sharedKeys=false, sizeOfAnAttribute=1000, slaves=null, transactionSize=1000, useAtomics=false, useHistogramStatistics=false, useSimpleStatistics=true, useSmartClassLoading=true, useTransactions=true, writePercentage=0, writeTxPercentage=0 }
2013-09-29 00:30:06,727 [main] INFO  [org.radargun.Slave] Ack successfully sent to the master
2013-09-29 00:30:07,767 [main] INFO  [org.radargun.Slave] Master shutdown!
2013-09-29 00:30:07,769 [Thread-0] INFO  [org.radargun.ShutDownHook] Slave process is being shutdown
