/usr/java/jdk1.7.0_21/bin/java -server -Xmx1024M -Xms1024M -Dresolve.dns=false -Djgroups.timer.num_threads=4 -verbose:gc -Xmx5000M -Xms3000M -server -XX:+UseConcMarkSweepGC -XX:+AggressiveOpts -verbose:gc -XX:ParallelGCThreads=4 -XX:NewRatio=5 -XX:SurvivorRatio=2 -Dhazelcast.operation.thread.count=4 -Djava.net.preferIPv4Stack=true -Dlog4j.file.prefix=deimos-esw-9289 -Dbind.address= -Djgroups.bind_addr= -classpath /home/smf/github/radargun/target/distribution/RadarGun-1.1.0-SNAPSHOT/lib/activation-1.1.jar:/home/smf/github/radargun/target/distribution/RadarGun-1.1.0-SNAPSHOT/lib/commons-beanutils-1.8.0.jar:/home/smf/github/radargun/target/distribution/RadarGun-1.1.0-SNAPSHOT/lib/commons-digester-2.0.jar:/home/smf/github/radargun/target/distribution/RadarGun-1.1.0-SNAPSHOT/lib/commons-logging-1.1.1.jar:/home/smf/github/radargun/target/distribution/RadarGun-1.1.0-SNAPSHOT/lib/commons-math-1.2.jar:/home/smf/github/radargun/target/distribution/RadarGun-1.1.0-SNAPSHOT/lib/jboss-transaction-api-1.0.1.GA.jar:/home/smf/github/radargun/target/distribution/RadarGun-1.1.0-SNAPSHOT/lib/jcommon-1.0.15.jar:/home/smf/github/radargun/target/distribution/RadarGun-1.1.0-SNAPSHOT/lib/jfreechart-1.0.12.jar:/home/smf/github/radargun/target/distribution/RadarGun-1.1.0-SNAPSHOT/lib/log4j-1.2.14.jar:/home/smf/github/radargun/target/distribution/RadarGun-1.1.0-SNAPSHOT/lib/mail-1.4.2.jar:/home/smf/github/radargun/target/distribution/RadarGun-1.1.0-SNAPSHOT/lib/radargun-framework-1.1.0-SNAPSHOT.jar:/home/smf/github/radargun/target/distribution/RadarGun-1.1.0-SNAPSHOT/conf org.radargun.Slave -master 127.0.0.1:2103
--------------------------------------------------------------------------------
PerNodeRollingFileAppender::Using file prefix:deimos-esw-9289
 INFO  [main] {org.radargun.Slave} Attempting to connect to master 127.0.0.1:2103
 INFO  [main] {org.radargun.Slave} Successfully established connection with master at: 127.0.0.1:2103
Loading JARS from /home/smf/github/radargun/target/distribution/RadarGun-1.1.0-SNAPSHOT/lib/radargun-framework-1.1.0-SNAPSHOT.jar
 INFO  [pool-1-thread-1] {org.radargun.config.AnnotatedHelper} Loading JARS from /home/smf/github/radargun/target/distribution/RadarGun-1.1.0-SNAPSHOT/lib/radargun-framework-1.1.0-SNAPSHOT.jar
 INFO  [pool-1-thread-1] {org.radargun.config.AnnotatedHelper} Loading JARS from /home/smf/github/radargun/target/distribution/RadarGun-1.1.0-SNAPSHOT/lib/radargun-framework-1.1.0-SNAPSHOT.jar
 INFO  [pool-1-thread-1] {org.radargun.Slave} Executing stage: DestroyWrapper {enforceMemoryThrashHold=true, exitBenchmarkOnSlaveFailure=false, heapDumpDir=null, memoryThreshold=95, runOnAllSlaves=true, slaves=null, useSmartClassLoading=true }
 INFO  [pool-1-thread-1] {org.radargun.stages.DestroyWrapperStage} Received destroy cache wrapper request from master...
 INFO  [pool-1-thread-1] {org.radargun.stages.DestroyWrapperStage} No cache wrapper deployed on this slave, nothing to do.
 INFO  [pool-1-thread-1] {org.radargun.stages.DestroyWrapperStage} Before executing clear, memory looks like this: Memory - free: 2,928,638 kb - max:4,906,688 kb- total:2,944,000 kb
[Full GC 15361K->3631K(2944000K), 0.0759880 secs]
 INFO  [pool-1-thread-1] {org.radargun.stages.DestroyWrapperStage} After executing cleanup, memory looks like this: Memory - free: 2,935,311 kb - max:4,906,688 kb- total:2,944,064 kb
 INFO  [pool-1-thread-1] {org.radargun.Slave} Finished stage: DestroyWrapper {enforceMemoryThrashHold=true, exitBenchmarkOnSlaveFailure=false, heapDumpDir=null, memoryThreshold=95, runOnAllSlaves=true, slaves=null, useSmartClassLoading=true }
 INFO  [main] {org.radargun.Slave} Ack successfully sent to the master
 INFO  [pool-1-thread-1] {org.radargun.Slave} Executing stage: StartCluster {config=ispn52-repl-sync-rc.xml, delayAfterFirstSlaveStarts=5.000 secs, delayBetweenStartingSlaves=0.500 secs, exitBenchmarkOnSlaveFailure=true, expectNumSlaves=null, mayFailOn=null, reachable=null, runOnAllSlaves=false, slaves=null, staggerSlaveStartup=true, useSmartClassLoading=true, validateCluster=true }
 INFO  [pool-1-thread-1] {org.radargun.stages.StartClusterStage}  Startup staggering, starting 4 slaves. This is the slave with index 1. Sleeping for 5500 millis.
 INFO  [pool-1-thread-1] {org.radargun.stages.StartClusterStage} Ack master's StartCluster stage. Local address is: /127.0.0.1. This slave's index is: 1
 INFO  [pool-1-thread-1] {org.radargun.utils.ClassLoadHelper} Creating newInstance org.radargun.cachewrappers.InfinispanXSWrapper with classloader java.net.URLClassLoader@52b2f956
 INFO  [pool-1-thread-1] {org.radargun.cachewrappers.InfinispanXSWrapper} Cannot find any site for slave index 1
 INFO  [pool-1-thread-1] {org.infinispan.remoting.transport.jgroups.JGroupsTransport} ISPN000078: Starting JGroups Channel
 WARN  [pool-1-thread-1] {org.jgroups.protocols.UDP} [JGRP00014] the send buffer of socket DatagramSocket was set to 640KB, but the OS only allocated 229.38KB. This might lead to performance problems. Please set your max send buffer in the OS correctly (e.g. net.core.wmem_max on Linux)
 WARN  [pool-1-thread-1] {org.jgroups.protocols.UDP} [JGRP00014] the receive buffer of socket DatagramSocket was set to 20MB, but the OS only allocated 229.38KB. This might lead to performance problems. Please set your max receive buffer in the OS correctly (e.g. net.core.rmem_max on Linux)
 WARN  [pool-1-thread-1] {org.jgroups.protocols.UDP} [JGRP00014] the send buffer of socket MulticastSocket was set to 640KB, but the OS only allocated 229.38KB. This might lead to performance problems. Please set your max send buffer in the OS correctly (e.g. net.core.wmem_max on Linux)
 WARN  [pool-1-thread-1] {org.jgroups.protocols.UDP} [JGRP00014] the receive buffer of socket MulticastSocket was set to 25MB, but the OS only allocated 229.38KB. This might lead to performance problems. Please set your max receive buffer in the OS correctly (e.g. net.core.rmem_max on Linux)
 INFO  [pool-1-thread-1] {org.infinispan.remoting.transport.jgroups.JGroupsTransport} ISPN000094: Received new cluster view: [deimos-esw-16519|1] [deimos-esw-16519, deimos-esw-27666]
 INFO  [pool-1-thread-1] {org.infinispan.remoting.transport.jgroups.JGroupsTransport} ISPN000079: Cache local address is deimos-esw-27666, physical addresses are [127.0.0.1:52001]
 INFO  [pool-1-thread-1] {org.infinispan.factories.GlobalComponentRegistry} ISPN000128: Infinispan version: Infinispan 'Delirium' 5.2.6.Final
 INFO  [pool-1-thread-1] {org.infinispan.transaction.lookup.JBossStandaloneJTAManagerLookup} ISPN000107: Retrieving transaction manager Transaction: unknown
 INFO  [pool-1-thread-1] {org.infinispan.jmx.CacheJmxRegistration} ISPN000031: MBeans were successfully registered to the platform MBean server.
 INFO  [Incoming-4,deimos-esw-27666] {org.infinispan.remoting.transport.jgroups.JGroupsTransport} ISPN000094: Received new cluster view: [deimos-esw-16519|2] [deimos-esw-16519, deimos-esw-27666, deimos-esw-9869]
 INFO  [pool-1-thread-1] {org.radargun.cachewrappers.InfinispanXSWrapper} Using transaction manager: Transaction: unknown
 INFO  [pool-1-thread-1] {org.radargun.cachewrappers.InfinispanXSWrapper} No RELAY2 protocol in XS wrapper
 INFO  [pool-1-thread-1] {org.radargun.cachewrappers.InfinispanXSWrapper} JGroups version: JGroups 3.2.7.Final
 INFO  [pool-1-thread-1] {org.radargun.cachewrappers.InfinispanXSWrapper} Using config attributes: {name=ispn52-repl-sync-rc.xml}
 INFO  [pool-1-thread-1] {org.radargun.stages.helpers.StartHelper} Number of members=3 is not the one expected: 4
 INFO  [Incoming-4,deimos-esw-27666] {org.infinispan.remoting.transport.jgroups.JGroupsTransport} ISPN000094: Received new cluster view: [deimos-esw-16519|3] [deimos-esw-16519, deimos-esw-27666, deimos-esw-9869, deimos-esw-45181]
 INFO  [pool-1-thread-1] {org.radargun.stages.helpers.StartHelper} Number of members is the one expected: 4
 INFO  [pool-1-thread-1] {org.radargun.stages.StartClusterStage} Successfully started cache wrapper on slave 1: org.radargun.cachewrappers.InfinispanXSWrapper@320a6ef6
 INFO  [pool-1-thread-1] {org.radargun.Slave} Finished stage: StartCluster {config=ispn52-repl-sync-rc.xml, delayAfterFirstSlaveStarts=5.000 secs, delayBetweenStartingSlaves=0.500 secs, exitBenchmarkOnSlaveFailure=true, expectNumSlaves=null, mayFailOn=null, reachable=null, runOnAllSlaves=false, slaves=null, staggerSlaveStartup=true, useSmartClassLoading=true, validateCluster=true }
 INFO  [main] {org.radargun.Slave} Ack successfully sent to the master
 INFO  [pool-1-thread-1] {org.radargun.Slave} Executing stage: ClusterValidation {exitBenchmarkOnSlaveFailure=false, partialReplication=false, replicationTimeSleep=2000, replicationTryCount=60, runOnAllSlaves=false, slaves=null, useSmartClassLoading=true }
 INFO  [pool-1-thread-1] {org.radargun.stages.ClusterValidationStage} Number of caches that replicated here is 3
 INFO  [pool-1-thread-1] {org.radargun.stages.ClusterValidationStage} Replication test successfully passed. partialReplication? false, replicationCount = 3
 INFO  [pool-1-thread-1] {org.radargun.stages.ClusterValidationStage} Confirm phase successful.
 INFO  [pool-1-thread-1] {org.radargun.Slave} Finished stage: ClusterValidation {exitBenchmarkOnSlaveFailure=false, partialReplication=false, replicationTimeSleep=2000, replicationTryCount=60, runOnAllSlaves=false, slaves=[ 0, 1, 2, 3 ], useSmartClassLoading=true }
 INFO  [main] {org.radargun.Slave} Ack successfully sent to the master
 INFO  [pool-1-thread-1] {org.radargun.Slave} Executing stage: StressTestWarmup {bulkSize=1, cacheSpecificKeyGenerator=false, commitTransactions=true, duration=1 mins 0 secs, entrySize=1000, exitBenchmarkOnSlaveFailure=false, fixedKeys=true, generateHistogramRange=false, keyGeneratorClass=org.radargun.stressors.StringKeyGenerator, keyGeneratorParam=null, loadAllKeys=false, numEntries=100, numOfThreads=4, numRequests=10000, numThreads=4, numberOfAttributes=100, numberOfRequests=10000, opsCountStatusLog=100000, poolKeys=true, preferAsyncOperations=false, removePercentage=0, replaceInvalidPercentage=40, runOnAllSlaves=false, sharedKeys=false, sizeOfAnAttribute=1000, slaves=null, transactionSize=50, useAtomics=false, useHistogramStatistics=false, useSimpleStatistics=true, useSmartClassLoading=true, useTransactions=null, writePercentage=20, writeTxPercentage=20 }
 INFO  [pool-1-thread-1] {org.radargun.stages.StressTestWarmupStage} Starting StressTestWarmupStage: StressTestWarmup {bulkSize=1, cacheSpecificKeyGenerator=false, commitTransactions=true, duration=1 mins 0 secs, entrySize=1000, exitBenchmarkOnSlaveFailure=false, fixedKeys=true, generateHistogramRange=false, keyGeneratorClass=org.radargun.stressors.StringKeyGenerator, keyGeneratorParam=null, loadAllKeys=false, numEntries=100, numOfThreads=4, numRequests=10000, numThreads=4, numberOfAttributes=100, numberOfRequests=10000, opsCountStatusLog=100000, poolKeys=true, preferAsyncOperations=false, removePercentage=0, replaceInvalidPercentage=40, runOnAllSlaves=false, sharedKeys=false, sizeOfAnAttribute=1000, slaves=null, transactionSize=50, useAtomics=false, useHistogramStatistics=false, useSimpleStatistics=true, useSmartClassLoading=true, useTransactions=null, writePercentage=20, writeTxPercentage=20 }
 INFO  [pool-1-thread-1] {org.radargun.stressors.StressTestStressor} Using key generator org.radargun.stressors.StringKeyGenerator, param null
 INFO  [pool-1-thread-1] {org.radargun.stressors.StressTestStressor} Executing: StressTestStressor{opsCountStatusLog=100000, numRequests=10000, numEntries=100, entrySize=1000, writePercentage=20, numThreads=4, cacheWrapper=org.radargun.cachewrappers.InfinispanXSWrapper@320a6ef6, nodeIndex=1, useTransactions=true, transactionSize=50, commitTransactions=true, durationMillis=60000}
 INFO  [pool-1-thread-1] {org.radargun.stressors.StressTestStressor} Cache wrapper info is: Running : 5.2.6.Final, config:ispn52-repl-sync-rc.xml, cacheName:testCache
 INFO  [pool-1-thread-1] {org.radargun.stressors.StressTestStressor} Started 4 stressor threads.
 INFO  [Stressor-3] {org.radargun.stressors.StressTestStressor} Number of ops executed so far: 1. Elapsed time: 0.001 secs. Remaining: 59.999 secs. Total: 1 mins 0 secs
[GC 259695K->20814K(2944064K), 0.0518630 secs]
[GC 276878K->19975K(2944064K), 0.0370060 secs]
[GC 276039K->22316K(2944064K), 0.0389120 secs]
[GC 278380K->24651K(2944064K), 0.0411250 secs]
[GC 280715K->20786K(2944064K), 0.0385500 secs]
[GC 276850K->26904K(2944064K), 0.0419300 secs]
[GC 282968K->29781K(2944064K), 0.0431770 secs]
[GC 285845K->32479K(2944064K), 0.0460500 secs]
[GC 288543K->29920K(2944064K), 0.0431240 secs]
[GC 285984K->35169K(2944064K), 0.0400760 secs]
[GC 291233K->26592K(2944064K), 0.0420320 secs]
[GC 282656K->34945K(2944064K), 0.0453690 secs]
[GC 291009K->32281K(2944064K), 0.0426100 secs]
[GC 288345K->31783K(2944064K), 0.0463760 secs]
[GC 287847K->36026K(2944064K), 0.0396280 secs]
[GC 292090K->34152K(2944064K), 0.0767840 secs]
[GC 290216K->31196K(2944064K), 0.0468600 secs]
[GC 287260K->37000K(2944064K), 0.0419990 secs]
[GC 293064K->31907K(2944064K), 0.0403230 secs]
 INFO  [Stressor-1] {org.radargun.stressors.StressTestStressor} Number of ops executed so far: 746974. Elapsed time: 20.001 secs. Remaining: 39.999 secs. Total: 1 mins 0 secs
[GC 287971K->32430K(2944064K), 0.0370550 secs]
[GC 288494K->39777K(2944064K), 0.0397840 secs]
[GC 295841K->33693K(2944064K), 0.0403180 secs]
[GC 289757K->36922K(2944064K), 0.0407250 secs]
[GC 292986K->34821K(2944064K), 0.0391920 secs]
[GC 290885K->34668K(2944064K), 0.0398470 secs]
[GC 290732K->36313K(2944064K), 0.0403670 secs]
[GC 292377K->34549K(2944064K), 0.0410140 secs]
[GC 290613K->43093K(2944064K), 0.0410350 secs]
[GC 299157K->45399K(2944064K), 0.0523090 secs]
[GC 301463K->39570K(2944064K), 0.0445160 secs]
[GC 295634K->40705K(2944064K), 0.0419290 secs]
[GC 296769K->37193K(2944064K), 0.0428250 secs]
[GC 293257K->39543K(2944064K), 0.0441470 secs]
[GC 295607K->40420K(2944064K), 0.0415660 secs]
[GC 296484K->46371K(2944064K), 0.0440970 secs]
[GC 302431K->47952K(2944064K), 0.0416650 secs]
[GC 304016K->44473K(2944064K), 0.0432610 secs]
[GC 300537K->43592K(2944064K), 0.0441540 secs]
[GC 299656K->47754K(2944064K), 0.0445700 secs]
[GC 303818K->46465K(2944064K), 0.0421140 secs]
[GC 302529K->46088K(2944064K), 0.0429870 secs]
 INFO  [Stressor-2] {org.radargun.stressors.StressTestStressor} Number of ops executed so far: 1620298. Elapsed time: 40.001 secs. Remaining: 19.999 secs. Total: 1 mins 0 secs
[GC 302152K->47279K(2944064K), 0.0414170 secs]
[GC 303343K->47708K(2944064K), 0.0418270 secs]
[GC 303772K->50356K(2944064K), 0.0436190 secs]
[GC 306420K->53980K(2944064K), 0.0428580 secs]
[GC 310044K->50507K(2944064K), 0.0432390 secs]
[GC 306571K->50776K(2944064K), 0.0441910 secs]
[GC 306840K->51148K(2944064K), 0.0408680 secs]
[GC 307212K->50087K(2944064K), 0.0425790 secs]
[GC 306151K->51369K(2944064K), 0.0426910 secs]
[GC 307433K->53129K(2944064K), 0.0439540 secs]
[GC 309193K->51966K(2944064K), 0.0400210 secs]
[GC 308030K->57289K(2944064K), 0.0428980 secs]
[GC 313353K->54785K(2944064K), 0.0412220 secs]
[GC 310849K->53681K(2944064K), 0.0445720 secs]
[GC 309745K->54770K(2944064K), 0.0455140 secs]
[GC 310834K->60340K(2944064K), 0.0442990 secs]
[GC 316404K->61179K(2944064K), 0.0449420 secs]
[GC 317243K->59186K(2944064K), 0.0431040 secs]
[GC 315250K->57450K(2944064K), 0.0402750 secs]
[GC 313514K->59392K(2944064K), 0.0411760 secs]
[GC 315456K->59828K(2944064K), 0.0430790 secs]
 INFO  [Stressor-1] {org.radargun.stressors.StressTestStressor} Number of ops executed so far: 2483122. Elapsed time: 1 mins 0 secs. Remaining: 0.000 secs. Total: 1 mins 0 secs
 INFO  [pool-1-thread-1] {org.radargun.stressors.StressTestStressor} Finished generating report. Test duration is: 1 mins 1 secs
 INFO  [pool-1-thread-1] {org.radargun.stages.StressTestWarmupStage} The warmup took: 61 seconds.
 INFO  [pool-1-thread-1] {org.radargun.Slave} Finished stage: StressTestWarmup {bulkSize=1, cacheSpecificKeyGenerator=false, commitTransactions=true, duration=1 mins 0 secs, entrySize=1000, exitBenchmarkOnSlaveFailure=false, fixedKeys=true, generateHistogramRange=false, keyGeneratorClass=org.radargun.stressors.StringKeyGenerator, keyGeneratorParam=null, loadAllKeys=false, numEntries=100, numOfThreads=4, numRequests=10000, numThreads=4, numberOfAttributes=100, numberOfRequests=10000, opsCountStatusLog=100000, poolKeys=true, preferAsyncOperations=false, removePercentage=0, replaceInvalidPercentage=40, runOnAllSlaves=false, sharedKeys=false, sizeOfAnAttribute=1000, slaves=null, transactionSize=50, useAtomics=false, useHistogramStatistics=false, useSimpleStatistics=true, useSmartClassLoading=true, useTransactions=null, writePercentage=20, writeTxPercentage=20 }
 INFO  [main] {org.radargun.Slave} Ack successfully sent to the master
 INFO  [pool-1-thread-1] {org.radargun.Slave} Executing stage: ClearClusterStage {ClearCluster {exitBenchmarkOnSlaveFailure=false, runOnAllSlaves=false, slaves=[ 0 ], useSmartClassLoading=true }
 INFO  [pool-1-thread-1] {org.radargun.stages.ClearClusterStage} Before executing clear, memory looks like this: Memory - free: 2,659,034 kb - max:4,906,688 kb- total:2,944,064 kb
[Full GC 285577K->19918K(2944064K), 0.3109510 secs]
 INFO  [pool-1-thread-1] {org.radargun.stages.ClearClusterStage} After executing cleanup, memory looks like this: Memory - free: 2,921,947 kb - max:4,906,688 kb- total:2,944,192 kb
 INFO  [pool-1-thread-1] {org.radargun.Slave} Finished stage: ClearClusterStage {ClearCluster {exitBenchmarkOnSlaveFailure=false, runOnAllSlaves=false, slaves=[ 0 ], useSmartClassLoading=true }
 INFO  [main] {org.radargun.Slave} Ack successfully sent to the master
 INFO  [pool-1-thread-1] {org.radargun.Slave} Executing stage: StressTest {bulkSize=1, cacheSpecificKeyGenerator=false, commitTransactions=true, duration=1 mins 0 secs, entrySize=1000, exitBenchmarkOnSlaveFailure=false, fixedKeys=true, generateHistogramRange=false, keyGeneratorClass=org.radargun.stressors.StringKeyGenerator, keyGeneratorParam=null, loadAllKeys=false, numEntries=100, numOfThreads=4, numRequests=10000000, numThreads=4, numberOfAttributes=100, numberOfRequests=10000000, opsCountStatusLog=500000, poolKeys=true, preferAsyncOperations=false, removePercentage=0, replaceInvalidPercentage=40, runOnAllSlaves=false, sharedKeys=false, sizeOfAnAttribute=1000, slaves=null, transactionSize=100, useAtomics=false, useHistogramStatistics=false, useSimpleStatistics=true, useSmartClassLoading=true, useTransactions=true, writePercentage=10, writeTxPercentage=5 }
 INFO  [pool-1-thread-1] {org.radargun.stages.StressTestStage} Starting StressTestStage: StressTest {bulkSize=1, cacheSpecificKeyGenerator=false, commitTransactions=true, duration=1 mins 0 secs, entrySize=1000, exitBenchmarkOnSlaveFailure=false, fixedKeys=true, generateHistogramRange=false, keyGeneratorClass=org.radargun.stressors.StringKeyGenerator, keyGeneratorParam=null, loadAllKeys=false, numEntries=100, numOfThreads=4, numRequests=10000000, numThreads=4, numberOfAttributes=100, numberOfRequests=10000000, opsCountStatusLog=500000, poolKeys=true, preferAsyncOperations=false, removePercentage=0, replaceInvalidPercentage=40, runOnAllSlaves=false, sharedKeys=false, sizeOfAnAttribute=1000, slaves=null, transactionSize=100, useAtomics=false, useHistogramStatistics=false, useSimpleStatistics=true, useSmartClassLoading=true, useTransactions=true, writePercentage=10, writeTxPercentage=5 }
 INFO  [pool-1-thread-1] {org.radargun.stressors.StressTestStressor} Using key generator org.radargun.stressors.StringKeyGenerator, param null
 INFO  [pool-1-thread-1] {org.radargun.stressors.StressTestStressor} Executing: StressTestStressor{opsCountStatusLog=500000, numRequests=10000000, numEntries=100, entrySize=1000, writePercentage=10, numThreads=4, cacheWrapper=org.radargun.cachewrappers.InfinispanXSWrapper@320a6ef6, nodeIndex=1, useTransactions=true, transactionSize=100, commitTransactions=true, durationMillis=60000}
 INFO  [pool-1-thread-1] {org.radargun.stressors.StressTestStressor} Cache wrapper info is: Running : 5.2.6.Final, config:ispn52-repl-sync-rc.xml, cacheName:testCache
 INFO  [pool-1-thread-1] {org.radargun.stressors.StressTestStressor} Started 4 stressor threads.
 INFO  [Stressor-1] {org.radargun.stressors.StressTestStressor} Number of ops executed so far: 1. Elapsed time: 0.001 secs. Remaining: 59.999 secs. Total: 1 mins 0 secs
[GC 276110K->40413K(2944192K), 0.0315340 secs]
[GC 296605K->31700K(2944192K), 0.0320930 secs]
[GC 287892K->31252K(2944192K), 0.0662360 secs]
[GC 287444K->31357K(2944192K), 0.0313790 secs]
[GC 287549K->31699K(2944192K), 0.0297840 secs]
[GC 287891K->33888K(2944192K), 0.0351080 secs]
[GC 290080K->35927K(2944192K), 0.0286810 secs]
[GC 292119K->33419K(2944192K), 0.0301060 secs]
[GC 289611K->33395K(2944192K), 0.0307780 secs]
[GC 289587K->35160K(2944192K), 0.0317190 secs]
[GC 291352K->36205K(2944192K), 0.0345110 secs]
[GC 292397K->40425K(2944192K), 0.0333140 secs]
[GC 296617K->35619K(2944192K), 0.0330020 secs]
[GC 291811K->37969K(2944192K), 0.0337920 secs]
[GC 294161K->33653K(2944192K), 0.0348100 secs]
[GC 289845K->35444K(2944192K), 0.0391220 secs]
[GC 291636K->35985K(2944192K), 0.0325440 secs]
[GC 292177K->37170K(2944192K), 0.0322350 secs]
[GC 293362K->34288K(2944192K), 0.0358670 secs]
[GC 290480K->41118K(2944192K), 0.0321530 secs]
 INFO  [Stressor-0] {org.radargun.stressors.StressTestStressor} Number of ops executed so far: 3466900. Elapsed time: 20.029 secs. Remaining: 39.971 secs. Total: 1 mins 0 secs
[GC 297310K->39665K(2944192K), 0.0348970 secs]
[GC 295857K->38788K(2944192K), 0.0359620 secs]
[GC 294935K->38158K(2944192K), 0.0332890 secs]
[GC 294350K->37945K(2944192K), 0.0335500 secs]
[GC 294137K->39302K(2944192K), 0.0378500 secs]
[GC 295494K->38217K(2944192K), 0.0357080 secs]
[GC 294409K->42954K(2944192K), 0.0310550 secs]
[GC 299146K->40235K(2944192K), 0.0335980 secs]
[GC 296427K->42664K(2944192K), 0.0309850 secs]
[GC 298856K->40295K(2944192K), 0.0339270 secs]
[GC 296487K->40412K(2944192K), 0.0364100 secs]
[GC 296604K->43245K(2944192K), 0.0346440 secs]
[GC 299437K->41746K(2944192K), 0.0339160 secs]
[GC 297938K->44736K(2944192K), 0.0336830 secs]
[GC 300928K->43559K(2944192K), 0.0326820 secs]
[GC 299751K->44802K(2944192K), 0.0327180 secs]
[GC 300994K->43612K(2944192K), 0.0342640 secs]
[GC 299804K->42627K(2944192K), 0.0382490 secs]
[GC 298819K->43494K(2944192K), 0.0328070 secs]
[GC 299686K->43007K(2944192K), 0.0340090 secs]
 INFO  [Stressor-0] {org.radargun.stressors.StressTestStressor} Number of ops executed so far: 6890114. Elapsed time: 40.029 secs. Remaining: 19.971 secs. Total: 1 mins 0 secs
[GC 299199K->46509K(2944192K), 0.0352750 secs]
[GC 302701K->44645K(2944192K), 0.0336470 secs]
[GC 300837K->45597K(2944192K), 0.0338540 secs]
[GC 301789K->44765K(2944192K), 0.0351840 secs]
[GC 300957K->47489K(2944192K), 0.0378630 secs]
[GC 303681K->46847K(2944192K), 0.0336730 secs]
[GC 303039K->48627K(2944192K), 0.0368330 secs]
[GC 304819K->46440K(2944192K), 0.0332900 secs]
[GC 302632K->48918K(2944192K), 0.0320850 secs]
[GC 305110K->46415K(2944192K), 0.0354410 secs]
[GC 302607K->46416K(2944192K), 0.0334030 secs]
[GC 302608K->49176K(2944192K), 0.0315170 secs]
[GC 305368K->48379K(2944192K), 0.0308410 secs]
[GC 304561K->46938K(2944192K), 0.0334890 secs]
[GC 303130K->47576K(2944192K), 0.0375870 secs]
[GC 303768K->50112K(2944192K), 0.0305450 secs]
[GC 306304K->48148K(2944192K), 0.0377430 secs]
[GC 304340K->52412K(2944192K), 0.0328860 secs]
[GC 308604K->48703K(2944192K), 0.0365100 secs]
[GC 304895K->49908K(2944192K), 0.0384230 secs]
 INFO  [pool-1-thread-1] {org.radargun.stressors.StressTestStressor} Finished generating report. Test duration is: 1 mins 0 secs
 INFO  [pool-1-thread-1] {org.radargun.stages.StressTestStage} size info: Running : 5.2.6.Final, config:ispn52-repl-sync-rc.xml, cacheName:testCache, clusterSize:4, nodeIndex:1, cacheSize: 1600
 INFO  [pool-1-thread-1] {org.radargun.Slave} Finished stage: StressTest {bulkSize=1, cacheSpecificKeyGenerator=false, commitTransactions=true, duration=1 mins 0 secs, entrySize=1000, exitBenchmarkOnSlaveFailure=false, fixedKeys=true, generateHistogramRange=false, keyGeneratorClass=org.radargun.stressors.StringKeyGenerator, keyGeneratorParam=null, loadAllKeys=false, numEntries=100, numOfThreads=4, numRequests=10000000, numThreads=4, numberOfAttributes=100, numberOfRequests=10000000, opsCountStatusLog=500000, poolKeys=true, preferAsyncOperations=false, removePercentage=0, replaceInvalidPercentage=40, runOnAllSlaves=false, sharedKeys=false, sizeOfAnAttribute=1000, slaves=null, transactionSize=100, useAtomics=false, useHistogramStatistics=false, useSimpleStatistics=true, useSmartClassLoading=true, useTransactions=true, writePercentage=10, writeTxPercentage=5 }
 INFO  [main] {org.radargun.Slave} Ack successfully sent to the master
 INFO  [main] {org.radargun.Slave} Master shutdown!
 INFO  [Thread-0] {org.radargun.ShutDownHook} Slave process is being shutdown
